[0.011s] Invoking command in '/home/ctuav/ctuav_gazebo-research/build/fastrtps': CMAKE_PREFIX_PATH=/home/ctuav/ctuav_gazebo-research/install/fastcdr:/home/ctuav/ctuav_gazebo-research/install/px4_ros_com:/home/ctuav/ctuav_gazebo-research/install/px4_msgs:/home/ctuav/ctuav_gazebo-research/install/px4:/home/ctuav/ctuav_gazebo-research/install/microxrcedds_agent:/home/ctuav/ctuav_gazebo-research/install/fastrtps LD_LIBRARY_PATH=/home/ctuav/ctuav_gazebo-research/install/fastcdr/lib:/home/ctuav/ctuav_gazebo-research/install/px4_ros_com/lib:/home/ctuav/ctuav_gazebo-research/install/px4_msgs/lib:/home/ctuav/ctuav_gazebo-research/install/px4/lib:/home/ctuav/ctuav_gazebo-research/install/microxrcedds_agent/lib:/home/ctuav/ctuav_gazebo-research/install/fastrtps/lib:/opt/ros/humble/opt/rviz_ogre_vendor/lib:/opt/ros/humble/lib/x86_64-linux-gnu:/opt/ros/humble/lib /usr/bin/cmake --build /home/ctuav/ctuav_gazebo-research/build/fastrtps -- -j12 -l12
[0.259s] [100%] Built target fastrtps
[0.284s] [100%] Built target fast-discovery-server
[0.296s] Invoked command in '/home/ctuav/ctuav_gazebo-research/build/fastrtps' returned '0': CMAKE_PREFIX_PATH=/home/ctuav/ctuav_gazebo-research/install/fastcdr:/home/ctuav/ctuav_gazebo-research/install/px4_ros_com:/home/ctuav/ctuav_gazebo-research/install/px4_msgs:/home/ctuav/ctuav_gazebo-research/install/px4:/home/ctuav/ctuav_gazebo-research/install/microxrcedds_agent:/home/ctuav/ctuav_gazebo-research/install/fastrtps LD_LIBRARY_PATH=/home/ctuav/ctuav_gazebo-research/install/fastcdr/lib:/home/ctuav/ctuav_gazebo-research/install/px4_ros_com/lib:/home/ctuav/ctuav_gazebo-research/install/px4_msgs/lib:/home/ctuav/ctuav_gazebo-research/install/px4/lib:/home/ctuav/ctuav_gazebo-research/install/microxrcedds_agent/lib:/home/ctuav/ctuav_gazebo-research/install/fastrtps/lib:/opt/ros/humble/opt/rviz_ogre_vendor/lib:/opt/ros/humble/lib/x86_64-linux-gnu:/opt/ros/humble/lib /usr/bin/cmake --build /home/ctuav/ctuav_gazebo-research/build/fastrtps -- -j12 -l12
[0.298s] Invoking command in '/home/ctuav/ctuav_gazebo-research/build/fastrtps': CMAKE_PREFIX_PATH=/home/ctuav/ctuav_gazebo-research/install/fastcdr:/home/ctuav/ctuav_gazebo-research/install/px4_ros_com:/home/ctuav/ctuav_gazebo-research/install/px4_msgs:/home/ctuav/ctuav_gazebo-research/install/px4:/home/ctuav/ctuav_gazebo-research/install/microxrcedds_agent:/home/ctuav/ctuav_gazebo-research/install/fastrtps LD_LIBRARY_PATH=/home/ctuav/ctuav_gazebo-research/install/fastcdr/lib:/home/ctuav/ctuav_gazebo-research/install/px4_ros_com/lib:/home/ctuav/ctuav_gazebo-research/install/px4_msgs/lib:/home/ctuav/ctuav_gazebo-research/install/px4/lib:/home/ctuav/ctuav_gazebo-research/install/microxrcedds_agent/lib:/home/ctuav/ctuav_gazebo-research/install/fastrtps/lib:/opt/ros/humble/opt/rviz_ogre_vendor/lib:/opt/ros/humble/lib/x86_64-linux-gnu:/opt/ros/humble/lib /usr/bin/cmake --install /home/ctuav/ctuav_gazebo-research/build/fastrtps
[0.305s] -- Install configuration: "Release"
[0.305s] -- Up-to-date: /home/ctuav/ctuav_gazebo-research/install/fastrtps/include/fastrtps
[0.305s] -- Up-to-date: /home/ctuav/ctuav_gazebo-research/install/fastrtps/include/fastrtps/types
[0.305s] -- Up-to-date: /home/ctuav/ctuav_gazebo-research/install/fastrtps/include/fastrtps/types/TypeObject.h
[0.306s] -- Up-to-date: /home/ctuav/ctuav_gazebo-research/install/fastrtps/include/fastrtps/types/DynamicDataFactory.h
[0.306s] -- Up-to-date: /home/ctuav/ctuav_gazebo-research/install/fastrtps/include/fastrtps/types/DynamicTypeBuilder.h
[0.306s] -- Up-to-date: /home/ctuav/ctuav_gazebo-research/install/fastrtps/include/fastrtps/types/DynamicData.h
[0.306s] -- Up-to-date: /home/ctuav/ctuav_gazebo-research/install/fastrtps/include/fastrtps/types/DynamicDataHelper.hpp
[0.306s] -- Up-to-date: /home/ctuav/ctuav_gazebo-research/install/fastrtps/include/fastrtps/types/DynamicPubSubType.h
[0.306s] -- Up-to-date: /home/ctuav/ctuav_gazebo-research/install/fastrtps/include/fastrtps/types/AnnotationDescriptor.h
[0.306s] -- Up-to-date: /home/ctuav/ctuav_gazebo-research/install/fastrtps/include/fastrtps/types/TypeDescriptor.h
[0.306s] -- Up-to-date: /home/ctuav/ctuav_gazebo-research/install/fastrtps/include/fastrtps/types/DynamicTypePtr.h
[0.306s] -- Up-to-date: /home/ctuav/ctuav_gazebo-research/install/fastrtps/include/fastrtps/types/TypeNamesGenerator.h
[0.306s] -- Up-to-date: /home/ctuav/ctuav_gazebo-research/install/fastrtps/include/fastrtps/types/DynamicDataPtr.h
[0.306s] -- Up-to-date: /home/ctuav/ctuav_gazebo-research/install/fastrtps/include/fastrtps/types/TypeObjectHashId.h
[0.306s] -- Up-to-date: /home/ctuav/ctuav_gazebo-research/install/fastrtps/include/fastrtps/types/TypeIdentifier.h
[0.306s] -- Up-to-date: /home/ctuav/ctuav_gazebo-research/install/fastrtps/include/fastrtps/types/AnnotationParameterValue.h
[0.307s] -- Up-to-date: /home/ctuav/ctuav_gazebo-research/install/fastrtps/include/fastrtps/types/DynamicTypeMember.h
[0.307s] -- Up-to-date: /home/ctuav/ctuav_gazebo-research/install/fastrtps/include/fastrtps/types/DynamicTypeBuilderPtr.h
[0.307s] -- Up-to-date: /home/ctuav/ctuav_gazebo-research/install/fastrtps/include/fastrtps/types/DynamicType.h
[0.307s] -- Up-to-date: /home/ctuav/ctuav_gazebo-research/install/fastrtps/include/fastrtps/types/TypeIdentifierTypes.h
[0.307s] -- Up-to-date: /home/ctuav/ctuav_gazebo-research/install/fastrtps/include/fastrtps/types/MemberDescriptor.h
[0.307s] -- Up-to-date: /home/ctuav/ctuav_gazebo-research/install/fastrtps/include/fastrtps/types/TypesBase.h
[0.307s] -- Up-to-date: /home/ctuav/ctuav_gazebo-research/install/fastrtps/include/fastrtps/types/TypeObjectFactory.h
[0.307s] -- Up-to-date: /home/ctuav/ctuav_gazebo-research/install/fastrtps/include/fastrtps/types/DynamicTypeBuilderFactory.h
[0.307s] -- Up-to-date: /home/ctuav/ctuav_gazebo-research/install/fastrtps/include/fastrtps/types/BuiltinAnnotationsTypeObject.h
[0.307s] -- Up-to-date: /home/ctuav/ctuav_gazebo-research/install/fastrtps/include/fastrtps/eProsima_auto_link.h
[0.307s] -- Up-to-date: /home/ctuav/ctuav_gazebo-research/install/fastrtps/include/fastrtps/TopicDataType.h
[0.307s] -- Up-to-date: /home/ctuav/ctuav_gazebo-research/install/fastrtps/include/fastrtps/transport
[0.307s] -- Up-to-date: /home/ctuav/ctuav_gazebo-research/install/fastrtps/include/fastrtps/transport/UDPTransportDescriptor.h
[0.307s] -- Up-to-date: /home/ctuav/ctuav_gazebo-research/install/fastrtps/include/fastrtps/transport/UDPv6TransportDescriptor.h
[0.307s] -- Up-to-date: /home/ctuav/ctuav_gazebo-research/install/fastrtps/include/fastrtps/transport/TCPv6TransportDescriptor.h
[0.308s] -- Up-to-date: /home/ctuav/ctuav_gazebo-research/install/fastrtps/include/fastrtps/transport/TransportReceiverInterface.h
[0.308s] -- Up-to-date: /home/ctuav/ctuav_gazebo-research/install/fastrtps/include/fastrtps/transport/test_UDPv4TransportDescriptor.h
[0.308s] -- Up-to-date: /home/ctuav/ctuav_gazebo-research/install/fastrtps/include/fastrtps/transport/TransportInterface.h
[0.308s] -- Up-to-date: /home/ctuav/ctuav_gazebo-research/install/fastrtps/include/fastrtps/transport/SocketTransportDescriptor.h
[0.308s] -- Up-to-date: /home/ctuav/ctuav_gazebo-research/install/fastrtps/include/fastrtps/transport/TCPTransportDescriptor.h
[0.308s] -- Up-to-date: /home/ctuav/ctuav_gazebo-research/install/fastrtps/include/fastrtps/transport/TCPv4TransportDescriptor.h
[0.308s] -- Up-to-date: /home/ctuav/ctuav_gazebo-research/install/fastrtps/include/fastrtps/transport/UDPv4TransportDescriptor.h
[0.308s] -- Up-to-date: /home/ctuav/ctuav_gazebo-research/install/fastrtps/include/fastrtps/transport/TransportDescriptorInterface.h
[0.308s] -- Up-to-date: /home/ctuav/ctuav_gazebo-research/install/fastrtps/include/fastrtps/attributes
[0.308s] -- Up-to-date: /home/ctuav/ctuav_gazebo-research/install/fastrtps/include/fastrtps/attributes/SubscriberAttributes.h
[0.308s] -- Up-to-date: /home/ctuav/ctuav_gazebo-research/install/fastrtps/include/fastrtps/attributes/ReplierAttributes.hpp
[0.308s] -- Up-to-date: /home/ctuav/ctuav_gazebo-research/install/fastrtps/include/fastrtps/attributes/all_attributes.h
[0.309s] -- Up-to-date: /home/ctuav/ctuav_gazebo-research/install/fastrtps/include/fastrtps/attributes/TopicAttributes.h
[0.309s] -- Up-to-date: /home/ctuav/ctuav_gazebo-research/install/fastrtps/include/fastrtps/attributes/ParticipantAttributes.h
[0.309s] -- Up-to-date: /home/ctuav/ctuav_gazebo-research/install/fastrtps/include/fastrtps/attributes/PublisherAttributes.h
[0.309s] -- Up-to-date: /home/ctuav/ctuav_gazebo-research/install/fastrtps/include/fastrtps/attributes/RequesterAttributes.hpp
[0.309s] -- Up-to-date: /home/ctuav/ctuav_gazebo-research/install/fastrtps/include/fastrtps/attributes/LibrarySettingsAttributes.h
[0.309s] -- Up-to-date: /home/ctuav/ctuav_gazebo-research/install/fastrtps/include/fastrtps/publisher
[0.309s] -- Up-to-date: /home/ctuav/ctuav_gazebo-research/install/fastrtps/include/fastrtps/publisher/Publisher.h
[0.309s] -- Up-to-date: /home/ctuav/ctuav_gazebo-research/install/fastrtps/include/fastrtps/publisher/PublisherHistory.h
[0.309s] -- Up-to-date: /home/ctuav/ctuav_gazebo-research/install/fastrtps/include/fastrtps/publisher/PublisherListener.h
[0.309s] -- Up-to-date: /home/ctuav/ctuav_gazebo-research/install/fastrtps/include/fastrtps/log
[0.309s] -- Up-to-date: /home/ctuav/ctuav_gazebo-research/install/fastrtps/include/fastrtps/log/Colors.h
[0.309s] -- Up-to-date: /home/ctuav/ctuav_gazebo-research/install/fastrtps/include/fastrtps/log/StdoutConsumer.h
[0.309s] -- Up-to-date: /home/ctuav/ctuav_gazebo-research/install/fastrtps/include/fastrtps/log/Log.h
[0.309s] -- Up-to-date: /home/ctuav/ctuav_gazebo-research/install/fastrtps/include/fastrtps/log/FileConsumer.h
[0.309s] -- Up-to-date: /home/ctuav/ctuav_gazebo-research/install/fastrtps/include/fastrtps/xmlparser
[0.309s] -- Up-to-date: /home/ctuav/ctuav_gazebo-research/install/fastrtps/include/fastrtps/xmlparser/XMLParser.h
[0.310s] -- Up-to-date: /home/ctuav/ctuav_gazebo-research/install/fastrtps/include/fastrtps/xmlparser/XMLTree.h
[0.310s] -- Up-to-date: /home/ctuav/ctuav_gazebo-research/install/fastrtps/include/fastrtps/xmlparser/XMLProfileManager.h
[0.310s] -- Up-to-date: /home/ctuav/ctuav_gazebo-research/install/fastrtps/include/fastrtps/xmlparser/XMLEndpointParser.h
[0.310s] -- Up-to-date: /home/ctuav/ctuav_gazebo-research/install/fastrtps/include/fastrtps/xmlparser/XMLParserCommon.h
[0.310s] -- Up-to-date: /home/ctuav/ctuav_gazebo-research/install/fastrtps/include/fastrtps/subscriber
[0.310s] -- Up-to-date: /home/ctuav/ctuav_gazebo-research/install/fastrtps/include/fastrtps/subscriber/SubscriberListener.h
[0.310s] -- Up-to-date: /home/ctuav/ctuav_gazebo-research/install/fastrtps/include/fastrtps/subscriber/SampleInfo.h
[0.310s] -- Up-to-date: /home/ctuav/ctuav_gazebo-research/install/fastrtps/include/fastrtps/subscriber/Subscriber.h
[0.310s] -- Up-to-date: /home/ctuav/ctuav_gazebo-research/install/fastrtps/include/fastrtps/subscriber/SubscriberHistory.h
[0.310s] -- Up-to-date: /home/ctuav/ctuav_gazebo-research/install/fastrtps/include/fastrtps/fastrtps_dll.h
[0.310s] -- Up-to-date: /home/ctuav/ctuav_gazebo-research/install/fastrtps/include/fastrtps/qos
[0.310s] -- Up-to-date: /home/ctuav/ctuav_gazebo-research/install/fastrtps/include/fastrtps/qos/WriterQos.h
[0.310s] -- Up-to-date: /home/ctuav/ctuav_gazebo-research/install/fastrtps/include/fastrtps/qos/LivelinessChangedStatus.h
[0.310s] -- Up-to-date: /home/ctuav/ctuav_gazebo-research/install/fastrtps/include/fastrtps/qos/LivelinessLostStatus.h
[0.310s] -- Up-to-date: /home/ctuav/ctuav_gazebo-research/install/fastrtps/include/fastrtps/qos/SampleRejectedStatus.hpp
[0.311s] -- Up-to-date: /home/ctuav/ctuav_gazebo-research/install/fastrtps/include/fastrtps/qos/ParameterTypes.h
[0.311s] -- Up-to-date: /home/ctuav/ctuav_gazebo-research/install/fastrtps/include/fastrtps/qos/DeadlineMissedStatus.h
[0.311s] -- Up-to-date: /home/ctuav/ctuav_gazebo-research/install/fastrtps/include/fastrtps/qos/IncompatibleQosStatus.hpp
[0.311s] -- Up-to-date: /home/ctuav/ctuav_gazebo-research/install/fastrtps/include/fastrtps/qos/QosPolicies.h
[0.311s] -- Up-to-date: /home/ctuav/ctuav_gazebo-research/install/fastrtps/include/fastrtps/qos/ReaderQos.h
[0.311s] -- Up-to-date: /home/ctuav/ctuav_gazebo-research/install/fastrtps/include/fastrtps/common
[0.311s] -- Up-to-date: /home/ctuav/ctuav_gazebo-research/install/fastrtps/include/fastrtps/common/KeyedChanges.h
[0.311s] -- Up-to-date: /home/ctuav/ctuav_gazebo-research/install/fastrtps/include/fastrtps/Domain.h
[0.311s] -- Up-to-date: /home/ctuav/ctuav_gazebo-research/install/fastrtps/include/fastrtps/fastrtps_all.h
[0.311s] -- Up-to-date: /home/ctuav/ctuav_gazebo-research/install/fastrtps/include/fastrtps/participant
[0.311s] -- Up-to-date: /home/ctuav/ctuav_gazebo-research/install/fastrtps/include/fastrtps/participant/Participant.h
[0.311s] -- Up-to-date: /home/ctuav/ctuav_gazebo-research/install/fastrtps/include/fastrtps/participant/ParticipantListener.h
[0.311s] -- Up-to-date: /home/ctuav/ctuav_gazebo-research/install/fastrtps/include/fastrtps/rtps
[0.311s] -- Up-to-date: /home/ctuav/ctuav_gazebo-research/install/fastrtps/include/fastrtps/rtps/network
[0.312s] -- Up-to-date: /home/ctuav/ctuav_gazebo-research/install/fastrtps/include/fastrtps/rtps/network/SenderResource.h
[0.312s] -- Up-to-date: /home/ctuav/ctuav_gazebo-research/install/fastrtps/include/fastrtps/rtps/network/NetworkFactory.h
[0.312s] -- Up-to-date: /home/ctuav/ctuav_gazebo-research/install/fastrtps/include/fastrtps/rtps/network/ReceiverResource.h
[0.312s] -- Up-to-date: /home/ctuav/ctuav_gazebo-research/install/fastrtps/include/fastrtps/rtps/resources
[0.312s] -- Up-to-date: /home/ctuav/ctuav_gazebo-research/install/fastrtps/include/fastrtps/rtps/resources/TimedEvent.h
[0.312s] -- Up-to-date: /home/ctuav/ctuav_gazebo-research/install/fastrtps/include/fastrtps/rtps/resources/ResourceEvent.h
[0.312s] -- Up-to-date: /home/ctuav/ctuav_gazebo-research/install/fastrtps/include/fastrtps/rtps/resources/ResourceManagement.h
[0.312s] -- Up-to-date: /home/ctuav/ctuav_gazebo-research/install/fastrtps/include/fastrtps/rtps/attributes
[0.312s] -- Up-to-date: /home/ctuav/ctuav_gazebo-research/install/fastrtps/include/fastrtps/rtps/attributes/HistoryAttributes.h
[0.312s] -- Up-to-date: /home/ctuav/ctuav_gazebo-research/install/fastrtps/include/fastrtps/rtps/attributes/RTPSParticipantAllocationAttributes.hpp
[0.312s] -- Up-to-date: /home/ctuav/ctuav_gazebo-research/install/fastrtps/include/fastrtps/rtps/attributes/EndpointAttributes.h
[0.312s] -- Up-to-date: /home/ctuav/ctuav_gazebo-research/install/fastrtps/include/fastrtps/rtps/attributes/RTPSParticipantAttributes.h
[0.312s] -- Up-to-date: /home/ctuav/ctuav_gazebo-research/install/fastrtps/include/fastrtps/rtps/attributes/WriterAttributes.h
[0.312s] -- Up-to-date: /home/ctuav/ctuav_gazebo-research/install/fastrtps/include/fastrtps/rtps/attributes/ServerAttributes.h
[0.313s] -- Up-to-date: /home/ctuav/ctuav_gazebo-research/install/fastrtps/include/fastrtps/rtps/attributes/ReaderAttributes.h
[0.313s] -- Up-to-date: /home/ctuav/ctuav_gazebo-research/install/fastrtps/include/fastrtps/rtps/attributes/PropertyPolicy.h
[0.313s] -- Up-to-date: /home/ctuav/ctuav_gazebo-research/install/fastrtps/include/fastrtps/rtps/RTPSDomain.h
[0.313s] -- Up-to-date: /home/ctuav/ctuav_gazebo-research/install/fastrtps/include/fastrtps/rtps/history
[0.313s] -- Up-to-date: /home/ctuav/ctuav_gazebo-research/install/fastrtps/include/fastrtps/rtps/history/ReaderHistory.h
[0.313s] -- Up-to-date: /home/ctuav/ctuav_gazebo-research/install/fastrtps/include/fastrtps/rtps/history/History.h
[0.313s] -- Up-to-date: /home/ctuav/ctuav_gazebo-research/install/fastrtps/include/fastrtps/rtps/history/WriterHistory.h
[0.313s] -- Up-to-date: /home/ctuav/ctuav_gazebo-research/install/fastrtps/include/fastrtps/rtps/security
[0.313s] -- Up-to-date: /home/ctuav/ctuav_gazebo-research/install/fastrtps/include/fastrtps/rtps/security/authentication
[0.313s] -- Up-to-date: /home/ctuav/ctuav_gazebo-research/install/fastrtps/include/fastrtps/rtps/security/authentication/Handshake.h
[0.313s] -- Up-to-date: /home/ctuav/ctuav_gazebo-research/install/fastrtps/include/fastrtps/rtps/security/authentication/Authentication.h
[0.313s] -- Up-to-date: /home/ctuav/ctuav_gazebo-research/install/fastrtps/include/fastrtps/rtps/security/accesscontrol
[0.313s] -- Up-to-date: /home/ctuav/ctuav_gazebo-research/install/fastrtps/include/fastrtps/rtps/security/accesscontrol/AccessControl.h
[0.313s] -- Up-to-date: /home/ctuav/ctuav_gazebo-research/install/fastrtps/include/fastrtps/rtps/security/accesscontrol/SecurityMaskUtilities.h
[0.313s] -- Up-to-date: /home/ctuav/ctuav_gazebo-research/install/fastrtps/include/fastrtps/rtps/security/accesscontrol/ParticipantSecurityAttributes.h
[0.313s] -- Up-to-date: /home/ctuav/ctuav_gazebo-research/install/fastrtps/include/fastrtps/rtps/security/accesscontrol/EndpointSecurityAttributes.h
[0.313s] -- Up-to-date: /home/ctuav/ctuav_gazebo-research/install/fastrtps/include/fastrtps/rtps/security/common
[0.313s] -- Up-to-date: /home/ctuav/ctuav_gazebo-research/install/fastrtps/include/fastrtps/rtps/security/common/Handle.h
[0.314s] -- Up-to-date: /home/ctuav/ctuav_gazebo-research/install/fastrtps/include/fastrtps/rtps/security/common/SharedSecretHandle.h
[0.314s] -- Up-to-date: /home/ctuav/ctuav_gazebo-research/install/fastrtps/include/fastrtps/rtps/security/common/ParticipantGenericMessage.h
[0.314s] -- Up-to-date: /home/ctuav/ctuav_gazebo-research/install/fastrtps/include/fastrtps/rtps/security/cryptography
[0.314s] -- Up-to-date: /home/ctuav/ctuav_gazebo-research/install/fastrtps/include/fastrtps/rtps/security/cryptography/CryptoTransform.h
[0.314s] -- Up-to-date: /home/ctuav/ctuav_gazebo-research/install/fastrtps/include/fastrtps/rtps/security/cryptography/CryptoKeyFactory.h
[0.314s] -- Up-to-date: /home/ctuav/ctuav_gazebo-research/install/fastrtps/include/fastrtps/rtps/security/cryptography/CryptoKeyExchange.h
[0.314s] -- Up-to-date: /home/ctuav/ctuav_gazebo-research/install/fastrtps/include/fastrtps/rtps/security/cryptography/CryptoTypes.h
[0.314s] -- Up-to-date: /home/ctuav/ctuav_gazebo-research/install/fastrtps/include/fastrtps/rtps/security/cryptography/Cryptography.h
[0.314s] -- Up-to-date: /home/ctuav/ctuav_gazebo-research/install/fastrtps/include/fastrtps/rtps/security/exceptions
[0.314s] -- Up-to-date: /home/ctuav/ctuav_gazebo-research/install/fastrtps/include/fastrtps/rtps/security/exceptions/SecurityException.h
[0.314s] -- Up-to-date: /home/ctuav/ctuav_gazebo-research/install/fastrtps/include/fastrtps/rtps/common
[0.314s] -- Up-to-date: /home/ctuav/ctuav_gazebo-research/install/fastrtps/include/fastrtps/rtps/common/SerializedPayload.h
[0.314s] -- Up-to-date: /home/ctuav/ctuav_gazebo-research/install/fastrtps/include/fastrtps/rtps/common/CacheChange.h
[0.314s] -- Up-to-date: /home/ctuav/ctuav_gazebo-research/install/fastrtps/include/fastrtps/rtps/common/Property.h
[0.314s] -- Up-to-date: /home/ctuav/ctuav_gazebo-research/install/fastrtps/include/fastrtps/rtps/common/Locator.h
[0.314s] -- Up-to-date: /home/ctuav/ctuav_gazebo-research/install/fastrtps/include/fastrtps/rtps/common/CDRMessage_t.h
[0.314s] -- Up-to-date: /home/ctuav/ctuav_gazebo-research/install/fastrtps/include/fastrtps/rtps/common/BinaryProperty.h
[0.314s] -- Up-to-date: /home/ctuav/ctuav_gazebo-research/install/fastrtps/include/fastrtps/rtps/common/SampleIdentity.h
[0.314s] -- Up-to-date: /home/ctuav/ctuav_gazebo-research/install/fastrtps/include/fastrtps/rtps/common/LocatorSelectorEntry.hpp
[0.314s] -- Up-to-date: /home/ctuav/ctuav_gazebo-research/install/fastrtps/include/fastrtps/rtps/common/LocatorSelector.hpp
[0.314s] -- Up-to-date: /home/ctuav/ctuav_gazebo-research/install/fastrtps/include/fastrtps/rtps/common/MatchingInfo.h
[0.315s] -- Up-to-date: /home/ctuav/ctuav_gazebo-research/install/fastrtps/include/fastrtps/rtps/common/PortParameters.h
[0.315s] -- Up-to-date: /home/ctuav/ctuav_gazebo-research/install/fastrtps/include/fastrtps/rtps/common/Guid.h
[0.315s] -- Up-to-date: /home/ctuav/ctuav_gazebo-research/install/fastrtps/include/fastrtps/rtps/common/WriteParams.h
[0.315s] -- Up-to-date: /home/ctuav/ctuav_gazebo-research/install/fastrtps/include/fastrtps/rtps/common/SequenceNumber.h
[0.315s] -- Up-to-date: /home/ctuav/ctuav_gazebo-research/install/fastrtps/include/fastrtps/rtps/common/RemoteLocators.hpp
[0.315s] -- Up-to-date: /home/ctuav/ctuav_gazebo-research/install/fastrtps/include/fastrtps/rtps/common/FragmentNumber.h
[0.315s] -- Up-to-date: /home/ctuav/ctuav_gazebo-research/install/fastrtps/include/fastrtps/rtps/common/Token.h
[0.315s] -- Up-to-date: /home/ctuav/ctuav_gazebo-research/install/fastrtps/include/fastrtps/rtps/common/Types.h
[0.315s] -- Up-to-date: /home/ctuav/ctuav_gazebo-research/install/fastrtps/include/fastrtps/rtps/common/InstanceHandle.h
[0.315s] -- Up-to-date: /home/ctuav/ctuav_gazebo-research/install/fastrtps/include/fastrtps/rtps/common/all_common.h
[0.315s] -- Up-to-date: /home/ctuav/ctuav_gazebo-research/install/fastrtps/include/fastrtps/rtps/common/Time_t.h
[0.315s] -- Up-to-date: /home/ctuav/ctuav_gazebo-research/install/fastrtps/include/fastrtps/rtps/common/LocatorListComparisons.hpp
[0.315s] -- Up-to-date: /home/ctuav/ctuav_gazebo-research/install/fastrtps/include/fastrtps/rtps/rtps_fwd.h
[0.315s] -- Up-to-date: /home/ctuav/ctuav_gazebo-research/install/fastrtps/include/fastrtps/rtps/writer
[0.315s] -- Up-to-date: /home/ctuav/ctuav_gazebo-research/install/fastrtps/include/fastrtps/rtps/writer/RTPSWriter.h
[0.315s] -- Up-to-date: /home/ctuav/ctuav_gazebo-research/install/fastrtps/include/fastrtps/rtps/writer/ReaderProxy.h
[0.315s] -- Up-to-date: /home/ctuav/ctuav_gazebo-research/install/fastrtps/include/fastrtps/rtps/writer/StatelessWriter.h
[0.315s] -- Up-to-date: /home/ctuav/ctuav_gazebo-research/install/fastrtps/include/fastrtps/rtps/writer/StatelessPersistentWriter.h
[0.315s] -- Up-to-date: /home/ctuav/ctuav_gazebo-research/install/fastrtps/include/fastrtps/rtps/writer/StatefulWriter.h
[0.315s] -- Up-to-date: /home/ctuav/ctuav_gazebo-research/install/fastrtps/include/fastrtps/rtps/writer/ReaderLocator.h
[0.316s] -- Up-to-date: /home/ctuav/ctuav_gazebo-research/install/fastrtps/include/fastrtps/rtps/writer/LivelinessData.h
[0.316s] -- Up-to-date: /home/ctuav/ctuav_gazebo-research/install/fastrtps/include/fastrtps/rtps/writer/WriterDiscoveryInfo.h
[0.316s] -- Up-to-date: /home/ctuav/ctuav_gazebo-research/install/fastrtps/include/fastrtps/rtps/writer/PersistentWriter.h
[0.316s] -- Up-to-date: /home/ctuav/ctuav_gazebo-research/install/fastrtps/include/fastrtps/rtps/writer/StatefulPersistentWriter.h
[0.316s] -- Up-to-date: /home/ctuav/ctuav_gazebo-research/install/fastrtps/include/fastrtps/rtps/writer/LivelinessManager.h
[0.316s] -- Up-to-date: /home/ctuav/ctuav_gazebo-research/install/fastrtps/include/fastrtps/rtps/writer/WriterListener.h
[0.316s] -- Up-to-date: /home/ctuav/ctuav_gazebo-research/install/fastrtps/include/fastrtps/rtps/flowcontrol
[0.316s] -- Up-to-date: /home/ctuav/ctuav_gazebo-research/install/fastrtps/include/fastrtps/rtps/flowcontrol/ThroughputControllerDescriptor.h
[0.316s] -- Up-to-date: /home/ctuav/ctuav_gazebo-research/install/fastrtps/include/fastrtps/rtps/messages
[0.316s] -- Up-to-date: /home/ctuav/ctuav_gazebo-research/install/fastrtps/include/fastrtps/rtps/messages/RTPSMessageCreator.h
[0.316s] -- Up-to-date: /home/ctuav/ctuav_gazebo-research/install/fastrtps/include/fastrtps/rtps/messages/MessageReceiver.h
[0.316s] -- Up-to-date: /home/ctuav/ctuav_gazebo-research/install/fastrtps/include/fastrtps/rtps/messages/RTPSMessageSenderInterface.hpp
[0.316s] -- Up-to-date: /home/ctuav/ctuav_gazebo-research/install/fastrtps/include/fastrtps/rtps/messages/CDRMessage.h
[0.316s] -- Up-to-date: /home/ctuav/ctuav_gazebo-research/install/fastrtps/include/fastrtps/rtps/messages/RTPS_messages.h
[0.316s] -- Up-to-date: /home/ctuav/ctuav_gazebo-research/install/fastrtps/include/fastrtps/rtps/messages/RTPSMessageGroup.h
[0.317s] -- Up-to-date: /home/ctuav/ctuav_gazebo-research/install/fastrtps/include/fastrtps/rtps/participant
[0.317s] -- Up-to-date: /home/ctuav/ctuav_gazebo-research/install/fastrtps/include/fastrtps/rtps/participant/RTPSParticipantListener.h
[0.317s] -- Up-to-date: /home/ctuav/ctuav_gazebo-research/install/fastrtps/include/fastrtps/rtps/participant/RTPSParticipant.h
[0.317s] -- Up-to-date: /home/ctuav/ctuav_gazebo-research/install/fastrtps/include/fastrtps/rtps/participant/ParticipantDiscoveryInfo.h
[0.317s] -- Up-to-date: /home/ctuav/ctuav_gazebo-research/install/fastrtps/include/fastrtps/rtps/reader
[0.317s] -- Up-to-date: /home/ctuav/ctuav_gazebo-research/install/fastrtps/include/fastrtps/rtps/reader/StatelessReader.h
[0.317s] -- Up-to-date: /home/ctuav/ctuav_gazebo-research/install/fastrtps/include/fastrtps/rtps/reader/StatefulPersistentReader.h
[0.317s] -- Up-to-date: /home/ctuav/ctuav_gazebo-research/install/fastrtps/include/fastrtps/rtps/reader/ReaderDiscoveryInfo.h
[0.317s] -- Up-to-date: /home/ctuav/ctuav_gazebo-research/install/fastrtps/include/fastrtps/rtps/reader/StatefulReader.h
[0.317s] -- Up-to-date: /home/ctuav/ctuav_gazebo-research/install/fastrtps/include/fastrtps/rtps/reader/ReaderListener.h
[0.317s] -- Up-to-date: /home/ctuav/ctuav_gazebo-research/install/fastrtps/include/fastrtps/rtps/reader/RTPSReader.h
[0.317s] -- Up-to-date: /home/ctuav/ctuav_gazebo-research/install/fastrtps/include/fastrtps/rtps/reader/StatelessPersistentReader.h
[0.317s] -- Up-to-date: /home/ctuav/ctuav_gazebo-research/install/fastrtps/include/fastrtps/rtps/exceptions
[0.317s] -- Up-to-date: /home/ctuav/ctuav_gazebo-research/install/fastrtps/include/fastrtps/rtps/exceptions/Exception.h
[0.317s] -- Up-to-date: /home/ctuav/ctuav_gazebo-research/install/fastrtps/include/fastrtps/rtps/builtin
[0.317s] -- Up-to-date: /home/ctuav/ctuav_gazebo-research/install/fastrtps/include/fastrtps/rtps/builtin/BuiltinProtocols.h
[0.317s] -- Up-to-date: /home/ctuav/ctuav_gazebo-research/install/fastrtps/include/fastrtps/rtps/builtin/liveliness
[0.318s] -- Up-to-date: /home/ctuav/ctuav_gazebo-research/install/fastrtps/include/fastrtps/rtps/builtin/liveliness/WLPListener.h
[0.318s] -- Up-to-date: /home/ctuav/ctuav_gazebo-research/install/fastrtps/include/fastrtps/rtps/builtin/liveliness/WLP.h
[0.318s] -- Up-to-date: /home/ctuav/ctuav_gazebo-research/install/fastrtps/include/fastrtps/rtps/builtin/data
[0.318s] -- Up-to-date: /home/ctuav/ctuav_gazebo-research/install/fastrtps/include/fastrtps/rtps/builtin/data/ParticipantProxyData.h
[0.318s] -- Up-to-date: /home/ctuav/ctuav_gazebo-research/install/fastrtps/include/fastrtps/rtps/builtin/data/ReaderProxyData.h
[0.318s] -- Up-to-date: /home/ctuav/ctuav_gazebo-research/install/fastrtps/include/fastrtps/rtps/builtin/data/WriterProxyData.h
[0.318s] -- Up-to-date: /home/ctuav/ctuav_gazebo-research/install/fastrtps/include/fastrtps/rtps/builtin/discovery
[0.318s] -- Up-to-date: /home/ctuav/ctuav_gazebo-research/install/fastrtps/include/fastrtps/rtps/builtin/discovery/endpoint
[0.318s] -- Up-to-date: /home/ctuav/ctuav_gazebo-research/install/fastrtps/include/fastrtps/rtps/builtin/discovery/endpoint/EDPStatic.h
[0.318s] -- Up-to-date: /home/ctuav/ctuav_gazebo-research/install/fastrtps/include/fastrtps/rtps/builtin/discovery/endpoint/EDPSimple.h
[0.318s] -- Up-to-date: /home/ctuav/ctuav_gazebo-research/install/fastrtps/include/fastrtps/rtps/builtin/discovery/endpoint/EDP.h
[0.318s] -- Up-to-date: /home/ctuav/ctuav_gazebo-research/install/fastrtps/include/fastrtps/rtps/builtin/discovery/participant
[0.318s] -- Up-to-date: /home/ctuav/ctuav_gazebo-research/install/fastrtps/include/fastrtps/rtps/builtin/discovery/participant/PDPListener.h
[0.318s] -- Up-to-date: /home/ctuav/ctuav_gazebo-research/install/fastrtps/include/fastrtps/rtps/builtin/discovery/participant/PDPSimple.h
[0.318s] -- Up-to-date: /home/ctuav/ctuav_gazebo-research/install/fastrtps/include/fastrtps/rtps/builtin/discovery/participant/PDP.h
[0.318s] -- Up-to-date: /home/ctuav/ctuav_gazebo-research/install/fastrtps/include/fastrtps/rtps/rtps_all.h
[0.318s] -- Up-to-date: /home/ctuav/ctuav_gazebo-research/install/fastrtps/include/fastrtps/rtps/Endpoint.h
[0.318s] -- Up-to-date: /home/ctuav/ctuav_gazebo-research/install/fastrtps/include/fastrtps/fastrtps_fwd.h
[0.319s] -- Up-to-date: /home/ctuav/ctuav_gazebo-research/install/fastrtps/include/fastrtps/config
[0.319s] -- Up-to-date: /home/ctuav/ctuav_gazebo-research/install/fastrtps/include/fastrtps/config/doxygen_modules.h
[0.319s] -- Up-to-date: /home/ctuav/ctuav_gazebo-research/install/fastrtps/include/fastrtps/utils
[0.319s] -- Up-to-date: /home/ctuav/ctuav_gazebo-research/install/fastrtps/include/fastrtps/utils/string_convert.hpp
[0.319s] -- Up-to-date: /home/ctuav/ctuav_gazebo-research/install/fastrtps/include/fastrtps/utils/collections
[0.319s] -- Up-to-date: /home/ctuav/ctuav_gazebo-research/install/fastrtps/include/fastrtps/utils/collections/foonathan_memory_helpers.hpp
[0.319s] -- Up-to-date: /home/ctuav/ctuav_gazebo-research/install/fastrtps/include/fastrtps/utils/collections/ResourceLimitedContainerConfig.hpp
[0.319s] -- Up-to-date: /home/ctuav/ctuav_gazebo-research/install/fastrtps/include/fastrtps/utils/collections/ResourceLimitedVector.hpp
[0.319s] -- Up-to-date: /home/ctuav/ctuav_gazebo-research/install/fastrtps/include/fastrtps/utils/fixed_size_bitmap.hpp
[0.319s] -- Up-to-date: /home/ctuav/ctuav_gazebo-research/install/fastrtps/include/fastrtps/utils/System.h
[0.319s] -- Up-to-date: /home/ctuav/ctuav_gazebo-research/install/fastrtps/include/fastrtps/utils/shared_mutex.hpp
[0.319s] -- Up-to-date: /home/ctuav/ctuav_gazebo-research/install/fastrtps/include/fastrtps/utils/fixed_size_string.hpp
[0.319s] -- Up-to-date: /home/ctuav/ctuav_gazebo-research/install/fastrtps/include/fastrtps/utils/IPLocator.h
[0.319s] -- Up-to-date: /home/ctuav/ctuav_gazebo-research/install/fastrtps/include/fastrtps/utils/TimedConditionVariable.hpp
[0.319s] -- Up-to-date: /home/ctuav/ctuav_gazebo-research/install/fastrtps/include/fastrtps/utils/ProxyPool.hpp
[0.319s] -- Up-to-date: /home/ctuav/ctuav_gazebo-research/install/fastrtps/include/fastrtps/utils/StringMatching.h
[0.319s] -- Up-to-date: /home/ctuav/ctuav_gazebo-research/install/fastrtps/include/fastrtps/utils/IPFinder.h
[0.319s] -- Up-to-date: /home/ctuav/ctuav_gazebo-research/install/fastrtps/include/fastrtps/utils/DBQueue.h
[0.319s] -- Up-to-date: /home/ctuav/ctuav_gazebo-research/install/fastrtps/include/fastrtps/utils/Semaphore.h
[0.320s] -- Up-to-date: /home/ctuav/ctuav_gazebo-research/install/fastrtps/include/fastrtps/utils/md5.h
[0.320s] -- Up-to-date: /home/ctuav/ctuav_gazebo-research/install/fastrtps/include/fastrtps/utils/TimedMutex.hpp
[0.320s] -- Up-to-date: /home/ctuav/ctuav_gazebo-research/install/fastrtps/include/fastrtps/utils/TimeConversion.h
[0.320s] -- Up-to-date: /home/ctuav/ctuav_gazebo-research/install/fastrtps/include/fastdds
[0.320s] -- Up-to-date: /home/ctuav/ctuav_gazebo-research/install/fastrtps/include/fastdds/dds
[0.320s] -- Up-to-date: /home/ctuav/ctuav_gazebo-research/install/fastrtps/include/fastdds/dds/topic
[0.320s] -- Up-to-date: /home/ctuav/ctuav_gazebo-research/install/fastrtps/include/fastdds/dds/topic/IContentFilter.hpp
[0.320s] -- Up-to-date: /home/ctuav/ctuav_gazebo-research/install/fastrtps/include/fastdds/dds/topic/TopicDescription.hpp
[0.320s] -- Up-to-date: /home/ctuav/ctuav_gazebo-research/install/fastrtps/include/fastdds/dds/topic/Topic.hpp
[0.320s] -- Up-to-date: /home/ctuav/ctuav_gazebo-research/install/fastrtps/include/fastdds/dds/topic/IContentFilterFactory.hpp
[0.320s] -- Up-to-date: /home/ctuav/ctuav_gazebo-research/install/fastrtps/include/fastdds/dds/topic/qos
[0.320s] -- Up-to-date: /home/ctuav/ctuav_gazebo-research/install/fastrtps/include/fastdds/dds/topic/qos/TopicQos.hpp
[0.320s] -- Up-to-date: /home/ctuav/ctuav_gazebo-research/install/fastrtps/include/fastdds/dds/topic/TopicDataType.hpp
[0.320s] -- Up-to-date: /home/ctuav/ctuav_gazebo-research/install/fastrtps/include/fastdds/dds/topic/TopicListener.hpp
[0.321s] -- Up-to-date: /home/ctuav/ctuav_gazebo-research/install/fastrtps/include/fastdds/dds/topic/TypeSupport.hpp
[0.321s] -- Up-to-date: /home/ctuav/ctuav_gazebo-research/install/fastrtps/include/fastdds/dds/topic/ContentFilteredTopic.hpp
[0.321s] -- Up-to-date: /home/ctuav/ctuav_gazebo-research/install/fastrtps/include/fastdds/dds/core
[0.321s] -- Up-to-date: /home/ctuav/ctuav_gazebo-research/install/fastrtps/include/fastdds/dds/core/StackAllocatedSequence.hpp
[0.321s] -- Up-to-date: /home/ctuav/ctuav_gazebo-research/install/fastrtps/include/fastdds/dds/core/policy
[0.321s] -- Up-to-date: /home/ctuav/ctuav_gazebo-research/install/fastrtps/include/fastdds/dds/core/policy/WriterDataLifecycleQosPolicy.hpp
[0.321s] -- Up-to-date: /home/ctuav/ctuav_gazebo-research/install/fastrtps/include/fastdds/dds/core/policy/ParameterTypes.hpp
[0.321s] -- Up-to-date: /home/ctuav/ctuav_gazebo-research/install/fastrtps/include/fastdds/dds/core/policy/QosPolicies.hpp
[0.321s] -- Up-to-date: /home/ctuav/ctuav_gazebo-research/install/fastrtps/include/fastdds/dds/core/policy/ReaderDataLifecycleQosPolicy.hpp
[0.321s] -- Up-to-date: /home/ctuav/ctuav_gazebo-research/install/fastrtps/include/fastdds/dds/core/condition
[0.321s] -- Up-to-date: /home/ctuav/ctuav_gazebo-research/install/fastrtps/include/fastdds/dds/core/condition/Condition.hpp
[0.321s] -- Up-to-date: /home/ctuav/ctuav_gazebo-research/install/fastrtps/include/fastdds/dds/core/condition/StatusCondition.hpp
[0.321s] -- Up-to-date: /home/ctuav/ctuav_gazebo-research/install/fastrtps/include/fastdds/dds/core/condition/GuardCondition.hpp
[0.321s] -- Up-to-date: /home/ctuav/ctuav_gazebo-research/install/fastrtps/include/fastdds/dds/core/condition/WaitSet.hpp
[0.321s] -- Up-to-date: /home/ctuav/ctuav_gazebo-research/install/fastrtps/include/fastdds/dds/core/LoanableSequence.hpp
[0.321s] -- Up-to-date: /home/ctuav/ctuav_gazebo-research/install/fastrtps/include/fastdds/dds/core/LoanableCollection.hpp
[0.321s] -- Up-to-date: /home/ctuav/ctuav_gazebo-research/install/fastrtps/include/fastdds/dds/core/Entity.hpp
[0.321s] -- Up-to-date: /home/ctuav/ctuav_gazebo-research/install/fastrtps/include/fastdds/dds/core/UserAllocatedSequence.hpp
[0.322s] -- Up-to-date: /home/ctuav/ctuav_gazebo-research/install/fastrtps/include/fastdds/dds/core/LoanableArray.hpp
[0.322s] -- Up-to-date: /home/ctuav/ctuav_gazebo-research/install/fastrtps/include/fastdds/dds/core/status
[0.322s] -- Up-to-date: /home/ctuav/ctuav_gazebo-research/install/fastrtps/include/fastdds/dds/core/status/MatchedStatus.hpp
[0.322s] -- Up-to-date: /home/ctuav/ctuav_gazebo-research/install/fastrtps/include/fastdds/dds/core/status/SampleRejectedStatus.hpp
[0.322s] -- Up-to-date: /home/ctuav/ctuav_gazebo-research/install/fastrtps/include/fastdds/dds/core/status/PublicationMatchedStatus.hpp
[0.322s] -- Up-to-date: /home/ctuav/ctuav_gazebo-research/install/fastrtps/include/fastdds/dds/core/status/StatusMask.hpp
[0.322s] -- Up-to-date: /home/ctuav/ctuav_gazebo-research/install/fastrtps/include/fastdds/dds/core/status/LivelinessChangedStatus.hpp
[0.322s] -- Up-to-date: /home/ctuav/ctuav_gazebo-research/install/fastrtps/include/fastdds/dds/core/status/BaseStatus.hpp
[0.322s] -- Up-to-date: /home/ctuav/ctuav_gazebo-research/install/fastrtps/include/fastdds/dds/core/status/DeadlineMissedStatus.hpp
[0.322s] -- Up-to-date: /home/ctuav/ctuav_gazebo-research/install/fastrtps/include/fastdds/dds/core/status/IncompatibleQosStatus.hpp
[0.322s] -- Up-to-date: /home/ctuav/ctuav_gazebo-research/install/fastrtps/include/fastdds/dds/core/status/SubscriptionMatchedStatus.hpp
[0.322s] -- Up-to-date: /home/ctuav/ctuav_gazebo-research/install/fastrtps/include/fastdds/dds/core/LoanableTypedCollection.hpp
[0.322s] -- Up-to-date: /home/ctuav/ctuav_gazebo-research/install/fastrtps/include/fastdds/dds/publisher
[0.322s] -- Up-to-date: /home/ctuav/ctuav_gazebo-research/install/fastrtps/include/fastdds/dds/publisher/PublisherListener.hpp
[0.322s] -- Up-to-date: /home/ctuav/ctuav_gazebo-research/install/fastrtps/include/fastdds/dds/publisher/DataWriterListener.hpp
[0.322s] -- Up-to-date: /home/ctuav/ctuav_gazebo-research/install/fastrtps/include/fastdds/dds/publisher/qos
[0.322s] -- Up-to-date: /home/ctuav/ctuav_gazebo-research/install/fastrtps/include/fastdds/dds/publisher/qos/DataWriterQos.hpp
[0.322s] -- Up-to-date: /home/ctuav/ctuav_gazebo-research/install/fastrtps/include/fastdds/dds/publisher/qos/WriterQos.hpp
[0.322s] -- Up-to-date: /home/ctuav/ctuav_gazebo-research/install/fastrtps/include/fastdds/dds/publisher/qos/PublisherQos.hpp
[0.322s] -- Up-to-date: /home/ctuav/ctuav_gazebo-research/install/fastrtps/include/fastdds/dds/publisher/DataWriter.hpp
[0.322s] -- Up-to-date: /home/ctuav/ctuav_gazebo-research/install/fastrtps/include/fastdds/dds/publisher/Publisher.hpp
[0.322s] -- Up-to-date: /home/ctuav/ctuav_gazebo-research/install/fastrtps/include/fastdds/dds/log
[0.323s] -- Up-to-date: /home/ctuav/ctuav_gazebo-research/install/fastrtps/include/fastdds/dds/log/FileConsumer.hpp
[0.323s] -- Up-to-date: /home/ctuav/ctuav_gazebo-research/install/fastrtps/include/fastdds/dds/log/StdoutErrConsumer.hpp
[0.323s] -- Up-to-date: /home/ctuav/ctuav_gazebo-research/install/fastrtps/include/fastdds/dds/log/Log.hpp
[0.323s] -- Up-to-date: /home/ctuav/ctuav_gazebo-research/install/fastrtps/include/fastdds/dds/log/Colors.hpp
[0.323s] -- Up-to-date: /home/ctuav/ctuav_gazebo-research/install/fastrtps/include/fastdds/dds/log/StdoutConsumer.hpp
[0.323s] -- Up-to-date: /home/ctuav/ctuav_gazebo-research/install/fastrtps/include/fastdds/dds/log/OStreamConsumer.hpp
[0.323s] -- Up-to-date: /home/ctuav/ctuav_gazebo-research/install/fastrtps/include/fastdds/dds/subscriber
[0.323s] -- Up-to-date: /home/ctuav/ctuav_gazebo-research/install/fastrtps/include/fastdds/dds/subscriber/SampleInfo.hpp
[0.323s] -- Up-to-date: /home/ctuav/ctuav_gazebo-research/install/fastrtps/include/fastdds/dds/subscriber/Subscriber.hpp
[0.323s] -- Up-to-date: /home/ctuav/ctuav_gazebo-research/install/fastrtps/include/fastdds/dds/subscriber/SubscriberListener.hpp
[0.323s] -- Up-to-date: /home/ctuav/ctuav_gazebo-research/install/fastrtps/include/fastdds/dds/subscriber/qos
[0.323s] -- Up-to-date: /home/ctuav/ctuav_gazebo-research/install/fastrtps/include/fastdds/dds/subscriber/qos/SubscriberQos.hpp
[0.323s] -- Up-to-date: /home/ctuav/ctuav_gazebo-research/install/fastrtps/include/fastdds/dds/subscriber/qos/DataReaderQos.hpp
[0.323s] -- Up-to-date: /home/ctuav/ctuav_gazebo-research/install/fastrtps/include/fastdds/dds/subscriber/qos/ReaderQos.hpp
[0.323s] -- Up-to-date: /home/ctuav/ctuav_gazebo-research/install/fastrtps/include/fastdds/dds/subscriber/ViewState.hpp
[0.323s] -- Up-to-date: /home/ctuav/ctuav_gazebo-research/install/fastrtps/include/fastdds/dds/subscriber/SampleState.hpp
[0.323s] -- Up-to-date: /home/ctuav/ctuav_gazebo-research/install/fastrtps/include/fastdds/dds/subscriber/DataReaderListener.hpp
[0.323s] -- Up-to-date: /home/ctuav/ctuav_gazebo-research/install/fastrtps/include/fastdds/dds/subscriber/DataReader.hpp
[0.323s] -- Up-to-date: /home/ctuav/ctuav_gazebo-research/install/fastrtps/include/fastdds/dds/subscriber/InstanceState.hpp
[0.323s] -- Up-to-date: /home/ctuav/ctuav_gazebo-research/install/fastrtps/include/fastdds/dds/common
[0.323s] -- Up-to-date: /home/ctuav/ctuav_gazebo-research/install/fastrtps/include/fastdds/dds/common/InstanceHandle.hpp
[0.323s] -- Up-to-date: /home/ctuav/ctuav_gazebo-research/install/fastrtps/include/fastdds/dds/builtin
[0.323s] -- Up-to-date: /home/ctuav/ctuav_gazebo-research/install/fastrtps/include/fastdds/dds/builtin/topic
[0.323s] -- Up-to-date: /home/ctuav/ctuav_gazebo-research/install/fastrtps/include/fastdds/dds/builtin/topic/SubscriptionBuiltinTopicData.hpp
[0.324s] -- Up-to-date: /home/ctuav/ctuav_gazebo-research/install/fastrtps/include/fastdds/dds/builtin/topic/TopicBuiltinTopicData.hpp
[0.324s] -- Up-to-date: /home/ctuav/ctuav_gazebo-research/install/fastrtps/include/fastdds/dds/builtin/topic/PublicationBuiltinTopicData.hpp
[0.324s] -- Up-to-date: /home/ctuav/ctuav_gazebo-research/install/fastrtps/include/fastdds/dds/builtin/topic/ParticipantBuiltinTopicData.hpp
[0.324s] -- Up-to-date: /home/ctuav/ctuav_gazebo-research/install/fastrtps/include/fastdds/dds/builtin/topic/BuiltinTopicKey.hpp
[0.324s] -- Up-to-date: /home/ctuav/ctuav_gazebo-research/install/fastrtps/include/fastdds/dds/builtin/typelookup
[0.324s] -- Up-to-date: /home/ctuav/ctuav_gazebo-research/install/fastrtps/include/fastdds/dds/builtin/typelookup/common
[0.324s] -- Up-to-date: /home/ctuav/ctuav_gazebo-research/install/fastrtps/include/fastdds/dds/builtin/typelookup/common/TypeLookupTypes.hpp
[0.324s] -- Up-to-date: /home/ctuav/ctuav_gazebo-research/install/fastrtps/include/fastdds/dds/builtin/typelookup/TypeLookupReplyListener.hpp
[0.324s] -- Up-to-date: /home/ctuav/ctuav_gazebo-research/install/fastrtps/include/fastdds/dds/builtin/typelookup/TypeLookupRequestListener.hpp
[0.324s] -- Up-to-date: /home/ctuav/ctuav_gazebo-research/install/fastrtps/include/fastdds/dds/builtin/typelookup/TypeLookupManager.hpp
[0.324s] -- Up-to-date: /home/ctuav/ctuav_gazebo-research/install/fastrtps/include/fastdds/dds/builtin/common
[0.324s] -- Up-to-date: /home/ctuav/ctuav_gazebo-research/install/fastrtps/include/fastdds/dds/builtin/common/Types.hpp
[0.324s] -- Up-to-date: /home/ctuav/ctuav_gazebo-research/install/fastrtps/include/fastdds/dds/builtin/common/ReplyHeader.hpp
[0.324s] -- Up-to-date: /home/ctuav/ctuav_gazebo-research/install/fastrtps/include/fastdds/dds/builtin/common/RequestHeader.hpp
[0.324s] -- Up-to-date: /home/ctuav/ctuav_gazebo-research/install/fastrtps/include/fastdds/dds/domain
[0.324s] -- Up-to-date: /home/ctuav/ctuav_gazebo-research/install/fastrtps/include/fastdds/dds/domain/DomainParticipantListener.hpp
[0.324s] -- Up-to-date: /home/ctuav/ctuav_gazebo-research/install/fastrtps/include/fastdds/dds/domain/DomainParticipant.hpp
[0.324s] -- Up-to-date: /home/ctuav/ctuav_gazebo-research/install/fastrtps/include/fastdds/dds/domain/qos
[0.324s] -- Up-to-date: /home/ctuav/ctuav_gazebo-research/install/fastrtps/include/fastdds/dds/domain/qos/DomainParticipantQos.hpp
[0.325s] -- Up-to-date: /home/ctuav/ctuav_gazebo-research/install/fastrtps/include/fastdds/dds/domain/qos/DomainParticipantFactoryQos.hpp
[0.325s] -- Up-to-date: /home/ctuav/ctuav_gazebo-research/install/fastrtps/include/fastdds/dds/domain/DomainParticipantFactory.hpp
[0.325s] -- Up-to-date: /home/ctuav/ctuav_gazebo-research/install/fastrtps/include/fastdds/rtps
[0.325s] -- Up-to-date: /home/ctuav/ctuav_gazebo-research/install/fastrtps/include/fastdds/rtps/network
[0.325s] -- Up-to-date: /home/ctuav/ctuav_gazebo-research/install/fastrtps/include/fastdds/rtps/network/SenderResource.h
[0.325s] -- Up-to-date: /home/ctuav/ctuav_gazebo-research/install/fastrtps/include/fastdds/rtps/network/NetworkFactory.h
[0.325s] -- Up-to-date: /home/ctuav/ctuav_gazebo-research/install/fastrtps/include/fastdds/rtps/network/ReceiverResource.h
[0.325s] -- Up-to-date: /home/ctuav/ctuav_gazebo-research/install/fastrtps/include/fastdds/rtps/resources
[0.325s] -- Up-to-date: /home/ctuav/ctuav_gazebo-research/install/fastrtps/include/fastdds/rtps/resources/TimedEvent.h
[0.325s] -- Up-to-date: /home/ctuav/ctuav_gazebo-research/install/fastrtps/include/fastdds/rtps/resources/ResourceEvent.h
[0.325s] -- Up-to-date: /home/ctuav/ctuav_gazebo-research/install/fastrtps/include/fastdds/rtps/resources/ResourceManagement.h
[0.325s] -- Up-to-date: /home/ctuav/ctuav_gazebo-research/install/fastrtps/include/fastdds/rtps/transport
[0.325s] -- Up-to-date: /home/ctuav/ctuav_gazebo-research/install/fastrtps/include/fastdds/rtps/transport/UDPTransportDescriptor.h
[0.325s] -- Up-to-date: /home/ctuav/ctuav_gazebo-research/install/fastrtps/include/fastdds/rtps/transport/UDPv6TransportDescriptor.h
[0.325s] -- Up-to-date: /home/ctuav/ctuav_gazebo-research/install/fastrtps/include/fastdds/rtps/transport/ChainingTransportDescriptor.h
[0.325s] -- Up-to-date: /home/ctuav/ctuav_gazebo-research/install/fastrtps/include/fastdds/rtps/transport/TCPv6TransportDescriptor.h
[0.325s] -- Up-to-date: /home/ctuav/ctuav_gazebo-research/install/fastrtps/include/fastdds/rtps/transport/TransportReceiverInterface.h
[0.325s] -- Up-to-date: /home/ctuav/ctuav_gazebo-research/install/fastrtps/include/fastdds/rtps/transport/test_UDPv4TransportDescriptor.h
[0.325s] -- Up-to-date: /home/ctuav/ctuav_gazebo-research/install/fastrtps/include/fastdds/rtps/transport/TransportInterface.h
[0.325s] -- Up-to-date: /home/ctuav/ctuav_gazebo-research/install/fastrtps/include/fastdds/rtps/transport/shared_mem
[0.325s] -- Up-to-date: /home/ctuav/ctuav_gazebo-research/install/fastrtps/include/fastdds/rtps/transport/shared_mem/SharedMemTransportDescriptor.h
[0.325s] -- Up-to-date: /home/ctuav/ctuav_gazebo-research/install/fastrtps/include/fastdds/rtps/transport/SocketTransportDescriptor.h
[0.325s] -- Up-to-date: /home/ctuav/ctuav_gazebo-research/install/fastrtps/include/fastdds/rtps/transport/TCPTransportDescriptor.h
[0.325s] -- Up-to-date: /home/ctuav/ctuav_gazebo-research/install/fastrtps/include/fastdds/rtps/transport/TCPv4TransportDescriptor.h
[0.326s] -- Up-to-date: /home/ctuav/ctuav_gazebo-research/install/fastrtps/include/fastdds/rtps/transport/UDPv4TransportDescriptor.h
[0.326s] -- Up-to-date: /home/ctuav/ctuav_gazebo-research/install/fastrtps/include/fastdds/rtps/transport/TransportDescriptorInterface.h
[0.326s] -- Up-to-date: /home/ctuav/ctuav_gazebo-research/install/fastrtps/include/fastdds/rtps/transport/ChainingTransport.h
[0.326s] -- Up-to-date: /home/ctuav/ctuav_gazebo-research/install/fastrtps/include/fastdds/rtps/attributes
[0.326s] -- Up-to-date: /home/ctuav/ctuav_gazebo-research/install/fastrtps/include/fastdds/rtps/attributes/HistoryAttributes.h
[0.326s] -- Up-to-date: /home/ctuav/ctuav_gazebo-research/install/fastrtps/include/fastdds/rtps/attributes/RTPSParticipantAllocationAttributes.hpp
[0.326s] -- Up-to-date: /home/ctuav/ctuav_gazebo-research/install/fastrtps/include/fastdds/rtps/attributes/EndpointAttributes.h
[0.326s] -- Up-to-date: /home/ctuav/ctuav_gazebo-research/install/fastrtps/include/fastdds/rtps/attributes/RTPSParticipantAttributes.h
[0.326s] -- Up-to-date: /home/ctuav/ctuav_gazebo-research/install/fastrtps/include/fastdds/rtps/attributes/WriterAttributes.h
[0.326s] -- Up-to-date: /home/ctuav/ctuav_gazebo-research/install/fastrtps/include/fastdds/rtps/attributes/ServerAttributes.h
[0.326s] -- Up-to-date: /home/ctuav/ctuav_gazebo-research/install/fastrtps/include/fastdds/rtps/attributes/ReaderAttributes.h
[0.326s] -- Up-to-date: /home/ctuav/ctuav_gazebo-research/install/fastrtps/include/fastdds/rtps/attributes/PropertyPolicy.h
[0.326s] -- Up-to-date: /home/ctuav/ctuav_gazebo-research/install/fastrtps/include/fastdds/rtps/RTPSDomain.h
[0.326s] -- Up-to-date: /home/ctuav/ctuav_gazebo-research/install/fastrtps/include/fastdds/rtps/history
[0.326s] -- Up-to-date: /home/ctuav/ctuav_gazebo-research/install/fastrtps/include/fastdds/rtps/history/IChangePool.h
[0.326s] -- Up-to-date: /home/ctuav/ctuav_gazebo-research/install/fastrtps/include/fastdds/rtps/history/IPayloadPool.h
[0.326s] -- Up-to-date: /home/ctuav/ctuav_gazebo-research/install/fastrtps/include/fastdds/rtps/history/ReaderHistory.h
[0.326s] -- Up-to-date: /home/ctuav/ctuav_gazebo-research/install/fastrtps/include/fastdds/rtps/history/History.h
[0.326s] -- Up-to-date: /home/ctuav/ctuav_gazebo-research/install/fastrtps/include/fastdds/rtps/history/WriterHistory.h
[0.326s] -- Up-to-date: /home/ctuav/ctuav_gazebo-research/install/fastrtps/include/fastdds/rtps/security
[0.326s] -- Up-to-date: /home/ctuav/ctuav_gazebo-research/install/fastrtps/include/fastdds/rtps/security/authentication
[0.326s] -- Up-to-date: /home/ctuav/ctuav_gazebo-research/install/fastrtps/include/fastdds/rtps/security/authentication/Handshake.h
[0.326s] -- Up-to-date: /home/ctuav/ctuav_gazebo-research/install/fastrtps/include/fastdds/rtps/security/authentication/Authentication.h
[0.326s] -- Up-to-date: /home/ctuav/ctuav_gazebo-research/install/fastrtps/include/fastdds/rtps/security/accesscontrol
[0.326s] -- Up-to-date: /home/ctuav/ctuav_gazebo-research/install/fastrtps/include/fastdds/rtps/security/accesscontrol/AccessControl.h
[0.327s] -- Up-to-date: /home/ctuav/ctuav_gazebo-research/install/fastrtps/include/fastdds/rtps/security/accesscontrol/SecurityMaskUtilities.h
[0.327s] -- Up-to-date: /home/ctuav/ctuav_gazebo-research/install/fastrtps/include/fastdds/rtps/security/accesscontrol/ParticipantSecurityAttributes.h
[0.327s] -- Up-to-date: /home/ctuav/ctuav_gazebo-research/install/fastrtps/include/fastdds/rtps/security/accesscontrol/EndpointSecurityAttributes.h
[0.327s] -- Up-to-date: /home/ctuav/ctuav_gazebo-research/install/fastrtps/include/fastdds/rtps/security/common
[0.327s] -- Up-to-date: /home/ctuav/ctuav_gazebo-research/install/fastrtps/include/fastdds/rtps/security/common/Handle.h
[0.327s] -- Up-to-date: /home/ctuav/ctuav_gazebo-research/install/fastrtps/include/fastdds/rtps/security/common/SharedSecretHandle.h
[0.327s] -- Up-to-date: /home/ctuav/ctuav_gazebo-research/install/fastrtps/include/fastdds/rtps/security/common/ParticipantGenericMessage.h
[0.327s] -- Up-to-date: /home/ctuav/ctuav_gazebo-research/install/fastrtps/include/fastdds/rtps/security/cryptography
[0.327s] -- Up-to-date: /home/ctuav/ctuav_gazebo-research/install/fastrtps/include/fastdds/rtps/security/cryptography/CryptoTransform.h
[0.327s] -- Up-to-date: /home/ctuav/ctuav_gazebo-research/install/fastrtps/include/fastdds/rtps/security/cryptography/CryptoKeyFactory.h
[0.327s] -- Up-to-date: /home/ctuav/ctuav_gazebo-research/install/fastrtps/include/fastdds/rtps/security/cryptography/CryptoKeyExchange.h
[0.327s] -- Up-to-date: /home/ctuav/ctuav_gazebo-research/install/fastrtps/include/fastdds/rtps/security/cryptography/CryptoTypes.h
[0.327s] -- Up-to-date: /home/ctuav/ctuav_gazebo-research/install/fastrtps/include/fastdds/rtps/security/cryptography/Cryptography.h
[0.327s] -- Up-to-date: /home/ctuav/ctuav_gazebo-research/install/fastrtps/include/fastdds/rtps/security/logging
[0.327s] -- Up-to-date: /home/ctuav/ctuav_gazebo-research/install/fastrtps/include/fastdds/rtps/security/logging/NameValuePair.h
[0.327s] -- Up-to-date: /home/ctuav/ctuav_gazebo-research/install/fastrtps/include/fastdds/rtps/security/logging/Logging.h
[0.328s] -- Up-to-date: /home/ctuav/ctuav_gazebo-research/install/fastrtps/include/fastdds/rtps/security/logging/LoggingLevel.h
[0.328s] -- Up-to-date: /home/ctuav/ctuav_gazebo-research/install/fastrtps/include/fastdds/rtps/security/logging/LogOptions.h
[0.328s] -- Up-to-date: /home/ctuav/ctuav_gazebo-research/install/fastrtps/include/fastdds/rtps/security/logging/BuiltinLoggingType.h
[0.328s] -- Up-to-date: /home/ctuav/ctuav_gazebo-research/install/fastrtps/include/fastdds/rtps/security/exceptions
[0.328s] -- Up-to-date: /home/ctuav/ctuav_gazebo-research/install/fastrtps/include/fastdds/rtps/security/exceptions/SecurityException.h
[0.328s] -- Up-to-date: /home/ctuav/ctuav_gazebo-research/install/fastrtps/include/fastdds/rtps/common
[0.328s] -- Up-to-date: /home/ctuav/ctuav_gazebo-research/install/fastrtps/include/fastdds/rtps/common/LocatorList.hpp
[0.328s] -- Up-to-date: /home/ctuav/ctuav_gazebo-research/install/fastrtps/include/fastdds/rtps/common/SerializedPayload.h
[0.328s] -- Up-to-date: /home/ctuav/ctuav_gazebo-research/install/fastrtps/include/fastdds/rtps/common/CacheChange.h
[0.328s] -- Up-to-date: /home/ctuav/ctuav_gazebo-research/install/fastrtps/include/fastdds/rtps/common/Property.h
[0.328s] -- Up-to-date: /home/ctuav/ctuav_gazebo-research/install/fastrtps/include/fastdds/rtps/common/Locator.h
[0.328s] -- Up-to-date: /home/ctuav/ctuav_gazebo-research/install/fastrtps/include/fastdds/rtps/common/CDRMessage_t.h
[0.328s] -- Up-to-date: /home/ctuav/ctuav_gazebo-research/install/fastrtps/include/fastdds/rtps/common/BinaryProperty.h
[0.328s] -- Up-to-date: /home/ctuav/ctuav_gazebo-research/install/fastrtps/include/fastdds/rtps/common/SampleIdentity.h
[0.328s] -- Up-to-date: /home/ctuav/ctuav_gazebo-research/install/fastrtps/include/fastdds/rtps/common/EntityId_t.hpp
[0.328s] -- Up-to-date: /home/ctuav/ctuav_gazebo-research/install/fastrtps/include/fastdds/rtps/common/LocatorsIterator.hpp
[0.328s] -- Up-to-date: /home/ctuav/ctuav_gazebo-research/install/fastrtps/include/fastdds/rtps/common/LocatorSelectorEntry.hpp
[0.328s] -- Up-to-date: /home/ctuav/ctuav_gazebo-research/install/fastrtps/include/fastdds/rtps/common/LocatorSelector.hpp
[0.329s] -- Up-to-date: /home/ctuav/ctuav_gazebo-research/install/fastrtps/include/fastdds/rtps/common/MatchingInfo.h
[0.329s] -- Up-to-date: /home/ctuav/ctuav_gazebo-research/install/fastrtps/include/fastdds/rtps/common/VendorId_t.hpp
[0.329s] -- Up-to-date: /home/ctuav/ctuav_gazebo-research/install/fastrtps/include/fastdds/rtps/common/PortParameters.h
[0.329s] -- Up-to-date: /home/ctuav/ctuav_gazebo-research/install/fastrtps/include/fastdds/rtps/common/GuidPrefix_t.hpp
[0.329s] -- Up-to-date: /home/ctuav/ctuav_gazebo-research/install/fastrtps/include/fastdds/rtps/common/Guid.h
[0.329s] -- Up-to-date: /home/ctuav/ctuav_gazebo-research/install/fastrtps/include/fastdds/rtps/common/WriteParams.h
[0.329s] -- Up-to-date: /home/ctuav/ctuav_gazebo-research/install/fastrtps/include/fastdds/rtps/common/SequenceNumber.h
[0.329s] -- Up-to-date: /home/ctuav/ctuav_gazebo-research/install/fastrtps/include/fastdds/rtps/common/RemoteLocators.hpp
[0.329s] -- Up-to-date: /home/ctuav/ctuav_gazebo-research/install/fastrtps/include/fastdds/rtps/common/FragmentNumber.h
[0.329s] -- Up-to-date: /home/ctuav/ctuav_gazebo-research/install/fastrtps/include/fastdds/rtps/common/Token.h
[0.329s] -- Up-to-date: /home/ctuav/ctuav_gazebo-research/install/fastrtps/include/fastdds/rtps/common/ChangeKind_t.hpp
[0.329s] -- Up-to-date: /home/ctuav/ctuav_gazebo-research/install/fastrtps/include/fastdds/rtps/common/Types.h
[0.329s] -- Up-to-date: /home/ctuav/ctuav_gazebo-research/install/fastrtps/include/fastdds/rtps/common/InstanceHandle.h
[0.329s] -- Up-to-date: /home/ctuav/ctuav_gazebo-research/install/fastrtps/include/fastdds/rtps/common/all_common.h
[0.329s] -- Up-to-date: /home/ctuav/ctuav_gazebo-research/install/fastrtps/include/fastdds/rtps/common/Time_t.h
[0.329s] -- Up-to-date: /home/ctuav/ctuav_gazebo-research/install/fastrtps/include/fastdds/rtps/common/LocatorListComparisons.hpp
[0.329s] -- Up-to-date: /home/ctuav/ctuav_gazebo-research/install/fastrtps/include/fastdds/rtps/rtps_fwd.h
[0.329s] -- Up-to-date: /home/ctuav/ctuav_gazebo-research/install/fastrtps/include/fastdds/rtps/interfaces
[0.329s] -- Up-to-date: /home/ctuav/ctuav_gazebo-research/install/fastrtps/include/fastdds/rtps/interfaces/IReaderDataFilter.hpp
[0.329s] -- Up-to-date: /home/ctuav/ctuav_gazebo-research/install/fastrtps/include/fastdds/rtps/writer
[0.329s] -- Up-to-date: /home/ctuav/ctuav_gazebo-research/install/fastrtps/include/fastdds/rtps/writer/RTPSWriter.h
[0.329s] -- Up-to-date: /home/ctuav/ctuav_gazebo-research/install/fastrtps/include/fastdds/rtps/writer/ReaderProxy.h
[0.329s] -- Up-to-date: /home/ctuav/ctuav_gazebo-research/install/fastrtps/include/fastdds/rtps/writer/StatelessWriter.h
[0.329s] -- Up-to-date: /home/ctuav/ctuav_gazebo-research/install/fastrtps/include/fastdds/rtps/writer/LocatorSelectorSender.hpp
[0.330s] -- Up-to-date: /home/ctuav/ctuav_gazebo-research/install/fastrtps/include/fastdds/rtps/writer/StatelessPersistentWriter.h
[0.330s] -- Up-to-date: /home/ctuav/ctuav_gazebo-research/install/fastrtps/include/fastdds/rtps/writer/ChangeForReader.h
[0.330s] -- Up-to-date: /home/ctuav/ctuav_gazebo-research/install/fastrtps/include/fastdds/rtps/writer/StatefulWriter.h
[0.330s] -- Up-to-date: /home/ctuav/ctuav_gazebo-research/install/fastrtps/include/fastdds/rtps/writer/ReaderLocator.h
[0.330s] -- Up-to-date: /home/ctuav/ctuav_gazebo-research/install/fastrtps/include/fastdds/rtps/writer/LivelinessData.h
[0.330s] -- Up-to-date: /home/ctuav/ctuav_gazebo-research/install/fastrtps/include/fastdds/rtps/writer/WriterDiscoveryInfo.h
[0.330s] -- Up-to-date: /home/ctuav/ctuav_gazebo-research/install/fastrtps/include/fastdds/rtps/writer/PersistentWriter.h
[0.330s] -- Up-to-date: /home/ctuav/ctuav_gazebo-research/install/fastrtps/include/fastdds/rtps/writer/IReaderDataFilter.hpp
[0.330s] -- Up-to-date: /home/ctuav/ctuav_gazebo-research/install/fastrtps/include/fastdds/rtps/writer/StatefulPersistentWriter.h
[0.330s] -- Up-to-date: /home/ctuav/ctuav_gazebo-research/install/fastrtps/include/fastdds/rtps/writer/LivelinessManager.h
[0.330s] -- Up-to-date: /home/ctuav/ctuav_gazebo-research/install/fastrtps/include/fastdds/rtps/writer/WriterListener.h
[0.330s] -- Up-to-date: /home/ctuav/ctuav_gazebo-research/install/fastrtps/include/fastdds/rtps/writer/DeliveryRetCode.hpp
[0.330s] -- Up-to-date: /home/ctuav/ctuav_gazebo-research/install/fastrtps/include/fastdds/rtps/flowcontrol
[0.330s] -- Up-to-date: /home/ctuav/ctuav_gazebo-research/install/fastrtps/include/fastdds/rtps/flowcontrol/FlowControllerDescriptor.hpp
[0.330s] -- Up-to-date: /home/ctuav/ctuav_gazebo-research/install/fastrtps/include/fastdds/rtps/flowcontrol/ThroughputControllerDescriptor.h
[0.330s] -- Up-to-date: /home/ctuav/ctuav_gazebo-research/install/fastrtps/include/fastdds/rtps/flowcontrol/FlowControllerConsts.hpp
[0.330s] -- Up-to-date: /home/ctuav/ctuav_gazebo-research/install/fastrtps/include/fastdds/rtps/flowcontrol/FlowControllerSchedulerPolicy.hpp
[0.330s] -- Up-to-date: /home/ctuav/ctuav_gazebo-research/install/fastrtps/include/fastdds/rtps/messages
[0.330s] -- Up-to-date: /home/ctuav/ctuav_gazebo-research/install/fastrtps/include/fastdds/rtps/messages/RTPSMessageCreator.h
[0.330s] -- Up-to-date: /home/ctuav/ctuav_gazebo-research/install/fastrtps/include/fastdds/rtps/messages/MessageReceiver.h
[0.330s] -- Up-to-date: /home/ctuav/ctuav_gazebo-research/install/fastrtps/include/fastdds/rtps/messages/RTPSMessageSenderInterface.hpp
[0.331s] -- Up-to-date: /home/ctuav/ctuav_gazebo-research/install/fastrtps/include/fastdds/rtps/messages/CDRMessage.h
[0.331s] -- Up-to-date: /home/ctuav/ctuav_gazebo-research/install/fastrtps/include/fastdds/rtps/messages/RTPS_messages.h
[0.331s] -- Up-to-date: /home/ctuav/ctuav_gazebo-research/install/fastrtps/include/fastdds/rtps/messages/RTPSMessageGroup.h
[0.331s] -- Up-to-date: /home/ctuav/ctuav_gazebo-research/install/fastrtps/include/fastdds/rtps/messages/CDRMessage.hpp
[0.331s] -- Up-to-date: /home/ctuav/ctuav_gazebo-research/install/fastrtps/include/fastdds/rtps/participant
[0.331s] -- Up-to-date: /home/ctuav/ctuav_gazebo-research/install/fastrtps/include/fastdds/rtps/participant/RTPSParticipantListener.h
[0.331s] -- Up-to-date: /home/ctuav/ctuav_gazebo-research/install/fastrtps/include/fastdds/rtps/participant/RTPSParticipant.h
[0.331s] -- Up-to-date: /home/ctuav/ctuav_gazebo-research/install/fastrtps/include/fastdds/rtps/participant/ParticipantDiscoveryInfo.h
[0.331s] -- Up-to-date: /home/ctuav/ctuav_gazebo-research/install/fastrtps/include/fastdds/rtps/reader
[0.331s] -- Up-to-date: /home/ctuav/ctuav_gazebo-research/install/fastrtps/include/fastdds/rtps/reader/StatelessReader.h
[0.331s] -- Up-to-date: /home/ctuav/ctuav_gazebo-research/install/fastrtps/include/fastdds/rtps/reader/StatefulPersistentReader.h
[0.331s] -- Up-to-date: /home/ctuav/ctuav_gazebo-research/install/fastrtps/include/fastdds/rtps/reader/ReaderDiscoveryInfo.h
[0.331s] -- Up-to-date: /home/ctuav/ctuav_gazebo-research/install/fastrtps/include/fastdds/rtps/reader/StatefulReader.h
[0.331s] -- Up-to-date: /home/ctuav/ctuav_gazebo-research/install/fastrtps/include/fastdds/rtps/reader/ReaderListener.h
[0.331s] -- Up-to-date: /home/ctuav/ctuav_gazebo-research/install/fastrtps/include/fastdds/rtps/reader/RTPSReader.h
[0.331s] -- Up-to-date: /home/ctuav/ctuav_gazebo-research/install/fastrtps/include/fastdds/rtps/reader/StatelessPersistentReader.h
[0.331s] -- Up-to-date: /home/ctuav/ctuav_gazebo-research/install/fastrtps/include/fastdds/rtps/exceptions
[0.331s] -- Up-to-date: /home/ctuav/ctuav_gazebo-research/install/fastrtps/include/fastdds/rtps/exceptions/Exception.h
[0.331s] -- Up-to-date: /home/ctuav/ctuav_gazebo-research/install/fastrtps/include/fastdds/rtps/builtin
[0.331s] -- Up-to-date: /home/ctuav/ctuav_gazebo-research/install/fastrtps/include/fastdds/rtps/builtin/BuiltinProtocols.h
[0.331s] -- Up-to-date: /home/ctuav/ctuav_gazebo-research/install/fastrtps/include/fastdds/rtps/builtin/liveliness
[0.331s] -- Up-to-date: /home/ctuav/ctuav_gazebo-research/install/fastrtps/include/fastdds/rtps/builtin/liveliness/WLPListener.h
[0.331s] -- Up-to-date: /home/ctuav/ctuav_gazebo-research/install/fastrtps/include/fastdds/rtps/builtin/liveliness/WLP.h
[0.331s] -- Up-to-date: /home/ctuav/ctuav_gazebo-research/install/fastrtps/include/fastdds/rtps/builtin/data
[0.332s] -- Up-to-date: /home/ctuav/ctuav_gazebo-research/install/fastrtps/include/fastdds/rtps/builtin/data/ParticipantProxyData.h
[0.332s] -- Up-to-date: /home/ctuav/ctuav_gazebo-research/install/fastrtps/include/fastdds/rtps/builtin/data/ContentFilterProperty.hpp
[0.332s] -- Up-to-date: /home/ctuav/ctuav_gazebo-research/install/fastrtps/include/fastdds/rtps/builtin/data/ReaderProxyData.h
[0.332s] -- Up-to-date: /home/ctuav/ctuav_gazebo-research/install/fastrtps/include/fastdds/rtps/builtin/data/WriterProxyData.h
[0.332s] -- Up-to-date: /home/ctuav/ctuav_gazebo-research/install/fastrtps/include/fastdds/rtps/builtin/discovery
[0.332s] -- Up-to-date: /home/ctuav/ctuav_gazebo-research/install/fastrtps/include/fastdds/rtps/builtin/discovery/endpoint
[0.332s] -- Up-to-date: /home/ctuav/ctuav_gazebo-research/install/fastrtps/include/fastdds/rtps/builtin/discovery/endpoint/EDPStatic.h
[0.332s] -- Up-to-date: /home/ctuav/ctuav_gazebo-research/install/fastrtps/include/fastdds/rtps/builtin/discovery/endpoint/EDPSimple.h
[0.332s] -- Up-to-date: /home/ctuav/ctuav_gazebo-research/install/fastrtps/include/fastdds/rtps/builtin/discovery/endpoint/EDP.h
[0.332s] -- Up-to-date: /home/ctuav/ctuav_gazebo-research/install/fastrtps/include/fastdds/rtps/builtin/discovery/participant
[0.332s] -- Up-to-date: /home/ctuav/ctuav_gazebo-research/install/fastrtps/include/fastdds/rtps/builtin/discovery/participant/PDPListener.h
[0.332s] -- Up-to-date: /home/ctuav/ctuav_gazebo-research/install/fastrtps/include/fastdds/rtps/builtin/discovery/participant/PDPSimple.h
[0.332s] -- Up-to-date: /home/ctuav/ctuav_gazebo-research/install/fastrtps/include/fastdds/rtps/builtin/discovery/participant/PDP.h
[0.333s] -- Up-to-date: /home/ctuav/ctuav_gazebo-research/install/fastrtps/include/fastdds/rtps/rtps_all.h
[0.333s] -- Up-to-date: /home/ctuav/ctuav_gazebo-research/install/fastrtps/include/fastdds/rtps/Endpoint.h
[0.333s] -- Up-to-date: /home/ctuav/ctuav_gazebo-research/install/fastrtps/include/fastdds/statistics
[0.333s] -- Up-to-date: /home/ctuav/ctuav_gazebo-research/install/fastrtps/include/fastdds/statistics/IListeners.hpp
[0.333s] -- Up-to-date: /home/ctuav/ctuav_gazebo-research/install/fastrtps/include/fastdds/statistics/dds
[0.333s] -- Up-to-date: /home/ctuav/ctuav_gazebo-research/install/fastrtps/include/fastdds/statistics/dds/publisher
[0.333s] -- Up-to-date: /home/ctuav/ctuav_gazebo-research/install/fastrtps/include/fastdds/statistics/dds/publisher/qos
[0.333s] -- Up-to-date: /home/ctuav/ctuav_gazebo-research/install/fastrtps/include/fastdds/statistics/dds/publisher/qos/DataWriterQos.hpp
[0.333s] -- Up-to-date: /home/ctuav/ctuav_gazebo-research/install/fastrtps/include/fastdds/statistics/dds/subscriber
[0.333s] -- Up-to-date: /home/ctuav/ctuav_gazebo-research/install/fastrtps/include/fastdds/statistics/dds/subscriber/qos
[0.333s] -- Up-to-date: /home/ctuav/ctuav_gazebo-research/install/fastrtps/include/fastdds/statistics/dds/subscriber/qos/DataReaderQos.hpp
[0.333s] -- Up-to-date: /home/ctuav/ctuav_gazebo-research/install/fastrtps/include/fastdds/statistics/dds/domain
[0.333s] -- Up-to-date: /home/ctuav/ctuav_gazebo-research/install/fastrtps/include/fastdds/statistics/dds/domain/DomainParticipant.hpp
[0.334s] -- Up-to-date: /home/ctuav/ctuav_gazebo-research/install/fastrtps/include/fastdds/statistics/topic_names.hpp
[0.334s] -- Up-to-date: /home/ctuav/ctuav_gazebo-research/install/fastrtps/include/fastdds/statistics/rtps
[0.334s] -- Up-to-date: /home/ctuav/ctuav_gazebo-research/install/fastrtps/include/fastdds/statistics/rtps/StatisticsCommon.hpp
[0.334s] -- Up-to-date: /home/ctuav/ctuav_gazebo-research/install/fastrtps/include/fastrtps/config.h
[0.334s] -- Up-to-date: /home/ctuav/ctuav_gazebo-research/install/fastrtps/include/fastdds/statistics
[0.334s] -- Up-to-date: /home/ctuav/ctuav_gazebo-research/install/fastrtps/include/fastdds/statistics/dds
[0.334s] -- Up-to-date: /home/ctuav/ctuav_gazebo-research/install/fastrtps/include/fastdds/statistics/dds/publisher
[0.334s] -- Up-to-date: /home/ctuav/ctuav_gazebo-research/install/fastrtps/include/fastdds/statistics/dds/publisher/qos
[0.335s] -- Up-to-date: /home/ctuav/ctuav_gazebo-research/install/fastrtps/include/fastdds/statistics/dds/subscriber
[0.335s] -- Up-to-date: /home/ctuav/ctuav_gazebo-research/install/fastrtps/include/fastdds/statistics/dds/subscriber/qos
[0.335s] -- Up-to-date: /home/ctuav/ctuav_gazebo-research/install/fastrtps/include/fastdds/statistics/dds/domain
[0.335s] -- Up-to-date: /home/ctuav/ctuav_gazebo-research/install/fastrtps/include/fastdds/statistics/types.idl
[0.335s] -- Up-to-date: /home/ctuav/ctuav_gazebo-research/install/fastrtps/include/fastdds/statistics/rtps
[0.335s] -- Up-to-date: /home/ctuav/ctuav_gazebo-research/install/fastrtps/lib/libfastrtps.so.2.6.6
[0.335s] -- Up-to-date: /home/ctuav/ctuav_gazebo-research/install/fastrtps/lib/libfastrtps.so.2.6
[0.335s] -- Up-to-date: /home/ctuav/ctuav_gazebo-research/install/fastrtps/lib/libfastrtps.so
[0.335s] -- Up-to-date: /home/ctuav/ctuav_gazebo-research/install/fastrtps/share/fastrtps/cmake/fastrtps-dynamic-targets.cmake
[0.335s] -- Up-to-date: /home/ctuav/ctuav_gazebo-research/install/fastrtps/share/fastrtps/cmake/fastrtps-dynamic-targets-release.cmake
[0.335s] -- Up-to-date: /home/ctuav/ctuav_gazebo-research/install/fastrtps/share/fastrtps/cmake/fastrtps-config.cmake
[0.335s] -- Up-to-date: /home/ctuav/ctuav_gazebo-research/install/fastrtps/share/fastrtps/cmake/fastrtps-config-version.cmake
[0.335s] -- Up-to-date: /home/ctuav/ctuav_gazebo-research/install/fastrtps/include/fastdds/thirdparty/optionparser
[0.335s] -- Up-to-date: /home/ctuav/ctuav_gazebo-research/install/fastrtps/include/fastdds/thirdparty/optionparser/optionparser.hpp
[0.335s] -- Up-to-date: /home/ctuav/ctuav_gazebo-research/install/fastrtps/include/fastdds/thirdparty/optionparser/optionparser
[0.335s] -- Up-to-date: /home/ctuav/ctuav_gazebo-research/install/fastrtps/include/fastdds/thirdparty/optionparser/optionparser/optionparser.h
[0.336s] -- Up-to-date: /home/ctuav/ctuav_gazebo-research/install/fastrtps/share/fastrtps/cmake/optionparser-targets.cmake
[0.336s] -- Up-to-date: /home/ctuav/ctuav_gazebo-research/install/fastrtps/bin/fast-discovery-server-1.0.0
[0.336s] -- Up-to-date: /home/ctuav/ctuav_gazebo-research/install/fastrtps/share/fastrtps/cmake/fast-discovery-server-targets.cmake
[0.336s] -- Up-to-date: /home/ctuav/ctuav_gazebo-research/install/fastrtps/share/fastrtps/cmake/fast-discovery-server-targets-release.cmake
[0.336s] -- Up-to-date: /home/ctuav/ctuav_gazebo-research/install/fastrtps/tools/fastdds
[0.336s] -- Up-to-date: /home/ctuav/ctuav_gazebo-research/install/fastrtps/tools/fastdds/fastdds.py
[0.336s] -- Up-to-date: /home/ctuav/ctuav_gazebo-research/install/fastrtps/tools/fastdds/shm
[0.336s] -- Up-to-date: /home/ctuav/ctuav_gazebo-research/install/fastrtps/tools/fastdds/shm/clean.py
[0.336s] -- Up-to-date: /home/ctuav/ctuav_gazebo-research/install/fastrtps/tools/fastdds/shm/parser.py
[0.336s] -- Up-to-date: /home/ctuav/ctuav_gazebo-research/install/fastrtps/tools/fastdds/discovery
[0.336s] -- Up-to-date: /home/ctuav/ctuav_gazebo-research/install/fastrtps/tools/fastdds/discovery/parser.py
[0.336s] -- Up-to-date: /home/ctuav/ctuav_gazebo-research/install/fastrtps/bin
[0.336s] -- Up-to-date: /home/ctuav/ctuav_gazebo-research/install/fastrtps/bin/fastdds
[0.337s] -- Up-to-date: /home/ctuav/ctuav_gazebo-research/install/fastrtps/bin/ros-discovery
[0.337s] -- Up-to-date: /home/ctuav/ctuav_gazebo-research/install/fastrtps/share/fastrtps/LICENSE
[0.337s] Invoked command in '/home/ctuav/ctuav_gazebo-research/build/fastrtps' returned '0': CMAKE_PREFIX_PATH=/home/ctuav/ctuav_gazebo-research/install/fastcdr:/home/ctuav/ctuav_gazebo-research/install/px4_ros_com:/home/ctuav/ctuav_gazebo-research/install/px4_msgs:/home/ctuav/ctuav_gazebo-research/install/px4:/home/ctuav/ctuav_gazebo-research/install/microxrcedds_agent:/home/ctuav/ctuav_gazebo-research/install/fastrtps LD_LIBRARY_PATH=/home/ctuav/ctuav_gazebo-research/install/fastcdr/lib:/home/ctuav/ctuav_gazebo-research/install/px4_ros_com/lib:/home/ctuav/ctuav_gazebo-research/install/px4_msgs/lib:/home/ctuav/ctuav_gazebo-research/install/px4/lib:/home/ctuav/ctuav_gazebo-research/install/microxrcedds_agent/lib:/home/ctuav/ctuav_gazebo-research/install/fastrtps/lib:/opt/ros/humble/opt/rviz_ogre_vendor/lib:/opt/ros/humble/lib/x86_64-linux-gnu:/opt/ros/humble/lib /usr/bin/cmake --install /home/ctuav/ctuav_gazebo-research/build/fastrtps
