[0.116s] DEBUG:colcon:Command line arguments: ['/usr/bin/colcon', 'build', '--symlink-install']
[0.116s] DEBUG:colcon:Parsed command line arguments: Namespace(log_base=None, log_level=None, verb_name='build', build_base='build', install_base='install', merge_install=False, symlink_install=True, test_result_base=None, continue_on_error=False, executor='parallel', parallel_workers=12, event_handlers=None, ignore_user_meta=False, metas=['./colcon.meta'], base_paths=['.'], packages_ignore=None, packages_ignore_regex=None, paths=None, packages_up_to=None, packages_up_to_regex=None, packages_above=None, packages_above_and_dependencies=None, packages_above_depth=None, packages_select_by_dep=None, packages_skip_by_dep=None, packages_skip_up_to=None, packages_select_build_failed=False, packages_skip_build_finished=False, packages_select_test_failures=False, packages_skip_test_passed=False, packages_select=None, packages_skip=None, packages_select_regex=None, packages_skip_regex=None, packages_start=None, packages_end=None, allow_overriding=[], cmake_args=None, cmake_target=None, cmake_target_skip_unavailable=False, cmake_clean_cache=False, cmake_clean_first=False, cmake_force_configure=False, ament_cmake_args=None, catkin_cmake_args=None, catkin_skip_building_tests=False, verb_parser=<colcon_defaults.argument_parser.defaults.DefaultArgumentsDecorator object at 0x7cb149b200a0>, verb_extension=<colcon_core.verb.build.BuildVerb object at 0x7cb149aeba60>, main=<bound method BuildVerb.main of <colcon_core.verb.build.BuildVerb object at 0x7cb149aeba60>>)
[0.294s] Level 1:colcon.colcon_core.package_discovery:discover_packages(colcon_meta) check parameters
[0.294s] Level 1:colcon.colcon_core.package_discovery:discover_packages(recursive) check parameters
[0.294s] Level 1:colcon.colcon_core.package_discovery:discover_packages(ignore) check parameters
[0.294s] Level 1:colcon.colcon_core.package_discovery:discover_packages(path) check parameters
[0.294s] Level 1:colcon.colcon_core.package_discovery:discover_packages(colcon_meta) discover
[0.294s] Level 1:colcon.colcon_core.package_discovery:discover_packages(recursive) discover
[0.294s] INFO:colcon.colcon_core.package_discovery:Crawling recursively for packages in '/home/ctuav/ctuav_gazebo-research'
[0.295s] Level 1:colcon.colcon_core.package_identification:_identify(.) by extensions ['ignore', 'ignore_ament_install']
[0.295s] Level 1:colcon.colcon_core.package_identification:_identify(.) by extension 'ignore'
[0.295s] Level 1:colcon.colcon_core.package_identification:_identify(.) by extension 'ignore_ament_install'
[0.295s] Level 1:colcon.colcon_core.package_identification:_identify(.) by extensions ['colcon_pkg']
[0.295s] Level 1:colcon.colcon_core.package_identification:_identify(.) by extension 'colcon_pkg'
[0.295s] Level 1:colcon.colcon_core.package_identification:_identify(.) by extensions ['colcon_meta']
[0.295s] Level 1:colcon.colcon_core.package_identification:_identify(.) by extension 'colcon_meta'
[0.295s] Level 1:colcon.colcon_core.package_identification:_identify(.) by extensions ['ros']
[0.295s] Level 1:colcon.colcon_core.package_identification:_identify(.) by extension 'ros'
[0.307s] Level 1:colcon.colcon_core.package_identification:_identify(.) by extensions ['cmake', 'python']
[0.308s] Level 1:colcon.colcon_core.package_identification:_identify(.) by extension 'cmake'
[0.308s] Level 1:colcon.colcon_core.package_identification:_identify(.) by extension 'python'
[0.308s] Level 1:colcon.colcon_core.package_identification:_identify(.) by extensions ['python_setup_py']
[0.308s] Level 1:colcon.colcon_core.package_identification:_identify(.) by extension 'python_setup_py'
[0.308s] Level 1:colcon.colcon_core.package_identification:_identify(Fast-CDR) by extensions ['ignore', 'ignore_ament_install']
[0.308s] Level 1:colcon.colcon_core.package_identification:_identify(Fast-CDR) by extension 'ignore'
[0.308s] Level 1:colcon.colcon_core.package_identification:_identify(Fast-CDR) by extension 'ignore_ament_install'
[0.308s] Level 1:colcon.colcon_core.package_identification:_identify(Fast-CDR) by extensions ['colcon_pkg']
[0.308s] Level 1:colcon.colcon_core.package_identification:_identify(Fast-CDR) by extension 'colcon_pkg'
[0.309s] INFO:colcon.colcon_metadata.metadata.colcon_pkg:Setting type 'cmake' of package 'Fast-CDR' from colcon.pkg
[0.309s] INFO:colcon.colcon_metadata.metadata.colcon_pkg:Setting name 'fastcdr' of package 'Fast-CDR' from colcon.pkg
[0.309s] DEBUG:colcon.colcon_core.package_identification:Package 'Fast-CDR' with type 'cmake' and name 'fastcdr'
[0.309s] Level 1:colcon.colcon_core.package_identification:_identify(Fast-DDS) by extensions ['ignore', 'ignore_ament_install']
[0.309s] Level 1:colcon.colcon_core.package_identification:_identify(Fast-DDS) by extension 'ignore'
[0.309s] Level 1:colcon.colcon_core.package_identification:_identify(Fast-DDS) by extension 'ignore_ament_install'
[0.309s] Level 1:colcon.colcon_core.package_identification:_identify(Fast-DDS) by extensions ['colcon_pkg']
[0.309s] Level 1:colcon.colcon_core.package_identification:_identify(Fast-DDS) by extension 'colcon_pkg'
[0.310s] INFO:colcon.colcon_metadata.metadata.colcon_pkg:Setting type 'cmake' of package 'Fast-DDS' from colcon.pkg
[0.310s] INFO:colcon.colcon_metadata.metadata.colcon_pkg:Setting name 'fastrtps' of package 'Fast-DDS' from colcon.pkg
[0.310s] DEBUG:colcon.colcon_core.package_identification:Package 'Fast-DDS' with type 'cmake' and name 'fastrtps'
[0.310s] Level 1:colcon.colcon_core.package_identification:_identify(Micro-XRCE-DDS-Agent) by extensions ['ignore', 'ignore_ament_install']
[0.310s] Level 1:colcon.colcon_core.package_identification:_identify(Micro-XRCE-DDS-Agent) by extension 'ignore'
[0.310s] Level 1:colcon.colcon_core.package_identification:_identify(Micro-XRCE-DDS-Agent) by extension 'ignore_ament_install'
[0.310s] Level 1:colcon.colcon_core.package_identification:_identify(Micro-XRCE-DDS-Agent) by extensions ['colcon_pkg']
[0.310s] Level 1:colcon.colcon_core.package_identification:_identify(Micro-XRCE-DDS-Agent) by extension 'colcon_pkg'
[0.311s] INFO:colcon.colcon_metadata.metadata.colcon_pkg:Setting type 'cmake' of package 'Micro-XRCE-DDS-Agent' from colcon.pkg
[0.311s] INFO:colcon.colcon_metadata.metadata.colcon_pkg:Setting name 'microxrcedds_agent' of package 'Micro-XRCE-DDS-Agent' from colcon.pkg
[0.311s] DEBUG:colcon.colcon_core.package_identification:Package 'Micro-XRCE-DDS-Agent' with type 'cmake' and name 'microxrcedds_agent'
[0.311s] Level 1:colcon.colcon_core.package_identification:_identify(PX4-Autopilot) by extensions ['ignore', 'ignore_ament_install']
[0.311s] Level 1:colcon.colcon_core.package_identification:_identify(PX4-Autopilot) by extension 'ignore'
[0.312s] Level 1:colcon.colcon_core.package_identification:_identify(PX4-Autopilot) by extension 'ignore_ament_install'
[0.312s] Level 1:colcon.colcon_core.package_identification:_identify(PX4-Autopilot) by extensions ['colcon_pkg']
[0.312s] Level 1:colcon.colcon_core.package_identification:_identify(PX4-Autopilot) by extension 'colcon_pkg'
[0.312s] Level 1:colcon.colcon_core.package_identification:_identify(PX4-Autopilot) by extensions ['colcon_meta']
[0.312s] Level 1:colcon.colcon_core.package_identification:_identify(PX4-Autopilot) by extension 'colcon_meta'
[0.312s] Level 1:colcon.colcon_core.package_identification:_identify(PX4-Autopilot) by extensions ['ros']
[0.312s] Level 1:colcon.colcon_core.package_identification:_identify(PX4-Autopilot) by extension 'ros'
[0.314s] DEBUG:colcon.colcon_core.package_identification:Package 'PX4-Autopilot' with type 'ros.ament_cmake' and name 'px4'
[0.315s] Level 1:colcon.colcon_core.package_identification:_identify(Tutorials) by extensions ['ignore', 'ignore_ament_install']
[0.315s] Level 1:colcon.colcon_core.package_identification:_identify(Tutorials) by extension 'ignore'
[0.315s] Level 1:colcon.colcon_core.package_identification:_identify(Tutorials) by extension 'ignore_ament_install'
[0.315s] Level 1:colcon.colcon_core.package_identification:_identify(Tutorials) by extensions ['colcon_pkg']
[0.315s] Level 1:colcon.colcon_core.package_identification:_identify(Tutorials) by extension 'colcon_pkg'
[0.315s] Level 1:colcon.colcon_core.package_identification:_identify(Tutorials) by extensions ['colcon_meta']
[0.315s] Level 1:colcon.colcon_core.package_identification:_identify(Tutorials) by extension 'colcon_meta'
[0.315s] Level 1:colcon.colcon_core.package_identification:_identify(Tutorials) by extensions ['ros']
[0.315s] Level 1:colcon.colcon_core.package_identification:_identify(Tutorials) by extension 'ros'
[0.315s] Level 1:colcon.colcon_core.package_identification:_identify(Tutorials) by extensions ['cmake', 'python']
[0.315s] Level 1:colcon.colcon_core.package_identification:_identify(Tutorials) by extension 'cmake'
[0.315s] Level 1:colcon.colcon_core.package_identification:_identify(Tutorials) by extension 'python'
[0.315s] Level 1:colcon.colcon_core.package_identification:_identify(Tutorials) by extensions ['python_setup_py']
[0.315s] Level 1:colcon.colcon_core.package_identification:_identify(Tutorials) by extension 'python_setup_py'
[0.315s] Level 1:colcon.colcon_core.package_identification:_identify(build) by extensions ['ignore', 'ignore_ament_install']
[0.315s] Level 1:colcon.colcon_core.package_identification:_identify(build) by extension 'ignore'
[0.316s] Level 1:colcon.colcon_core.package_identification:_identify(build) ignored
[0.316s] Level 1:colcon.colcon_core.package_identification:_identify(install) by extensions ['ignore', 'ignore_ament_install']
[0.316s] Level 1:colcon.colcon_core.package_identification:_identify(install) by extension 'ignore'
[0.316s] Level 1:colcon.colcon_core.package_identification:_identify(install) ignored
[0.316s] Level 1:colcon.colcon_core.package_identification:_identify(log) by extensions ['ignore', 'ignore_ament_install']
[0.316s] Level 1:colcon.colcon_core.package_identification:_identify(log) by extension 'ignore'
[0.316s] Level 1:colcon.colcon_core.package_identification:_identify(log) ignored
[0.316s] Level 1:colcon.colcon_core.package_identification:_identify(src) by extensions ['ignore', 'ignore_ament_install']
[0.316s] Level 1:colcon.colcon_core.package_identification:_identify(src) by extension 'ignore'
[0.316s] Level 1:colcon.colcon_core.package_identification:_identify(src) by extension 'ignore_ament_install'
[0.316s] Level 1:colcon.colcon_core.package_identification:_identify(src) by extensions ['colcon_pkg']
[0.316s] Level 1:colcon.colcon_core.package_identification:_identify(src) by extension 'colcon_pkg'
[0.316s] Level 1:colcon.colcon_core.package_identification:_identify(src) by extensions ['colcon_meta']
[0.316s] Level 1:colcon.colcon_core.package_identification:_identify(src) by extension 'colcon_meta'
[0.316s] Level 1:colcon.colcon_core.package_identification:_identify(src) by extensions ['ros']
[0.316s] Level 1:colcon.colcon_core.package_identification:_identify(src) by extension 'ros'
[0.317s] Level 1:colcon.colcon_core.package_identification:_identify(src) by extensions ['cmake', 'python']
[0.317s] Level 1:colcon.colcon_core.package_identification:_identify(src) by extension 'cmake'
[0.317s] Level 1:colcon.colcon_core.package_identification:_identify(src) by extension 'python'
[0.317s] Level 1:colcon.colcon_core.package_identification:_identify(src) by extensions ['python_setup_py']
[0.317s] Level 1:colcon.colcon_core.package_identification:_identify(src) by extension 'python_setup_py'
[0.317s] Level 1:colcon.colcon_core.package_identification:_identify(src/px4_msgs) by extensions ['ignore', 'ignore_ament_install']
[0.317s] Level 1:colcon.colcon_core.package_identification:_identify(src/px4_msgs) by extension 'ignore'
[0.317s] Level 1:colcon.colcon_core.package_identification:_identify(src/px4_msgs) by extension 'ignore_ament_install'
[0.317s] Level 1:colcon.colcon_core.package_identification:_identify(src/px4_msgs) by extensions ['colcon_pkg']
[0.317s] Level 1:colcon.colcon_core.package_identification:_identify(src/px4_msgs) by extension 'colcon_pkg'
[0.317s] Level 1:colcon.colcon_core.package_identification:_identify(src/px4_msgs) by extensions ['colcon_meta']
[0.317s] Level 1:colcon.colcon_core.package_identification:_identify(src/px4_msgs) by extension 'colcon_meta'
[0.317s] Level 1:colcon.colcon_core.package_identification:_identify(src/px4_msgs) by extensions ['ros']
[0.317s] Level 1:colcon.colcon_core.package_identification:_identify(src/px4_msgs) by extension 'ros'
[0.318s] DEBUG:colcon.colcon_core.package_identification:Package 'src/px4_msgs' with type 'ros.ament_cmake' and name 'px4_msgs'
[0.318s] Level 1:colcon.colcon_core.package_identification:_identify(src/px4_ros_com) by extensions ['ignore', 'ignore_ament_install']
[0.318s] Level 1:colcon.colcon_core.package_identification:_identify(src/px4_ros_com) by extension 'ignore'
[0.318s] Level 1:colcon.colcon_core.package_identification:_identify(src/px4_ros_com) by extension 'ignore_ament_install'
[0.318s] Level 1:colcon.colcon_core.package_identification:_identify(src/px4_ros_com) by extensions ['colcon_pkg']
[0.319s] Level 1:colcon.colcon_core.package_identification:_identify(src/px4_ros_com) by extension 'colcon_pkg'
[0.319s] Level 1:colcon.colcon_core.package_identification:_identify(src/px4_ros_com) by extensions ['colcon_meta']
[0.319s] Level 1:colcon.colcon_core.package_identification:_identify(src/px4_ros_com) by extension 'colcon_meta'
[0.319s] Level 1:colcon.colcon_core.package_identification:_identify(src/px4_ros_com) by extensions ['ros']
[0.319s] Level 1:colcon.colcon_core.package_identification:_identify(src/px4_ros_com) by extension 'ros'
[0.320s] DEBUG:colcon.colcon_core.package_identification:Package 'src/px4_ros_com' with type 'ros.ament_cmake' and name 'px4_ros_com'
[0.320s] Level 1:colcon.colcon_core.package_discovery:discover_packages(recursive) using defaults
[0.320s] Level 1:colcon.colcon_core.package_discovery:discover_packages(ignore) discover
[0.320s] Level 1:colcon.colcon_core.package_discovery:discover_packages(ignore) using defaults
[0.320s] Level 1:colcon.colcon_core.package_discovery:discover_packages(path) discover
[0.320s] Level 1:colcon.colcon_core.package_discovery:discover_packages(path) using defaults
[0.341s] INFO:colcon.colcon_metadata.metadata.colcon_pkg:Updating descriptor of package 'Fast-DDS' from colcon.pkg: {'name': 'fastrtps', 'type': 'cmake', 'dependencies': ['fastcdr', 'FOONATHAN_MEMORY', 'foonathan_memory_vendor', 'googletest-distribution']}
[0.342s] INFO:colcon.colcon_metadata.metadata.colcon_pkg:Updating descriptor of package 'Micro-XRCE-DDS-Agent' from colcon.pkg: {'name': 'microxrcedds_agent', 'type': 'cmake', 'dependencies': ['fastcdr', 'fastrtps'], 'cmake-args': ['-DUAGENT_ISOLATED_INSTALL=OFF', '-DUAGENT_USE_SYSTEM_FASTCDR=ON', '-DUAGENT_USE_SYSTEM_FASTDDS=ON']}
[0.343s] INFO:colcon.colcon_metadata.metadata.colcon_pkg:Updating descriptor of package 'Fast-CDR' from colcon.pkg: {'name': 'fastcdr', 'type': 'cmake', 'dependencies': ['googletest-distribution']}
[0.353s] Level 1:colcon.colcon_core.package_discovery:discover_packages(prefix_path) check parameters
[0.353s] Level 1:colcon.colcon_core.package_discovery:discover_packages(prefix_path) discover
[0.355s] DEBUG:colcon.colcon_installed_package_information.package_discovery:Found 6 installed packages in /home/ctuav/ctuav_gazebo-research/install
[0.357s] DEBUG:colcon.colcon_installed_package_information.package_discovery:Found 271 installed packages in /opt/ros/humble
[0.358s] Level 1:colcon.colcon_core.package_discovery:discover_packages(prefix_path) using defaults
[0.397s] WARNING:colcon.colcon_core.package_selection:Some selected packages are already built in one or more underlay workspaces:
	'fastrtps' is in: /home/ctuav/ctuav_gazebo-research/install/fastrtps
	'fastcdr' is in: /home/ctuav/ctuav_gazebo-research/install/fastcdr
If a package in a merged underlay workspace is overridden and it installs headers, then all packages in the overlay must sort their include directories by workspace order. Failure to do so may result in build failures or undefined behavior at run time.
If the overridden package is used by another package in any underlay, then the overriding package in the overlay must be API and ABI compatible or undefined behavior at run time may occur.

If you understand the risks and want to override a package anyways, add the following to the command line:
	--allow-overriding fastcdr fastrtps

This may be promoted to an error in a future release of colcon-override-check.
[0.398s] Level 5:colcon.colcon_core.verb:set package 'fastcdr' build argument 'cmake_args' from command line to 'None'
[0.398s] Level 5:colcon.colcon_core.verb:set package 'fastcdr' build argument 'cmake_target' from command line to 'None'
[0.398s] Level 5:colcon.colcon_core.verb:set package 'fastcdr' build argument 'cmake_target_skip_unavailable' from command line to 'False'
[0.398s] Level 5:colcon.colcon_core.verb:set package 'fastcdr' build argument 'cmake_clean_cache' from command line to 'False'
[0.398s] Level 5:colcon.colcon_core.verb:set package 'fastcdr' build argument 'cmake_clean_first' from command line to 'False'
[0.398s] Level 5:colcon.colcon_core.verb:set package 'fastcdr' build argument 'cmake_force_configure' from command line to 'False'
[0.398s] Level 5:colcon.colcon_core.verb:set package 'fastcdr' build argument 'ament_cmake_args' from command line to 'None'
[0.398s] Level 5:colcon.colcon_core.verb:set package 'fastcdr' build argument 'catkin_cmake_args' from command line to 'None'
[0.398s] Level 5:colcon.colcon_core.verb:set package 'fastcdr' build argument 'catkin_skip_building_tests' from command line to 'False'
[0.398s] DEBUG:colcon.colcon_core.verb:Building package 'fastcdr' with the following arguments: {'ament_cmake_args': None, 'build_base': '/home/ctuav/ctuav_gazebo-research/build/fastcdr', 'catkin_cmake_args': None, 'catkin_skip_building_tests': False, 'cmake_args': None, 'cmake_clean_cache': False, 'cmake_clean_first': False, 'cmake_force_configure': False, 'cmake_target': None, 'cmake_target_skip_unavailable': False, 'install_base': '/home/ctuav/ctuav_gazebo-research/install/fastcdr', 'merge_install': False, 'path': '/home/ctuav/ctuav_gazebo-research/Fast-CDR', 'symlink_install': True, 'test_result_base': None}
[0.399s] Level 5:colcon.colcon_core.verb:set package 'px4' build argument 'cmake_args' from command line to 'None'
[0.399s] Level 5:colcon.colcon_core.verb:set package 'px4' build argument 'cmake_target' from command line to 'None'
[0.399s] Level 5:colcon.colcon_core.verb:set package 'px4' build argument 'cmake_target_skip_unavailable' from command line to 'False'
[0.399s] Level 5:colcon.colcon_core.verb:set package 'px4' build argument 'cmake_clean_cache' from command line to 'False'
[0.399s] Level 5:colcon.colcon_core.verb:set package 'px4' build argument 'cmake_clean_first' from command line to 'False'
[0.399s] Level 5:colcon.colcon_core.verb:set package 'px4' build argument 'cmake_force_configure' from command line to 'False'
[0.399s] Level 5:colcon.colcon_core.verb:set package 'px4' build argument 'ament_cmake_args' from command line to 'None'
[0.399s] Level 5:colcon.colcon_core.verb:set package 'px4' build argument 'catkin_cmake_args' from command line to 'None'
[0.399s] Level 5:colcon.colcon_core.verb:set package 'px4' build argument 'catkin_skip_building_tests' from command line to 'False'
[0.399s] DEBUG:colcon.colcon_core.verb:Building package 'px4' with the following arguments: {'ament_cmake_args': None, 'build_base': '/home/ctuav/ctuav_gazebo-research/build/px4', 'catkin_cmake_args': None, 'catkin_skip_building_tests': False, 'cmake_args': None, 'cmake_clean_cache': False, 'cmake_clean_first': False, 'cmake_force_configure': False, 'cmake_target': None, 'cmake_target_skip_unavailable': False, 'install_base': '/home/ctuav/ctuav_gazebo-research/install/px4', 'merge_install': False, 'path': '/home/ctuav/ctuav_gazebo-research/PX4-Autopilot', 'symlink_install': True, 'test_result_base': None}
[0.399s] Level 5:colcon.colcon_core.verb:set package 'px4_msgs' build argument 'cmake_args' from command line to 'None'
[0.399s] Level 5:colcon.colcon_core.verb:set package 'px4_msgs' build argument 'cmake_target' from command line to 'None'
[0.399s] Level 5:colcon.colcon_core.verb:set package 'px4_msgs' build argument 'cmake_target_skip_unavailable' from command line to 'False'
[0.400s] Level 5:colcon.colcon_core.verb:set package 'px4_msgs' build argument 'cmake_clean_cache' from command line to 'False'
[0.400s] Level 5:colcon.colcon_core.verb:set package 'px4_msgs' build argument 'cmake_clean_first' from command line to 'False'
[0.400s] Level 5:colcon.colcon_core.verb:set package 'px4_msgs' build argument 'cmake_force_configure' from command line to 'False'
[0.400s] Level 5:colcon.colcon_core.verb:set package 'px4_msgs' build argument 'ament_cmake_args' from command line to 'None'
[0.400s] Level 5:colcon.colcon_core.verb:set package 'px4_msgs' build argument 'catkin_cmake_args' from command line to 'None'
[0.400s] Level 5:colcon.colcon_core.verb:set package 'px4_msgs' build argument 'catkin_skip_building_tests' from command line to 'False'
[0.400s] DEBUG:colcon.colcon_core.verb:Building package 'px4_msgs' with the following arguments: {'ament_cmake_args': None, 'build_base': '/home/ctuav/ctuav_gazebo-research/build/px4_msgs', 'catkin_cmake_args': None, 'catkin_skip_building_tests': False, 'cmake_args': None, 'cmake_clean_cache': False, 'cmake_clean_first': False, 'cmake_force_configure': False, 'cmake_target': None, 'cmake_target_skip_unavailable': False, 'install_base': '/home/ctuav/ctuav_gazebo-research/install/px4_msgs', 'merge_install': False, 'path': '/home/ctuav/ctuav_gazebo-research/src/px4_msgs', 'symlink_install': True, 'test_result_base': None}
[0.400s] Level 5:colcon.colcon_core.verb:set package 'fastrtps' build argument 'cmake_args' from command line to 'None'
[0.400s] Level 5:colcon.colcon_core.verb:set package 'fastrtps' build argument 'cmake_target' from command line to 'None'
[0.400s] Level 5:colcon.colcon_core.verb:set package 'fastrtps' build argument 'cmake_target_skip_unavailable' from command line to 'False'
[0.400s] Level 5:colcon.colcon_core.verb:set package 'fastrtps' build argument 'cmake_clean_cache' from command line to 'False'
[0.400s] Level 5:colcon.colcon_core.verb:set package 'fastrtps' build argument 'cmake_clean_first' from command line to 'False'
[0.400s] Level 5:colcon.colcon_core.verb:set package 'fastrtps' build argument 'cmake_force_configure' from command line to 'False'
[0.400s] Level 5:colcon.colcon_core.verb:set package 'fastrtps' build argument 'ament_cmake_args' from command line to 'None'
[0.400s] Level 5:colcon.colcon_core.verb:set package 'fastrtps' build argument 'catkin_cmake_args' from command line to 'None'
[0.400s] Level 5:colcon.colcon_core.verb:set package 'fastrtps' build argument 'catkin_skip_building_tests' from command line to 'False'
[0.400s] DEBUG:colcon.colcon_core.verb:Building package 'fastrtps' with the following arguments: {'ament_cmake_args': None, 'build_base': '/home/ctuav/ctuav_gazebo-research/build/fastrtps', 'catkin_cmake_args': None, 'catkin_skip_building_tests': False, 'cmake_args': None, 'cmake_clean_cache': False, 'cmake_clean_first': False, 'cmake_force_configure': False, 'cmake_target': None, 'cmake_target_skip_unavailable': False, 'install_base': '/home/ctuav/ctuav_gazebo-research/install/fastrtps', 'merge_install': False, 'path': '/home/ctuav/ctuav_gazebo-research/Fast-DDS', 'symlink_install': True, 'test_result_base': None}
[0.401s] Level 5:colcon.colcon_core.verb:set package 'px4_ros_com' build argument 'cmake_args' from command line to 'None'
[0.401s] Level 5:colcon.colcon_core.verb:set package 'px4_ros_com' build argument 'cmake_target' from command line to 'None'
[0.401s] Level 5:colcon.colcon_core.verb:set package 'px4_ros_com' build argument 'cmake_target_skip_unavailable' from command line to 'False'
[0.401s] Level 5:colcon.colcon_core.verb:set package 'px4_ros_com' build argument 'cmake_clean_cache' from command line to 'False'
[0.401s] Level 5:colcon.colcon_core.verb:set package 'px4_ros_com' build argument 'cmake_clean_first' from command line to 'False'
[0.401s] Level 5:colcon.colcon_core.verb:set package 'px4_ros_com' build argument 'cmake_force_configure' from command line to 'False'
[0.401s] Level 5:colcon.colcon_core.verb:set package 'px4_ros_com' build argument 'ament_cmake_args' from command line to 'None'
[0.401s] Level 5:colcon.colcon_core.verb:set package 'px4_ros_com' build argument 'catkin_cmake_args' from command line to 'None'
[0.401s] Level 5:colcon.colcon_core.verb:set package 'px4_ros_com' build argument 'catkin_skip_building_tests' from command line to 'False'
[0.401s] DEBUG:colcon.colcon_core.verb:Building package 'px4_ros_com' with the following arguments: {'ament_cmake_args': None, 'build_base': '/home/ctuav/ctuav_gazebo-research/build/px4_ros_com', 'catkin_cmake_args': None, 'catkin_skip_building_tests': False, 'cmake_args': None, 'cmake_clean_cache': False, 'cmake_clean_first': False, 'cmake_force_configure': False, 'cmake_target': None, 'cmake_target_skip_unavailable': False, 'install_base': '/home/ctuav/ctuav_gazebo-research/install/px4_ros_com', 'merge_install': False, 'path': '/home/ctuav/ctuav_gazebo-research/src/px4_ros_com', 'symlink_install': True, 'test_result_base': None}
[0.401s] Level 5:colcon.colcon_core.verb:set package 'microxrcedds_agent' build argument 'cmake_args' from command line to 'None'
[0.401s] Level 5:colcon.colcon_core.verb:overwrite package 'microxrcedds_agent' build argument 'cmake_args' from package metadata with '['-DUAGENT_ISOLATED_INSTALL=OFF', '-DUAGENT_USE_SYSTEM_FASTCDR=ON', '-DUAGENT_USE_SYSTEM_FASTDDS=ON']' (before: 'None')
[0.401s] Level 5:colcon.colcon_core.verb:set package 'microxrcedds_agent' build argument 'cmake_target' from command line to 'None'
[0.401s] Level 5:colcon.colcon_core.verb:set package 'microxrcedds_agent' build argument 'cmake_target_skip_unavailable' from command line to 'False'
[0.401s] Level 5:colcon.colcon_core.verb:set package 'microxrcedds_agent' build argument 'cmake_clean_cache' from command line to 'False'
[0.401s] Level 5:colcon.colcon_core.verb:set package 'microxrcedds_agent' build argument 'cmake_clean_first' from command line to 'False'
[0.401s] Level 5:colcon.colcon_core.verb:set package 'microxrcedds_agent' build argument 'cmake_force_configure' from command line to 'False'
[0.401s] Level 5:colcon.colcon_core.verb:set package 'microxrcedds_agent' build argument 'ament_cmake_args' from command line to 'None'
[0.401s] Level 5:colcon.colcon_core.verb:set package 'microxrcedds_agent' build argument 'catkin_cmake_args' from command line to 'None'
[0.401s] Level 5:colcon.colcon_core.verb:set package 'microxrcedds_agent' build argument 'catkin_skip_building_tests' from command line to 'False'
[0.401s] DEBUG:colcon.colcon_core.verb:Building package 'microxrcedds_agent' with the following arguments: {'ament_cmake_args': None, 'build_base': '/home/ctuav/ctuav_gazebo-research/build/microxrcedds_agent', 'catkin_cmake_args': None, 'catkin_skip_building_tests': False, 'cmake_args': ['-DUAGENT_ISOLATED_INSTALL=OFF', '-DUAGENT_USE_SYSTEM_FASTCDR=ON', '-DUAGENT_USE_SYSTEM_FASTDDS=ON'], 'cmake_clean_cache': False, 'cmake_clean_first': False, 'cmake_force_configure': False, 'cmake_target': None, 'cmake_target_skip_unavailable': False, 'install_base': '/home/ctuav/ctuav_gazebo-research/install/microxrcedds_agent', 'merge_install': False, 'path': '/home/ctuav/ctuav_gazebo-research/Micro-XRCE-DDS-Agent', 'symlink_install': True, 'test_result_base': None}
[0.402s] INFO:colcon.colcon_core.executor:Executing jobs using 'parallel' executor
[0.403s] DEBUG:colcon.colcon_parallel_executor.executor.parallel:run_until_complete
[0.403s] INFO:colcon.colcon_cmake.task.cmake.build:Building CMake package in '/home/ctuav/ctuav_gazebo-research/Fast-CDR'
[0.405s] INFO:colcon.colcon_core.plugin_system:Skipping extension 'colcon_core.shell.bat': Not used on non-Windows systems
[0.406s] INFO:colcon.colcon_core.shell:Skip shell extension 'powershell' for command environment: Not usable outside of PowerShell
[0.406s] DEBUG:colcon.colcon_core.shell:Skip shell extension 'dsv' for command environment
[0.409s] INFO:colcon.colcon_ros.task.ament_cmake.build:Building ROS package in '/home/ctuav/ctuav_gazebo-research/src/px4_msgs' with build type 'ament_cmake'
[0.410s] INFO:colcon.colcon_cmake.task.cmake.build:Building CMake package in '/home/ctuav/ctuav_gazebo-research/src/px4_msgs'
[0.410s] INFO:colcon.colcon_core.shell:Skip shell extension 'powershell' for command environment: Not usable outside of PowerShell
[0.410s] DEBUG:colcon.colcon_core.shell:Skip shell extension 'dsv' for command environment
[0.413s] INFO:colcon.colcon_ros.task.ament_cmake.build:Building ROS package in '/home/ctuav/ctuav_gazebo-research/PX4-Autopilot' with build type 'ament_cmake'
[0.413s] INFO:colcon.colcon_cmake.task.cmake.build:Building CMake package in '/home/ctuav/ctuav_gazebo-research/PX4-Autopilot'
[0.414s] INFO:colcon.colcon_core.shell:Skip shell extension 'powershell' for command environment: Not usable outside of PowerShell
[0.414s] DEBUG:colcon.colcon_core.shell:Skip shell extension 'dsv' for command environment
[0.421s] DEBUG:colcon.colcon_core.event_handler.log_command:Invoking command in '/home/ctuav/ctuav_gazebo-research/build/fastcdr': /usr/bin/cmake --build /home/ctuav/ctuav_gazebo-research/build/fastcdr -- -j12 -l12
[0.424s] DEBUG:colcon.colcon_core.event_handler.log_command:Invoking command in '/home/ctuav/ctuav_gazebo-research/build/px4_msgs': CMAKE_PREFIX_PATH=${CMAKE_PREFIX_PATH}:/opt/ros/humble /usr/bin/cmake --build /home/ctuav/ctuav_gazebo-research/build/px4_msgs -- -j12 -l12
[0.428s] DEBUG:colcon.colcon_core.event_handler.log_command:Invoking command in '/home/ctuav/ctuav_gazebo-research/build/px4': CMAKE_PREFIX_PATH=${CMAKE_PREFIX_PATH}:/opt/ros/humble /usr/bin/cmake --build /home/ctuav/ctuav_gazebo-research/build/px4 -- -j12 -l12
[0.481s] DEBUG:colcon.colcon_core.event_handler.log_command:Invoked command in '/home/ctuav/ctuav_gazebo-research/build/fastcdr' returned '0': /usr/bin/cmake --build /home/ctuav/ctuav_gazebo-research/build/fastcdr -- -j12 -l12
[0.491s] DEBUG:colcon.colcon_core.event_handler.log_command:Invoking command in '/home/ctuav/ctuav_gazebo-research/build/fastcdr': /usr/bin/cmake --install /home/ctuav/ctuav_gazebo-research/build/fastcdr
[0.500s] Level 1:colcon.colcon_core.environment:create_environment_scripts_only(fastcdr)
[0.501s] DEBUG:colcon.colcon_core.event_handler.log_command:Invoked command in '/home/ctuav/ctuav_gazebo-research/build/fastcdr' returned '0': /usr/bin/cmake --install /home/ctuav/ctuav_gazebo-research/build/fastcdr
[0.502s] Level 1:colcon.colcon_core.environment:checking '/home/ctuav/ctuav_gazebo-research/install/fastcdr' for CMake module files
[0.503s] Level 1:colcon.colcon_core.environment:checking '/home/ctuav/ctuav_gazebo-research/install/fastcdr' for CMake config files
[0.503s] Level 1:colcon.colcon_core.shell:create_environment_hook('fastcdr', 'cmake_prefix_path')
[0.503s] INFO:colcon.colcon_core.shell:Creating environment hook '/home/ctuav/ctuav_gazebo-research/install/fastcdr/share/fastcdr/hook/cmake_prefix_path.ps1'
[0.504s] INFO:colcon.colcon_core.shell:Creating environment descriptor '/home/ctuav/ctuav_gazebo-research/install/fastcdr/share/fastcdr/hook/cmake_prefix_path.dsv'
[0.504s] INFO:colcon.colcon_core.shell:Creating environment hook '/home/ctuav/ctuav_gazebo-research/install/fastcdr/share/fastcdr/hook/cmake_prefix_path.sh'
[0.505s] Level 1:colcon.colcon_core.environment:checking '/home/ctuav/ctuav_gazebo-research/install/fastcdr/lib'
[0.505s] Level 1:colcon.colcon_core.shell:create_environment_hook('fastcdr', 'ld_library_path_lib')
[0.505s] INFO:colcon.colcon_core.shell:Creating environment hook '/home/ctuav/ctuav_gazebo-research/install/fastcdr/share/fastcdr/hook/ld_library_path_lib.ps1'
[0.505s] INFO:colcon.colcon_core.shell:Creating environment descriptor '/home/ctuav/ctuav_gazebo-research/install/fastcdr/share/fastcdr/hook/ld_library_path_lib.dsv'
[0.505s] INFO:colcon.colcon_core.shell:Creating environment hook '/home/ctuav/ctuav_gazebo-research/install/fastcdr/share/fastcdr/hook/ld_library_path_lib.sh'
[0.506s] Level 1:colcon.colcon_core.environment:checking '/home/ctuav/ctuav_gazebo-research/install/fastcdr/bin'
[0.506s] Level 1:colcon.colcon_core.environment:checking '/home/ctuav/ctuav_gazebo-research/install/fastcdr/lib/pkgconfig/fastcdr.pc'
[0.506s] Level 1:colcon.colcon_core.environment:checking '/home/ctuav/ctuav_gazebo-research/install/fastcdr/lib/python3.10/site-packages'
[0.506s] Level 1:colcon.colcon_core.environment:checking '/home/ctuav/ctuav_gazebo-research/install/fastcdr/bin'
[0.506s] INFO:colcon.colcon_core.shell:Creating package script '/home/ctuav/ctuav_gazebo-research/install/fastcdr/share/fastcdr/package.ps1'
[0.507s] INFO:colcon.colcon_core.shell:Creating package descriptor '/home/ctuav/ctuav_gazebo-research/install/fastcdr/share/fastcdr/package.dsv'
[0.508s] INFO:colcon.colcon_core.shell:Creating package script '/home/ctuav/ctuav_gazebo-research/install/fastcdr/share/fastcdr/package.sh'
[0.508s] INFO:colcon.colcon_core.shell:Creating package script '/home/ctuav/ctuav_gazebo-research/install/fastcdr/share/fastcdr/package.bash'
[0.509s] INFO:colcon.colcon_core.shell:Creating package script '/home/ctuav/ctuav_gazebo-research/install/fastcdr/share/fastcdr/package.zsh'
[0.510s] Level 1:colcon.colcon_core.environment:create_file_with_runtime_dependencies(/home/ctuav/ctuav_gazebo-research/install/fastcdr/share/colcon-core/packages/fastcdr)
[0.510s] INFO:colcon.colcon_cmake.task.cmake.build:Building CMake package in '/home/ctuav/ctuav_gazebo-research/Fast-DDS'
[0.511s] INFO:colcon.colcon_core.shell:Skip shell extension 'powershell' for command environment: Not usable outside of PowerShell
[0.511s] DEBUG:colcon.colcon_core.shell:Skip shell extension 'dsv' for command environment
[0.519s] DEBUG:colcon.colcon_core.event_handler.log_command:Invoking command in '/home/ctuav/ctuav_gazebo-research/build/fastrtps': CMAKE_PREFIX_PATH=/home/ctuav/ctuav_gazebo-research/install/fastcdr:/home/ctuav/ctuav_gazebo-research/install/px4_ros_com:/home/ctuav/ctuav_gazebo-research/install/px4_msgs:/home/ctuav/ctuav_gazebo-research/install/px4:/home/ctuav/ctuav_gazebo-research/install/microxrcedds_agent:/home/ctuav/ctuav_gazebo-research/install/fastrtps LD_LIBRARY_PATH=/home/ctuav/ctuav_gazebo-research/install/fastcdr/lib:/home/ctuav/ctuav_gazebo-research/install/px4_ros_com/lib:/home/ctuav/ctuav_gazebo-research/install/px4_msgs/lib:/home/ctuav/ctuav_gazebo-research/install/px4/lib:/home/ctuav/ctuav_gazebo-research/install/microxrcedds_agent/lib:/home/ctuav/ctuav_gazebo-research/install/fastrtps/lib:/opt/ros/humble/opt/rviz_ogre_vendor/lib:/opt/ros/humble/lib/x86_64-linux-gnu:/opt/ros/humble/lib /usr/bin/cmake --build /home/ctuav/ctuav_gazebo-research/build/fastrtps -- -j12 -l12
[0.767s] DEBUG:colcon.colcon_core.event_handler.log_command:Invoked command in '/home/ctuav/ctuav_gazebo-research/build/fastrtps' returned '0': CMAKE_PREFIX_PATH=/home/ctuav/ctuav_gazebo-research/install/fastcdr:/home/ctuav/ctuav_gazebo-research/install/px4_ros_com:/home/ctuav/ctuav_gazebo-research/install/px4_msgs:/home/ctuav/ctuav_gazebo-research/install/px4:/home/ctuav/ctuav_gazebo-research/install/microxrcedds_agent:/home/ctuav/ctuav_gazebo-research/install/fastrtps LD_LIBRARY_PATH=/home/ctuav/ctuav_gazebo-research/install/fastcdr/lib:/home/ctuav/ctuav_gazebo-research/install/px4_ros_com/lib:/home/ctuav/ctuav_gazebo-research/install/px4_msgs/lib:/home/ctuav/ctuav_gazebo-research/install/px4/lib:/home/ctuav/ctuav_gazebo-research/install/microxrcedds_agent/lib:/home/ctuav/ctuav_gazebo-research/install/fastrtps/lib:/opt/ros/humble/opt/rviz_ogre_vendor/lib:/opt/ros/humble/lib/x86_64-linux-gnu:/opt/ros/humble/lib /usr/bin/cmake --build /home/ctuav/ctuav_gazebo-research/build/fastrtps -- -j12 -l12
[0.769s] DEBUG:colcon.colcon_core.event_handler.log_command:Invoking command in '/home/ctuav/ctuav_gazebo-research/build/fastrtps': CMAKE_PREFIX_PATH=/home/ctuav/ctuav_gazebo-research/install/fastcdr:/home/ctuav/ctuav_gazebo-research/install/px4_ros_com:/home/ctuav/ctuav_gazebo-research/install/px4_msgs:/home/ctuav/ctuav_gazebo-research/install/px4:/home/ctuav/ctuav_gazebo-research/install/microxrcedds_agent:/home/ctuav/ctuav_gazebo-research/install/fastrtps LD_LIBRARY_PATH=/home/ctuav/ctuav_gazebo-research/install/fastcdr/lib:/home/ctuav/ctuav_gazebo-research/install/px4_ros_com/lib:/home/ctuav/ctuav_gazebo-research/install/px4_msgs/lib:/home/ctuav/ctuav_gazebo-research/install/px4/lib:/home/ctuav/ctuav_gazebo-research/install/microxrcedds_agent/lib:/home/ctuav/ctuav_gazebo-research/install/fastrtps/lib:/opt/ros/humble/opt/rviz_ogre_vendor/lib:/opt/ros/humble/lib/x86_64-linux-gnu:/opt/ros/humble/lib /usr/bin/cmake --install /home/ctuav/ctuav_gazebo-research/build/fastrtps
[0.799s] Level 1:colcon.colcon_core.environment:create_environment_scripts_only(fastrtps)
[0.799s] Level 1:colcon.colcon_core.environment:checking '/home/ctuav/ctuav_gazebo-research/install/fastrtps' for CMake module files
[0.801s] Level 1:colcon.colcon_core.environment:checking '/home/ctuav/ctuav_gazebo-research/install/fastrtps' for CMake config files
[0.811s] DEBUG:colcon.colcon_core.event_handler.log_command:Invoked command in '/home/ctuav/ctuav_gazebo-research/build/fastrtps' returned '0': CMAKE_PREFIX_PATH=/home/ctuav/ctuav_gazebo-research/install/fastcdr:/home/ctuav/ctuav_gazebo-research/install/px4_ros_com:/home/ctuav/ctuav_gazebo-research/install/px4_msgs:/home/ctuav/ctuav_gazebo-research/install/px4:/home/ctuav/ctuav_gazebo-research/install/microxrcedds_agent:/home/ctuav/ctuav_gazebo-research/install/fastrtps LD_LIBRARY_PATH=/home/ctuav/ctuav_gazebo-research/install/fastcdr/lib:/home/ctuav/ctuav_gazebo-research/install/px4_ros_com/lib:/home/ctuav/ctuav_gazebo-research/install/px4_msgs/lib:/home/ctuav/ctuav_gazebo-research/install/px4/lib:/home/ctuav/ctuav_gazebo-research/install/microxrcedds_agent/lib:/home/ctuav/ctuav_gazebo-research/install/fastrtps/lib:/opt/ros/humble/opt/rviz_ogre_vendor/lib:/opt/ros/humble/lib/x86_64-linux-gnu:/opt/ros/humble/lib /usr/bin/cmake --install /home/ctuav/ctuav_gazebo-research/build/fastrtps
[0.812s] Level 1:colcon.colcon_core.shell:create_environment_hook('fastrtps', 'cmake_prefix_path')
[0.813s] INFO:colcon.colcon_core.shell:Creating environment hook '/home/ctuav/ctuav_gazebo-research/install/fastrtps/share/fastrtps/hook/cmake_prefix_path.ps1'
[0.813s] INFO:colcon.colcon_core.shell:Creating environment descriptor '/home/ctuav/ctuav_gazebo-research/install/fastrtps/share/fastrtps/hook/cmake_prefix_path.dsv'
[0.814s] INFO:colcon.colcon_core.shell:Creating environment hook '/home/ctuav/ctuav_gazebo-research/install/fastrtps/share/fastrtps/hook/cmake_prefix_path.sh'
[0.814s] Level 1:colcon.colcon_core.environment:checking '/home/ctuav/ctuav_gazebo-research/install/fastrtps/lib'
[0.814s] Level 1:colcon.colcon_core.shell:create_environment_hook('fastrtps', 'ld_library_path_lib')
[0.814s] INFO:colcon.colcon_core.shell:Creating environment hook '/home/ctuav/ctuav_gazebo-research/install/fastrtps/share/fastrtps/hook/ld_library_path_lib.ps1'
[0.815s] INFO:colcon.colcon_core.shell:Creating environment descriptor '/home/ctuav/ctuav_gazebo-research/install/fastrtps/share/fastrtps/hook/ld_library_path_lib.dsv'
[0.815s] INFO:colcon.colcon_core.shell:Creating environment hook '/home/ctuav/ctuav_gazebo-research/install/fastrtps/share/fastrtps/hook/ld_library_path_lib.sh'
[0.815s] Level 1:colcon.colcon_core.environment:checking '/home/ctuav/ctuav_gazebo-research/install/fastrtps/bin'
[0.815s] Level 1:colcon.colcon_core.shell:create_environment_hook('fastrtps', 'path')
[0.815s] INFO:colcon.colcon_core.shell:Creating environment hook '/home/ctuav/ctuav_gazebo-research/install/fastrtps/share/fastrtps/hook/path.ps1'
[0.816s] INFO:colcon.colcon_core.shell:Creating environment descriptor '/home/ctuav/ctuav_gazebo-research/install/fastrtps/share/fastrtps/hook/path.dsv'
[0.816s] INFO:colcon.colcon_core.shell:Creating environment hook '/home/ctuav/ctuav_gazebo-research/install/fastrtps/share/fastrtps/hook/path.sh'
[0.816s] Level 1:colcon.colcon_core.environment:checking '/home/ctuav/ctuav_gazebo-research/install/fastrtps/lib/pkgconfig/fastrtps.pc'
[0.816s] Level 1:colcon.colcon_core.environment:checking '/home/ctuav/ctuav_gazebo-research/install/fastrtps/lib/python3.10/site-packages'
[0.817s] Level 1:colcon.colcon_core.environment:checking '/home/ctuav/ctuav_gazebo-research/install/fastrtps/bin'
[0.817s] Level 1:colcon.colcon_core.shell:create_environment_hook('fastrtps', 'pythonscriptspath')
[0.817s] INFO:colcon.colcon_core.shell:Creating environment hook '/home/ctuav/ctuav_gazebo-research/install/fastrtps/share/fastrtps/hook/pythonscriptspath.ps1'
[0.817s] INFO:colcon.colcon_core.shell:Creating environment descriptor '/home/ctuav/ctuav_gazebo-research/install/fastrtps/share/fastrtps/hook/pythonscriptspath.dsv'
[0.817s] INFO:colcon.colcon_core.shell:Creating environment hook '/home/ctuav/ctuav_gazebo-research/install/fastrtps/share/fastrtps/hook/pythonscriptspath.sh'
[0.818s] INFO:colcon.colcon_core.shell:Creating package script '/home/ctuav/ctuav_gazebo-research/install/fastrtps/share/fastrtps/package.ps1'
[0.818s] INFO:colcon.colcon_core.shell:Creating package descriptor '/home/ctuav/ctuav_gazebo-research/install/fastrtps/share/fastrtps/package.dsv'
[0.819s] INFO:colcon.colcon_core.shell:Creating package script '/home/ctuav/ctuav_gazebo-research/install/fastrtps/share/fastrtps/package.sh'
[0.819s] INFO:colcon.colcon_core.shell:Creating package script '/home/ctuav/ctuav_gazebo-research/install/fastrtps/share/fastrtps/package.bash'
[0.819s] INFO:colcon.colcon_core.shell:Creating package script '/home/ctuav/ctuav_gazebo-research/install/fastrtps/share/fastrtps/package.zsh'
[0.819s] Level 1:colcon.colcon_core.environment:create_file_with_runtime_dependencies(/home/ctuav/ctuav_gazebo-research/install/fastrtps/share/colcon-core/packages/fastrtps)
[0.820s] INFO:colcon.colcon_cmake.task.cmake.build:Building CMake package in '/home/ctuav/ctuav_gazebo-research/Micro-XRCE-DDS-Agent'
[0.820s] INFO:colcon.colcon_core.shell:Skip shell extension 'powershell' for command environment: Not usable outside of PowerShell
[0.820s] DEBUG:colcon.colcon_core.shell:Skip shell extension 'dsv' for command environment
[0.828s] DEBUG:colcon.colcon_core.event_handler.log_command:Invoking command in '/home/ctuav/ctuav_gazebo-research/build/microxrcedds_agent': CMAKE_PREFIX_PATH=/home/ctuav/ctuav_gazebo-research/install/fastrtps:/home/ctuav/ctuav_gazebo-research/install/fastcdr:/home/ctuav/ctuav_gazebo-research/install/px4_ros_com:/home/ctuav/ctuav_gazebo-research/install/px4_msgs:/home/ctuav/ctuav_gazebo-research/install/px4:/home/ctuav/ctuav_gazebo-research/install/microxrcedds_agent LD_LIBRARY_PATH=/home/ctuav/ctuav_gazebo-research/install/fastrtps/lib:/home/ctuav/ctuav_gazebo-research/install/fastcdr/lib:/home/ctuav/ctuav_gazebo-research/install/px4_ros_com/lib:/home/ctuav/ctuav_gazebo-research/install/px4_msgs/lib:/home/ctuav/ctuav_gazebo-research/install/px4/lib:/home/ctuav/ctuav_gazebo-research/install/microxrcedds_agent/lib:/opt/ros/humble/opt/rviz_ogre_vendor/lib:/opt/ros/humble/lib/x86_64-linux-gnu:/opt/ros/humble/lib PATH=/home/ctuav/ctuav_gazebo-research/install/fastrtps/bin:/home/ctuav/ctuav_gazebo-research/install/microxrcedds_agent/bin:/opt/ros/humble/bin:/home/ctuav/.local/bin:/usr/local/sbin:/usr/local/bin:/usr/sbin:/usr/bin:/sbin:/bin:/usr/games:/usr/local/games:/snap/bin:/snap/bin:/opt/xtensa-esp-elf/bin/ /usr/bin/cmake --build /home/ctuav/ctuav_gazebo-research/build/microxrcedds_agent -- -j12 -l12
[0.891s] DEBUG:colcon.colcon_core.event_handler.log_command:Invoked command in '/home/ctuav/ctuav_gazebo-research/build/px4' returned '0': CMAKE_PREFIX_PATH=${CMAKE_PREFIX_PATH}:/opt/ros/humble /usr/bin/cmake --build /home/ctuav/ctuav_gazebo-research/build/px4 -- -j12 -l12
[0.893s] DEBUG:colcon.colcon_core.event_handler.log_command:Invoking command in '/home/ctuav/ctuav_gazebo-research/build/px4': CMAKE_PREFIX_PATH=${CMAKE_PREFIX_PATH}:/opt/ros/humble /usr/bin/cmake --install /home/ctuav/ctuav_gazebo-research/build/px4
[0.936s] DEBUG:colcon.colcon_core.event_handler.log_command:Invoked command in '/home/ctuav/ctuav_gazebo-research/build/microxrcedds_agent' returned '0': CMAKE_PREFIX_PATH=/home/ctuav/ctuav_gazebo-research/install/fastrtps:/home/ctuav/ctuav_gazebo-research/install/fastcdr:/home/ctuav/ctuav_gazebo-research/install/px4_ros_com:/home/ctuav/ctuav_gazebo-research/install/px4_msgs:/home/ctuav/ctuav_gazebo-research/install/px4:/home/ctuav/ctuav_gazebo-research/install/microxrcedds_agent LD_LIBRARY_PATH=/home/ctuav/ctuav_gazebo-research/install/fastrtps/lib:/home/ctuav/ctuav_gazebo-research/install/fastcdr/lib:/home/ctuav/ctuav_gazebo-research/install/px4_ros_com/lib:/home/ctuav/ctuav_gazebo-research/install/px4_msgs/lib:/home/ctuav/ctuav_gazebo-research/install/px4/lib:/home/ctuav/ctuav_gazebo-research/install/microxrcedds_agent/lib:/opt/ros/humble/opt/rviz_ogre_vendor/lib:/opt/ros/humble/lib/x86_64-linux-gnu:/opt/ros/humble/lib PATH=/home/ctuav/ctuav_gazebo-research/install/fastrtps/bin:/home/ctuav/ctuav_gazebo-research/install/microxrcedds_agent/bin:/opt/ros/humble/bin:/home/ctuav/.local/bin:/usr/local/sbin:/usr/local/bin:/usr/sbin:/usr/bin:/sbin:/bin:/usr/games:/usr/local/games:/snap/bin:/snap/bin:/opt/xtensa-esp-elf/bin/ /usr/bin/cmake --build /home/ctuav/ctuav_gazebo-research/build/microxrcedds_agent -- -j12 -l12
[0.938s] DEBUG:colcon.colcon_core.event_handler.log_command:Invoking command in '/home/ctuav/ctuav_gazebo-research/build/microxrcedds_agent': CMAKE_PREFIX_PATH=/home/ctuav/ctuav_gazebo-research/install/fastrtps:/home/ctuav/ctuav_gazebo-research/install/fastcdr:/home/ctuav/ctuav_gazebo-research/install/px4_ros_com:/home/ctuav/ctuav_gazebo-research/install/px4_msgs:/home/ctuav/ctuav_gazebo-research/install/px4:/home/ctuav/ctuav_gazebo-research/install/microxrcedds_agent LD_LIBRARY_PATH=/home/ctuav/ctuav_gazebo-research/install/fastrtps/lib:/home/ctuav/ctuav_gazebo-research/install/fastcdr/lib:/home/ctuav/ctuav_gazebo-research/install/px4_ros_com/lib:/home/ctuav/ctuav_gazebo-research/install/px4_msgs/lib:/home/ctuav/ctuav_gazebo-research/install/px4/lib:/home/ctuav/ctuav_gazebo-research/install/microxrcedds_agent/lib:/opt/ros/humble/opt/rviz_ogre_vendor/lib:/opt/ros/humble/lib/x86_64-linux-gnu:/opt/ros/humble/lib PATH=/home/ctuav/ctuav_gazebo-research/install/fastrtps/bin:/home/ctuav/ctuav_gazebo-research/install/microxrcedds_agent/bin:/opt/ros/humble/bin:/home/ctuav/.local/bin:/usr/local/sbin:/usr/local/bin:/usr/sbin:/usr/bin:/sbin:/bin:/usr/games:/usr/local/games:/snap/bin:/snap/bin:/opt/xtensa-esp-elf/bin/ /usr/bin/cmake --install /home/ctuav/ctuav_gazebo-research/build/microxrcedds_agent
[0.954s] Level 1:colcon.colcon_core.environment:create_environment_scripts_only(microxrcedds_agent)
[0.955s] Level 1:colcon.colcon_core.environment:checking '/home/ctuav/ctuav_gazebo-research/install/microxrcedds_agent' for CMake module files
[0.958s] Level 1:colcon.colcon_core.environment:checking '/home/ctuav/ctuav_gazebo-research/install/microxrcedds_agent' for CMake config files
[0.966s] DEBUG:colcon.colcon_core.event_handler.log_command:Invoked command in '/home/ctuav/ctuav_gazebo-research/build/microxrcedds_agent' returned '0': CMAKE_PREFIX_PATH=/home/ctuav/ctuav_gazebo-research/install/fastrtps:/home/ctuav/ctuav_gazebo-research/install/fastcdr:/home/ctuav/ctuav_gazebo-research/install/px4_ros_com:/home/ctuav/ctuav_gazebo-research/install/px4_msgs:/home/ctuav/ctuav_gazebo-research/install/px4:/home/ctuav/ctuav_gazebo-research/install/microxrcedds_agent LD_LIBRARY_PATH=/home/ctuav/ctuav_gazebo-research/install/fastrtps/lib:/home/ctuav/ctuav_gazebo-research/install/fastcdr/lib:/home/ctuav/ctuav_gazebo-research/install/px4_ros_com/lib:/home/ctuav/ctuav_gazebo-research/install/px4_msgs/lib:/home/ctuav/ctuav_gazebo-research/install/px4/lib:/home/ctuav/ctuav_gazebo-research/install/microxrcedds_agent/lib:/opt/ros/humble/opt/rviz_ogre_vendor/lib:/opt/ros/humble/lib/x86_64-linux-gnu:/opt/ros/humble/lib PATH=/home/ctuav/ctuav_gazebo-research/install/fastrtps/bin:/home/ctuav/ctuav_gazebo-research/install/microxrcedds_agent/bin:/opt/ros/humble/bin:/home/ctuav/.local/bin:/usr/local/sbin:/usr/local/bin:/usr/sbin:/usr/bin:/sbin:/bin:/usr/games:/usr/local/games:/snap/bin:/snap/bin:/opt/xtensa-esp-elf/bin/ /usr/bin/cmake --install /home/ctuav/ctuav_gazebo-research/build/microxrcedds_agent
[0.985s] Level 1:colcon.colcon_core.shell:create_environment_hook('microxrcedds_agent', 'cmake_prefix_path')
[0.986s] INFO:colcon.colcon_core.shell:Creating environment hook '/home/ctuav/ctuav_gazebo-research/install/microxrcedds_agent/share/microxrcedds_agent/hook/cmake_prefix_path.ps1'
[0.988s] INFO:colcon.colcon_core.shell:Creating environment descriptor '/home/ctuav/ctuav_gazebo-research/install/microxrcedds_agent/share/microxrcedds_agent/hook/cmake_prefix_path.dsv'
[0.989s] INFO:colcon.colcon_core.shell:Creating environment hook '/home/ctuav/ctuav_gazebo-research/install/microxrcedds_agent/share/microxrcedds_agent/hook/cmake_prefix_path.sh'
[0.991s] Level 1:colcon.colcon_core.environment:checking '/home/ctuav/ctuav_gazebo-research/install/microxrcedds_agent/lib'
[0.992s] Level 1:colcon.colcon_core.shell:create_environment_hook('microxrcedds_agent', 'ld_library_path_lib')
[0.992s] INFO:colcon.colcon_core.shell:Creating environment hook '/home/ctuav/ctuav_gazebo-research/install/microxrcedds_agent/share/microxrcedds_agent/hook/ld_library_path_lib.ps1'
[0.993s] INFO:colcon.colcon_core.shell:Creating environment descriptor '/home/ctuav/ctuav_gazebo-research/install/microxrcedds_agent/share/microxrcedds_agent/hook/ld_library_path_lib.dsv'
[0.994s] INFO:colcon.colcon_core.shell:Creating environment hook '/home/ctuav/ctuav_gazebo-research/install/microxrcedds_agent/share/microxrcedds_agent/hook/ld_library_path_lib.sh'
[0.996s] Level 1:colcon.colcon_core.environment:checking '/home/ctuav/ctuav_gazebo-research/install/microxrcedds_agent/bin'
[0.996s] Level 1:colcon.colcon_core.shell:create_environment_hook('microxrcedds_agent', 'path')
[0.997s] INFO:colcon.colcon_core.shell:Creating environment hook '/home/ctuav/ctuav_gazebo-research/install/microxrcedds_agent/share/microxrcedds_agent/hook/path.ps1'
[0.998s] INFO:colcon.colcon_core.shell:Creating environment descriptor '/home/ctuav/ctuav_gazebo-research/install/microxrcedds_agent/share/microxrcedds_agent/hook/path.dsv'
[1.000s] INFO:colcon.colcon_core.shell:Creating environment hook '/home/ctuav/ctuav_gazebo-research/install/microxrcedds_agent/share/microxrcedds_agent/hook/path.sh'
[1.002s] Level 1:colcon.colcon_core.environment:checking '/home/ctuav/ctuav_gazebo-research/install/microxrcedds_agent/lib/pkgconfig/microxrcedds_agent.pc'
[1.003s] Level 1:colcon.colcon_core.environment:checking '/home/ctuav/ctuav_gazebo-research/install/microxrcedds_agent/lib/python3.10/site-packages'
[1.003s] Level 1:colcon.colcon_core.environment:checking '/home/ctuav/ctuav_gazebo-research/install/microxrcedds_agent/bin'
[1.003s] Level 1:colcon.colcon_core.shell:create_environment_hook('microxrcedds_agent', 'pythonscriptspath')
[1.004s] INFO:colcon.colcon_core.shell:Creating environment hook '/home/ctuav/ctuav_gazebo-research/install/microxrcedds_agent/share/microxrcedds_agent/hook/pythonscriptspath.ps1'
[1.004s] INFO:colcon.colcon_core.shell:Creating environment descriptor '/home/ctuav/ctuav_gazebo-research/install/microxrcedds_agent/share/microxrcedds_agent/hook/pythonscriptspath.dsv'
[1.006s] INFO:colcon.colcon_core.shell:Creating environment hook '/home/ctuav/ctuav_gazebo-research/install/microxrcedds_agent/share/microxrcedds_agent/hook/pythonscriptspath.sh'
[1.007s] INFO:colcon.colcon_core.shell:Creating package script '/home/ctuav/ctuav_gazebo-research/install/microxrcedds_agent/share/microxrcedds_agent/package.ps1'
[1.009s] INFO:colcon.colcon_core.shell:Creating package descriptor '/home/ctuav/ctuav_gazebo-research/install/microxrcedds_agent/share/microxrcedds_agent/package.dsv'
[1.010s] INFO:colcon.colcon_core.shell:Creating package script '/home/ctuav/ctuav_gazebo-research/install/microxrcedds_agent/share/microxrcedds_agent/package.sh'
[1.011s] INFO:colcon.colcon_core.shell:Creating package script '/home/ctuav/ctuav_gazebo-research/install/microxrcedds_agent/share/microxrcedds_agent/package.bash'
[1.014s] INFO:colcon.colcon_core.shell:Creating package script '/home/ctuav/ctuav_gazebo-research/install/microxrcedds_agent/share/microxrcedds_agent/package.zsh'
[1.016s] Level 1:colcon.colcon_core.environment:create_file_with_runtime_dependencies(/home/ctuav/ctuav_gazebo-research/install/microxrcedds_agent/share/colcon-core/packages/microxrcedds_agent)
[1.432s] DEBUG:colcon.colcon_core.event_handler.log_command:Invoked command in '/home/ctuav/ctuav_gazebo-research/build/px4_msgs' returned '0': CMAKE_PREFIX_PATH=${CMAKE_PREFIX_PATH}:/opt/ros/humble /usr/bin/cmake --build /home/ctuav/ctuav_gazebo-research/build/px4_msgs -- -j12 -l12
[1.436s] DEBUG:colcon.colcon_core.event_handler.log_command:Invoking command in '/home/ctuav/ctuav_gazebo-research/build/px4_msgs': CMAKE_PREFIX_PATH=${CMAKE_PREFIX_PATH}:/opt/ros/humble /usr/bin/cmake --install /home/ctuav/ctuav_gazebo-research/build/px4_msgs
[1.508s] Level 1:colcon.colcon_core.environment:create_environment_scripts_only(px4)
[1.508s] Level 1:colcon.colcon_core.environment:checking '/home/ctuav/ctuav_gazebo-research/install/px4' for CMake module files
[1.509s] DEBUG:colcon.colcon_core.event_handler.log_command:Invoked command in '/home/ctuav/ctuav_gazebo-research/build/px4' returned '0': CMAKE_PREFIX_PATH=${CMAKE_PREFIX_PATH}:/opt/ros/humble /usr/bin/cmake --install /home/ctuav/ctuav_gazebo-research/build/px4
[1.510s] Level 1:colcon.colcon_core.environment:checking '/home/ctuav/ctuav_gazebo-research/install/px4' for CMake config files
[1.554s] Level 1:colcon.colcon_core.shell:create_environment_hook('px4', 'cmake_prefix_path')
[1.554s] INFO:colcon.colcon_core.shell:Creating environment hook '/home/ctuav/ctuav_gazebo-research/install/px4/share/px4/hook/cmake_prefix_path.ps1'
[1.555s] INFO:colcon.colcon_core.shell:Creating environment descriptor '/home/ctuav/ctuav_gazebo-research/install/px4/share/px4/hook/cmake_prefix_path.dsv'
[1.557s] INFO:colcon.colcon_core.shell:Creating environment hook '/home/ctuav/ctuav_gazebo-research/install/px4/share/px4/hook/cmake_prefix_path.sh'
[1.559s] Level 1:colcon.colcon_core.environment:checking '/home/ctuav/ctuav_gazebo-research/install/px4/lib'
[1.560s] Level 1:colcon.colcon_core.shell:create_environment_hook('px4', 'ld_library_path_lib')
[1.560s] INFO:colcon.colcon_core.shell:Creating environment hook '/home/ctuav/ctuav_gazebo-research/install/px4/share/px4/hook/ld_library_path_lib.ps1'
[1.562s] INFO:colcon.colcon_core.shell:Creating environment descriptor '/home/ctuav/ctuav_gazebo-research/install/px4/share/px4/hook/ld_library_path_lib.dsv'
[1.565s] INFO:colcon.colcon_core.shell:Creating environment hook '/home/ctuav/ctuav_gazebo-research/install/px4/share/px4/hook/ld_library_path_lib.sh'
[1.566s] Level 1:colcon.colcon_core.environment:checking '/home/ctuav/ctuav_gazebo-research/install/px4/bin'
[1.566s] Level 1:colcon.colcon_core.environment:checking '/home/ctuav/ctuav_gazebo-research/install/px4/lib/pkgconfig/px4.pc'
[1.567s] Level 1:colcon.colcon_core.environment:checking '/home/ctuav/ctuav_gazebo-research/install/px4/lib/python3.10/site-packages'
[1.567s] Level 1:colcon.colcon_core.environment:checking '/home/ctuav/ctuav_gazebo-research/install/px4/bin'
[1.567s] INFO:colcon.colcon_core.shell:Creating package script '/home/ctuav/ctuav_gazebo-research/install/px4/share/px4/package.ps1'
[1.568s] INFO:colcon.colcon_core.shell:Creating package descriptor '/home/ctuav/ctuav_gazebo-research/install/px4/share/px4/package.dsv'
[1.570s] INFO:colcon.colcon_core.shell:Creating package script '/home/ctuav/ctuav_gazebo-research/install/px4/share/px4/package.sh'
[1.571s] INFO:colcon.colcon_core.shell:Creating package script '/home/ctuav/ctuav_gazebo-research/install/px4/share/px4/package.bash'
[1.573s] INFO:colcon.colcon_core.shell:Creating package script '/home/ctuav/ctuav_gazebo-research/install/px4/share/px4/package.zsh'
[1.574s] Level 1:colcon.colcon_core.environment:create_file_with_runtime_dependencies(/home/ctuav/ctuav_gazebo-research/install/px4/share/colcon-core/packages/px4)
[1.583s] Level 1:colcon.colcon_core.environment:create_environment_scripts_only(px4)
[1.583s] Level 1:colcon.colcon_core.environment:checking '/home/ctuav/ctuav_gazebo-research/install/px4' for CMake module files
[1.586s] Level 1:colcon.colcon_core.environment:checking '/home/ctuav/ctuav_gazebo-research/install/px4' for CMake config files
[1.632s] Level 1:colcon.colcon_core.shell:create_environment_hook('px4', 'cmake_prefix_path')
[1.633s] INFO:colcon.colcon_core.shell:Creating environment hook '/home/ctuav/ctuav_gazebo-research/install/px4/share/px4/hook/cmake_prefix_path.ps1'
[1.634s] INFO:colcon.colcon_core.shell:Creating environment descriptor '/home/ctuav/ctuav_gazebo-research/install/px4/share/px4/hook/cmake_prefix_path.dsv'
[1.636s] INFO:colcon.colcon_core.shell:Creating environment hook '/home/ctuav/ctuav_gazebo-research/install/px4/share/px4/hook/cmake_prefix_path.sh'
[1.639s] Level 1:colcon.colcon_core.environment:checking '/home/ctuav/ctuav_gazebo-research/install/px4/lib'
[1.640s] Level 1:colcon.colcon_core.shell:create_environment_hook('px4', 'ld_library_path_lib')
[1.640s] INFO:colcon.colcon_core.shell:Creating environment hook '/home/ctuav/ctuav_gazebo-research/install/px4/share/px4/hook/ld_library_path_lib.ps1'
[1.641s] INFO:colcon.colcon_core.shell:Creating environment descriptor '/home/ctuav/ctuav_gazebo-research/install/px4/share/px4/hook/ld_library_path_lib.dsv'
[1.642s] INFO:colcon.colcon_core.shell:Creating environment hook '/home/ctuav/ctuav_gazebo-research/install/px4/share/px4/hook/ld_library_path_lib.sh'
[1.646s] Level 1:colcon.colcon_core.environment:checking '/home/ctuav/ctuav_gazebo-research/install/px4/bin'
[1.646s] Level 1:colcon.colcon_core.environment:checking '/home/ctuav/ctuav_gazebo-research/install/px4/lib/pkgconfig/px4.pc'
[1.646s] Level 1:colcon.colcon_core.environment:checking '/home/ctuav/ctuav_gazebo-research/install/px4/lib/python3.10/site-packages'
[1.646s] Level 1:colcon.colcon_core.environment:checking '/home/ctuav/ctuav_gazebo-research/install/px4/bin'
[1.647s] INFO:colcon.colcon_core.shell:Creating package script '/home/ctuav/ctuav_gazebo-research/install/px4/share/px4/package.ps1'
[1.649s] INFO:colcon.colcon_core.shell:Creating package descriptor '/home/ctuav/ctuav_gazebo-research/install/px4/share/px4/package.dsv'
[1.652s] INFO:colcon.colcon_core.shell:Creating package script '/home/ctuav/ctuav_gazebo-research/install/px4/share/px4/package.sh'
[1.653s] INFO:colcon.colcon_core.shell:Creating package script '/home/ctuav/ctuav_gazebo-research/install/px4/share/px4/package.bash'
[1.654s] INFO:colcon.colcon_core.shell:Creating package script '/home/ctuav/ctuav_gazebo-research/install/px4/share/px4/package.zsh'
[1.656s] Level 1:colcon.colcon_core.environment:create_file_with_runtime_dependencies(/home/ctuav/ctuav_gazebo-research/install/px4/share/colcon-core/packages/px4)
[1.954s] Level 1:colcon.colcon_core.environment:create_environment_scripts_only(px4_msgs)
[1.954s] Level 1:colcon.colcon_core.environment:checking '/home/ctuav/ctuav_gazebo-research/install/px4_msgs' for CMake module files
[1.955s] DEBUG:colcon.colcon_core.event_handler.log_command:Invoked command in '/home/ctuav/ctuav_gazebo-research/build/px4_msgs' returned '0': CMAKE_PREFIX_PATH=${CMAKE_PREFIX_PATH}:/opt/ros/humble /usr/bin/cmake --install /home/ctuav/ctuav_gazebo-research/build/px4_msgs
[1.955s] Level 1:colcon.colcon_core.environment:checking '/home/ctuav/ctuav_gazebo-research/install/px4_msgs' for CMake config files
[1.978s] Level 1:colcon.colcon_core.shell:create_environment_hook('px4_msgs', 'cmake_prefix_path')
[1.979s] INFO:colcon.colcon_core.shell:Creating environment hook '/home/ctuav/ctuav_gazebo-research/install/px4_msgs/share/px4_msgs/hook/cmake_prefix_path.ps1'
[1.979s] INFO:colcon.colcon_core.shell:Creating environment descriptor '/home/ctuav/ctuav_gazebo-research/install/px4_msgs/share/px4_msgs/hook/cmake_prefix_path.dsv'
[1.979s] INFO:colcon.colcon_core.shell:Creating environment hook '/home/ctuav/ctuav_gazebo-research/install/px4_msgs/share/px4_msgs/hook/cmake_prefix_path.sh'
[1.980s] Level 1:colcon.colcon_core.environment:checking '/home/ctuav/ctuav_gazebo-research/install/px4_msgs/lib'
[1.980s] Level 1:colcon.colcon_core.shell:create_environment_hook('px4_msgs', 'ld_library_path_lib')
[1.980s] INFO:colcon.colcon_core.shell:Creating environment hook '/home/ctuav/ctuav_gazebo-research/install/px4_msgs/share/px4_msgs/hook/ld_library_path_lib.ps1'
[1.980s] INFO:colcon.colcon_core.shell:Creating environment descriptor '/home/ctuav/ctuav_gazebo-research/install/px4_msgs/share/px4_msgs/hook/ld_library_path_lib.dsv'
[1.980s] INFO:colcon.colcon_core.shell:Creating environment hook '/home/ctuav/ctuav_gazebo-research/install/px4_msgs/share/px4_msgs/hook/ld_library_path_lib.sh'
[1.981s] Level 1:colcon.colcon_core.environment:checking '/home/ctuav/ctuav_gazebo-research/install/px4_msgs/bin'
[1.981s] Level 1:colcon.colcon_core.environment:checking '/home/ctuav/ctuav_gazebo-research/install/px4_msgs/lib/pkgconfig/px4_msgs.pc'
[1.981s] Level 1:colcon.colcon_core.environment:checking '/home/ctuav/ctuav_gazebo-research/install/px4_msgs/lib/python3.10/site-packages'
[1.981s] Level 1:colcon.colcon_core.environment:checking '/home/ctuav/ctuav_gazebo-research/install/px4_msgs/bin'
[1.981s] INFO:colcon.colcon_core.shell:Creating package script '/home/ctuav/ctuav_gazebo-research/install/px4_msgs/share/px4_msgs/package.ps1'
[1.982s] INFO:colcon.colcon_core.shell:Creating package descriptor '/home/ctuav/ctuav_gazebo-research/install/px4_msgs/share/px4_msgs/package.dsv'
[1.982s] INFO:colcon.colcon_core.shell:Creating package script '/home/ctuav/ctuav_gazebo-research/install/px4_msgs/share/px4_msgs/package.sh'
[1.982s] INFO:colcon.colcon_core.shell:Creating package script '/home/ctuav/ctuav_gazebo-research/install/px4_msgs/share/px4_msgs/package.bash'
[1.983s] INFO:colcon.colcon_core.shell:Creating package script '/home/ctuav/ctuav_gazebo-research/install/px4_msgs/share/px4_msgs/package.zsh'
[1.983s] Level 1:colcon.colcon_core.environment:create_file_with_runtime_dependencies(/home/ctuav/ctuav_gazebo-research/install/px4_msgs/share/colcon-core/packages/px4_msgs)
[1.983s] Level 1:colcon.colcon_core.environment:create_environment_scripts_only(px4_msgs)
[1.983s] Level 1:colcon.colcon_core.environment:checking '/home/ctuav/ctuav_gazebo-research/install/px4_msgs' for CMake module files
[1.984s] Level 1:colcon.colcon_core.environment:checking '/home/ctuav/ctuav_gazebo-research/install/px4_msgs' for CMake config files
[2.005s] Level 1:colcon.colcon_core.shell:create_environment_hook('px4_msgs', 'cmake_prefix_path')
[2.005s] INFO:colcon.colcon_core.shell:Creating environment hook '/home/ctuav/ctuav_gazebo-research/install/px4_msgs/share/px4_msgs/hook/cmake_prefix_path.ps1'
[2.005s] INFO:colcon.colcon_core.shell:Creating environment descriptor '/home/ctuav/ctuav_gazebo-research/install/px4_msgs/share/px4_msgs/hook/cmake_prefix_path.dsv'
[2.006s] INFO:colcon.colcon_core.shell:Creating environment hook '/home/ctuav/ctuav_gazebo-research/install/px4_msgs/share/px4_msgs/hook/cmake_prefix_path.sh'
[2.006s] Level 1:colcon.colcon_core.environment:checking '/home/ctuav/ctuav_gazebo-research/install/px4_msgs/lib'
[2.006s] Level 1:colcon.colcon_core.shell:create_environment_hook('px4_msgs', 'ld_library_path_lib')
[2.006s] INFO:colcon.colcon_core.shell:Creating environment hook '/home/ctuav/ctuav_gazebo-research/install/px4_msgs/share/px4_msgs/hook/ld_library_path_lib.ps1'
[2.007s] INFO:colcon.colcon_core.shell:Creating environment descriptor '/home/ctuav/ctuav_gazebo-research/install/px4_msgs/share/px4_msgs/hook/ld_library_path_lib.dsv'
[2.007s] INFO:colcon.colcon_core.shell:Creating environment hook '/home/ctuav/ctuav_gazebo-research/install/px4_msgs/share/px4_msgs/hook/ld_library_path_lib.sh'
[2.007s] Level 1:colcon.colcon_core.environment:checking '/home/ctuav/ctuav_gazebo-research/install/px4_msgs/bin'
[2.007s] Level 1:colcon.colcon_core.environment:checking '/home/ctuav/ctuav_gazebo-research/install/px4_msgs/lib/pkgconfig/px4_msgs.pc'
[2.008s] Level 1:colcon.colcon_core.environment:checking '/home/ctuav/ctuav_gazebo-research/install/px4_msgs/lib/python3.10/site-packages'
[2.008s] Level 1:colcon.colcon_core.environment:checking '/home/ctuav/ctuav_gazebo-research/install/px4_msgs/bin'
[2.008s] INFO:colcon.colcon_core.shell:Creating package script '/home/ctuav/ctuav_gazebo-research/install/px4_msgs/share/px4_msgs/package.ps1'
[2.008s] INFO:colcon.colcon_core.shell:Creating package descriptor '/home/ctuav/ctuav_gazebo-research/install/px4_msgs/share/px4_msgs/package.dsv'
[2.009s] INFO:colcon.colcon_core.shell:Creating package script '/home/ctuav/ctuav_gazebo-research/install/px4_msgs/share/px4_msgs/package.sh'
[2.009s] INFO:colcon.colcon_core.shell:Creating package script '/home/ctuav/ctuav_gazebo-research/install/px4_msgs/share/px4_msgs/package.bash'
[2.009s] INFO:colcon.colcon_core.shell:Creating package script '/home/ctuav/ctuav_gazebo-research/install/px4_msgs/share/px4_msgs/package.zsh'
[2.010s] Level 1:colcon.colcon_core.environment:create_file_with_runtime_dependencies(/home/ctuav/ctuav_gazebo-research/install/px4_msgs/share/colcon-core/packages/px4_msgs)
[2.010s] INFO:colcon.colcon_ros.task.ament_cmake.build:Building ROS package in '/home/ctuav/ctuav_gazebo-research/src/px4_ros_com' with build type 'ament_cmake'
[2.010s] INFO:colcon.colcon_cmake.task.cmake.build:Building CMake package in '/home/ctuav/ctuav_gazebo-research/src/px4_ros_com'
[2.011s] INFO:colcon.colcon_core.shell:Skip shell extension 'powershell' for command environment: Not usable outside of PowerShell
[2.011s] DEBUG:colcon.colcon_core.shell:Skip shell extension 'dsv' for command environment
[2.020s] DEBUG:colcon.colcon_core.event_handler.log_command:Invoking command in '/home/ctuav/ctuav_gazebo-research/build/px4_ros_com': CMAKE_PREFIX_PATH=/home/ctuav/ctuav_gazebo-research/install/px4_msgs:/home/ctuav/ctuav_gazebo-research/install/px4_ros_com:/home/ctuav/ctuav_gazebo-research/install/px4:/home/ctuav/ctuav_gazebo-research/install/microxrcedds_agent:/home/ctuav/ctuav_gazebo-research/install/fastrtps:/home/ctuav/ctuav_gazebo-research/install/fastcdr:/opt/ros/humble LD_LIBRARY_PATH=/home/ctuav/ctuav_gazebo-research/install/px4_msgs/lib:/home/ctuav/ctuav_gazebo-research/install/px4_ros_com/lib:/home/ctuav/ctuav_gazebo-research/install/px4/lib:/home/ctuav/ctuav_gazebo-research/install/microxrcedds_agent/lib:/home/ctuav/ctuav_gazebo-research/install/fastrtps/lib:/home/ctuav/ctuav_gazebo-research/install/fastcdr/lib:/opt/ros/humble/opt/rviz_ogre_vendor/lib:/opt/ros/humble/lib/x86_64-linux-gnu:/opt/ros/humble/lib /usr/bin/cmake --build /home/ctuav/ctuav_gazebo-research/build/px4_ros_com -- -j12 -l12
[2.311s] DEBUG:colcon.colcon_core.event_handler.log_command:Invoked command in '/home/ctuav/ctuav_gazebo-research/build/px4_ros_com' returned '0': CMAKE_PREFIX_PATH=/home/ctuav/ctuav_gazebo-research/install/px4_msgs:/home/ctuav/ctuav_gazebo-research/install/px4_ros_com:/home/ctuav/ctuav_gazebo-research/install/px4:/home/ctuav/ctuav_gazebo-research/install/microxrcedds_agent:/home/ctuav/ctuav_gazebo-research/install/fastrtps:/home/ctuav/ctuav_gazebo-research/install/fastcdr:/opt/ros/humble LD_LIBRARY_PATH=/home/ctuav/ctuav_gazebo-research/install/px4_msgs/lib:/home/ctuav/ctuav_gazebo-research/install/px4_ros_com/lib:/home/ctuav/ctuav_gazebo-research/install/px4/lib:/home/ctuav/ctuav_gazebo-research/install/microxrcedds_agent/lib:/home/ctuav/ctuav_gazebo-research/install/fastrtps/lib:/home/ctuav/ctuav_gazebo-research/install/fastcdr/lib:/opt/ros/humble/opt/rviz_ogre_vendor/lib:/opt/ros/humble/lib/x86_64-linux-gnu:/opt/ros/humble/lib /usr/bin/cmake --build /home/ctuav/ctuav_gazebo-research/build/px4_ros_com -- -j12 -l12
[2.312s] DEBUG:colcon.colcon_core.event_handler.log_command:Invoking command in '/home/ctuav/ctuav_gazebo-research/build/px4_ros_com': CMAKE_PREFIX_PATH=/home/ctuav/ctuav_gazebo-research/install/px4_msgs:/home/ctuav/ctuav_gazebo-research/install/px4_ros_com:/home/ctuav/ctuav_gazebo-research/install/px4:/home/ctuav/ctuav_gazebo-research/install/microxrcedds_agent:/home/ctuav/ctuav_gazebo-research/install/fastrtps:/home/ctuav/ctuav_gazebo-research/install/fastcdr:/opt/ros/humble LD_LIBRARY_PATH=/home/ctuav/ctuav_gazebo-research/install/px4_msgs/lib:/home/ctuav/ctuav_gazebo-research/install/px4_ros_com/lib:/home/ctuav/ctuav_gazebo-research/install/px4/lib:/home/ctuav/ctuav_gazebo-research/install/microxrcedds_agent/lib:/home/ctuav/ctuav_gazebo-research/install/fastrtps/lib:/home/ctuav/ctuav_gazebo-research/install/fastcdr/lib:/opt/ros/humble/opt/rviz_ogre_vendor/lib:/opt/ros/humble/lib/x86_64-linux-gnu:/opt/ros/humble/lib /usr/bin/cmake --install /home/ctuav/ctuav_gazebo-research/build/px4_ros_com
[2.366s] Level 1:colcon.colcon_core.environment:create_environment_scripts_only(px4_ros_com)
[2.366s] Level 1:colcon.colcon_core.environment:checking '/home/ctuav/ctuav_gazebo-research/install/px4_ros_com' for CMake module files
[2.366s] DEBUG:colcon.colcon_core.event_handler.log_command:Invoked command in '/home/ctuav/ctuav_gazebo-research/build/px4_ros_com' returned '0': CMAKE_PREFIX_PATH=/home/ctuav/ctuav_gazebo-research/install/px4_msgs:/home/ctuav/ctuav_gazebo-research/install/px4_ros_com:/home/ctuav/ctuav_gazebo-research/install/px4:/home/ctuav/ctuav_gazebo-research/install/microxrcedds_agent:/home/ctuav/ctuav_gazebo-research/install/fastrtps:/home/ctuav/ctuav_gazebo-research/install/fastcdr:/opt/ros/humble LD_LIBRARY_PATH=/home/ctuav/ctuav_gazebo-research/install/px4_msgs/lib:/home/ctuav/ctuav_gazebo-research/install/px4_ros_com/lib:/home/ctuav/ctuav_gazebo-research/install/px4/lib:/home/ctuav/ctuav_gazebo-research/install/microxrcedds_agent/lib:/home/ctuav/ctuav_gazebo-research/install/fastrtps/lib:/home/ctuav/ctuav_gazebo-research/install/fastcdr/lib:/opt/ros/humble/opt/rviz_ogre_vendor/lib:/opt/ros/humble/lib/x86_64-linux-gnu:/opt/ros/humble/lib /usr/bin/cmake --install /home/ctuav/ctuav_gazebo-research/build/px4_ros_com
[2.367s] Level 1:colcon.colcon_core.environment:checking '/home/ctuav/ctuav_gazebo-research/install/px4_ros_com' for CMake config files
[2.367s] Level 1:colcon.colcon_core.shell:create_environment_hook('px4_ros_com', 'cmake_prefix_path')
[2.367s] INFO:colcon.colcon_core.shell:Creating environment hook '/home/ctuav/ctuav_gazebo-research/install/px4_ros_com/share/px4_ros_com/hook/cmake_prefix_path.ps1'
[2.368s] INFO:colcon.colcon_core.shell:Creating environment descriptor '/home/ctuav/ctuav_gazebo-research/install/px4_ros_com/share/px4_ros_com/hook/cmake_prefix_path.dsv'
[2.368s] INFO:colcon.colcon_core.shell:Creating environment hook '/home/ctuav/ctuav_gazebo-research/install/px4_ros_com/share/px4_ros_com/hook/cmake_prefix_path.sh'
[2.369s] Level 1:colcon.colcon_core.environment:checking '/home/ctuav/ctuav_gazebo-research/install/px4_ros_com/lib'
[2.369s] Level 1:colcon.colcon_core.shell:create_environment_hook('px4_ros_com', 'ld_library_path_lib')
[2.369s] INFO:colcon.colcon_core.shell:Creating environment hook '/home/ctuav/ctuav_gazebo-research/install/px4_ros_com/share/px4_ros_com/hook/ld_library_path_lib.ps1'
[2.369s] INFO:colcon.colcon_core.shell:Creating environment descriptor '/home/ctuav/ctuav_gazebo-research/install/px4_ros_com/share/px4_ros_com/hook/ld_library_path_lib.dsv'
[2.369s] INFO:colcon.colcon_core.shell:Creating environment hook '/home/ctuav/ctuav_gazebo-research/install/px4_ros_com/share/px4_ros_com/hook/ld_library_path_lib.sh'
[2.370s] Level 1:colcon.colcon_core.environment:checking '/home/ctuav/ctuav_gazebo-research/install/px4_ros_com/bin'
[2.370s] Level 1:colcon.colcon_core.environment:checking '/home/ctuav/ctuav_gazebo-research/install/px4_ros_com/lib/pkgconfig/px4_ros_com.pc'
[2.370s] Level 1:colcon.colcon_core.environment:checking '/home/ctuav/ctuav_gazebo-research/install/px4_ros_com/lib/python3.10/site-packages'
[2.370s] Level 1:colcon.colcon_core.environment:checking '/home/ctuav/ctuav_gazebo-research/install/px4_ros_com/bin'
[2.370s] INFO:colcon.colcon_core.shell:Creating package script '/home/ctuav/ctuav_gazebo-research/install/px4_ros_com/share/px4_ros_com/package.ps1'
[2.371s] INFO:colcon.colcon_core.shell:Creating package descriptor '/home/ctuav/ctuav_gazebo-research/install/px4_ros_com/share/px4_ros_com/package.dsv'
[2.371s] INFO:colcon.colcon_core.shell:Creating package script '/home/ctuav/ctuav_gazebo-research/install/px4_ros_com/share/px4_ros_com/package.sh'
[2.371s] INFO:colcon.colcon_core.shell:Creating package script '/home/ctuav/ctuav_gazebo-research/install/px4_ros_com/share/px4_ros_com/package.bash'
[2.372s] INFO:colcon.colcon_core.shell:Creating package script '/home/ctuav/ctuav_gazebo-research/install/px4_ros_com/share/px4_ros_com/package.zsh'
[2.372s] Level 1:colcon.colcon_core.environment:create_file_with_runtime_dependencies(/home/ctuav/ctuav_gazebo-research/install/px4_ros_com/share/colcon-core/packages/px4_ros_com)
[2.372s] Level 1:colcon.colcon_core.environment:create_environment_scripts_only(px4_ros_com)
[2.372s] Level 1:colcon.colcon_core.environment:checking '/home/ctuav/ctuav_gazebo-research/install/px4_ros_com' for CMake module files
[2.373s] Level 1:colcon.colcon_core.environment:checking '/home/ctuav/ctuav_gazebo-research/install/px4_ros_com' for CMake config files
[2.373s] Level 1:colcon.colcon_core.shell:create_environment_hook('px4_ros_com', 'cmake_prefix_path')
[2.373s] INFO:colcon.colcon_core.shell:Creating environment hook '/home/ctuav/ctuav_gazebo-research/install/px4_ros_com/share/px4_ros_com/hook/cmake_prefix_path.ps1'
[2.374s] INFO:colcon.colcon_core.shell:Creating environment descriptor '/home/ctuav/ctuav_gazebo-research/install/px4_ros_com/share/px4_ros_com/hook/cmake_prefix_path.dsv'
[2.374s] INFO:colcon.colcon_core.shell:Creating environment hook '/home/ctuav/ctuav_gazebo-research/install/px4_ros_com/share/px4_ros_com/hook/cmake_prefix_path.sh'
[2.374s] Level 1:colcon.colcon_core.environment:checking '/home/ctuav/ctuav_gazebo-research/install/px4_ros_com/lib'
[2.374s] Level 1:colcon.colcon_core.shell:create_environment_hook('px4_ros_com', 'ld_library_path_lib')
[2.374s] INFO:colcon.colcon_core.shell:Creating environment hook '/home/ctuav/ctuav_gazebo-research/install/px4_ros_com/share/px4_ros_com/hook/ld_library_path_lib.ps1'
[2.375s] INFO:colcon.colcon_core.shell:Creating environment descriptor '/home/ctuav/ctuav_gazebo-research/install/px4_ros_com/share/px4_ros_com/hook/ld_library_path_lib.dsv'
[2.375s] INFO:colcon.colcon_core.shell:Creating environment hook '/home/ctuav/ctuav_gazebo-research/install/px4_ros_com/share/px4_ros_com/hook/ld_library_path_lib.sh'
[2.375s] Level 1:colcon.colcon_core.environment:checking '/home/ctuav/ctuav_gazebo-research/install/px4_ros_com/bin'
[2.375s] Level 1:colcon.colcon_core.environment:checking '/home/ctuav/ctuav_gazebo-research/install/px4_ros_com/lib/pkgconfig/px4_ros_com.pc'
[2.376s] Level 1:colcon.colcon_core.environment:checking '/home/ctuav/ctuav_gazebo-research/install/px4_ros_com/lib/python3.10/site-packages'
[2.376s] Level 1:colcon.colcon_core.environment:checking '/home/ctuav/ctuav_gazebo-research/install/px4_ros_com/bin'
[2.376s] INFO:colcon.colcon_core.shell:Creating package script '/home/ctuav/ctuav_gazebo-research/install/px4_ros_com/share/px4_ros_com/package.ps1'
[2.377s] INFO:colcon.colcon_core.shell:Creating package descriptor '/home/ctuav/ctuav_gazebo-research/install/px4_ros_com/share/px4_ros_com/package.dsv'
[2.377s] INFO:colcon.colcon_core.shell:Creating package script '/home/ctuav/ctuav_gazebo-research/install/px4_ros_com/share/px4_ros_com/package.sh'
[2.377s] INFO:colcon.colcon_core.shell:Creating package script '/home/ctuav/ctuav_gazebo-research/install/px4_ros_com/share/px4_ros_com/package.bash'
[2.378s] INFO:colcon.colcon_core.shell:Creating package script '/home/ctuav/ctuav_gazebo-research/install/px4_ros_com/share/px4_ros_com/package.zsh'
[2.378s] Level 1:colcon.colcon_core.environment:create_file_with_runtime_dependencies(/home/ctuav/ctuav_gazebo-research/install/px4_ros_com/share/colcon-core/packages/px4_ros_com)
[2.378s] DEBUG:colcon.colcon_parallel_executor.executor.parallel:closing loop
[2.378s] DEBUG:colcon.colcon_parallel_executor.executor.parallel:loop closed
[2.378s] DEBUG:colcon.colcon_parallel_executor.executor.parallel:run_until_complete finished with '0'
[2.378s] DEBUG:colcon.colcon_core.event_reactor:joining thread
[2.383s] INFO:colcon.colcon_core.plugin_system:Skipping extension 'colcon_notification.desktop_notification.terminal_notifier': Not used on non-Darwin systems
[2.383s] INFO:colcon.colcon_core.plugin_system:Skipping extension 'colcon_notification.desktop_notification.win32': Not used on non-Windows systems
[2.383s] INFO:colcon.colcon_notification.desktop_notification:Sending desktop notification using 'notify2'
[2.391s] DEBUG:colcon.colcon_core.event_reactor:joined thread
[2.392s] INFO:colcon.colcon_core.shell:Creating prefix script '/home/ctuav/ctuav_gazebo-research/install/local_setup.ps1'
[2.393s] INFO:colcon.colcon_core.shell:Creating prefix util module '/home/ctuav/ctuav_gazebo-research/install/_local_setup_util_ps1.py'
[2.393s] INFO:colcon.colcon_core.shell:Creating prefix chain script '/home/ctuav/ctuav_gazebo-research/install/setup.ps1'
[2.394s] INFO:colcon.colcon_core.shell:Creating prefix script '/home/ctuav/ctuav_gazebo-research/install/local_setup.sh'
[2.395s] INFO:colcon.colcon_core.shell:Creating prefix util module '/home/ctuav/ctuav_gazebo-research/install/_local_setup_util_sh.py'
[2.395s] INFO:colcon.colcon_core.shell:Creating prefix chain script '/home/ctuav/ctuav_gazebo-research/install/setup.sh'
[2.396s] INFO:colcon.colcon_core.shell:Creating prefix script '/home/ctuav/ctuav_gazebo-research/install/local_setup.bash'
[2.396s] INFO:colcon.colcon_core.shell:Creating prefix chain script '/home/ctuav/ctuav_gazebo-research/install/setup.bash'
[2.397s] INFO:colcon.colcon_core.shell:Creating prefix script '/home/ctuav/ctuav_gazebo-research/install/local_setup.zsh'
[2.397s] INFO:colcon.colcon_core.shell:Creating prefix chain script '/home/ctuav/ctuav_gazebo-research/install/setup.zsh'
