-- Setting build type to 'Release' as none was specified.
-- The C compiler identification is GNU 11.4.0
-- The CXX compiler identification is GNU 11.4.0
-- Detecting C compiler ABI info
-- Detecting C compiler ABI info - done
-- Check for working C compiler: /usr/bin/cc - skipped
-- Detecting C compile features
-- Detecting C compile features - done
-- Detecting CXX compiler ABI info
-- Detecting CXX compiler ABI info - done
-- Check for working CXX compiler: /usr/bin/c++ - skipped
-- Detecting CXX compile features
-- Detecting CXX compile features - done
-- Configuring Fast CDR
-- Version: 1.0.24
-- To change the version modify the file configure.ac
-- Performing Test SUPPORTS_CXX14
-- Performing Test SUPPORTS_CXX14 - Success
-- Looking for sys/types.h
-- Looking for sys/types.h - found
-- Looking for stdint.h
-- Looking for stdint.h - found
-- Looking for stddef.h
-- Looking for stddef.h - found
-- Check size of long double
-- Check size of long double - done
-- Check size of __float128
-- Check size of __float128 - done
-- Configuring done
-- Generating done
-- Build files have been written to: /home/ctuav/ctuav_gazebo-research/build/fastcdr
[ 14%] [32mBuilding CXX object src/cpp/CMakeFiles/fastcdr.dir/FastCdr.cpp.o[0m
[ 42%] [32mBuilding CXX object src/cpp/CMakeFiles/fastcdr.dir/FastBuffer.cpp.o[0m
[ 42%] [32mBuilding CXX object src/cpp/CMakeFiles/fastcdr.dir/Cdr.cpp.o[0m
[ 57%] [32mBuilding CXX object src/cpp/CMakeFiles/fastcdr.dir/exceptions/Exception.cpp.o[0m
[ 85%] [32mBuilding CXX object src/cpp/CMakeFiles/fastcdr.dir/exceptions/BadParamException.cpp.o[0m
[ 85%] [32mBuilding CXX object src/cpp/CMakeFiles/fastcdr.dir/exceptions/NotEnoughMemoryException.cpp.o[0m
[100%] [32m[1mLinking CXX shared library libfastcdr.so[0m
[100%] Built target fastcdr
-- Install configuration: "Release"
-- Installing: /home/ctuav/ctuav_gazebo-research/install/fastcdr/share/fastcdr/LICENSE
-- Installing: /home/ctuav/ctuav_gazebo-research/install/fastcdr/include/fastcdr
-- Installing: /home/ctuav/ctuav_gazebo-research/install/fastcdr/include/fastcdr/eProsima_auto_link.h
-- Installing: /home/ctuav/ctuav_gazebo-research/install/fastcdr/include/fastcdr/Cdr.h
-- Installing: /home/ctuav/ctuav_gazebo-research/install/fastcdr/include/fastcdr/fastcdr_dll.h
-- Installing: /home/ctuav/ctuav_gazebo-research/install/fastcdr/include/fastcdr/exceptions
-- Installing: /home/ctuav/ctuav_gazebo-research/install/fastcdr/include/fastcdr/exceptions/BadParamException.h
-- Installing: /home/ctuav/ctuav_gazebo-research/install/fastcdr/include/fastcdr/exceptions/NotEnoughMemoryException.h
-- Installing: /home/ctuav/ctuav_gazebo-research/install/fastcdr/include/fastcdr/exceptions/Exception.h
-- Installing: /home/ctuav/ctuav_gazebo-research/install/fastcdr/include/fastcdr/FastBuffer.h
-- Installing: /home/ctuav/ctuav_gazebo-research/install/fastcdr/include/fastcdr/FastCdr.h
-- Installing: /home/ctuav/ctuav_gazebo-research/install/fastcdr/include/fastcdr/config.h
-- Installing: /home/ctuav/ctuav_gazebo-research/install/fastcdr/lib/libfastcdr.so.1.0.24
-- Installing: /home/ctuav/ctuav_gazebo-research/install/fastcdr/lib/libfastcdr.so.1
-- Installing: /home/ctuav/ctuav_gazebo-research/install/fastcdr/lib/libfastcdr.so
-- Installing: /home/ctuav/ctuav_gazebo-research/install/fastcdr/lib/cmake/fastcdr/fastcdr-dynamic-targets.cmake
-- Installing: /home/ctuav/ctuav_gazebo-research/install/fastcdr/lib/cmake/fastcdr/fastcdr-dynamic-targets-release.cmake
-- Installing: /home/ctuav/ctuav_gazebo-research/install/fastcdr/lib/cmake/fastcdr/fastcdr-config.cmake
-- Installing: /home/ctuav/ctuav_gazebo-research/install/fastcdr/lib/cmake/fastcdr/fastcdr-config-version.cmake
