[0.005s] Invoking command in '/home/ctuav/ctuav_gazebo-research/build/fastrtps': CMAKE_PREFIX_PATH=/home/ctuav/ctuav_gazebo-research/install/fastcdr:/usr/local LD_LIBRARY_PATH=/home/ctuav/ctuav_gazebo-research/install/fastcdr/lib:${LD_LIBRARY_PATH} /usr/bin/cmake /home/ctuav/ctuav_gazebo-research/Fast-DDS -DCMAKE_INSTALL_PREFIX=/home/ctuav/ctuav_gazebo-research/install/fastrtps
[0.011s] -- Setting build type to 'Release' as none was specified.
[0.053s] -- The C compiler identification is GNU 11.4.0
[0.097s] -- The CXX compiler identification is GNU 11.4.0
[0.103s] -- Detecting C compiler ABI info
[0.163s] -- Detecting C compiler ABI info - done
[0.168s] -- Check for working C compiler: /usr/bin/cc - skipped
[0.168s] -- Detecting C compile features
[0.168s] -- Detecting C compile features - done
[0.171s] -- Detecting CXX compiler ABI info
[0.238s] -- Detecting CXX compiler ABI info - done
[0.243s] -- Check for working CXX compiler: /usr/bin/c++ - skipped
[0.243s] -- Detecting CXX compile features
[0.243s] -- Detecting CXX compile features - done
[0.244s] -- Version: 2.6.6
[0.244s] -- Performing Test SUPPORTS_CXX20
[0.314s] -- Performing Test SUPPORTS_CXX20 - Success
[0.314s] -- Performing Test SUPPORTS_CXX17
[0.380s] -- Performing Test SUPPORTS_CXX17 - Success
[0.381s] -- Performing Test SUPPORTS_CXX14
[0.448s] -- Performing Test SUPPORTS_CXX14 - Success
[0.449s] -- Performing Test SUPPORTS_CXX1Y
[0.514s] -- Performing Test SUPPORTS_CXX1Y - Success
[0.514s] -- Performing Test SUPPORTS_CXX11
[0.581s] -- Performing Test SUPPORTS_CXX11 - Success
[0.582s] -- Found fastcdr
[0.593s] -- Found Asio 1.18.1: /usr/include
[0.593s] -- Found Asio
[0.609s] -- Found TinyXML2
[0.611s] -- Found foonathan_memory: /opt/ros/humble/lib/foonathan_memory/cmake
[0.611s] -- Looking for pthread.h
[0.669s] -- Looking for pthread.h - found
[0.670s] -- Looking for pthread_kill
[0.695s] -- Looking for pthread_kill - not found
[0.696s] -- Looking for pthread_create in pthreads
[0.750s] -- Looking for pthread_create in pthreads - not found
[0.750s] -- Looking for pthread_create in pthread
[0.811s] -- Looking for pthread_create in pthread - found
[0.811s] -- Found Threads: TRUE  
[1.618s] -- Thirdparty/boost compiled OK
[1.667s] -- Found OpenSSL: /usr/lib/x86_64-linux-gnu/libcrypto.so (found version "3.0.2")  
[1.667s] -- OpenSSL library 3.0.2 found...
[1.670s] -- Performing Test ATOMIC_WITHOUT_LIB
[1.759s] -- Performing Test ATOMIC_WITHOUT_LIB - Success
[1.759s] -- Looking for __atomic_load_8 in atomic
[1.818s] -- Looking for __atomic_load_8 in atomic - found
[1.818s] -- Performing Test ATOMIC_WITH_LIB
[1.906s] -- Performing Test ATOMIC_WITH_LIB - Success
[2.382s] -- Framework's shared_mutex is PTHREAD_RWLOCK_PREFER_READER_NP
[2.383s] -- Performing Test HAS_VERSION_SCRIPT_SUPPORT
[2.451s] -- Performing Test HAS_VERSION_SCRIPT_SUPPORT - Success
[2.451s] -- Using linker version script to select exported symbols
[2.457s] -- Configuring done
[2.494s] -- Generating done
[2.501s] -- Build files have been written to: /home/ctuav/ctuav_gazebo-research/build/fastrtps
[2.507s] Invoked command in '/home/ctuav/ctuav_gazebo-research/build/fastrtps' returned '0': CMAKE_PREFIX_PATH=/home/ctuav/ctuav_gazebo-research/install/fastcdr:/usr/local LD_LIBRARY_PATH=/home/ctuav/ctuav_gazebo-research/install/fastcdr/lib:${LD_LIBRARY_PATH} /usr/bin/cmake /home/ctuav/ctuav_gazebo-research/Fast-DDS -DCMAKE_INSTALL_PREFIX=/home/ctuav/ctuav_gazebo-research/install/fastrtps
[2.508s] Invoking command in '/home/ctuav/ctuav_gazebo-research/build/fastrtps': CMAKE_PREFIX_PATH=/home/ctuav/ctuav_gazebo-research/install/fastcdr:/usr/local LD_LIBRARY_PATH=/home/ctuav/ctuav_gazebo-research/install/fastcdr/lib:${LD_LIBRARY_PATH} /usr/bin/cmake --build /home/ctuav/ctuav_gazebo-research/build/fastrtps -- -j12 -l12
[2.565s] [  1%] [32mBuilding CXX object src/cpp/CMakeFiles/fastrtps.dir/fastdds/topic/DDSSQLFilter/DDSFilterField.cpp.o[0m
[2.566s] [  1%] [32mBuilding CXX object src/cpp/CMakeFiles/fastrtps.dir/fastdds/topic/DDSSQLFilter/DDSFilterFactory.cpp.o[0m
[2.566s] [  1%] [32mBuilding CXX object src/cpp/CMakeFiles/fastrtps.dir/fastdds/topic/DDSSQLFilter/DDSFilterValue.cpp.o[0m
[2.566s] [  1%] [32mBuilding CXX object src/cpp/CMakeFiles/fastrtps.dir/fastdds/topic/DDSSQLFilter/DDSFilterParameter.cpp.o[0m
[2.566s] [  2%] [32mBuilding CXX object src/cpp/CMakeFiles/fastrtps.dir/fastdds/topic/DDSSQLFilter/DDSFilterPredicate.cpp.o[0m
[2.566s] [  2%] [32mBuilding CXX object src/cpp/CMakeFiles/fastrtps.dir/fastdds/topic/DDSSQLFilter/DDSFilterExpression.cpp.o[0m
[2.567s] [  3%] [32mBuilding CXX object src/cpp/CMakeFiles/fastrtps.dir/fastdds/log/Log.cpp.o[0m
[2.567s] [  4%] [32mBuilding CXX object src/cpp/CMakeFiles/fastrtps.dir/fastdds/topic/DDSSQLFilter/DDSFilterCompoundCondition.cpp.o[0m
[2.568s] [  5%] [32mBuilding CXX object src/cpp/CMakeFiles/fastrtps.dir/fastdds/topic/DDSSQLFilter/DDSFilterExpressionParser.cpp.o[0m
[2.569s] [  5%] [32mBuilding CXX object src/cpp/CMakeFiles/fastrtps.dir/fastdds/log/StdoutConsumer.cpp.o[0m
[2.574s] [  6%] [32mBuilding CXX object src/cpp/CMakeFiles/fastrtps.dir/fastdds/log/StdoutErrConsumer.cpp.o[0m
[2.578s] [  6%] [32mBuilding CXX object src/cpp/CMakeFiles/fastrtps.dir/fastdds/log/OStreamConsumer.cpp.o[0m
[2.864s] [  7%] [32mBuilding CXX object src/cpp/CMakeFiles/fastrtps.dir/fastdds/log/FileConsumer.cpp.o[0m
[3.190s] [  7%] [32mBuilding CXX object src/cpp/CMakeFiles/fastrtps.dir/rtps/common/Time_t.cpp.o[0m
[3.258s] [  7%] [32mBuilding CXX object src/cpp/CMakeFiles/fastrtps.dir/rtps/resources/ResourceEvent.cpp.o[0m
[3.374s] [  8%] [32mBuilding CXX object src/cpp/CMakeFiles/fastrtps.dir/rtps/resources/TimedEvent.cpp.o[0m
[3.509s] [  8%] [32mBuilding CXX object src/cpp/CMakeFiles/fastrtps.dir/rtps/resources/TimedEventImpl.cpp.o[0m
[3.513s] [  9%] [32mBuilding CXX object src/cpp/CMakeFiles/fastrtps.dir/rtps/writer/LivelinessManager.cpp.o[0m
[3.580s] [  9%] [32mBuilding CXX object src/cpp/CMakeFiles/fastrtps.dir/rtps/writer/LocatorSelectorSender.cpp.o[0m
[3.665s] [ 10%] [32mBuilding CXX object src/cpp/CMakeFiles/fastrtps.dir/rtps/writer/RTPSWriter.cpp.o[0m
[3.986s] [ 10%] [32mBuilding CXX object src/cpp/CMakeFiles/fastrtps.dir/rtps/writer/StatefulWriter.cpp.o[0m
[4.004s] [ 11%] [32mBuilding CXX object src/cpp/CMakeFiles/fastrtps.dir/rtps/writer/ReaderProxy.cpp.o[0m
[4.079s] [ 11%] [32mBuilding CXX object src/cpp/CMakeFiles/fastrtps.dir/rtps/writer/StatelessWriter.cpp.o[0m
[4.154s] [ 12%] [32mBuilding CXX object src/cpp/CMakeFiles/fastrtps.dir/rtps/writer/ReaderLocator.cpp.o[0m
[4.739s] [ 12%] [32mBuilding CXX object src/cpp/CMakeFiles/fastrtps.dir/rtps/history/CacheChangePool.cpp.o[0m
[4.991s] [ 13%] [32mBuilding CXX object src/cpp/CMakeFiles/fastrtps.dir/rtps/history/History.cpp.o[0m
[5.503s] [ 13%] [32mBuilding CXX object src/cpp/CMakeFiles/fastrtps.dir/rtps/history/WriterHistory.cpp.o[0m
[6.012s] [ 14%] [32mBuilding CXX object src/cpp/CMakeFiles/fastrtps.dir/rtps/history/ReaderHistory.cpp.o[0m
[6.031s] [ 14%] [32mBuilding CXX object src/cpp/CMakeFiles/fastrtps.dir/rtps/history/TopicPayloadPool.cpp.o[0m
[6.566s] [ 15%] [32mBuilding CXX object src/cpp/CMakeFiles/fastrtps.dir/rtps/history/TopicPayloadPoolRegistry.cpp.o[0m
[7.277s] [ 15%] [32mBuilding CXX object src/cpp/CMakeFiles/fastrtps.dir/rtps/DataSharing/DataSharingPayloadPool.cpp.o[0m
[7.378s] [ 15%] [32mBuilding CXX object src/cpp/CMakeFiles/fastrtps.dir/rtps/DataSharing/DataSharingListener.cpp.o[0m
[7.415s] [ 16%] [32mBuilding CXX object src/cpp/CMakeFiles/fastrtps.dir/rtps/DataSharing/DataSharingNotification.cpp.o[0m
[7.952s] [ 16%] [32mBuilding CXX object src/cpp/CMakeFiles/fastrtps.dir/rtps/reader/WriterProxy.cpp.o[0m
[8.167s] [ 17%] [32mBuilding CXX object src/cpp/CMakeFiles/fastrtps.dir/rtps/reader/StatefulReader.cpp.o[0m
[8.326s] [ 17%] [32mBuilding CXX object src/cpp/CMakeFiles/fastrtps.dir/rtps/reader/StatelessReader.cpp.o[0m
[8.557s] [ 18%] [32mBuilding CXX object src/cpp/CMakeFiles/fastrtps.dir/rtps/reader/RTPSReader.cpp.o[0m
[8.596s] [ 18%] [32mBuilding CXX object src/cpp/CMakeFiles/fastrtps.dir/rtps/messages/RTPSMessageCreator.cpp.o[0m
[8.737s] [ 19%] [32mBuilding CXX object src/cpp/CMakeFiles/fastrtps.dir/rtps/messages/RTPSMessageGroup.cpp.o[0m
[10.018s] [ 19%] [32mBuilding CXX object src/cpp/CMakeFiles/fastrtps.dir/rtps/messages/RTPSGapBuilder.cpp.o[0m
[10.546s] [ 20%] [32mBuilding CXX object src/cpp/CMakeFiles/fastrtps.dir/rtps/messages/SendBuffersManager.cpp.o[0m
[10.883s] [ 20%] [32mBuilding CXX object src/cpp/CMakeFiles/fastrtps.dir/rtps/messages/MessageReceiver.cpp.o[0m
[11.498s] [ 21%] [32mBuilding CXX object src/cpp/CMakeFiles/fastrtps.dir/rtps/network/NetworkFactory.cpp.o[0m
[11.892s] [ 21%] [32mBuilding CXX object src/cpp/CMakeFiles/fastrtps.dir/rtps/network/ReceiverResource.cpp.o[0m
[12.029s] [ 22%] [32mBuilding CXX object src/cpp/CMakeFiles/fastrtps.dir/rtps/participant/RTPSParticipant.cpp.o[0m
[12.347s] [ 22%] [32mBuilding CXX object src/cpp/CMakeFiles/fastrtps.dir/rtps/participant/RTPSParticipantImpl.cpp.o[0m
[13.488s] [ 23%] [32mBuilding CXX object src/cpp/CMakeFiles/fastrtps.dir/rtps/RTPSDomain.cpp.o[0m
[13.586s] [ 23%] [32mBuilding CXX object src/cpp/CMakeFiles/fastrtps.dir/fastrtps_deprecated/Domain.cpp.o[0m
[13.597s] [ 23%] [32mBuilding CXX object src/cpp/CMakeFiles/fastrtps.dir/fastrtps_deprecated/participant/Participant.cpp.o[0m
[13.647s] [ 24%] [32mBuilding CXX object src/cpp/CMakeFiles/fastrtps.dir/fastrtps_deprecated/participant/ParticipantImpl.cpp.o[0m
[14.179s] [ 24%] [32mBuilding CXX object src/cpp/CMakeFiles/fastrtps.dir/fastrtps_deprecated/publisher/Publisher.cpp.o[0m
[14.415s] [ 25%] [32mBuilding CXX object src/cpp/CMakeFiles/fastrtps.dir/fastrtps_deprecated/publisher/PublisherImpl.cpp.o[0m
[14.462s] [ 25%] [32mBuilding CXX object src/cpp/CMakeFiles/fastrtps.dir/fastrtps_deprecated/publisher/PublisherHistory.cpp.o[0m
[14.818s] [ 26%] [32mBuilding CXX object src/cpp/CMakeFiles/fastrtps.dir/fastrtps_deprecated/subscriber/Subscriber.cpp.o[0m
[15.208s] [ 26%] [32mBuilding CXX object src/cpp/CMakeFiles/fastrtps.dir/fastrtps_deprecated/subscriber/SubscriberImpl.cpp.o[0m
[15.573s] [ 27%] [32mBuilding CXX object src/cpp/CMakeFiles/fastrtps.dir/fastrtps_deprecated/subscriber/SubscriberHistory.cpp.o[0m
[16.011s] [ 27%] [32mBuilding CXX object src/cpp/CMakeFiles/fastrtps.dir/fastdds/publisher/DataWriter.cpp.o[0m
[16.029s] [ 28%] [32mBuilding CXX object src/cpp/CMakeFiles/fastrtps.dir/fastdds/publisher/DataWriterImpl.cpp.o[0m
[16.136s] [ 28%] [32mBuilding CXX object src/cpp/CMakeFiles/fastrtps.dir/fastdds/publisher/DataWriterHistory.cpp.o[0m
[16.946s] [ 29%] [32mBuilding CXX object src/cpp/CMakeFiles/fastrtps.dir/fastdds/topic/ContentFilteredTopic.cpp.o[0m
[17.640s] [ 29%] [32mBuilding CXX object src/cpp/CMakeFiles/fastrtps.dir/fastdds/topic/ContentFilteredTopicImpl.cpp.o[0m
[18.527s] [ 30%] [32mBuilding CXX object src/cpp/CMakeFiles/fastrtps.dir/fastdds/topic/Topic.cpp.o[0m
[18.864s] [ 30%] [32mBuilding CXX object src/cpp/CMakeFiles/fastrtps.dir/fastdds/topic/TopicImpl.cpp.o[0m
[18.889s] [ 30%] [32mBuilding CXX object src/cpp/CMakeFiles/fastrtps.dir/fastdds/topic/TypeSupport.cpp.o[0m
[18.927s] [ 31%] [32mBuilding CXX object src/cpp/CMakeFiles/fastrtps.dir/fastdds/topic/qos/TopicQos.cpp.o[0m
[19.081s] [ 31%] [32mBuilding CXX object src/cpp/CMakeFiles/fastrtps.dir/fastdds/publisher/qos/DataWriterQos.cpp.o[0m
[19.305s] [ 32%] [32mBuilding CXX object src/cpp/CMakeFiles/fastrtps.dir/fastdds/subscriber/qos/DataReaderQos.cpp.o[0m
[19.398s] [ 32%] [32mBuilding CXX object src/cpp/CMakeFiles/fastrtps.dir/fastdds/publisher/PublisherImpl.cpp.o[0m
[19.627s] [ 33%] [32mBuilding CXX object src/cpp/CMakeFiles/fastrtps.dir/fastdds/publisher/qos/PublisherQos.cpp.o[0m
[20.167s] [ 33%] [32mBuilding CXX object src/cpp/CMakeFiles/fastrtps.dir/fastdds/publisher/Publisher.cpp.o[0m
[20.297s] [ 34%] [32mBuilding CXX object src/cpp/CMakeFiles/fastrtps.dir/fastdds/subscriber/SubscriberImpl.cpp.o[0m
[20.695s] [ 34%] [32mBuilding CXX object src/cpp/CMakeFiles/fastrtps.dir/fastdds/subscriber/qos/SubscriberQos.cpp.o[0m
[20.739s] [ 35%] [32mBuilding CXX object src/cpp/CMakeFiles/fastrtps.dir/fastdds/subscriber/Subscriber.cpp.o[0m
[20.983s] [ 35%] [32mBuilding CXX object src/cpp/CMakeFiles/fastrtps.dir/fastdds/subscriber/DataReader.cpp.o[0m
[21.501s] [ 36%] [32mBuilding CXX object src/cpp/CMakeFiles/fastrtps.dir/fastdds/subscriber/DataReaderImpl.cpp.o[0m
[21.636s] [ 36%] [32mBuilding CXX object src/cpp/CMakeFiles/fastrtps.dir/fastdds/subscriber/history/DataReaderHistory.cpp.o[0m
[21.774s] [ 37%] [32mBuilding CXX object src/cpp/CMakeFiles/fastrtps.dir/fastdds/domain/DomainParticipantFactory.cpp.o[0m
[22.051s] [ 38%] [32mBuilding CXX object src/cpp/CMakeFiles/fastrtps.dir/fastdds/domain/DomainParticipant.cpp.o[0m
[22.055s] [ 38%] [32mBuilding CXX object src/cpp/CMakeFiles/fastrtps.dir/fastdds/domain/DomainParticipantImpl.cpp.o[0m
[22.453s] [ 38%] [32mBuilding CXX object src/cpp/CMakeFiles/fastrtps.dir/fastdds/domain/qos/DomainParticipantQos.cpp.o[0m
[22.571s] [ 38%] [32mBuilding CXX object src/cpp/CMakeFiles/fastrtps.dir/fastdds/domain/qos/DomainParticipantFactoryQos.cpp.o[0m
[23.271s] [ 39%] [32mBuilding CXX object src/cpp/CMakeFiles/fastrtps.dir/fastdds/builtin/typelookup/common/TypeLookupTypes.cpp.o[0m
[24.269s] [ 39%] [32mBuilding CXX object src/cpp/CMakeFiles/fastrtps.dir/fastdds/builtin/common/RPCHeadersImpl.cpp.o[0m
[25.028s] [ 40%] [32mBuilding CXX object src/cpp/CMakeFiles/fastrtps.dir/fastdds/builtin/typelookup/TypeLookupManager.cpp.o[0m
[25.062s] [ 40%] [32mBuilding CXX object src/cpp/CMakeFiles/fastrtps.dir/fastdds/builtin/typelookup/TypeLookupRequestListener.cpp.o[0m
[25.064s] [ 41%] [32mBuilding CXX object src/cpp/CMakeFiles/fastrtps.dir/fastdds/builtin/typelookup/TypeLookupReplyListener.cpp.o[0m
[25.127s] [ 41%] [32mBuilding CXX object src/cpp/CMakeFiles/fastrtps.dir/rtps/transport/ChannelResource.cpp.o[0m
[25.660s] [ 42%] [32mBuilding CXX object src/cpp/CMakeFiles/fastrtps.dir/rtps/transport/UDPChannelResource.cpp.o[0m
[25.768s] [ 42%] [32mBuilding CXX object src/cpp/CMakeFiles/fastrtps.dir/rtps/transport/TCPChannelResource.cpp.o[0m
[25.828s] [ 43%] [32mBuilding CXX object src/cpp/CMakeFiles/fastrtps.dir/rtps/transport/TCPChannelResourceBasic.cpp.o[0m
[26.189s] [ 43%] [32mBuilding CXX object src/cpp/CMakeFiles/fastrtps.dir/rtps/transport/TCPAcceptor.cpp.o[0m
[26.810s] [ 44%] [32mBuilding CXX object src/cpp/CMakeFiles/fastrtps.dir/rtps/transport/TCPAcceptorBasic.cpp.o[0m
[26.867s] [ 44%] [32mBuilding CXX object src/cpp/CMakeFiles/fastrtps.dir/rtps/transport/UDPv4Transport.cpp.o[0m
[27.755s] [ 45%] [32mBuilding CXX object src/cpp/CMakeFiles/fastrtps.dir/rtps/transport/TCPTransportInterface.cpp.o[0m
[27.816s] [ 45%] [32mBuilding CXX object src/cpp/CMakeFiles/fastrtps.dir/rtps/transport/UDPTransportInterface.cpp.o[0m
[27.972s] [ 46%] [32mBuilding CXX object src/cpp/CMakeFiles/fastrtps.dir/rtps/transport/shared_mem/SharedMemTransportDescriptor.cpp.o[0m
[28.484s] [ 46%] [32mBuilding CXX object src/cpp/CMakeFiles/fastrtps.dir/rtps/transport/TCPv4Transport.cpp.o[0m
[28.512s] [ 46%] [32mBuilding CXX object src/cpp/CMakeFiles/fastrtps.dir/rtps/transport/UDPv6Transport.cpp.o[0m
[29.040s] [ 47%] [32mBuilding CXX object src/cpp/CMakeFiles/fastrtps.dir/rtps/transport/TCPv6Transport.cpp.o[0m
[29.557s] [ 47%] [32mBuilding CXX object src/cpp/CMakeFiles/fastrtps.dir/rtps/transport/test_UDPv4Transport.cpp.o[0m
[30.569s] [ 48%] [32mBuilding CXX object src/cpp/CMakeFiles/fastrtps.dir/rtps/transport/tcp/TCPControlMessage.cpp.o[0m
[31.648s] [ 48%] [32mBuilding CXX object src/cpp/CMakeFiles/fastrtps.dir/rtps/transport/tcp/RTCPMessageManager.cpp.o[0m
[31.756s] [ 49%] [32mBuilding CXX object src/cpp/CMakeFiles/fastrtps.dir/rtps/transport/ChainingTransport.cpp.o[0m
[32.676s] [ 49%] [32mBuilding CXX object src/cpp/CMakeFiles/fastrtps.dir/dynamic-types/AnnotationDescriptor.cpp.o[0m
[33.036s] [ 50%] [32mBuilding CXX object src/cpp/CMakeFiles/fastrtps.dir/dynamic-types/AnnotationParameterValue.cpp.o[0m
[33.054s] [ 50%] [32mBuilding CXX object src/cpp/CMakeFiles/fastrtps.dir/dynamic-types/DynamicData.cpp.o[0m
[33.064s] [ 51%] [32mBuilding CXX object src/cpp/CMakeFiles/fastrtps.dir/dynamic-types/DynamicDataFactory.cpp.o[0m
[33.129s] [ 51%] [32mBuilding CXX object src/cpp/CMakeFiles/fastrtps.dir/dynamic-types/DynamicType.cpp.o[0m
[33.597s] [ 52%] [32mBuilding CXX object src/cpp/CMakeFiles/fastrtps.dir/dynamic-types/DynamicPubSubType.cpp.o[0m
[33.669s] [ 52%] [32mBuilding CXX object src/cpp/CMakeFiles/fastrtps.dir/dynamic-types/DynamicTypePtr.cpp.o[0m
[33.801s] [ 53%] [32mBuilding CXX object src/cpp/CMakeFiles/fastrtps.dir/dynamic-types/DynamicDataPtr.cpp.o[0m
[34.007s] [ 53%] [32mBuilding CXX object src/cpp/CMakeFiles/fastrtps.dir/dynamic-types/DynamicTypeBuilder.cpp.o[0m
[34.202s] [ 53%] [32mBuilding CXX object src/cpp/CMakeFiles/fastrtps.dir/dynamic-types/DynamicTypeBuilderPtr.cpp.o[0m
[34.257s] [ 54%] [32mBuilding CXX object src/cpp/CMakeFiles/fastrtps.dir/dynamic-types/DynamicTypeBuilderFactory.cpp.o[0m
[34.280s] [ 54%] [32mBuilding CXX object src/cpp/CMakeFiles/fastrtps.dir/dynamic-types/DynamicTypeMember.cpp.o[0m
[34.293s] [ 55%] [32mBuilding CXX object src/cpp/CMakeFiles/fastrtps.dir/dynamic-types/MemberDescriptor.cpp.o[0m
[34.330s] [ 55%] [32mBuilding CXX object src/cpp/CMakeFiles/fastrtps.dir/dynamic-types/TypeDescriptor.cpp.o[0m
[34.503s] [ 56%] [32mBuilding CXX object src/cpp/CMakeFiles/fastrtps.dir/dynamic-types/TypeIdentifier.cpp.o[0m
[35.114s] [ 56%] [32mBuilding CXX object src/cpp/CMakeFiles/fastrtps.dir/dynamic-types/TypeIdentifierTypes.cpp.o[0m
[35.183s] [ 57%] [32mBuilding CXX object src/cpp/CMakeFiles/fastrtps.dir/dynamic-types/TypeObject.cpp.o[0m
[35.572s] [ 57%] [32mBuilding CXX object src/cpp/CMakeFiles/fastrtps.dir/dynamic-types/TypeObjectHashId.cpp.o[0m
[35.773s] [ 58%] [32mBuilding CXX object src/cpp/CMakeFiles/fastrtps.dir/dynamic-types/TypeObjectFactory.cpp.o[0m
[36.003s] [ 58%] [32mBuilding CXX object src/cpp/CMakeFiles/fastrtps.dir/dynamic-types/TypeNamesGenerator.cpp.o[0m
[36.024s] [ 59%] [32mBuilding CXX object src/cpp/CMakeFiles/fastrtps.dir/dynamic-types/TypesBase.cpp.o[0m
[36.107s] [ 60%] [32mBuilding CXX object src/cpp/CMakeFiles/fastrtps.dir/dynamic-types/DynamicDataHelper.cpp.o[0m
[36.108s] [ 60%] [32mBuilding CXX object src/cpp/CMakeFiles/fastrtps.dir/dynamic-types/BuiltinAnnotationsTypeObject.cpp.o[0m
[36.366s] [ 60%] [32mBuilding CXX object src/cpp/CMakeFiles/fastrtps.dir/fastrtps_deprecated/attributes/TopicAttributes.cpp.o[0m
[36.377s] [ 61%] [32mBuilding CXX object src/cpp/CMakeFiles/fastrtps.dir/fastdds/core/Entity.cpp.o[0m
[36.418s] [ 61%] [32mBuilding CXX object src/cpp/CMakeFiles/fastrtps.dir/fastdds/core/condition/Condition.cpp.o[0m
[36.609s] [ 61%] [32mBuilding CXX object src/cpp/CMakeFiles/fastrtps.dir/fastdds/core/condition/ConditionNotifier.cpp.o[0m
[37.122s] [ 62%] [32mBuilding CXX object src/cpp/CMakeFiles/fastrtps.dir/fastdds/core/condition/GuardCondition.cpp.o[0m
[37.297s] [ 62%] [32mBuilding CXX object src/cpp/CMakeFiles/fastrtps.dir/fastdds/core/condition/StatusCondition.cpp.o[0m
[37.640s] [ 63%] [32mBuilding CXX object src/cpp/CMakeFiles/fastrtps.dir/fastdds/core/condition/StatusConditionImpl.cpp.o[0m
[37.775s] [ 63%] [32mBuilding CXX object src/cpp/CMakeFiles/fastrtps.dir/fastdds/core/condition/WaitSet.cpp.o[0m
[37.954s] [ 64%] [32mBuilding CXX object src/cpp/CMakeFiles/fastrtps.dir/fastdds/core/condition/WaitSetImpl.cpp.o[0m
[38.088s] [ 64%] [32mBuilding CXX object src/cpp/CMakeFiles/fastrtps.dir/fastdds/core/policy/ParameterList.cpp.o[0m
[38.405s] [ 65%] [32mBuilding CXX object src/cpp/CMakeFiles/fastrtps.dir/fastdds/core/policy/QosPolicyUtils.cpp.o[0m
[38.475s] [ 65%] [32mBuilding CXX object src/cpp/CMakeFiles/fastrtps.dir/fastdds/publisher/qos/WriterQos.cpp.o[0m
[38.564s] [ 66%] [32mBuilding CXX object src/cpp/CMakeFiles/fastrtps.dir/fastdds/subscriber/qos/ReaderQos.cpp.o[0m
[38.896s] [ 66%] [32mBuilding CXX object src/cpp/CMakeFiles/fastrtps.dir/rtps/builtin/BuiltinProtocols.cpp.o[0m
[38.933s] [ 67%] [32mBuilding CXX object src/cpp/CMakeFiles/fastrtps.dir/rtps/builtin/discovery/participant/DirectMessageSender.cpp.o[0m
[39.345s] [ 67%] [32mBuilding CXX object src/cpp/CMakeFiles/fastrtps.dir/rtps/builtin/discovery/participant/PDP.cpp.o[0m
[39.402s] [ 68%] [32mBuilding CXX object src/cpp/CMakeFiles/fastrtps.dir/rtps/builtin/discovery/participant/PDPSimple.cpp.o[0m
[39.524s] [ 68%] [32mBuilding CXX object src/cpp/CMakeFiles/fastrtps.dir/rtps/builtin/discovery/participant/PDPListener.cpp.o[0m
[39.706s] [ 69%] [32mBuilding CXX object src/cpp/CMakeFiles/fastrtps.dir/rtps/builtin/discovery/endpoint/EDP.cpp.o[0m
[40.440s] [ 69%] [32mBuilding CXX object src/cpp/CMakeFiles/fastrtps.dir/rtps/builtin/discovery/endpoint/EDPSimple.cpp.o[0m
[40.456s] [ 69%] [32mBuilding CXX object src/cpp/CMakeFiles/fastrtps.dir/rtps/builtin/discovery/endpoint/EDPSimpleListeners.cpp.o[0m
[40.578s] [ 70%] [32mBuilding CXX object src/cpp/CMakeFiles/fastrtps.dir/rtps/builtin/discovery/endpoint/EDPStatic.cpp.o[0m
[41.168s] [ 70%] [32mBuilding CXX object src/cpp/CMakeFiles/fastrtps.dir/rtps/builtin/liveliness/WLP.cpp.o[0m
[41.361s] [ 71%] [32mBuilding CXX object src/cpp/CMakeFiles/fastrtps.dir/rtps/builtin/liveliness/WLPListener.cpp.o[0m
[41.719s] [ 71%] [32mBuilding CXX object src/cpp/CMakeFiles/fastrtps.dir/rtps/builtin/data/ParticipantProxyData.cpp.o[0m
[42.683s] [ 72%] [32mBuilding CXX object src/cpp/CMakeFiles/fastrtps.dir/rtps/builtin/data/WriterProxyData.cpp.o[0m
[42.936s] [ 72%] [32mBuilding CXX object src/cpp/CMakeFiles/fastrtps.dir/rtps/builtin/data/ReaderProxyData.cpp.o[0m
[43.320s] [ 73%] [32mBuilding CXX object src/cpp/CMakeFiles/fastrtps.dir/rtps/flowcontrol/ThroughputControllerDescriptor.cpp.o[0m
[43.400s] [ 73%] [32mBuilding CXX object src/cpp/CMakeFiles/fastrtps.dir/rtps/flowcontrol/FlowControllerConsts.cpp.o[0m
[43.453s] [ 74%] [32mBuilding CXX object src/cpp/CMakeFiles/fastrtps.dir/rtps/flowcontrol/FlowControllerFactory.cpp.o[0m
[43.464s] [ 74%] [32mBuilding CXX object src/cpp/CMakeFiles/fastrtps.dir/rtps/exceptions/Exception.cpp.o[0m
[43.856s] [ 75%] [32mBuilding CXX object src/cpp/CMakeFiles/fastrtps.dir/rtps/attributes/PropertyPolicy.cpp.o[0m
[43.911s] [ 75%] [32mBuilding CXX object src/cpp/CMakeFiles/fastrtps.dir/rtps/common/Token.cpp.o[0m
[44.079s] [ 76%] [32mBuilding CXX object src/cpp/CMakeFiles/fastrtps.dir/rtps/xmlparser/XMLParserCommon.cpp.o[0m
[44.159s] [ 76%] [32mBuilding CXX object src/cpp/CMakeFiles/fastrtps.dir/rtps/xmlparser/XMLElementParser.cpp.o[0m
[44.255s] [ 76%] [32mBuilding CXX object src/cpp/CMakeFiles/fastrtps.dir/rtps/xmlparser/XMLDynamicParser.cpp.o[0m
[44.504s] [ 77%] [32mBuilding CXX object src/cpp/CMakeFiles/fastrtps.dir/rtps/xmlparser/XMLEndpointParser.cpp.o[0m
[44.514s] [ 77%] [32mBuilding CXX object src/cpp/CMakeFiles/fastrtps.dir/rtps/xmlparser/XMLParser.cpp.o[0m
[44.570s] [ 78%] [32mBuilding CXX object src/cpp/CMakeFiles/fastrtps.dir/rtps/xmlparser/XMLProfileManager.cpp.o[0m
[45.014s] [ 78%] [32mBuilding CXX object src/cpp/CMakeFiles/fastrtps.dir/rtps/writer/PersistentWriter.cpp.o[0m
[45.093s] [ 79%] [32mBuilding CXX object src/cpp/CMakeFiles/fastrtps.dir/rtps/writer/StatelessPersistentWriter.cpp.o[0m
[45.407s] [ 79%] [32mBuilding CXX object src/cpp/CMakeFiles/fastrtps.dir/rtps/writer/StatefulPersistentWriter.cpp.o[0m
[46.135s] [ 80%] [32mBuilding CXX object src/cpp/CMakeFiles/fastrtps.dir/rtps/reader/StatelessPersistentReader.cpp.o[0m
[47.007s] [ 80%] [32mBuilding CXX object src/cpp/CMakeFiles/fastrtps.dir/rtps/reader/StatefulPersistentReader.cpp.o[0m
[47.839s] [ 81%] [32mBuilding CXX object src/cpp/CMakeFiles/fastrtps.dir/rtps/persistence/PersistenceFactory.cpp.o[0m
[47.859s] [ 81%] [32mBuilding CXX object src/cpp/CMakeFiles/fastrtps.dir/rtps/builtin/discovery/database/backup/SharedBackupFunctions.cpp.o[0m
[48.101s] [ 82%] [32mBuilding CXX object src/cpp/CMakeFiles/fastrtps.dir/rtps/builtin/discovery/endpoint/EDPClient.cpp.o[0m
[48.430s] [ 82%] [32mBuilding CXX object src/cpp/CMakeFiles/fastrtps.dir/rtps/builtin/discovery/endpoint/EDPServer.cpp.o[0m
[48.986s] [ 83%] [32mBuilding CXX object src/cpp/CMakeFiles/fastrtps.dir/rtps/builtin/discovery/endpoint/EDPServerListeners.cpp.o[0m
[49.121s] [ 83%] [32mBuilding CXX object src/cpp/CMakeFiles/fastrtps.dir/rtps/builtin/discovery/database/DiscoveryDataBase.cpp.o[0m
[49.192s] [ 84%] [32mBuilding CXX object src/cpp/CMakeFiles/fastrtps.dir/rtps/builtin/discovery/database/DiscoveryParticipantInfo.cpp.o[0m
[49.288s] [ 84%] [32mBuilding CXX object src/cpp/CMakeFiles/fastrtps.dir/rtps/builtin/discovery/database/DiscoveryParticipantsAckStatus.cpp.o[0m
[49.333s] [ 84%] [32mBuilding CXX object src/cpp/CMakeFiles/fastrtps.dir/rtps/builtin/discovery/database/DiscoverySharedInfo.cpp.o[0m
[49.801s] [ 85%] [32mBuilding CXX object src/cpp/CMakeFiles/fastrtps.dir/rtps/builtin/discovery/participant/PDPClient.cpp.o[0m
[49.987s] [ 85%] [32mBuilding CXX object src/cpp/CMakeFiles/fastrtps.dir/rtps/builtin/discovery/participant/PDPServer.cpp.o[0m
[50.522s] [ 86%] [32mBuilding CXX object src/cpp/CMakeFiles/fastrtps.dir/rtps/builtin/discovery/participant/PDPServerListener.cpp.o[0m
[50.776s] [ 86%] [32mBuilding CXX object src/cpp/CMakeFiles/fastrtps.dir/rtps/builtin/discovery/participant/timedevent/DSClientEvent.cpp.o[0m
[50.807s] [ 87%] [32mBuilding CXX object src/cpp/CMakeFiles/fastrtps.dir/rtps/builtin/discovery/participant/timedevent/DServerEvent.cpp.o[0m
[51.565s] [ 87%] [32mBuilding CXX object src/cpp/CMakeFiles/fastrtps.dir/utils/IPFinder.cpp.o[0m
[51.812s] [ 88%] [32mBuilding CXX object src/cpp/CMakeFiles/fastrtps.dir/utils/md5.cpp.o[0m
[52.550s] [ 88%] [32mBuilding CXX object src/cpp/CMakeFiles/fastrtps.dir/utils/StringMatching.cpp.o[0m
[52.623s] [ 89%] [32mBuilding CXX object src/cpp/CMakeFiles/fastrtps.dir/utils/IPLocator.cpp.o[0m
[52.951s] [ 89%] [32mBuilding CXX object src/cpp/CMakeFiles/fastrtps.dir/utils/System.cpp.o[0m
[52.979s] [ 90%] [32mBuilding CXX object src/cpp/CMakeFiles/fastrtps.dir/utils/SystemInfo.cpp.o[0m
[53.134s] [ 90%] [32mBuilding CXX object src/cpp/CMakeFiles/fastrtps.dir/utils/TimedConditionVariable.cpp.o[0m
[53.303s] [ 91%] [32mBuilding CXX object src/cpp/CMakeFiles/fastrtps.dir/utils/string_convert.cpp.o[0m
[53.492s] [ 91%] [32mBuilding CXX object src/cpp/CMakeFiles/fastrtps.dir/dds/core/types.cpp.o[0m
[53.523s] [ 92%] [32mBuilding CXX object src/cpp/CMakeFiles/fastrtps.dir/dds/core/Exception.cpp.o[0m
[53.725s] [ 92%] [32mBuilding CXX object src/cpp/CMakeFiles/fastrtps.dir/dds/domain/DomainParticipant.cpp.o[0m
[53.862s] [ 92%] [32mBuilding CXX object src/cpp/CMakeFiles/fastrtps.dir/dds/pub/Publisher.cpp.o[0m
[53.875s] [ 93%] [32mBuilding CXX object src/cpp/CMakeFiles/fastrtps.dir/dds/pub/AnyDataWriter.cpp.o[0m
[54.153s] [ 93%] [32mBuilding CXX object src/cpp/CMakeFiles/fastrtps.dir/dds/pub/DataWriter.cpp.o[0m
[54.220s] [ 94%] [32mBuilding CXX object src/cpp/CMakeFiles/fastrtps.dir/dds/sub/Subscriber.cpp.o[0m
[54.550s] [ 94%] [32mBuilding CXX object src/cpp/CMakeFiles/fastrtps.dir/dds/sub/DataReader.cpp.o[0m
[55.418s] [ 95%] [32mBuilding CXX object src/cpp/CMakeFiles/fastrtps.dir/dds/topic/Topic.cpp.o[0m
[55.917s] [ 95%] [32mBuilding CXX object src/cpp/CMakeFiles/fastrtps.dir/statistics/fastdds/domain/DomainParticipant.cpp.o[0m
[56.551s] [ 96%] [32mBuilding CXX object src/cpp/CMakeFiles/fastrtps.dir/statistics/fastdds/publisher/qos/DataWriterQos.cpp.o[0m
[56.952s] [ 96%] [32mBuilding CXX object src/cpp/CMakeFiles/fastrtps.dir/statistics/fastdds/subscriber/qos/DataReaderQos.cpp.o[0m
[57.319s] [ 97%] [32mBuilding CXX object src/cpp/CMakeFiles/fastrtps.dir/rtps/transport/shared_mem/test_SharedMemTransport.cpp.o[0m
[57.460s] [ 97%] [32mBuilding CXX object src/cpp/CMakeFiles/fastrtps.dir/rtps/transport/shared_mem/SharedMemTransport.cpp.o[0m
[57.651s] [ 98%] [32mBuilding CXX object src/cpp/CMakeFiles/fastrtps.dir/rtps/transport/TCPChannelResourceSecure.cpp.o[0m
[57.813s] [ 98%] [32mBuilding CXX object src/cpp/CMakeFiles/fastrtps.dir/rtps/transport/TCPAcceptorSecure.cpp.o[0m
[57.959s] [ 99%] [32mBuilding CXX object src/cpp/CMakeFiles/fastrtps.dir/rtps/persistence/SQLite3PersistenceService.cpp.o[0m
[57.995s] [ 99%] [32mBuilding C object src/cpp/CMakeFiles/fastrtps.dir/rtps/persistence/sqlite3.c.o[0m
[86.701s] [100%] [32m[1mLinking CXX shared library libfastrtps.so[0m
[87.548s] [100%] Built target fastrtps
[87.574s] [100%] [32mBuilding CXX object tools/fds/CMakeFiles/fast-discovery-server.dir/server.cpp.o[0m
[91.320s] [100%] [32m[1mLinking CXX executable fast-discovery-server-1.0.0[0m
[91.620s] [100%] Built target fast-discovery-server
[91.659s] Invoked command in '/home/ctuav/ctuav_gazebo-research/build/fastrtps' returned '0': CMAKE_PREFIX_PATH=/home/ctuav/ctuav_gazebo-research/install/fastcdr:/usr/local LD_LIBRARY_PATH=/home/ctuav/ctuav_gazebo-research/install/fastcdr/lib:${LD_LIBRARY_PATH} /usr/bin/cmake --build /home/ctuav/ctuav_gazebo-research/build/fastrtps -- -j12 -l12
[91.667s] Invoking command in '/home/ctuav/ctuav_gazebo-research/build/fastrtps': CMAKE_PREFIX_PATH=/home/ctuav/ctuav_gazebo-research/install/fastcdr:/usr/local LD_LIBRARY_PATH=/home/ctuav/ctuav_gazebo-research/install/fastcdr/lib:${LD_LIBRARY_PATH} /usr/bin/cmake --install /home/ctuav/ctuav_gazebo-research/build/fastrtps
[91.681s] -- Install configuration: "Release"
[91.681s] -- Installing: /home/ctuav/ctuav_gazebo-research/install/fastrtps/include/fastrtps
[91.681s] -- Installing: /home/ctuav/ctuav_gazebo-research/install/fastrtps/include/fastrtps/types
[91.681s] -- Installing: /home/ctuav/ctuav_gazebo-research/install/fastrtps/include/fastrtps/types/TypeObject.h
[91.687s] -- Installing: /home/ctuav/ctuav_gazebo-research/install/fastrtps/include/fastrtps/types/DynamicDataFactory.h
[91.689s] -- Installing: /home/ctuav/ctuav_gazebo-research/install/fastrtps/include/fastrtps/types/DynamicTypeBuilder.h
[91.689s] -- Installing: /home/ctuav/ctuav_gazebo-research/install/fastrtps/include/fastrtps/types/DynamicData.h
[91.689s] -- Installing: /home/ctuav/ctuav_gazebo-research/install/fastrtps/include/fastrtps/types/DynamicDataHelper.hpp
[91.689s] -- Installing: /home/ctuav/ctuav_gazebo-research/install/fastrtps/include/fastrtps/types/DynamicPubSubType.h
[91.689s] -- Installing: /home/ctuav/ctuav_gazebo-research/install/fastrtps/include/fastrtps/types/AnnotationDescriptor.h
[91.689s] -- Installing: /home/ctuav/ctuav_gazebo-research/install/fastrtps/include/fastrtps/types/TypeDescriptor.h
[91.689s] -- Installing: /home/ctuav/ctuav_gazebo-research/install/fastrtps/include/fastrtps/types/DynamicTypePtr.h
[91.689s] -- Installing: /home/ctuav/ctuav_gazebo-research/install/fastrtps/include/fastrtps/types/TypeNamesGenerator.h
[91.690s] -- Installing: /home/ctuav/ctuav_gazebo-research/install/fastrtps/include/fastrtps/types/DynamicDataPtr.h
[91.690s] -- Installing: /home/ctuav/ctuav_gazebo-research/install/fastrtps/include/fastrtps/types/TypeObjectHashId.h
[91.690s] -- Installing: /home/ctuav/ctuav_gazebo-research/install/fastrtps/include/fastrtps/types/TypeIdentifier.h
[91.690s] -- Installing: /home/ctuav/ctuav_gazebo-research/install/fastrtps/include/fastrtps/types/AnnotationParameterValue.h
[91.697s] -- Installing: /home/ctuav/ctuav_gazebo-research/install/fastrtps/include/fastrtps/types/DynamicTypeMember.h
[91.697s] -- Installing: /home/ctuav/ctuav_gazebo-research/install/fastrtps/include/fastrtps/types/DynamicTypeBuilderPtr.h
[91.697s] -- Installing: /home/ctuav/ctuav_gazebo-research/install/fastrtps/include/fastrtps/types/DynamicType.h
[91.697s] -- Installing: /home/ctuav/ctuav_gazebo-research/install/fastrtps/include/fastrtps/types/TypeIdentifierTypes.h
[91.697s] -- Installing: /home/ctuav/ctuav_gazebo-research/install/fastrtps/include/fastrtps/types/MemberDescriptor.h
[91.697s] -- Installing: /home/ctuav/ctuav_gazebo-research/install/fastrtps/include/fastrtps/types/TypesBase.h
[91.697s] -- Installing: /home/ctuav/ctuav_gazebo-research/install/fastrtps/include/fastrtps/types/TypeObjectFactory.h
[91.697s] -- Installing: /home/ctuav/ctuav_gazebo-research/install/fastrtps/include/fastrtps/types/DynamicTypeBuilderFactory.h
[91.697s] -- Installing: /home/ctuav/ctuav_gazebo-research/install/fastrtps/include/fastrtps/types/BuiltinAnnotationsTypeObject.h
[91.697s] -- Installing: /home/ctuav/ctuav_gazebo-research/install/fastrtps/include/fastrtps/eProsima_auto_link.h
[91.697s] -- Installing: /home/ctuav/ctuav_gazebo-research/install/fastrtps/include/fastrtps/TopicDataType.h
[91.698s] -- Installing: /home/ctuav/ctuav_gazebo-research/install/fastrtps/include/fastrtps/transport
[91.698s] -- Installing: /home/ctuav/ctuav_gazebo-research/install/fastrtps/include/fastrtps/transport/UDPTransportDescriptor.h
[91.698s] -- Installing: /home/ctuav/ctuav_gazebo-research/install/fastrtps/include/fastrtps/transport/UDPv6TransportDescriptor.h
[91.698s] -- Installing: /home/ctuav/ctuav_gazebo-research/install/fastrtps/include/fastrtps/transport/TCPv6TransportDescriptor.h
[91.698s] -- Installing: /home/ctuav/ctuav_gazebo-research/install/fastrtps/include/fastrtps/transport/TransportReceiverInterface.h
[91.698s] -- Installing: /home/ctuav/ctuav_gazebo-research/install/fastrtps/include/fastrtps/transport/test_UDPv4TransportDescriptor.h
[91.698s] -- Installing: /home/ctuav/ctuav_gazebo-research/install/fastrtps/include/fastrtps/transport/TransportInterface.h
[91.698s] -- Installing: /home/ctuav/ctuav_gazebo-research/install/fastrtps/include/fastrtps/transport/SocketTransportDescriptor.h
[91.698s] -- Installing: /home/ctuav/ctuav_gazebo-research/install/fastrtps/include/fastrtps/transport/TCPTransportDescriptor.h
[91.701s] -- Installing: /home/ctuav/ctuav_gazebo-research/install/fastrtps/include/fastrtps/transport/TCPv4TransportDescriptor.h
[91.702s] -- Installing: /home/ctuav/ctuav_gazebo-research/install/fastrtps/include/fastrtps/transport/UDPv4TransportDescriptor.h
[91.702s] -- Installing: /home/ctuav/ctuav_gazebo-research/install/fastrtps/include/fastrtps/transport/TransportDescriptorInterface.h
[91.702s] -- Installing: /home/ctuav/ctuav_gazebo-research/install/fastrtps/include/fastrtps/attributes
[91.702s] -- Installing: /home/ctuav/ctuav_gazebo-research/install/fastrtps/include/fastrtps/attributes/SubscriberAttributes.h
[91.702s] -- Installing: /home/ctuav/ctuav_gazebo-research/install/fastrtps/include/fastrtps/attributes/ReplierAttributes.hpp
[91.702s] -- Installing: /home/ctuav/ctuav_gazebo-research/install/fastrtps/include/fastrtps/attributes/all_attributes.h
[91.702s] -- Installing: /home/ctuav/ctuav_gazebo-research/install/fastrtps/include/fastrtps/attributes/TopicAttributes.h
[91.702s] -- Installing: /home/ctuav/ctuav_gazebo-research/install/fastrtps/include/fastrtps/attributes/ParticipantAttributes.h
[91.703s] -- Installing: /home/ctuav/ctuav_gazebo-research/install/fastrtps/include/fastrtps/attributes/PublisherAttributes.h
[91.703s] -- Installing: /home/ctuav/ctuav_gazebo-research/install/fastrtps/include/fastrtps/attributes/RequesterAttributes.hpp
[91.703s] -- Installing: /home/ctuav/ctuav_gazebo-research/install/fastrtps/include/fastrtps/attributes/LibrarySettingsAttributes.h
[91.703s] -- Installing: /home/ctuav/ctuav_gazebo-research/install/fastrtps/include/fastrtps/publisher
[91.703s] -- Installing: /home/ctuav/ctuav_gazebo-research/install/fastrtps/include/fastrtps/publisher/Publisher.h
[91.703s] -- Installing: /home/ctuav/ctuav_gazebo-research/install/fastrtps/include/fastrtps/publisher/PublisherHistory.h
[91.704s] -- Installing: /home/ctuav/ctuav_gazebo-research/install/fastrtps/include/fastrtps/publisher/PublisherListener.h
[91.704s] -- Installing: /home/ctuav/ctuav_gazebo-research/install/fastrtps/include/fastrtps/log
[91.704s] -- Installing: /home/ctuav/ctuav_gazebo-research/install/fastrtps/include/fastrtps/log/Colors.h
[91.704s] -- Installing: /home/ctuav/ctuav_gazebo-research/install/fastrtps/include/fastrtps/log/StdoutConsumer.h
[91.704s] -- Installing: /home/ctuav/ctuav_gazebo-research/install/fastrtps/include/fastrtps/log/Log.h
[91.704s] -- Installing: /home/ctuav/ctuav_gazebo-research/install/fastrtps/include/fastrtps/log/FileConsumer.h
[91.704s] -- Installing: /home/ctuav/ctuav_gazebo-research/install/fastrtps/include/fastrtps/xmlparser
[91.709s] -- Installing: /home/ctuav/ctuav_gazebo-research/install/fastrtps/include/fastrtps/xmlparser/XMLParser.h
[91.709s] -- Installing: /home/ctuav/ctuav_gazebo-research/install/fastrtps/include/fastrtps/xmlparser/XMLTree.h
[91.709s] -- Installing: /home/ctuav/ctuav_gazebo-research/install/fastrtps/include/fastrtps/xmlparser/XMLProfileManager.h
[91.709s] -- Installing: /home/ctuav/ctuav_gazebo-research/install/fastrtps/include/fastrtps/xmlparser/XMLEndpointParser.h
[91.709s] -- Installing: /home/ctuav/ctuav_gazebo-research/install/fastrtps/include/fastrtps/xmlparser/XMLParserCommon.h
[91.711s] -- Installing: /home/ctuav/ctuav_gazebo-research/install/fastrtps/include/fastrtps/subscriber
[91.712s] -- Installing: /home/ctuav/ctuav_gazebo-research/install/fastrtps/include/fastrtps/subscriber/SubscriberListener.h
[91.712s] -- Installing: /home/ctuav/ctuav_gazebo-research/install/fastrtps/include/fastrtps/subscriber/SampleInfo.h
[91.712s] -- Installing: /home/ctuav/ctuav_gazebo-research/install/fastrtps/include/fastrtps/subscriber/Subscriber.h
[91.712s] -- Installing: /home/ctuav/ctuav_gazebo-research/install/fastrtps/include/fastrtps/subscriber/SubscriberHistory.h
[91.712s] -- Installing: /home/ctuav/ctuav_gazebo-research/install/fastrtps/include/fastrtps/fastrtps_dll.h
[91.712s] -- Installing: /home/ctuav/ctuav_gazebo-research/install/fastrtps/include/fastrtps/qos
[91.712s] -- Installing: /home/ctuav/ctuav_gazebo-research/install/fastrtps/include/fastrtps/qos/WriterQos.h
[91.712s] -- Installing: /home/ctuav/ctuav_gazebo-research/install/fastrtps/include/fastrtps/qos/LivelinessChangedStatus.h
[91.712s] -- Installing: /home/ctuav/ctuav_gazebo-research/install/fastrtps/include/fastrtps/qos/LivelinessLostStatus.h
[91.712s] -- Installing: /home/ctuav/ctuav_gazebo-research/install/fastrtps/include/fastrtps/qos/SampleRejectedStatus.hpp
[91.713s] -- Installing: /home/ctuav/ctuav_gazebo-research/install/fastrtps/include/fastrtps/qos/ParameterTypes.h
[91.713s] -- Installing: /home/ctuav/ctuav_gazebo-research/install/fastrtps/include/fastrtps/qos/DeadlineMissedStatus.h
[91.713s] -- Installing: /home/ctuav/ctuav_gazebo-research/install/fastrtps/include/fastrtps/qos/IncompatibleQosStatus.hpp
[91.713s] -- Installing: /home/ctuav/ctuav_gazebo-research/install/fastrtps/include/fastrtps/qos/QosPolicies.h
[91.713s] -- Installing: /home/ctuav/ctuav_gazebo-research/install/fastrtps/include/fastrtps/qos/ReaderQos.h
[91.713s] -- Installing: /home/ctuav/ctuav_gazebo-research/install/fastrtps/include/fastrtps/common
[91.713s] -- Installing: /home/ctuav/ctuav_gazebo-research/install/fastrtps/include/fastrtps/common/KeyedChanges.h
[91.713s] -- Installing: /home/ctuav/ctuav_gazebo-research/install/fastrtps/include/fastrtps/Domain.h
[91.713s] -- Installing: /home/ctuav/ctuav_gazebo-research/install/fastrtps/include/fastrtps/fastrtps_all.h
[91.713s] -- Installing: /home/ctuav/ctuav_gazebo-research/install/fastrtps/include/fastrtps/participant
[91.716s] -- Installing: /home/ctuav/ctuav_gazebo-research/install/fastrtps/include/fastrtps/participant/Participant.h
[91.717s] -- Installing: /home/ctuav/ctuav_gazebo-research/install/fastrtps/include/fastrtps/participant/ParticipantListener.h
[91.717s] -- Installing: /home/ctuav/ctuav_gazebo-research/install/fastrtps/include/fastrtps/rtps
[91.717s] -- Installing: /home/ctuav/ctuav_gazebo-research/install/fastrtps/include/fastrtps/rtps/network
[91.717s] -- Installing: /home/ctuav/ctuav_gazebo-research/install/fastrtps/include/fastrtps/rtps/network/SenderResource.h
[91.717s] -- Installing: /home/ctuav/ctuav_gazebo-research/install/fastrtps/include/fastrtps/rtps/network/NetworkFactory.h
[91.717s] -- Installing: /home/ctuav/ctuav_gazebo-research/install/fastrtps/include/fastrtps/rtps/network/ReceiverResource.h
[91.717s] -- Installing: /home/ctuav/ctuav_gazebo-research/install/fastrtps/include/fastrtps/rtps/resources
[91.717s] -- Installing: /home/ctuav/ctuav_gazebo-research/install/fastrtps/include/fastrtps/rtps/resources/TimedEvent.h
[91.717s] -- Installing: /home/ctuav/ctuav_gazebo-research/install/fastrtps/include/fastrtps/rtps/resources/ResourceEvent.h
[91.717s] -- Installing: /home/ctuav/ctuav_gazebo-research/install/fastrtps/include/fastrtps/rtps/resources/ResourceManagement.h
[91.717s] -- Installing: /home/ctuav/ctuav_gazebo-research/install/fastrtps/include/fastrtps/rtps/attributes
[91.718s] -- Installing: /home/ctuav/ctuav_gazebo-research/install/fastrtps/include/fastrtps/rtps/attributes/HistoryAttributes.h
[91.723s] -- Installing: /home/ctuav/ctuav_gazebo-research/install/fastrtps/include/fastrtps/rtps/attributes/RTPSParticipantAllocationAttributes.hpp
[91.723s] -- Installing: /home/ctuav/ctuav_gazebo-research/install/fastrtps/include/fastrtps/rtps/attributes/EndpointAttributes.h
[91.723s] -- Installing: /home/ctuav/ctuav_gazebo-research/install/fastrtps/include/fastrtps/rtps/attributes/RTPSParticipantAttributes.h
[91.723s] -- Installing: /home/ctuav/ctuav_gazebo-research/install/fastrtps/include/fastrtps/rtps/attributes/WriterAttributes.h
[91.723s] -- Installing: /home/ctuav/ctuav_gazebo-research/install/fastrtps/include/fastrtps/rtps/attributes/ServerAttributes.h
[91.723s] -- Installing: /home/ctuav/ctuav_gazebo-research/install/fastrtps/include/fastrtps/rtps/attributes/ReaderAttributes.h
[91.723s] -- Installing: /home/ctuav/ctuav_gazebo-research/install/fastrtps/include/fastrtps/rtps/attributes/PropertyPolicy.h
[91.723s] -- Installing: /home/ctuav/ctuav_gazebo-research/install/fastrtps/include/fastrtps/rtps/RTPSDomain.h
[91.723s] -- Installing: /home/ctuav/ctuav_gazebo-research/install/fastrtps/include/fastrtps/rtps/history
[91.723s] -- Installing: /home/ctuav/ctuav_gazebo-research/install/fastrtps/include/fastrtps/rtps/history/ReaderHistory.h
[91.724s] -- Installing: /home/ctuav/ctuav_gazebo-research/install/fastrtps/include/fastrtps/rtps/history/History.h
[91.724s] -- Installing: /home/ctuav/ctuav_gazebo-research/install/fastrtps/include/fastrtps/rtps/history/WriterHistory.h
[91.724s] -- Installing: /home/ctuav/ctuav_gazebo-research/install/fastrtps/include/fastrtps/rtps/security
[91.724s] -- Installing: /home/ctuav/ctuav_gazebo-research/install/fastrtps/include/fastrtps/rtps/security/authentication
[91.724s] -- Installing: /home/ctuav/ctuav_gazebo-research/install/fastrtps/include/fastrtps/rtps/security/authentication/Handshake.h
[91.724s] -- Installing: /home/ctuav/ctuav_gazebo-research/install/fastrtps/include/fastrtps/rtps/security/authentication/Authentication.h
[91.724s] -- Installing: /home/ctuav/ctuav_gazebo-research/install/fastrtps/include/fastrtps/rtps/security/accesscontrol
[91.724s] -- Installing: /home/ctuav/ctuav_gazebo-research/install/fastrtps/include/fastrtps/rtps/security/accesscontrol/AccessControl.h
[91.724s] -- Installing: /home/ctuav/ctuav_gazebo-research/install/fastrtps/include/fastrtps/rtps/security/accesscontrol/SecurityMaskUtilities.h
[91.724s] -- Installing: /home/ctuav/ctuav_gazebo-research/install/fastrtps/include/fastrtps/rtps/security/accesscontrol/ParticipantSecurityAttributes.h
[91.724s] -- Installing: /home/ctuav/ctuav_gazebo-research/install/fastrtps/include/fastrtps/rtps/security/accesscontrol/EndpointSecurityAttributes.h
[91.724s] -- Installing: /home/ctuav/ctuav_gazebo-research/install/fastrtps/include/fastrtps/rtps/security/common
[91.724s] -- Installing: /home/ctuav/ctuav_gazebo-research/install/fastrtps/include/fastrtps/rtps/security/common/Handle.h
[91.725s] -- Installing: /home/ctuav/ctuav_gazebo-research/install/fastrtps/include/fastrtps/rtps/security/common/SharedSecretHandle.h
[91.725s] -- Installing: /home/ctuav/ctuav_gazebo-research/install/fastrtps/include/fastrtps/rtps/security/common/ParticipantGenericMessage.h
[91.725s] -- Installing: /home/ctuav/ctuav_gazebo-research/install/fastrtps/include/fastrtps/rtps/security/cryptography
[91.725s] -- Installing: /home/ctuav/ctuav_gazebo-research/install/fastrtps/include/fastrtps/rtps/security/cryptography/CryptoTransform.h
[91.728s] -- Installing: /home/ctuav/ctuav_gazebo-research/install/fastrtps/include/fastrtps/rtps/security/cryptography/CryptoKeyFactory.h
[91.728s] -- Installing: /home/ctuav/ctuav_gazebo-research/install/fastrtps/include/fastrtps/rtps/security/cryptography/CryptoKeyExchange.h
[91.728s] -- Installing: /home/ctuav/ctuav_gazebo-research/install/fastrtps/include/fastrtps/rtps/security/cryptography/CryptoTypes.h
[91.728s] -- Installing: /home/ctuav/ctuav_gazebo-research/install/fastrtps/include/fastrtps/rtps/security/cryptography/Cryptography.h
[91.732s] -- Installing: /home/ctuav/ctuav_gazebo-research/install/fastrtps/include/fastrtps/rtps/security/exceptions
[91.732s] -- Installing: /home/ctuav/ctuav_gazebo-research/install/fastrtps/include/fastrtps/rtps/security/exceptions/SecurityException.h
[91.732s] -- Installing: /home/ctuav/ctuav_gazebo-research/install/fastrtps/include/fastrtps/rtps/common
[91.732s] -- Installing: /home/ctuav/ctuav_gazebo-research/install/fastrtps/include/fastrtps/rtps/common/SerializedPayload.h
[91.732s] -- Installing: /home/ctuav/ctuav_gazebo-research/install/fastrtps/include/fastrtps/rtps/common/CacheChange.h
[91.732s] -- Installing: /home/ctuav/ctuav_gazebo-research/install/fastrtps/include/fastrtps/rtps/common/Property.h
[91.732s] -- Installing: /home/ctuav/ctuav_gazebo-research/install/fastrtps/include/fastrtps/rtps/common/Locator.h
[91.732s] -- Installing: /home/ctuav/ctuav_gazebo-research/install/fastrtps/include/fastrtps/rtps/common/CDRMessage_t.h
[91.732s] -- Installing: /home/ctuav/ctuav_gazebo-research/install/fastrtps/include/fastrtps/rtps/common/BinaryProperty.h
[91.732s] -- Installing: /home/ctuav/ctuav_gazebo-research/install/fastrtps/include/fastrtps/rtps/common/SampleIdentity.h
[91.732s] -- Installing: /home/ctuav/ctuav_gazebo-research/install/fastrtps/include/fastrtps/rtps/common/LocatorSelectorEntry.hpp
[91.732s] -- Installing: /home/ctuav/ctuav_gazebo-research/install/fastrtps/include/fastrtps/rtps/common/LocatorSelector.hpp
[91.733s] -- Installing: /home/ctuav/ctuav_gazebo-research/install/fastrtps/include/fastrtps/rtps/common/MatchingInfo.h
[91.733s] -- Installing: /home/ctuav/ctuav_gazebo-research/install/fastrtps/include/fastrtps/rtps/common/PortParameters.h
[91.733s] -- Installing: /home/ctuav/ctuav_gazebo-research/install/fastrtps/include/fastrtps/rtps/common/Guid.h
[91.733s] -- Installing: /home/ctuav/ctuav_gazebo-research/install/fastrtps/include/fastrtps/rtps/common/WriteParams.h
[91.733s] -- Installing: /home/ctuav/ctuav_gazebo-research/install/fastrtps/include/fastrtps/rtps/common/SequenceNumber.h
[91.733s] -- Installing: /home/ctuav/ctuav_gazebo-research/install/fastrtps/include/fastrtps/rtps/common/RemoteLocators.hpp
[91.733s] -- Installing: /home/ctuav/ctuav_gazebo-research/install/fastrtps/include/fastrtps/rtps/common/FragmentNumber.h
[91.733s] -- Installing: /home/ctuav/ctuav_gazebo-research/install/fastrtps/include/fastrtps/rtps/common/Token.h
[91.734s] -- Installing: /home/ctuav/ctuav_gazebo-research/install/fastrtps/include/fastrtps/rtps/common/Types.h
[91.734s] -- Installing: /home/ctuav/ctuav_gazebo-research/install/fastrtps/include/fastrtps/rtps/common/InstanceHandle.h
[91.734s] -- Installing: /home/ctuav/ctuav_gazebo-research/install/fastrtps/include/fastrtps/rtps/common/all_common.h
[91.734s] -- Installing: /home/ctuav/ctuav_gazebo-research/install/fastrtps/include/fastrtps/rtps/common/Time_t.h
[91.734s] -- Installing: /home/ctuav/ctuav_gazebo-research/install/fastrtps/include/fastrtps/rtps/common/LocatorListComparisons.hpp
[91.734s] -- Installing: /home/ctuav/ctuav_gazebo-research/install/fastrtps/include/fastrtps/rtps/rtps_fwd.h
[91.734s] -- Installing: /home/ctuav/ctuav_gazebo-research/install/fastrtps/include/fastrtps/rtps/writer
[91.735s] -- Installing: /home/ctuav/ctuav_gazebo-research/install/fastrtps/include/fastrtps/rtps/writer/RTPSWriter.h
[91.735s] -- Installing: /home/ctuav/ctuav_gazebo-research/install/fastrtps/include/fastrtps/rtps/writer/ReaderProxy.h
[91.735s] -- Installing: /home/ctuav/ctuav_gazebo-research/install/fastrtps/include/fastrtps/rtps/writer/StatelessWriter.h
[91.735s] -- Installing: /home/ctuav/ctuav_gazebo-research/install/fastrtps/include/fastrtps/rtps/writer/StatelessPersistentWriter.h
[91.735s] -- Installing: /home/ctuav/ctuav_gazebo-research/install/fastrtps/include/fastrtps/rtps/writer/StatefulWriter.h
[91.735s] -- Installing: /home/ctuav/ctuav_gazebo-research/install/fastrtps/include/fastrtps/rtps/writer/ReaderLocator.h
[91.736s] -- Installing: /home/ctuav/ctuav_gazebo-research/install/fastrtps/include/fastrtps/rtps/writer/LivelinessData.h
[91.736s] -- Installing: /home/ctuav/ctuav_gazebo-research/install/fastrtps/include/fastrtps/rtps/writer/WriterDiscoveryInfo.h
[91.736s] -- Installing: /home/ctuav/ctuav_gazebo-research/install/fastrtps/include/fastrtps/rtps/writer/PersistentWriter.h
[91.738s] -- Installing: /home/ctuav/ctuav_gazebo-research/install/fastrtps/include/fastrtps/rtps/writer/StatefulPersistentWriter.h
[91.739s] -- Installing: /home/ctuav/ctuav_gazebo-research/install/fastrtps/include/fastrtps/rtps/writer/LivelinessManager.h
[91.739s] -- Installing: /home/ctuav/ctuav_gazebo-research/install/fastrtps/include/fastrtps/rtps/writer/WriterListener.h
[91.741s] -- Installing: /home/ctuav/ctuav_gazebo-research/install/fastrtps/include/fastrtps/rtps/flowcontrol
[91.741s] -- Installing: /home/ctuav/ctuav_gazebo-research/install/fastrtps/include/fastrtps/rtps/flowcontrol/ThroughputControllerDescriptor.h
[91.741s] -- Installing: /home/ctuav/ctuav_gazebo-research/install/fastrtps/include/fastrtps/rtps/messages
[91.741s] -- Installing: /home/ctuav/ctuav_gazebo-research/install/fastrtps/include/fastrtps/rtps/messages/RTPSMessageCreator.h
[91.741s] -- Installing: /home/ctuav/ctuav_gazebo-research/install/fastrtps/include/fastrtps/rtps/messages/MessageReceiver.h
[91.741s] -- Installing: /home/ctuav/ctuav_gazebo-research/install/fastrtps/include/fastrtps/rtps/messages/RTPSMessageSenderInterface.hpp
[91.742s] -- Installing: /home/ctuav/ctuav_gazebo-research/install/fastrtps/include/fastrtps/rtps/messages/CDRMessage.h
[91.742s] -- Installing: /home/ctuav/ctuav_gazebo-research/install/fastrtps/include/fastrtps/rtps/messages/RTPS_messages.h
[91.742s] -- Installing: /home/ctuav/ctuav_gazebo-research/install/fastrtps/include/fastrtps/rtps/messages/RTPSMessageGroup.h
[91.742s] -- Installing: /home/ctuav/ctuav_gazebo-research/install/fastrtps/include/fastrtps/rtps/participant
[91.742s] -- Installing: /home/ctuav/ctuav_gazebo-research/install/fastrtps/include/fastrtps/rtps/participant/RTPSParticipantListener.h
[91.742s] -- Installing: /home/ctuav/ctuav_gazebo-research/install/fastrtps/include/fastrtps/rtps/participant/RTPSParticipant.h
[91.742s] -- Installing: /home/ctuav/ctuav_gazebo-research/install/fastrtps/include/fastrtps/rtps/participant/ParticipantDiscoveryInfo.h
[91.743s] -- Installing: /home/ctuav/ctuav_gazebo-research/install/fastrtps/include/fastrtps/rtps/reader
[91.743s] -- Installing: /home/ctuav/ctuav_gazebo-research/install/fastrtps/include/fastrtps/rtps/reader/StatelessReader.h
[91.743s] -- Installing: /home/ctuav/ctuav_gazebo-research/install/fastrtps/include/fastrtps/rtps/reader/StatefulPersistentReader.h
[91.743s] -- Installing: /home/ctuav/ctuav_gazebo-research/install/fastrtps/include/fastrtps/rtps/reader/ReaderDiscoveryInfo.h
[91.743s] -- Installing: /home/ctuav/ctuav_gazebo-research/install/fastrtps/include/fastrtps/rtps/reader/StatefulReader.h
[91.743s] -- Installing: /home/ctuav/ctuav_gazebo-research/install/fastrtps/include/fastrtps/rtps/reader/ReaderListener.h
[91.744s] -- Installing: /home/ctuav/ctuav_gazebo-research/install/fastrtps/include/fastrtps/rtps/reader/RTPSReader.h
[91.745s] -- Installing: /home/ctuav/ctuav_gazebo-research/install/fastrtps/include/fastrtps/rtps/reader/StatelessPersistentReader.h
[91.745s] -- Installing: /home/ctuav/ctuav_gazebo-research/install/fastrtps/include/fastrtps/rtps/exceptions
[91.745s] -- Installing: /home/ctuav/ctuav_gazebo-research/install/fastrtps/include/fastrtps/rtps/exceptions/Exception.h
[91.745s] -- Installing: /home/ctuav/ctuav_gazebo-research/install/fastrtps/include/fastrtps/rtps/builtin
[91.745s] -- Installing: /home/ctuav/ctuav_gazebo-research/install/fastrtps/include/fastrtps/rtps/builtin/BuiltinProtocols.h
[91.745s] -- Installing: /home/ctuav/ctuav_gazebo-research/install/fastrtps/include/fastrtps/rtps/builtin/liveliness
[91.748s] -- Installing: /home/ctuav/ctuav_gazebo-research/install/fastrtps/include/fastrtps/rtps/builtin/liveliness/WLPListener.h
[91.748s] -- Installing: /home/ctuav/ctuav_gazebo-research/install/fastrtps/include/fastrtps/rtps/builtin/liveliness/WLP.h
[91.748s] -- Installing: /home/ctuav/ctuav_gazebo-research/install/fastrtps/include/fastrtps/rtps/builtin/data
[91.749s] -- Installing: /home/ctuav/ctuav_gazebo-research/install/fastrtps/include/fastrtps/rtps/builtin/data/ParticipantProxyData.h
[91.749s] -- Installing: /home/ctuav/ctuav_gazebo-research/install/fastrtps/include/fastrtps/rtps/builtin/data/ReaderProxyData.h
[91.749s] -- Installing: /home/ctuav/ctuav_gazebo-research/install/fastrtps/include/fastrtps/rtps/builtin/data/WriterProxyData.h
[91.749s] -- Installing: /home/ctuav/ctuav_gazebo-research/install/fastrtps/include/fastrtps/rtps/builtin/discovery
[91.749s] -- Installing: /home/ctuav/ctuav_gazebo-research/install/fastrtps/include/fastrtps/rtps/builtin/discovery/endpoint
[91.753s] -- Installing: /home/ctuav/ctuav_gazebo-research/install/fastrtps/include/fastrtps/rtps/builtin/discovery/endpoint/EDPStatic.h
[91.753s] -- Installing: /home/ctuav/ctuav_gazebo-research/install/fastrtps/include/fastrtps/rtps/builtin/discovery/endpoint/EDPSimple.h
[91.753s] -- Installing: /home/ctuav/ctuav_gazebo-research/install/fastrtps/include/fastrtps/rtps/builtin/discovery/endpoint/EDP.h
[91.753s] -- Installing: /home/ctuav/ctuav_gazebo-research/install/fastrtps/include/fastrtps/rtps/builtin/discovery/participant
[91.753s] -- Installing: /home/ctuav/ctuav_gazebo-research/install/fastrtps/include/fastrtps/rtps/builtin/discovery/participant/PDPListener.h
[91.753s] -- Installing: /home/ctuav/ctuav_gazebo-research/install/fastrtps/include/fastrtps/rtps/builtin/discovery/participant/PDPSimple.h
[91.753s] -- Installing: /home/ctuav/ctuav_gazebo-research/install/fastrtps/include/fastrtps/rtps/builtin/discovery/participant/PDP.h
[91.753s] -- Installing: /home/ctuav/ctuav_gazebo-research/install/fastrtps/include/fastrtps/rtps/rtps_all.h
[91.753s] -- Installing: /home/ctuav/ctuav_gazebo-research/install/fastrtps/include/fastrtps/rtps/Endpoint.h
[91.753s] -- Installing: /home/ctuav/ctuav_gazebo-research/install/fastrtps/include/fastrtps/fastrtps_fwd.h
[91.753s] -- Installing: /home/ctuav/ctuav_gazebo-research/install/fastrtps/include/fastrtps/config
[91.753s] -- Installing: /home/ctuav/ctuav_gazebo-research/install/fastrtps/include/fastrtps/config/doxygen_modules.h
[91.755s] -- Installing: /home/ctuav/ctuav_gazebo-research/install/fastrtps/include/fastrtps/utils
[91.755s] -- Installing: /home/ctuav/ctuav_gazebo-research/install/fastrtps/include/fastrtps/utils/string_convert.hpp
[91.755s] -- Installing: /home/ctuav/ctuav_gazebo-research/install/fastrtps/include/fastrtps/utils/collections
[91.755s] -- Installing: /home/ctuav/ctuav_gazebo-research/install/fastrtps/include/fastrtps/utils/collections/foonathan_memory_helpers.hpp
[91.755s] -- Installing: /home/ctuav/ctuav_gazebo-research/install/fastrtps/include/fastrtps/utils/collections/ResourceLimitedContainerConfig.hpp
[91.755s] -- Installing: /home/ctuav/ctuav_gazebo-research/install/fastrtps/include/fastrtps/utils/collections/ResourceLimitedVector.hpp
[91.756s] -- Installing: /home/ctuav/ctuav_gazebo-research/install/fastrtps/include/fastrtps/utils/fixed_size_bitmap.hpp
[91.756s] -- Installing: /home/ctuav/ctuav_gazebo-research/install/fastrtps/include/fastrtps/utils/System.h
[91.756s] -- Installing: /home/ctuav/ctuav_gazebo-research/install/fastrtps/include/fastrtps/utils/shared_mutex.hpp
[91.756s] -- Installing: /home/ctuav/ctuav_gazebo-research/install/fastrtps/include/fastrtps/utils/fixed_size_string.hpp
[91.756s] -- Installing: /home/ctuav/ctuav_gazebo-research/install/fastrtps/include/fastrtps/utils/IPLocator.h
[91.756s] -- Installing: /home/ctuav/ctuav_gazebo-research/install/fastrtps/include/fastrtps/utils/TimedConditionVariable.hpp
[91.757s] -- Installing: /home/ctuav/ctuav_gazebo-research/install/fastrtps/include/fastrtps/utils/ProxyPool.hpp
[91.757s] -- Installing: /home/ctuav/ctuav_gazebo-research/install/fastrtps/include/fastrtps/utils/StringMatching.h
[91.757s] -- Installing: /home/ctuav/ctuav_gazebo-research/install/fastrtps/include/fastrtps/utils/IPFinder.h
[91.757s] -- Installing: /home/ctuav/ctuav_gazebo-research/install/fastrtps/include/fastrtps/utils/DBQueue.h
[91.757s] -- Installing: /home/ctuav/ctuav_gazebo-research/install/fastrtps/include/fastrtps/utils/Semaphore.h
[91.757s] -- Installing: /home/ctuav/ctuav_gazebo-research/install/fastrtps/include/fastrtps/utils/md5.h
[91.758s] -- Installing: /home/ctuav/ctuav_gazebo-research/install/fastrtps/include/fastrtps/utils/TimedMutex.hpp
[91.758s] -- Installing: /home/ctuav/ctuav_gazebo-research/install/fastrtps/include/fastrtps/utils/TimeConversion.h
[91.758s] -- Installing: /home/ctuav/ctuav_gazebo-research/install/fastrtps/include/fastdds
[91.758s] -- Installing: /home/ctuav/ctuav_gazebo-research/install/fastrtps/include/fastdds/dds
[91.759s] -- Installing: /home/ctuav/ctuav_gazebo-research/install/fastrtps/include/fastdds/dds/topic
[91.760s] -- Installing: /home/ctuav/ctuav_gazebo-research/install/fastrtps/include/fastdds/dds/topic/IContentFilter.hpp
[91.762s] -- Installing: /home/ctuav/ctuav_gazebo-research/install/fastrtps/include/fastdds/dds/topic/TopicDescription.hpp
[91.762s] -- Installing: /home/ctuav/ctuav_gazebo-research/install/fastrtps/include/fastdds/dds/topic/Topic.hpp
[91.762s] -- Installing: /home/ctuav/ctuav_gazebo-research/install/fastrtps/include/fastdds/dds/topic/IContentFilterFactory.hpp
[91.762s] -- Installing: /home/ctuav/ctuav_gazebo-research/install/fastrtps/include/fastdds/dds/topic/qos
[91.762s] -- Installing: /home/ctuav/ctuav_gazebo-research/install/fastrtps/include/fastdds/dds/topic/qos/TopicQos.hpp
[91.762s] -- Installing: /home/ctuav/ctuav_gazebo-research/install/fastrtps/include/fastdds/dds/topic/TopicDataType.hpp
[91.763s] -- Installing: /home/ctuav/ctuav_gazebo-research/install/fastrtps/include/fastdds/dds/topic/TopicListener.hpp
[91.763s] -- Installing: /home/ctuav/ctuav_gazebo-research/install/fastrtps/include/fastdds/dds/topic/TypeSupport.hpp
[91.763s] -- Installing: /home/ctuav/ctuav_gazebo-research/install/fastrtps/include/fastdds/dds/topic/ContentFilteredTopic.hpp
[91.764s] -- Installing: /home/ctuav/ctuav_gazebo-research/install/fastrtps/include/fastdds/dds/core
[91.765s] -- Installing: /home/ctuav/ctuav_gazebo-research/install/fastrtps/include/fastdds/dds/core/StackAllocatedSequence.hpp
[91.765s] -- Installing: /home/ctuav/ctuav_gazebo-research/install/fastrtps/include/fastdds/dds/core/policy
[91.765s] -- Installing: /home/ctuav/ctuav_gazebo-research/install/fastrtps/include/fastdds/dds/core/policy/WriterDataLifecycleQosPolicy.hpp
[91.765s] -- Installing: /home/ctuav/ctuav_gazebo-research/install/fastrtps/include/fastdds/dds/core/policy/ParameterTypes.hpp
[91.765s] -- Installing: /home/ctuav/ctuav_gazebo-research/install/fastrtps/include/fastdds/dds/core/policy/QosPolicies.hpp
[91.765s] -- Installing: /home/ctuav/ctuav_gazebo-research/install/fastrtps/include/fastdds/dds/core/policy/ReaderDataLifecycleQosPolicy.hpp
[91.765s] -- Installing: /home/ctuav/ctuav_gazebo-research/install/fastrtps/include/fastdds/dds/core/condition
[91.765s] -- Installing: /home/ctuav/ctuav_gazebo-research/install/fastrtps/include/fastdds/dds/core/condition/Condition.hpp
[91.769s] -- Installing: /home/ctuav/ctuav_gazebo-research/install/fastrtps/include/fastdds/dds/core/condition/StatusCondition.hpp
[91.773s] -- Installing: /home/ctuav/ctuav_gazebo-research/install/fastrtps/include/fastdds/dds/core/condition/GuardCondition.hpp
[91.773s] -- Installing: /home/ctuav/ctuav_gazebo-research/install/fastrtps/include/fastdds/dds/core/condition/WaitSet.hpp
[91.773s] -- Installing: /home/ctuav/ctuav_gazebo-research/install/fastrtps/include/fastdds/dds/core/LoanableSequence.hpp
[91.773s] -- Installing: /home/ctuav/ctuav_gazebo-research/install/fastrtps/include/fastdds/dds/core/LoanableCollection.hpp
[91.773s] -- Installing: /home/ctuav/ctuav_gazebo-research/install/fastrtps/include/fastdds/dds/core/Entity.hpp
[91.773s] -- Installing: /home/ctuav/ctuav_gazebo-research/install/fastrtps/include/fastdds/dds/core/UserAllocatedSequence.hpp
[91.773s] -- Installing: /home/ctuav/ctuav_gazebo-research/install/fastrtps/include/fastdds/dds/core/LoanableArray.hpp
[91.773s] -- Installing: /home/ctuav/ctuav_gazebo-research/install/fastrtps/include/fastdds/dds/core/status
[91.773s] -- Installing: /home/ctuav/ctuav_gazebo-research/install/fastrtps/include/fastdds/dds/core/status/MatchedStatus.hpp
[91.773s] -- Installing: /home/ctuav/ctuav_gazebo-research/install/fastrtps/include/fastdds/dds/core/status/SampleRejectedStatus.hpp
[91.774s] -- Installing: /home/ctuav/ctuav_gazebo-research/install/fastrtps/include/fastdds/dds/core/status/PublicationMatchedStatus.hpp
[91.774s] -- Installing: /home/ctuav/ctuav_gazebo-research/install/fastrtps/include/fastdds/dds/core/status/StatusMask.hpp
[91.774s] -- Installing: /home/ctuav/ctuav_gazebo-research/install/fastrtps/include/fastdds/dds/core/status/LivelinessChangedStatus.hpp
[91.774s] -- Installing: /home/ctuav/ctuav_gazebo-research/install/fastrtps/include/fastdds/dds/core/status/BaseStatus.hpp
[91.774s] -- Installing: /home/ctuav/ctuav_gazebo-research/install/fastrtps/include/fastdds/dds/core/status/DeadlineMissedStatus.hpp
[91.774s] -- Installing: /home/ctuav/ctuav_gazebo-research/install/fastrtps/include/fastdds/dds/core/status/IncompatibleQosStatus.hpp
[91.774s] -- Installing: /home/ctuav/ctuav_gazebo-research/install/fastrtps/include/fastdds/dds/core/status/SubscriptionMatchedStatus.hpp
[91.774s] -- Installing: /home/ctuav/ctuav_gazebo-research/install/fastrtps/include/fastdds/dds/core/LoanableTypedCollection.hpp
[91.774s] -- Installing: /home/ctuav/ctuav_gazebo-research/install/fastrtps/include/fastdds/dds/publisher
[91.774s] -- Installing: /home/ctuav/ctuav_gazebo-research/install/fastrtps/include/fastdds/dds/publisher/PublisherListener.hpp
[91.778s] -- Installing: /home/ctuav/ctuav_gazebo-research/install/fastrtps/include/fastdds/dds/publisher/DataWriterListener.hpp
[91.778s] -- Installing: /home/ctuav/ctuav_gazebo-research/install/fastrtps/include/fastdds/dds/publisher/qos
[91.778s] -- Installing: /home/ctuav/ctuav_gazebo-research/install/fastrtps/include/fastdds/dds/publisher/qos/DataWriterQos.hpp
[91.778s] -- Installing: /home/ctuav/ctuav_gazebo-research/install/fastrtps/include/fastdds/dds/publisher/qos/WriterQos.hpp
[91.778s] -- Installing: /home/ctuav/ctuav_gazebo-research/install/fastrtps/include/fastdds/dds/publisher/qos/PublisherQos.hpp
[91.778s] -- Installing: /home/ctuav/ctuav_gazebo-research/install/fastrtps/include/fastdds/dds/publisher/DataWriter.hpp
[91.778s] -- Installing: /home/ctuav/ctuav_gazebo-research/install/fastrtps/include/fastdds/dds/publisher/Publisher.hpp
[91.778s] -- Installing: /home/ctuav/ctuav_gazebo-research/install/fastrtps/include/fastdds/dds/log
[91.778s] -- Installing: /home/ctuav/ctuav_gazebo-research/install/fastrtps/include/fastdds/dds/log/FileConsumer.hpp
[91.778s] -- Installing: /home/ctuav/ctuav_gazebo-research/install/fastrtps/include/fastdds/dds/log/StdoutErrConsumer.hpp
[91.778s] -- Installing: /home/ctuav/ctuav_gazebo-research/install/fastrtps/include/fastdds/dds/log/Log.hpp
[91.782s] -- Installing: /home/ctuav/ctuav_gazebo-research/install/fastrtps/include/fastdds/dds/log/Colors.hpp
[91.783s] -- Installing: /home/ctuav/ctuav_gazebo-research/install/fastrtps/include/fastdds/dds/log/StdoutConsumer.hpp
[91.783s] -- Installing: /home/ctuav/ctuav_gazebo-research/install/fastrtps/include/fastdds/dds/log/OStreamConsumer.hpp
[91.783s] -- Installing: /home/ctuav/ctuav_gazebo-research/install/fastrtps/include/fastdds/dds/subscriber
[91.783s] -- Installing: /home/ctuav/ctuav_gazebo-research/install/fastrtps/include/fastdds/dds/subscriber/SampleInfo.hpp
[91.783s] -- Installing: /home/ctuav/ctuav_gazebo-research/install/fastrtps/include/fastdds/dds/subscriber/Subscriber.hpp
[91.783s] -- Installing: /home/ctuav/ctuav_gazebo-research/install/fastrtps/include/fastdds/dds/subscriber/SubscriberListener.hpp
[91.783s] -- Installing: /home/ctuav/ctuav_gazebo-research/install/fastrtps/include/fastdds/dds/subscriber/qos
[91.783s] -- Installing: /home/ctuav/ctuav_gazebo-research/install/fastrtps/include/fastdds/dds/subscriber/qos/SubscriberQos.hpp
[91.783s] -- Installing: /home/ctuav/ctuav_gazebo-research/install/fastrtps/include/fastdds/dds/subscriber/qos/DataReaderQos.hpp
[91.783s] -- Installing: /home/ctuav/ctuav_gazebo-research/install/fastrtps/include/fastdds/dds/subscriber/qos/ReaderQos.hpp
[91.783s] -- Installing: /home/ctuav/ctuav_gazebo-research/install/fastrtps/include/fastdds/dds/subscriber/ViewState.hpp
[91.784s] -- Installing: /home/ctuav/ctuav_gazebo-research/install/fastrtps/include/fastdds/dds/subscriber/SampleState.hpp
[91.784s] -- Installing: /home/ctuav/ctuav_gazebo-research/install/fastrtps/include/fastdds/dds/subscriber/DataReaderListener.hpp
[91.784s] -- Installing: /home/ctuav/ctuav_gazebo-research/install/fastrtps/include/fastdds/dds/subscriber/DataReader.hpp
[91.784s] -- Installing: /home/ctuav/ctuav_gazebo-research/install/fastrtps/include/fastdds/dds/subscriber/InstanceState.hpp
[91.784s] -- Installing: /home/ctuav/ctuav_gazebo-research/install/fastrtps/include/fastdds/dds/common
[91.784s] -- Installing: /home/ctuav/ctuav_gazebo-research/install/fastrtps/include/fastdds/dds/common/InstanceHandle.hpp
[91.784s] -- Installing: /home/ctuav/ctuav_gazebo-research/install/fastrtps/include/fastdds/dds/builtin
[91.784s] -- Installing: /home/ctuav/ctuav_gazebo-research/install/fastrtps/include/fastdds/dds/builtin/topic
[91.784s] -- Installing: /home/ctuav/ctuav_gazebo-research/install/fastrtps/include/fastdds/dds/builtin/topic/SubscriptionBuiltinTopicData.hpp
[91.785s] -- Installing: /home/ctuav/ctuav_gazebo-research/install/fastrtps/include/fastdds/dds/builtin/topic/TopicBuiltinTopicData.hpp
[91.785s] -- Installing: /home/ctuav/ctuav_gazebo-research/install/fastrtps/include/fastdds/dds/builtin/topic/PublicationBuiltinTopicData.hpp
[91.785s] -- Installing: /home/ctuav/ctuav_gazebo-research/install/fastrtps/include/fastdds/dds/builtin/topic/ParticipantBuiltinTopicData.hpp
[91.785s] -- Installing: /home/ctuav/ctuav_gazebo-research/install/fastrtps/include/fastdds/dds/builtin/topic/BuiltinTopicKey.hpp
[91.785s] -- Installing: /home/ctuav/ctuav_gazebo-research/install/fastrtps/include/fastdds/dds/builtin/typelookup
[91.785s] -- Installing: /home/ctuav/ctuav_gazebo-research/install/fastrtps/include/fastdds/dds/builtin/typelookup/common
[91.785s] -- Installing: /home/ctuav/ctuav_gazebo-research/install/fastrtps/include/fastdds/dds/builtin/typelookup/common/TypeLookupTypes.hpp
[91.785s] -- Installing: /home/ctuav/ctuav_gazebo-research/install/fastrtps/include/fastdds/dds/builtin/typelookup/TypeLookupReplyListener.hpp
[91.786s] -- Installing: /home/ctuav/ctuav_gazebo-research/install/fastrtps/include/fastdds/dds/builtin/typelookup/TypeLookupRequestListener.hpp
[91.786s] -- Installing: /home/ctuav/ctuav_gazebo-research/install/fastrtps/include/fastdds/dds/builtin/typelookup/TypeLookupManager.hpp
[91.786s] -- Installing: /home/ctuav/ctuav_gazebo-research/install/fastrtps/include/fastdds/dds/builtin/common
[91.786s] -- Installing: /home/ctuav/ctuav_gazebo-research/install/fastrtps/include/fastdds/dds/builtin/common/Types.hpp
[91.786s] -- Installing: /home/ctuav/ctuav_gazebo-research/install/fastrtps/include/fastdds/dds/builtin/common/ReplyHeader.hpp
[91.790s] -- Installing: /home/ctuav/ctuav_gazebo-research/install/fastrtps/include/fastdds/dds/builtin/common/RequestHeader.hpp
[91.790s] -- Installing: /home/ctuav/ctuav_gazebo-research/install/fastrtps/include/fastdds/dds/domain
[91.790s] -- Installing: /home/ctuav/ctuav_gazebo-research/install/fastrtps/include/fastdds/dds/domain/DomainParticipantListener.hpp
[91.790s] -- Installing: /home/ctuav/ctuav_gazebo-research/install/fastrtps/include/fastdds/dds/domain/DomainParticipant.hpp
[91.790s] -- Installing: /home/ctuav/ctuav_gazebo-research/install/fastrtps/include/fastdds/dds/domain/qos
[91.790s] -- Installing: /home/ctuav/ctuav_gazebo-research/install/fastrtps/include/fastdds/dds/domain/qos/DomainParticipantQos.hpp
[91.790s] -- Installing: /home/ctuav/ctuav_gazebo-research/install/fastrtps/include/fastdds/dds/domain/qos/DomainParticipantFactoryQos.hpp
[91.790s] -- Installing: /home/ctuav/ctuav_gazebo-research/install/fastrtps/include/fastdds/dds/domain/DomainParticipantFactory.hpp
[91.791s] -- Installing: /home/ctuav/ctuav_gazebo-research/install/fastrtps/include/fastdds/rtps
[91.791s] -- Installing: /home/ctuav/ctuav_gazebo-research/install/fastrtps/include/fastdds/rtps/network
[91.791s] -- Installing: /home/ctuav/ctuav_gazebo-research/install/fastrtps/include/fastdds/rtps/network/SenderResource.h
[91.791s] -- Installing: /home/ctuav/ctuav_gazebo-research/install/fastrtps/include/fastdds/rtps/network/NetworkFactory.h
[91.791s] -- Installing: /home/ctuav/ctuav_gazebo-research/install/fastrtps/include/fastdds/rtps/network/ReceiverResource.h
[91.791s] -- Installing: /home/ctuav/ctuav_gazebo-research/install/fastrtps/include/fastdds/rtps/resources
[91.791s] -- Installing: /home/ctuav/ctuav_gazebo-research/install/fastrtps/include/fastdds/rtps/resources/TimedEvent.h
[91.792s] -- Installing: /home/ctuav/ctuav_gazebo-research/install/fastrtps/include/fastdds/rtps/resources/ResourceEvent.h
[91.792s] -- Installing: /home/ctuav/ctuav_gazebo-research/install/fastrtps/include/fastdds/rtps/resources/ResourceManagement.h
[91.792s] -- Installing: /home/ctuav/ctuav_gazebo-research/install/fastrtps/include/fastdds/rtps/transport
[91.792s] -- Installing: /home/ctuav/ctuav_gazebo-research/install/fastrtps/include/fastdds/rtps/transport/UDPTransportDescriptor.h
[91.792s] -- Installing: /home/ctuav/ctuav_gazebo-research/install/fastrtps/include/fastdds/rtps/transport/UDPv6TransportDescriptor.h
[91.792s] -- Installing: /home/ctuav/ctuav_gazebo-research/install/fastrtps/include/fastdds/rtps/transport/ChainingTransportDescriptor.h
[91.792s] -- Installing: /home/ctuav/ctuav_gazebo-research/install/fastrtps/include/fastdds/rtps/transport/TCPv6TransportDescriptor.h
[91.793s] -- Installing: /home/ctuav/ctuav_gazebo-research/install/fastrtps/include/fastdds/rtps/transport/TransportReceiverInterface.h
[91.793s] -- Installing: /home/ctuav/ctuav_gazebo-research/install/fastrtps/include/fastdds/rtps/transport/test_UDPv4TransportDescriptor.h
[91.793s] -- Installing: /home/ctuav/ctuav_gazebo-research/install/fastrtps/include/fastdds/rtps/transport/TransportInterface.h
[91.794s] -- Installing: /home/ctuav/ctuav_gazebo-research/install/fastrtps/include/fastdds/rtps/transport/shared_mem
[91.794s] -- Installing: /home/ctuav/ctuav_gazebo-research/install/fastrtps/include/fastdds/rtps/transport/shared_mem/SharedMemTransportDescriptor.h
[91.795s] -- Installing: /home/ctuav/ctuav_gazebo-research/install/fastrtps/include/fastdds/rtps/transport/SocketTransportDescriptor.h
[91.795s] -- Installing: /home/ctuav/ctuav_gazebo-research/install/fastrtps/include/fastdds/rtps/transport/TCPTransportDescriptor.h
[91.799s] -- Installing: /home/ctuav/ctuav_gazebo-research/install/fastrtps/include/fastdds/rtps/transport/TCPv4TransportDescriptor.h
[91.800s] -- Installing: /home/ctuav/ctuav_gazebo-research/install/fastrtps/include/fastdds/rtps/transport/UDPv4TransportDescriptor.h
[91.800s] -- Installing: /home/ctuav/ctuav_gazebo-research/install/fastrtps/include/fastdds/rtps/transport/TransportDescriptorInterface.h
[91.800s] -- Installing: /home/ctuav/ctuav_gazebo-research/install/fastrtps/include/fastdds/rtps/transport/ChainingTransport.h
[91.800s] -- Installing: /home/ctuav/ctuav_gazebo-research/install/fastrtps/include/fastdds/rtps/attributes
[91.800s] -- Installing: /home/ctuav/ctuav_gazebo-research/install/fastrtps/include/fastdds/rtps/attributes/HistoryAttributes.h
[91.800s] -- Installing: /home/ctuav/ctuav_gazebo-research/install/fastrtps/include/fastdds/rtps/attributes/RTPSParticipantAllocationAttributes.hpp
[91.800s] -- Installing: /home/ctuav/ctuav_gazebo-research/install/fastrtps/include/fastdds/rtps/attributes/EndpointAttributes.h
[91.800s] -- Installing: /home/ctuav/ctuav_gazebo-research/install/fastrtps/include/fastdds/rtps/attributes/RTPSParticipantAttributes.h
[91.800s] -- Installing: /home/ctuav/ctuav_gazebo-research/install/fastrtps/include/fastdds/rtps/attributes/WriterAttributes.h
[91.800s] -- Installing: /home/ctuav/ctuav_gazebo-research/install/fastrtps/include/fastdds/rtps/attributes/ServerAttributes.h
[91.805s] -- Installing: /home/ctuav/ctuav_gazebo-research/install/fastrtps/include/fastdds/rtps/attributes/ReaderAttributes.h
[91.805s] -- Installing: /home/ctuav/ctuav_gazebo-research/install/fastrtps/include/fastdds/rtps/attributes/PropertyPolicy.h
[91.805s] -- Installing: /home/ctuav/ctuav_gazebo-research/install/fastrtps/include/fastdds/rtps/RTPSDomain.h
[91.805s] -- Installing: /home/ctuav/ctuav_gazebo-research/install/fastrtps/include/fastdds/rtps/history
[91.805s] -- Installing: /home/ctuav/ctuav_gazebo-research/install/fastrtps/include/fastdds/rtps/history/IChangePool.h
[91.805s] -- Installing: /home/ctuav/ctuav_gazebo-research/install/fastrtps/include/fastdds/rtps/history/IPayloadPool.h
[91.805s] -- Installing: /home/ctuav/ctuav_gazebo-research/install/fastrtps/include/fastdds/rtps/history/ReaderHistory.h
[91.805s] -- Installing: /home/ctuav/ctuav_gazebo-research/install/fastrtps/include/fastdds/rtps/history/History.h
[91.805s] -- Installing: /home/ctuav/ctuav_gazebo-research/install/fastrtps/include/fastdds/rtps/history/WriterHistory.h
[91.805s] -- Installing: /home/ctuav/ctuav_gazebo-research/install/fastrtps/include/fastdds/rtps/security
[91.805s] -- Installing: /home/ctuav/ctuav_gazebo-research/install/fastrtps/include/fastdds/rtps/security/authentication
[91.805s] -- Installing: /home/ctuav/ctuav_gazebo-research/install/fastrtps/include/fastdds/rtps/security/authentication/Handshake.h
[91.806s] -- Installing: /home/ctuav/ctuav_gazebo-research/install/fastrtps/include/fastdds/rtps/security/authentication/Authentication.h
[91.806s] -- Installing: /home/ctuav/ctuav_gazebo-research/install/fastrtps/include/fastdds/rtps/security/accesscontrol
[91.806s] -- Installing: /home/ctuav/ctuav_gazebo-research/install/fastrtps/include/fastdds/rtps/security/accesscontrol/AccessControl.h
[91.806s] -- Installing: /home/ctuav/ctuav_gazebo-research/install/fastrtps/include/fastdds/rtps/security/accesscontrol/SecurityMaskUtilities.h
[91.806s] -- Installing: /home/ctuav/ctuav_gazebo-research/install/fastrtps/include/fastdds/rtps/security/accesscontrol/ParticipantSecurityAttributes.h
[91.806s] -- Installing: /home/ctuav/ctuav_gazebo-research/install/fastrtps/include/fastdds/rtps/security/accesscontrol/EndpointSecurityAttributes.h
[91.806s] -- Installing: /home/ctuav/ctuav_gazebo-research/install/fastrtps/include/fastdds/rtps/security/common
[91.806s] -- Installing: /home/ctuav/ctuav_gazebo-research/install/fastrtps/include/fastdds/rtps/security/common/Handle.h
[91.806s] -- Installing: /home/ctuav/ctuav_gazebo-research/install/fastrtps/include/fastdds/rtps/security/common/SharedSecretHandle.h
[91.807s] -- Installing: /home/ctuav/ctuav_gazebo-research/install/fastrtps/include/fastdds/rtps/security/common/ParticipantGenericMessage.h
[91.807s] -- Installing: /home/ctuav/ctuav_gazebo-research/install/fastrtps/include/fastdds/rtps/security/cryptography
[91.807s] -- Installing: /home/ctuav/ctuav_gazebo-research/install/fastrtps/include/fastdds/rtps/security/cryptography/CryptoTransform.h
[91.807s] -- Installing: /home/ctuav/ctuav_gazebo-research/install/fastrtps/include/fastdds/rtps/security/cryptography/CryptoKeyFactory.h
[91.807s] -- Installing: /home/ctuav/ctuav_gazebo-research/install/fastrtps/include/fastdds/rtps/security/cryptography/CryptoKeyExchange.h
[91.807s] -- Installing: /home/ctuav/ctuav_gazebo-research/install/fastrtps/include/fastdds/rtps/security/cryptography/CryptoTypes.h
[91.807s] -- Installing: /home/ctuav/ctuav_gazebo-research/install/fastrtps/include/fastdds/rtps/security/cryptography/Cryptography.h
[91.811s] -- Installing: /home/ctuav/ctuav_gazebo-research/install/fastrtps/include/fastdds/rtps/security/logging
[91.811s] -- Installing: /home/ctuav/ctuav_gazebo-research/install/fastrtps/include/fastdds/rtps/security/logging/NameValuePair.h
[91.811s] -- Installing: /home/ctuav/ctuav_gazebo-research/install/fastrtps/include/fastdds/rtps/security/logging/Logging.h
[91.811s] -- Installing: /home/ctuav/ctuav_gazebo-research/install/fastrtps/include/fastdds/rtps/security/logging/LoggingLevel.h
[91.811s] -- Installing: /home/ctuav/ctuav_gazebo-research/install/fastrtps/include/fastdds/rtps/security/logging/LogOptions.h
[91.811s] -- Installing: /home/ctuav/ctuav_gazebo-research/install/fastrtps/include/fastdds/rtps/security/logging/BuiltinLoggingType.h
[91.811s] -- Installing: /home/ctuav/ctuav_gazebo-research/install/fastrtps/include/fastdds/rtps/security/exceptions
[91.811s] -- Installing: /home/ctuav/ctuav_gazebo-research/install/fastrtps/include/fastdds/rtps/security/exceptions/SecurityException.h
[91.813s] -- Installing: /home/ctuav/ctuav_gazebo-research/install/fastrtps/include/fastdds/rtps/common
[91.813s] -- Installing: /home/ctuav/ctuav_gazebo-research/install/fastrtps/include/fastdds/rtps/common/LocatorList.hpp
[91.813s] -- Installing: /home/ctuav/ctuav_gazebo-research/install/fastrtps/include/fastdds/rtps/common/SerializedPayload.h
[91.813s] -- Installing: /home/ctuav/ctuav_gazebo-research/install/fastrtps/include/fastdds/rtps/common/CacheChange.h
[91.813s] -- Installing: /home/ctuav/ctuav_gazebo-research/install/fastrtps/include/fastdds/rtps/common/Property.h
[91.813s] -- Installing: /home/ctuav/ctuav_gazebo-research/install/fastrtps/include/fastdds/rtps/common/Locator.h
[91.816s] -- Installing: /home/ctuav/ctuav_gazebo-research/install/fastrtps/include/fastdds/rtps/common/CDRMessage_t.h
[91.816s] -- Installing: /home/ctuav/ctuav_gazebo-research/install/fastrtps/include/fastdds/rtps/common/BinaryProperty.h
[91.816s] -- Installing: /home/ctuav/ctuav_gazebo-research/install/fastrtps/include/fastdds/rtps/common/SampleIdentity.h
[91.816s] -- Installing: /home/ctuav/ctuav_gazebo-research/install/fastrtps/include/fastdds/rtps/common/EntityId_t.hpp
[91.816s] -- Installing: /home/ctuav/ctuav_gazebo-research/install/fastrtps/include/fastdds/rtps/common/LocatorsIterator.hpp
[91.816s] -- Installing: /home/ctuav/ctuav_gazebo-research/install/fastrtps/include/fastdds/rtps/common/LocatorSelectorEntry.hpp
[91.816s] -- Installing: /home/ctuav/ctuav_gazebo-research/install/fastrtps/include/fastdds/rtps/common/LocatorSelector.hpp
[91.816s] -- Installing: /home/ctuav/ctuav_gazebo-research/install/fastrtps/include/fastdds/rtps/common/MatchingInfo.h
[91.816s] -- Installing: /home/ctuav/ctuav_gazebo-research/install/fastrtps/include/fastdds/rtps/common/VendorId_t.hpp
[91.816s] -- Installing: /home/ctuav/ctuav_gazebo-research/install/fastrtps/include/fastdds/rtps/common/PortParameters.h
[91.816s] -- Installing: /home/ctuav/ctuav_gazebo-research/install/fastrtps/include/fastdds/rtps/common/GuidPrefix_t.hpp
[91.816s] -- Installing: /home/ctuav/ctuav_gazebo-research/install/fastrtps/include/fastdds/rtps/common/Guid.h
[91.817s] -- Installing: /home/ctuav/ctuav_gazebo-research/install/fastrtps/include/fastdds/rtps/common/WriteParams.h
[91.817s] -- Installing: /home/ctuav/ctuav_gazebo-research/install/fastrtps/include/fastdds/rtps/common/SequenceNumber.h
[91.817s] -- Installing: /home/ctuav/ctuav_gazebo-research/install/fastrtps/include/fastdds/rtps/common/RemoteLocators.hpp
[91.817s] -- Installing: /home/ctuav/ctuav_gazebo-research/install/fastrtps/include/fastdds/rtps/common/FragmentNumber.h
[91.817s] -- Installing: /home/ctuav/ctuav_gazebo-research/install/fastrtps/include/fastdds/rtps/common/Token.h
[91.817s] -- Installing: /home/ctuav/ctuav_gazebo-research/install/fastrtps/include/fastdds/rtps/common/ChangeKind_t.hpp
[91.817s] -- Installing: /home/ctuav/ctuav_gazebo-research/install/fastrtps/include/fastdds/rtps/common/Types.h
[91.817s] -- Installing: /home/ctuav/ctuav_gazebo-research/install/fastrtps/include/fastdds/rtps/common/InstanceHandle.h
[91.821s] -- Installing: /home/ctuav/ctuav_gazebo-research/install/fastrtps/include/fastdds/rtps/common/all_common.h
[91.821s] -- Installing: /home/ctuav/ctuav_gazebo-research/install/fastrtps/include/fastdds/rtps/common/Time_t.h
[91.821s] -- Installing: /home/ctuav/ctuav_gazebo-research/install/fastrtps/include/fastdds/rtps/common/LocatorListComparisons.hpp
[91.821s] -- Installing: /home/ctuav/ctuav_gazebo-research/install/fastrtps/include/fastdds/rtps/rtps_fwd.h
[91.821s] -- Installing: /home/ctuav/ctuav_gazebo-research/install/fastrtps/include/fastdds/rtps/interfaces
[91.821s] -- Installing: /home/ctuav/ctuav_gazebo-research/install/fastrtps/include/fastdds/rtps/interfaces/IReaderDataFilter.hpp
[91.821s] -- Installing: /home/ctuav/ctuav_gazebo-research/install/fastrtps/include/fastdds/rtps/writer
[91.821s] -- Installing: /home/ctuav/ctuav_gazebo-research/install/fastrtps/include/fastdds/rtps/writer/RTPSWriter.h
[91.821s] -- Installing: /home/ctuav/ctuav_gazebo-research/install/fastrtps/include/fastdds/rtps/writer/ReaderProxy.h
[91.821s] -- Installing: /home/ctuav/ctuav_gazebo-research/install/fastrtps/include/fastdds/rtps/writer/StatelessWriter.h
[91.821s] -- Installing: /home/ctuav/ctuav_gazebo-research/install/fastrtps/include/fastdds/rtps/writer/LocatorSelectorSender.hpp
[91.821s] -- Installing: /home/ctuav/ctuav_gazebo-research/install/fastrtps/include/fastdds/rtps/writer/StatelessPersistentWriter.h
[91.821s] -- Installing: /home/ctuav/ctuav_gazebo-research/install/fastrtps/include/fastdds/rtps/writer/ChangeForReader.h
[91.822s] -- Installing: /home/ctuav/ctuav_gazebo-research/install/fastrtps/include/fastdds/rtps/writer/StatefulWriter.h
[91.822s] -- Installing: /home/ctuav/ctuav_gazebo-research/install/fastrtps/include/fastdds/rtps/writer/ReaderLocator.h
[91.822s] -- Installing: /home/ctuav/ctuav_gazebo-research/install/fastrtps/include/fastdds/rtps/writer/LivelinessData.h
[91.822s] -- Installing: /home/ctuav/ctuav_gazebo-research/install/fastrtps/include/fastdds/rtps/writer/WriterDiscoveryInfo.h
[91.822s] -- Installing: /home/ctuav/ctuav_gazebo-research/install/fastrtps/include/fastdds/rtps/writer/PersistentWriter.h
[91.822s] -- Installing: /home/ctuav/ctuav_gazebo-research/install/fastrtps/include/fastdds/rtps/writer/IReaderDataFilter.hpp
[91.822s] -- Installing: /home/ctuav/ctuav_gazebo-research/install/fastrtps/include/fastdds/rtps/writer/StatefulPersistentWriter.h
[91.824s] -- Installing: /home/ctuav/ctuav_gazebo-research/install/fastrtps/include/fastdds/rtps/writer/LivelinessManager.h
[91.824s] -- Installing: /home/ctuav/ctuav_gazebo-research/install/fastrtps/include/fastdds/rtps/writer/WriterListener.h
[91.824s] -- Installing: /home/ctuav/ctuav_gazebo-research/install/fastrtps/include/fastdds/rtps/writer/DeliveryRetCode.hpp
[91.824s] -- Installing: /home/ctuav/ctuav_gazebo-research/install/fastrtps/include/fastdds/rtps/flowcontrol
[91.824s] -- Installing: /home/ctuav/ctuav_gazebo-research/install/fastrtps/include/fastdds/rtps/flowcontrol/FlowControllerDescriptor.hpp
[91.825s] -- Installing: /home/ctuav/ctuav_gazebo-research/install/fastrtps/include/fastdds/rtps/flowcontrol/ThroughputControllerDescriptor.h
[91.825s] -- Installing: /home/ctuav/ctuav_gazebo-research/install/fastrtps/include/fastdds/rtps/flowcontrol/FlowControllerConsts.hpp
[91.825s] -- Installing: /home/ctuav/ctuav_gazebo-research/install/fastrtps/include/fastdds/rtps/flowcontrol/FlowControllerSchedulerPolicy.hpp
[91.825s] -- Installing: /home/ctuav/ctuav_gazebo-research/install/fastrtps/include/fastdds/rtps/messages
[91.825s] -- Installing: /home/ctuav/ctuav_gazebo-research/install/fastrtps/include/fastdds/rtps/messages/RTPSMessageCreator.h
[91.825s] -- Installing: /home/ctuav/ctuav_gazebo-research/install/fastrtps/include/fastdds/rtps/messages/MessageReceiver.h
[91.825s] -- Installing: /home/ctuav/ctuav_gazebo-research/install/fastrtps/include/fastdds/rtps/messages/RTPSMessageSenderInterface.hpp
[91.826s] -- Installing: /home/ctuav/ctuav_gazebo-research/install/fastrtps/include/fastdds/rtps/messages/CDRMessage.h
[91.826s] -- Installing: /home/ctuav/ctuav_gazebo-research/install/fastrtps/include/fastdds/rtps/messages/RTPS_messages.h
[91.826s] -- Installing: /home/ctuav/ctuav_gazebo-research/install/fastrtps/include/fastdds/rtps/messages/RTPSMessageGroup.h
[91.826s] -- Installing: /home/ctuav/ctuav_gazebo-research/install/fastrtps/include/fastdds/rtps/messages/CDRMessage.hpp
[91.826s] -- Installing: /home/ctuav/ctuav_gazebo-research/install/fastrtps/include/fastdds/rtps/participant
[91.827s] -- Installing: /home/ctuav/ctuav_gazebo-research/install/fastrtps/include/fastdds/rtps/participant/RTPSParticipantListener.h
[91.828s] -- Installing: /home/ctuav/ctuav_gazebo-research/install/fastrtps/include/fastdds/rtps/participant/RTPSParticipant.h
[91.828s] -- Installing: /home/ctuav/ctuav_gazebo-research/install/fastrtps/include/fastdds/rtps/participant/ParticipantDiscoveryInfo.h
[91.828s] -- Installing: /home/ctuav/ctuav_gazebo-research/install/fastrtps/include/fastdds/rtps/reader
[91.828s] -- Installing: /home/ctuav/ctuav_gazebo-research/install/fastrtps/include/fastdds/rtps/reader/StatelessReader.h
[91.828s] -- Installing: /home/ctuav/ctuav_gazebo-research/install/fastrtps/include/fastdds/rtps/reader/StatefulPersistentReader.h
[91.828s] -- Installing: /home/ctuav/ctuav_gazebo-research/install/fastrtps/include/fastdds/rtps/reader/ReaderDiscoveryInfo.h
[91.834s] -- Installing: /home/ctuav/ctuav_gazebo-research/install/fastrtps/include/fastdds/rtps/reader/StatefulReader.h
[91.834s] -- Installing: /home/ctuav/ctuav_gazebo-research/install/fastrtps/include/fastdds/rtps/reader/ReaderListener.h
[91.835s] -- Installing: /home/ctuav/ctuav_gazebo-research/install/fastrtps/include/fastdds/rtps/reader/RTPSReader.h
[91.836s] -- Installing: /home/ctuav/ctuav_gazebo-research/install/fastrtps/include/fastdds/rtps/reader/StatelessPersistentReader.h
[91.836s] -- Installing: /home/ctuav/ctuav_gazebo-research/install/fastrtps/include/fastdds/rtps/exceptions
[91.836s] -- Installing: /home/ctuav/ctuav_gazebo-research/install/fastrtps/include/fastdds/rtps/exceptions/Exception.h
[91.836s] -- Installing: /home/ctuav/ctuav_gazebo-research/install/fastrtps/include/fastdds/rtps/builtin
[91.836s] -- Installing: /home/ctuav/ctuav_gazebo-research/install/fastrtps/include/fastdds/rtps/builtin/BuiltinProtocols.h
[91.836s] -- Installing: /home/ctuav/ctuav_gazebo-research/install/fastrtps/include/fastdds/rtps/builtin/liveliness
[91.836s] -- Installing: /home/ctuav/ctuav_gazebo-research/install/fastrtps/include/fastdds/rtps/builtin/liveliness/WLPListener.h
[91.836s] -- Installing: /home/ctuav/ctuav_gazebo-research/install/fastrtps/include/fastdds/rtps/builtin/liveliness/WLP.h
[91.836s] -- Installing: /home/ctuav/ctuav_gazebo-research/install/fastrtps/include/fastdds/rtps/builtin/data
[91.836s] -- Installing: /home/ctuav/ctuav_gazebo-research/install/fastrtps/include/fastdds/rtps/builtin/data/ParticipantProxyData.h
[91.837s] -- Installing: /home/ctuav/ctuav_gazebo-research/install/fastrtps/include/fastdds/rtps/builtin/data/ContentFilterProperty.hpp
[91.837s] -- Installing: /home/ctuav/ctuav_gazebo-research/install/fastrtps/include/fastdds/rtps/builtin/data/ReaderProxyData.h
[91.837s] -- Installing: /home/ctuav/ctuav_gazebo-research/install/fastrtps/include/fastdds/rtps/builtin/data/WriterProxyData.h
[91.837s] -- Installing: /home/ctuav/ctuav_gazebo-research/install/fastrtps/include/fastdds/rtps/builtin/discovery
[91.837s] -- Installing: /home/ctuav/ctuav_gazebo-research/install/fastrtps/include/fastdds/rtps/builtin/discovery/endpoint
[91.837s] -- Installing: /home/ctuav/ctuav_gazebo-research/install/fastrtps/include/fastdds/rtps/builtin/discovery/endpoint/EDPStatic.h
[91.841s] -- Installing: /home/ctuav/ctuav_gazebo-research/install/fastrtps/include/fastdds/rtps/builtin/discovery/endpoint/EDPSimple.h
[91.841s] -- Installing: /home/ctuav/ctuav_gazebo-research/install/fastrtps/include/fastdds/rtps/builtin/discovery/endpoint/EDP.h
[91.841s] -- Installing: /home/ctuav/ctuav_gazebo-research/install/fastrtps/include/fastdds/rtps/builtin/discovery/participant
[91.841s] -- Installing: /home/ctuav/ctuav_gazebo-research/install/fastrtps/include/fastdds/rtps/builtin/discovery/participant/PDPListener.h
[91.841s] -- Installing: /home/ctuav/ctuav_gazebo-research/install/fastrtps/include/fastdds/rtps/builtin/discovery/participant/PDPSimple.h
[91.841s] -- Installing: /home/ctuav/ctuav_gazebo-research/install/fastrtps/include/fastdds/rtps/builtin/discovery/participant/PDP.h
[91.841s] -- Installing: /home/ctuav/ctuav_gazebo-research/install/fastrtps/include/fastdds/rtps/rtps_all.h
[91.841s] -- Installing: /home/ctuav/ctuav_gazebo-research/install/fastrtps/include/fastdds/rtps/Endpoint.h
[91.841s] -- Installing: /home/ctuav/ctuav_gazebo-research/install/fastrtps/include/fastdds/statistics
[91.842s] -- Installing: /home/ctuav/ctuav_gazebo-research/install/fastrtps/include/fastdds/statistics/IListeners.hpp
[91.842s] -- Installing: /home/ctuav/ctuav_gazebo-research/install/fastrtps/include/fastdds/statistics/dds
[91.842s] -- Installing: /home/ctuav/ctuav_gazebo-research/install/fastrtps/include/fastdds/statistics/dds/publisher
[91.842s] -- Installing: /home/ctuav/ctuav_gazebo-research/install/fastrtps/include/fastdds/statistics/dds/publisher/qos
[91.842s] -- Installing: /home/ctuav/ctuav_gazebo-research/install/fastrtps/include/fastdds/statistics/dds/publisher/qos/DataWriterQos.hpp
[91.842s] -- Installing: /home/ctuav/ctuav_gazebo-research/install/fastrtps/include/fastdds/statistics/dds/subscriber
[91.842s] -- Installing: /home/ctuav/ctuav_gazebo-research/install/fastrtps/include/fastdds/statistics/dds/subscriber/qos
[91.842s] -- Installing: /home/ctuav/ctuav_gazebo-research/install/fastrtps/include/fastdds/statistics/dds/subscriber/qos/DataReaderQos.hpp
[91.842s] -- Installing: /home/ctuav/ctuav_gazebo-research/install/fastrtps/include/fastdds/statistics/dds/domain
[91.842s] -- Installing: /home/ctuav/ctuav_gazebo-research/install/fastrtps/include/fastdds/statistics/dds/domain/DomainParticipant.hpp
[91.843s] -- Installing: /home/ctuav/ctuav_gazebo-research/install/fastrtps/include/fastdds/statistics/topic_names.hpp
[91.843s] -- Installing: /home/ctuav/ctuav_gazebo-research/install/fastrtps/include/fastdds/statistics/rtps
[91.843s] -- Installing: /home/ctuav/ctuav_gazebo-research/install/fastrtps/include/fastdds/statistics/rtps/StatisticsCommon.hpp
[91.845s] -- Installing: /home/ctuav/ctuav_gazebo-research/install/fastrtps/include/fastrtps/config.h
[91.847s] -- Up-to-date: /home/ctuav/ctuav_gazebo-research/install/fastrtps/include/fastdds/statistics
[91.847s] -- Up-to-date: /home/ctuav/ctuav_gazebo-research/install/fastrtps/include/fastdds/statistics/dds
[91.847s] -- Up-to-date: /home/ctuav/ctuav_gazebo-research/install/fastrtps/include/fastdds/statistics/dds/publisher
[91.847s] -- Up-to-date: /home/ctuav/ctuav_gazebo-research/install/fastrtps/include/fastdds/statistics/dds/publisher/qos
[91.847s] -- Up-to-date: /home/ctuav/ctuav_gazebo-research/install/fastrtps/include/fastdds/statistics/dds/subscriber
[91.847s] -- Up-to-date: /home/ctuav/ctuav_gazebo-research/install/fastrtps/include/fastdds/statistics/dds/subscriber/qos
[91.847s] -- Up-to-date: /home/ctuav/ctuav_gazebo-research/install/fastrtps/include/fastdds/statistics/dds/domain
[91.847s] -- Installing: /home/ctuav/ctuav_gazebo-research/install/fastrtps/include/fastdds/statistics/types.idl
[91.847s] -- Up-to-date: /home/ctuav/ctuav_gazebo-research/install/fastrtps/include/fastdds/statistics/rtps
[91.848s] -- Installing: /home/ctuav/ctuav_gazebo-research/install/fastrtps/lib/libfastrtps.so.2.6.6
[91.904s] -- Installing: /home/ctuav/ctuav_gazebo-research/install/fastrtps/lib/libfastrtps.so.2.6
[91.905s] -- Set runtime path of "/home/ctuav/ctuav_gazebo-research/install/fastrtps/lib/libfastrtps.so.2.6.6" to ""
[91.905s] -- Installing: /home/ctuav/ctuav_gazebo-research/install/fastrtps/lib/libfastrtps.so
[91.905s] -- Installing: /home/ctuav/ctuav_gazebo-research/install/fastrtps/share/fastrtps/cmake/fastrtps-dynamic-targets.cmake
[91.905s] -- Installing: /home/ctuav/ctuav_gazebo-research/install/fastrtps/share/fastrtps/cmake/fastrtps-dynamic-targets-release.cmake
[91.905s] -- Installing: /home/ctuav/ctuav_gazebo-research/install/fastrtps/share/fastrtps/cmake/fastrtps-config.cmake
[91.906s] -- Installing: /home/ctuav/ctuav_gazebo-research/install/fastrtps/share/fastrtps/cmake/fastrtps-config-version.cmake
[91.906s] -- Installing: /home/ctuav/ctuav_gazebo-research/install/fastrtps/include/fastdds/thirdparty/optionparser
[91.906s] -- Installing: /home/ctuav/ctuav_gazebo-research/install/fastrtps/include/fastdds/thirdparty/optionparser/optionparser.hpp
[91.906s] -- Installing: /home/ctuav/ctuav_gazebo-research/install/fastrtps/include/fastdds/thirdparty/optionparser/optionparser
[91.906s] -- Installing: /home/ctuav/ctuav_gazebo-research/install/fastrtps/include/fastdds/thirdparty/optionparser/optionparser/optionparser.h
[91.907s] -- Installing: /home/ctuav/ctuav_gazebo-research/install/fastrtps/share/fastrtps/cmake/optionparser-targets.cmake
[91.908s] -- Installing: /home/ctuav/ctuav_gazebo-research/install/fastrtps/bin/fast-discovery-server-1.0.0
[91.912s] -- Set runtime path of "/home/ctuav/ctuav_gazebo-research/install/fastrtps/bin/fast-discovery-server-1.0.0" to ""
[91.913s] -- Installing: /home/ctuav/ctuav_gazebo-research/install/fastrtps/share/fastrtps/cmake/fast-discovery-server-targets.cmake
[91.913s] -- Installing: /home/ctuav/ctuav_gazebo-research/install/fastrtps/share/fastrtps/cmake/fast-discovery-server-targets-release.cmake
[91.922s] -- Installing: /home/ctuav/ctuav_gazebo-research/install/fastrtps/tools/fastdds
[91.922s] -- Installing: /home/ctuav/ctuav_gazebo-research/install/fastrtps/tools/fastdds/fastdds.py
[91.922s] -- Installing: /home/ctuav/ctuav_gazebo-research/install/fastrtps/tools/fastdds/shm
[91.923s] -- Installing: /home/ctuav/ctuav_gazebo-research/install/fastrtps/tools/fastdds/shm/clean.py
[91.923s] -- Installing: /home/ctuav/ctuav_gazebo-research/install/fastrtps/tools/fastdds/shm/parser.py
[91.923s] -- Installing: /home/ctuav/ctuav_gazebo-research/install/fastrtps/tools/fastdds/discovery
[91.923s] -- Installing: /home/ctuav/ctuav_gazebo-research/install/fastrtps/tools/fastdds/discovery/parser.py
[91.924s] -- Up-to-date: /home/ctuav/ctuav_gazebo-research/install/fastrtps/bin
[91.924s] -- Installing: /home/ctuav/ctuav_gazebo-research/install/fastrtps/bin/fastdds
[91.924s] -- Installing: /home/ctuav/ctuav_gazebo-research/install/fastrtps/bin/ros-discovery
[91.924s] -- Installing: /home/ctuav/ctuav_gazebo-research/install/fastrtps/share/fastrtps/LICENSE
[91.929s] Invoked command in '/home/ctuav/ctuav_gazebo-research/build/fastrtps' returned '0': CMAKE_PREFIX_PATH=/home/ctuav/ctuav_gazebo-research/install/fastcdr:/usr/local LD_LIBRARY_PATH=/home/ctuav/ctuav_gazebo-research/install/fastcdr/lib:${LD_LIBRARY_PATH} /usr/bin/cmake --install /home/ctuav/ctuav_gazebo-research/build/fastrtps
