[0.009s] Invoking command in '/home/ctuav/ctuav_gazebo-research/build/px4_ros_com': CMAKE_PREFIX_PATH=/home/ctuav/ctuav_gazebo-research/install/px4_msgs:/home/ctuav/ctuav_gazebo-research/install/px4_ros_com:/home/ctuav/ctuav_gazebo-research/install/px4:/home/ctuav/ctuav_gazebo-research/install/microxrcedds_agent:/home/ctuav/ctuav_gazebo-research/install/fastrtps:/home/ctuav/ctuav_gazebo-research/install/fastcdr:/opt/ros/humble LD_LIBRARY_PATH=/home/ctuav/ctuav_gazebo-research/install/px4_msgs/lib:/home/ctuav/ctuav_gazebo-research/install/px4_ros_com/lib:/home/ctuav/ctuav_gazebo-research/install/px4/lib:/home/ctuav/ctuav_gazebo-research/install/microxrcedds_agent/lib:/home/ctuav/ctuav_gazebo-research/install/fastrtps/lib:/home/ctuav/ctuav_gazebo-research/install/fastcdr/lib:/opt/ros/humble/opt/rviz_ogre_vendor/lib:/opt/ros/humble/lib/x86_64-linux-gnu:/opt/ros/humble/lib /usr/bin/cmake /home/ctuav/ctuav_gazebo-research/src/px4_ros_com -DAMENT_CMAKE_SYMLINK_INSTALL=1 -DCMAKE_INSTALL_PREFIX=/home/ctuav/ctuav_gazebo-research/install/px4_ros_com
[0.020s] -- Found ament_cmake: 1.3.12 (/opt/ros/humble/share/ament_cmake/cmake)
[0.124s] -- Override CMake install command with custom implementation using symlinks instead of copying resources
[0.130s] -- Found builtin_interfaces: 1.2.2 (/opt/ros/humble/share/builtin_interfaces/cmake)
[0.151s] -- Found rosidl_generator_c: 3.1.7 (/opt/ros/humble/share/rosidl_generator_c/cmake)
[0.153s] -- Found rosidl_adapter: 3.1.7 (/opt/ros/humble/share/rosidl_adapter/cmake)
[0.157s] -- Found rosidl_generator_cpp: 3.1.7 (/opt/ros/humble/share/rosidl_generator_cpp/cmake)
[0.164s] -- Using all available rosidl_typesupport_c: rosidl_typesupport_fastrtps_c;rosidl_typesupport_introspection_c
[0.174s] -- Using all available rosidl_typesupport_cpp: rosidl_typesupport_fastrtps_cpp;rosidl_typesupport_introspection_cpp
[0.182s] -- Found eigen3_cmake_module: 0.1.1 (/opt/ros/humble/share/eigen3_cmake_module/cmake)
[0.183s] -- Found geometry_msgs: 4.9.0 (/opt/ros/humble/share/geometry_msgs/cmake)
[0.202s] -- Found px4_msgs: 2.0.1 (/home/ctuav/ctuav_gazebo-research/install/px4_msgs/share/px4_msgs/cmake)
[0.211s] -- Found rclcpp: 16.0.14 (/opt/ros/humble/share/rclcpp/cmake)
[0.230s] -- Found rmw_implementation_cmake: 6.1.2 (/opt/ros/humble/share/rmw_implementation_cmake/cmake)
[0.231s] -- Found rmw_fastrtps_cpp: 6.2.8 (/opt/ros/humble/share/rmw_fastrtps_cpp/cmake)
[0.333s] -- Using RMW implementation 'rmw_fastrtps_cpp' as default
[0.364s] -- Found sensor_msgs: 4.9.0 (/opt/ros/humble/share/sensor_msgs/cmake)
[0.378s] -- Found rclpy: 3.3.17 (/opt/ros/humble/share/rclpy/cmake)
[0.384s] -- Found ament_lint_auto: 0.12.14 (/opt/ros/humble/share/ament_lint_auto/cmake)
[0.445s] -- Added test 'copyright' to check source files copyright and LICENSE
[0.450s] -- Added test 'cppcheck' to perform static code analysis on C / C++ code
[0.450s] -- Configured cppcheck include dirs: /home/ctuav/ctuav_gazebo-research/src/px4_ros_com/include;$<BUILD_INTERFACE:/home/ctuav/ctuav_gazebo-research/src/px4_ros_com/include/px4_ros_com>
[0.450s] -- Configured cppcheck exclude dirs and/or files: 
[0.455s] -- Added test 'cpplint' to check C / C++ code against the Google style
[0.455s] -- Configured cpplint exclude dirs and/or files: 
[0.455s] -- Added test 'flake8' to check Python code syntax and style conventions
[0.457s] -- Added test 'lint_cmake' to check CMake code style
[0.457s] -- Added test 'pep257' to check Python code against some of the docstring style conventions in PEP 257
[0.462s] -- Added test 'uncrustify' to check C / C++ code style
[0.462s] -- Configured uncrustify additional arguments: 
[0.462s] -- Added test 'xmllint' to check XML markup files
[0.464s] -- Configuring done
[0.489s] -- Generating done
[0.498s] -- Build files have been written to: /home/ctuav/ctuav_gazebo-research/build/px4_ros_com
[0.507s] Invoked command in '/home/ctuav/ctuav_gazebo-research/build/px4_ros_com' returned '0': CMAKE_PREFIX_PATH=/home/ctuav/ctuav_gazebo-research/install/px4_msgs:/home/ctuav/ctuav_gazebo-research/install/px4_ros_com:/home/ctuav/ctuav_gazebo-research/install/px4:/home/ctuav/ctuav_gazebo-research/install/microxrcedds_agent:/home/ctuav/ctuav_gazebo-research/install/fastrtps:/home/ctuav/ctuav_gazebo-research/install/fastcdr:/opt/ros/humble LD_LIBRARY_PATH=/home/ctuav/ctuav_gazebo-research/install/px4_msgs/lib:/home/ctuav/ctuav_gazebo-research/install/px4_ros_com/lib:/home/ctuav/ctuav_gazebo-research/install/px4/lib:/home/ctuav/ctuav_gazebo-research/install/microxrcedds_agent/lib:/home/ctuav/ctuav_gazebo-research/install/fastrtps/lib:/home/ctuav/ctuav_gazebo-research/install/fastcdr/lib:/opt/ros/humble/opt/rviz_ogre_vendor/lib:/opt/ros/humble/lib/x86_64-linux-gnu:/opt/ros/humble/lib /usr/bin/cmake /home/ctuav/ctuav_gazebo-research/src/px4_ros_com -DAMENT_CMAKE_SYMLINK_INSTALL=1 -DCMAKE_INSTALL_PREFIX=/home/ctuav/ctuav_gazebo-research/install/px4_ros_com
[0.508s] Invoking command in '/home/ctuav/ctuav_gazebo-research/build/px4_ros_com': CMAKE_PREFIX_PATH=/home/ctuav/ctuav_gazebo-research/install/px4_msgs:/home/ctuav/ctuav_gazebo-research/install/px4_ros_com:/home/ctuav/ctuav_gazebo-research/install/px4:/home/ctuav/ctuav_gazebo-research/install/microxrcedds_agent:/home/ctuav/ctuav_gazebo-research/install/fastrtps:/home/ctuav/ctuav_gazebo-research/install/fastcdr:/opt/ros/humble LD_LIBRARY_PATH=/home/ctuav/ctuav_gazebo-research/install/px4_msgs/lib:/home/ctuav/ctuav_gazebo-research/install/px4_ros_com/lib:/home/ctuav/ctuav_gazebo-research/install/px4/lib:/home/ctuav/ctuav_gazebo-research/install/microxrcedds_agent/lib:/home/ctuav/ctuav_gazebo-research/install/fastrtps/lib:/home/ctuav/ctuav_gazebo-research/install/fastcdr/lib:/opt/ros/humble/opt/rviz_ogre_vendor/lib:/opt/ros/humble/lib/x86_64-linux-gnu:/opt/ros/humble/lib /usr/bin/cmake --build /home/ctuav/ctuav_gazebo-research/build/px4_ros_com -- -j12 -l12
[0.555s] [35m[1mConsolidate compiler generated dependencies of target frame_transforms[0m
[0.555s] [35m[1mConsolidate compiler generated dependencies of target sensor_combined_listener[0m
[0.555s] [35m[1mConsolidate compiler generated dependencies of target offboard_control[0m
[0.555s] [35m[1mConsolidate compiler generated dependencies of target vehicle_gps_position_listener[0m
[0.556s] [35m[1mConsolidate compiler generated dependencies of target offboard_control_srv[0m
[0.556s] [35m[1mConsolidate compiler generated dependencies of target debug_vect_advertiser[0m
[0.576s] [ 16%] Built target offboard_control_srv
[0.576s] [ 33%] Built target frame_transforms
[0.577s] [ 33%] Built target ament_cmake_python_symlink_px4_ros_com
[0.577s] [ 58%] Built target vehicle_gps_position_listener
[0.577s] [ 66%] Built target sensor_combined_listener
[0.578s] [ 83%] Built target debug_vect_advertiser
[0.578s] [100%] Built target offboard_control
[0.773s] running egg_info
[0.773s] writing px4_ros_com.egg-info/PKG-INFO
[0.774s] writing dependency_links to px4_ros_com.egg-info/dependency_links.txt
[0.774s] writing top-level names to px4_ros_com.egg-info/top_level.txt
[0.775s] reading manifest file 'px4_ros_com.egg-info/SOURCES.txt'
[0.776s] writing manifest file 'px4_ros_com.egg-info/SOURCES.txt'
[0.801s] [100%] Built target ament_cmake_python_build_px4_ros_com_egg
[0.814s] Invoked command in '/home/ctuav/ctuav_gazebo-research/build/px4_ros_com' returned '0': CMAKE_PREFIX_PATH=/home/ctuav/ctuav_gazebo-research/install/px4_msgs:/home/ctuav/ctuav_gazebo-research/install/px4_ros_com:/home/ctuav/ctuav_gazebo-research/install/px4:/home/ctuav/ctuav_gazebo-research/install/microxrcedds_agent:/home/ctuav/ctuav_gazebo-research/install/fastrtps:/home/ctuav/ctuav_gazebo-research/install/fastcdr:/opt/ros/humble LD_LIBRARY_PATH=/home/ctuav/ctuav_gazebo-research/install/px4_msgs/lib:/home/ctuav/ctuav_gazebo-research/install/px4_ros_com/lib:/home/ctuav/ctuav_gazebo-research/install/px4/lib:/home/ctuav/ctuav_gazebo-research/install/microxrcedds_agent/lib:/home/ctuav/ctuav_gazebo-research/install/fastrtps/lib:/home/ctuav/ctuav_gazebo-research/install/fastcdr/lib:/opt/ros/humble/opt/rviz_ogre_vendor/lib:/opt/ros/humble/lib/x86_64-linux-gnu:/opt/ros/humble/lib /usr/bin/cmake --build /home/ctuav/ctuav_gazebo-research/build/px4_ros_com -- -j12 -l12
[0.816s] Invoking command in '/home/ctuav/ctuav_gazebo-research/build/px4_ros_com': CMAKE_PREFIX_PATH=/home/ctuav/ctuav_gazebo-research/install/px4_msgs:/home/ctuav/ctuav_gazebo-research/install/px4_ros_com:/home/ctuav/ctuav_gazebo-research/install/px4:/home/ctuav/ctuav_gazebo-research/install/microxrcedds_agent:/home/ctuav/ctuav_gazebo-research/install/fastrtps:/home/ctuav/ctuav_gazebo-research/install/fastcdr:/opt/ros/humble LD_LIBRARY_PATH=/home/ctuav/ctuav_gazebo-research/install/px4_msgs/lib:/home/ctuav/ctuav_gazebo-research/install/px4_ros_com/lib:/home/ctuav/ctuav_gazebo-research/install/px4/lib:/home/ctuav/ctuav_gazebo-research/install/microxrcedds_agent/lib:/home/ctuav/ctuav_gazebo-research/install/fastrtps/lib:/home/ctuav/ctuav_gazebo-research/install/fastcdr/lib:/opt/ros/humble/opt/rviz_ogre_vendor/lib:/opt/ros/humble/lib/x86_64-linux-gnu:/opt/ros/humble/lib /usr/bin/cmake --install /home/ctuav/ctuav_gazebo-research/build/px4_ros_com
[0.824s] -- Install configuration: ""
[0.824s] -- Execute custom install script
[0.825s] -- Up-to-date symlink: /home/ctuav/ctuav_gazebo-research/install/px4_ros_com/lib/px4_ros_com/sensor_combined_listener
[0.825s] -- Up-to-date symlink: /home/ctuav/ctuav_gazebo-research/install/px4_ros_com/lib/px4_ros_com/vehicle_gps_position_listener
[0.825s] -- Up-to-date symlink: /home/ctuav/ctuav_gazebo-research/install/px4_ros_com/lib/px4_ros_com/debug_vect_advertiser
[0.825s] -- Up-to-date symlink: /home/ctuav/ctuav_gazebo-research/install/px4_ros_com/lib/px4_ros_com/offboard_control
[0.826s] -- Up-to-date symlink: /home/ctuav/ctuav_gazebo-research/install/px4_ros_com/lib/px4_ros_com/offboard_control_srv
[0.826s] -- Up-to-date symlink: /home/ctuav/ctuav_gazebo-research/install/px4_ros_com/share/px4_ros_com/environment/library_path.sh
[0.826s] -- Up-to-date symlink: /home/ctuav/ctuav_gazebo-research/install/px4_ros_com/share/px4_ros_com/environment/library_path.dsv
[0.826s] -- Up-to-date symlink: /home/ctuav/ctuav_gazebo-research/install/px4_ros_com/include/px4_ros_com/frame_transforms.h
[0.826s] -- Up-to-date symlink: /home/ctuav/ctuav_gazebo-research/install/px4_ros_com/share/px4_ros_com//launch/offboard_control_launch.yaml
[0.826s] -- Up-to-date symlink: /home/ctuav/ctuav_gazebo-research/install/px4_ros_com/share/px4_ros_com//launch/px4_ros_com_bridge.launch.py
[0.827s] -- Up-to-date symlink: /home/ctuav/ctuav_gazebo-research/install/px4_ros_com/share/px4_ros_com//launch/sensor_combined_listener.launch.py
[0.827s] -- Up-to-date symlink: /home/ctuav/ctuav_gazebo-research/install/px4_ros_com/share/px4_ros_com//test/__init__.py
[0.827s] -- Up-to-date symlink: /home/ctuav/ctuav_gazebo-research/install/px4_ros_com/share/px4_ros_com//test/pipeline_io_test.py
[0.827s] -- Up-to-date symlink: /home/ctuav/ctuav_gazebo-research/install/px4_ros_com/share/px4_ros_com//test/test_input.py
[0.827s] -- Up-to-date symlink: /home/ctuav/ctuav_gazebo-research/install/px4_ros_com/share/px4_ros_com//test/test_output.py
[0.827s] -- Up-to-date symlink: /home/ctuav/ctuav_gazebo-research/install/px4_ros_com/share/px4_ros_com/environment/pythonpath.sh
[0.827s] -- Up-to-date symlink: /home/ctuav/ctuav_gazebo-research/install/px4_ros_com/share/px4_ros_com/environment/pythonpath.dsv
[0.828s] -- Up-to-date symlink: /home/ctuav/ctuav_gazebo-research/install/px4_ros_com/local/lib/python3.10/dist-packages/px4_ros_com-0.1.0-py3.10.egg-info/PKG-INFO
[0.828s] -- Up-to-date symlink: /home/ctuav/ctuav_gazebo-research/install/px4_ros_com/local/lib/python3.10/dist-packages/px4_ros_com-0.1.0-py3.10.egg-info/SOURCES.txt
[0.828s] -- Up-to-date symlink: /home/ctuav/ctuav_gazebo-research/install/px4_ros_com/local/lib/python3.10/dist-packages/px4_ros_com-0.1.0-py3.10.egg-info/dependency_links.txt
[0.828s] -- Up-to-date symlink: /home/ctuav/ctuav_gazebo-research/install/px4_ros_com/local/lib/python3.10/dist-packages/px4_ros_com-0.1.0-py3.10.egg-info/top_level.txt
[0.828s] -- Up-to-date symlink: /home/ctuav/ctuav_gazebo-research/install/px4_ros_com/local/lib/python3.10/dist-packages/px4_ros_com/__init__.py
[0.828s] -- Up-to-date symlink: /home/ctuav/ctuav_gazebo-research/install/px4_ros_com/local/lib/python3.10/dist-packages/px4_ros_com/module_to_import.py
[0.828s] -- Up-to-date symlink: /home/ctuav/ctuav_gazebo-research/install/px4_ros_com/lib/px4_ros_com/offboard_control.py
[0.828s] -- Symlinking: /home/ctuav/ctuav_gazebo-research/install/px4_ros_com/lib/px4_ros_com/px4_bridge_node.py
[0.838s] -- Up-to-date symlink: /home/ctuav/ctuav_gazebo-research/install/px4_ros_com/share/ament_index/resource_index/package_run_dependencies/px4_ros_com
[0.838s] -- Up-to-date symlink: /home/ctuav/ctuav_gazebo-research/install/px4_ros_com/share/ament_index/resource_index/parent_prefix_path/px4_ros_com
[0.838s] -- Up-to-date symlink: /home/ctuav/ctuav_gazebo-research/install/px4_ros_com/share/px4_ros_com/environment/ament_prefix_path.sh
[0.838s] -- Up-to-date symlink: /home/ctuav/ctuav_gazebo-research/install/px4_ros_com/share/px4_ros_com/environment/ament_prefix_path.dsv
[0.838s] -- Up-to-date symlink: /home/ctuav/ctuav_gazebo-research/install/px4_ros_com/share/px4_ros_com/environment/path.sh
[0.839s] -- Up-to-date symlink: /home/ctuav/ctuav_gazebo-research/install/px4_ros_com/share/px4_ros_com/environment/path.dsv
[0.839s] -- Up-to-date symlink: /home/ctuav/ctuav_gazebo-research/install/px4_ros_com/share/px4_ros_com/local_setup.bash
[0.839s] -- Up-to-date symlink: /home/ctuav/ctuav_gazebo-research/install/px4_ros_com/share/px4_ros_com/local_setup.sh
[0.839s] -- Up-to-date symlink: /home/ctuav/ctuav_gazebo-research/install/px4_ros_com/share/px4_ros_com/local_setup.zsh
[0.839s] -- Up-to-date symlink: /home/ctuav/ctuav_gazebo-research/install/px4_ros_com/share/px4_ros_com/local_setup.dsv
[0.839s] -- Symlinking: /home/ctuav/ctuav_gazebo-research/install/px4_ros_com/share/px4_ros_com/package.dsv
[0.849s] -- Up-to-date symlink: /home/ctuav/ctuav_gazebo-research/install/px4_ros_com/share/ament_index/resource_index/packages/px4_ros_com
[0.849s] -- Up-to-date symlink: /home/ctuav/ctuav_gazebo-research/install/px4_ros_com/share/px4_ros_com/cmake/ament_cmake_export_dependencies-extras.cmake
[0.849s] -- Up-to-date symlink: /home/ctuav/ctuav_gazebo-research/install/px4_ros_com/share/px4_ros_com/cmake/ament_cmake_export_targets-extras.cmake
[0.849s] -- Up-to-date symlink: /home/ctuav/ctuav_gazebo-research/install/px4_ros_com/share/px4_ros_com/cmake/ament_cmake_export_include_directories-extras.cmake
[0.849s] -- Up-to-date symlink: /home/ctuav/ctuav_gazebo-research/install/px4_ros_com/share/px4_ros_com/cmake/ament_cmake_export_libraries-extras.cmake
[0.849s] -- Up-to-date symlink: /home/ctuav/ctuav_gazebo-research/install/px4_ros_com/share/px4_ros_com/cmake/px4_ros_comConfig.cmake
[0.849s] -- Up-to-date symlink: /home/ctuav/ctuav_gazebo-research/install/px4_ros_com/share/px4_ros_com/cmake/px4_ros_comConfig-version.cmake
[0.849s] -- Up-to-date symlink: /home/ctuav/ctuav_gazebo-research/install/px4_ros_com/share/px4_ros_com/package.xml
[0.850s] -- Up-to-date: /home/ctuav/ctuav_gazebo-research/install/px4_ros_com/lib/libframe_transforms.so
[0.877s] Listing '/home/ctuav/ctuav_gazebo-research/install/px4_ros_com/local/lib/python3.10/dist-packages/px4_ros_com'...
[0.882s] -- Up-to-date: /home/ctuav/ctuav_gazebo-research/install/px4_ros_com/share/px4_ros_com/cmake/export_frame_transformsExport.cmake
[0.882s] -- Up-to-date: /home/ctuav/ctuav_gazebo-research/install/px4_ros_com/share/px4_ros_com/cmake/export_frame_transformsExport-noconfig.cmake
[0.884s] Invoked command in '/home/ctuav/ctuav_gazebo-research/build/px4_ros_com' returned '0': CMAKE_PREFIX_PATH=/home/ctuav/ctuav_gazebo-research/install/px4_msgs:/home/ctuav/ctuav_gazebo-research/install/px4_ros_com:/home/ctuav/ctuav_gazebo-research/install/px4:/home/ctuav/ctuav_gazebo-research/install/microxrcedds_agent:/home/ctuav/ctuav_gazebo-research/install/fastrtps:/home/ctuav/ctuav_gazebo-research/install/fastcdr:/opt/ros/humble LD_LIBRARY_PATH=/home/ctuav/ctuav_gazebo-research/install/px4_msgs/lib:/home/ctuav/ctuav_gazebo-research/install/px4_ros_com/lib:/home/ctuav/ctuav_gazebo-research/install/px4/lib:/home/ctuav/ctuav_gazebo-research/install/microxrcedds_agent/lib:/home/ctuav/ctuav_gazebo-research/install/fastrtps/lib:/home/ctuav/ctuav_gazebo-research/install/fastcdr/lib:/opt/ros/humble/opt/rviz_ogre_vendor/lib:/opt/ros/humble/lib/x86_64-linux-gnu:/opt/ros/humble/lib /usr/bin/cmake --install /home/ctuav/ctuav_gazebo-research/build/px4_ros_com
