[0.080s] DEBUG:colcon:Command line arguments: ['/usr/bin/colcon', 'build', '--packages-select', 'px4_ros_com']
[0.080s] DEBUG:colcon:Parsed command line arguments: Namespace(log_base=None, log_level=None, verb_name='build', build_base='build', install_base='install', merge_install=False, symlink_install=False, test_result_base=None, continue_on_error=False, executor='parallel', parallel_workers=12, event_handlers=None, ignore_user_meta=False, metas=['./colcon.meta'], base_paths=['.'], packages_ignore=None, packages_ignore_regex=None, paths=None, packages_up_to=None, packages_up_to_regex=None, packages_above=None, packages_above_and_dependencies=None, packages_above_depth=None, packages_select_by_dep=None, packages_skip_by_dep=None, packages_skip_up_to=None, packages_select_build_failed=False, packages_skip_build_finished=False, packages_select_test_failures=False, packages_skip_test_passed=False, packages_select=['px4_ros_com'], packages_skip=None, packages_select_regex=None, packages_skip_regex=None, packages_start=None, packages_end=None, allow_overriding=[], cmake_args=None, cmake_target=None, cmake_target_skip_unavailable=False, cmake_clean_cache=False, cmake_clean_first=False, cmake_force_configure=False, ament_cmake_args=None, catkin_cmake_args=None, catkin_skip_building_tests=False, verb_parser=<colcon_defaults.argument_parser.defaults.DefaultArgumentsDecorator object at 0x7d04db0200a0>, verb_extension=<colcon_core.verb.build.BuildVerb object at 0x7d04dafe3a60>, main=<bound method BuildVerb.main of <colcon_core.verb.build.BuildVerb object at 0x7d04dafe3a60>>)
[0.208s] Level 1:colcon.colcon_core.package_discovery:discover_packages(colcon_meta) check parameters
[0.209s] Level 1:colcon.colcon_core.package_discovery:discover_packages(recursive) check parameters
[0.209s] Level 1:colcon.colcon_core.package_discovery:discover_packages(ignore) check parameters
[0.209s] Level 1:colcon.colcon_core.package_discovery:discover_packages(path) check parameters
[0.209s] Level 1:colcon.colcon_core.package_discovery:discover_packages(colcon_meta) discover
[0.209s] Level 1:colcon.colcon_core.package_discovery:discover_packages(recursive) discover
[0.209s] INFO:colcon.colcon_core.package_discovery:Crawling recursively for packages in '/home/ctuav/ctuav_gazebo-research'
[0.209s] Level 1:colcon.colcon_core.package_identification:_identify(.) by extensions ['ignore', 'ignore_ament_install']
[0.209s] Level 1:colcon.colcon_core.package_identification:_identify(.) by extension 'ignore'
[0.209s] Level 1:colcon.colcon_core.package_identification:_identify(.) by extension 'ignore_ament_install'
[0.209s] Level 1:colcon.colcon_core.package_identification:_identify(.) by extensions ['colcon_pkg']
[0.209s] Level 1:colcon.colcon_core.package_identification:_identify(.) by extension 'colcon_pkg'
[0.209s] Level 1:colcon.colcon_core.package_identification:_identify(.) by extensions ['colcon_meta']
[0.209s] Level 1:colcon.colcon_core.package_identification:_identify(.) by extension 'colcon_meta'
[0.209s] Level 1:colcon.colcon_core.package_identification:_identify(.) by extensions ['ros']
[0.209s] Level 1:colcon.colcon_core.package_identification:_identify(.) by extension 'ros'
[0.218s] Level 1:colcon.colcon_core.package_identification:_identify(.) by extensions ['cmake', 'python']
[0.218s] Level 1:colcon.colcon_core.package_identification:_identify(.) by extension 'cmake'
[0.218s] Level 1:colcon.colcon_core.package_identification:_identify(.) by extension 'python'
[0.218s] Level 1:colcon.colcon_core.package_identification:_identify(.) by extensions ['python_setup_py']
[0.218s] Level 1:colcon.colcon_core.package_identification:_identify(.) by extension 'python_setup_py'
[0.218s] Level 1:colcon.colcon_core.package_identification:_identify(Fast-CDR) by extensions ['ignore', 'ignore_ament_install']
[0.218s] Level 1:colcon.colcon_core.package_identification:_identify(Fast-CDR) by extension 'ignore'
[0.218s] Level 1:colcon.colcon_core.package_identification:_identify(Fast-CDR) by extension 'ignore_ament_install'
[0.218s] Level 1:colcon.colcon_core.package_identification:_identify(Fast-CDR) by extensions ['colcon_pkg']
[0.218s] Level 1:colcon.colcon_core.package_identification:_identify(Fast-CDR) by extension 'colcon_pkg'
[0.219s] INFO:colcon.colcon_metadata.metadata.colcon_pkg:Setting type 'cmake' of package 'Fast-CDR' from colcon.pkg
[0.219s] INFO:colcon.colcon_metadata.metadata.colcon_pkg:Setting name 'fastcdr' of package 'Fast-CDR' from colcon.pkg
[0.219s] DEBUG:colcon.colcon_core.package_identification:Package 'Fast-CDR' with type 'cmake' and name 'fastcdr'
[0.219s] Level 1:colcon.colcon_core.package_identification:_identify(Fast-DDS) by extensions ['ignore', 'ignore_ament_install']
[0.219s] Level 1:colcon.colcon_core.package_identification:_identify(Fast-DDS) by extension 'ignore'
[0.219s] Level 1:colcon.colcon_core.package_identification:_identify(Fast-DDS) by extension 'ignore_ament_install'
[0.219s] Level 1:colcon.colcon_core.package_identification:_identify(Fast-DDS) by extensions ['colcon_pkg']
[0.219s] Level 1:colcon.colcon_core.package_identification:_identify(Fast-DDS) by extension 'colcon_pkg'
[0.220s] INFO:colcon.colcon_metadata.metadata.colcon_pkg:Setting type 'cmake' of package 'Fast-DDS' from colcon.pkg
[0.220s] INFO:colcon.colcon_metadata.metadata.colcon_pkg:Setting name 'fastrtps' of package 'Fast-DDS' from colcon.pkg
[0.220s] DEBUG:colcon.colcon_core.package_identification:Package 'Fast-DDS' with type 'cmake' and name 'fastrtps'
[0.220s] Level 1:colcon.colcon_core.package_identification:_identify(Micro-XRCE-DDS-Agent) by extensions ['ignore', 'ignore_ament_install']
[0.220s] Level 1:colcon.colcon_core.package_identification:_identify(Micro-XRCE-DDS-Agent) by extension 'ignore'
[0.220s] Level 1:colcon.colcon_core.package_identification:_identify(Micro-XRCE-DDS-Agent) by extension 'ignore_ament_install'
[0.220s] Level 1:colcon.colcon_core.package_identification:_identify(Micro-XRCE-DDS-Agent) by extensions ['colcon_pkg']
[0.220s] Level 1:colcon.colcon_core.package_identification:_identify(Micro-XRCE-DDS-Agent) by extension 'colcon_pkg'
[0.220s] INFO:colcon.colcon_metadata.metadata.colcon_pkg:Setting type 'cmake' of package 'Micro-XRCE-DDS-Agent' from colcon.pkg
[0.221s] INFO:colcon.colcon_metadata.metadata.colcon_pkg:Setting name 'microxrcedds_agent' of package 'Micro-XRCE-DDS-Agent' from colcon.pkg
[0.221s] DEBUG:colcon.colcon_core.package_identification:Package 'Micro-XRCE-DDS-Agent' with type 'cmake' and name 'microxrcedds_agent'
[0.221s] Level 1:colcon.colcon_core.package_identification:_identify(PX4-Autopilot) by extensions ['ignore', 'ignore_ament_install']
[0.221s] Level 1:colcon.colcon_core.package_identification:_identify(PX4-Autopilot) by extension 'ignore'
[0.221s] Level 1:colcon.colcon_core.package_identification:_identify(PX4-Autopilot) by extension 'ignore_ament_install'
[0.221s] Level 1:colcon.colcon_core.package_identification:_identify(PX4-Autopilot) by extensions ['colcon_pkg']
[0.221s] Level 1:colcon.colcon_core.package_identification:_identify(PX4-Autopilot) by extension 'colcon_pkg'
[0.221s] Level 1:colcon.colcon_core.package_identification:_identify(PX4-Autopilot) by extensions ['colcon_meta']
[0.221s] Level 1:colcon.colcon_core.package_identification:_identify(PX4-Autopilot) by extension 'colcon_meta'
[0.221s] Level 1:colcon.colcon_core.package_identification:_identify(PX4-Autopilot) by extensions ['ros']
[0.221s] Level 1:colcon.colcon_core.package_identification:_identify(PX4-Autopilot) by extension 'ros'
[0.223s] DEBUG:colcon.colcon_core.package_identification:Package 'PX4-Autopilot' with type 'ros.ament_cmake' and name 'px4'
[0.223s] Level 1:colcon.colcon_core.package_identification:_identify(Tutorials) by extensions ['ignore', 'ignore_ament_install']
[0.223s] Level 1:colcon.colcon_core.package_identification:_identify(Tutorials) by extension 'ignore'
[0.223s] Level 1:colcon.colcon_core.package_identification:_identify(Tutorials) by extension 'ignore_ament_install'
[0.223s] Level 1:colcon.colcon_core.package_identification:_identify(Tutorials) by extensions ['colcon_pkg']
[0.223s] Level 1:colcon.colcon_core.package_identification:_identify(Tutorials) by extension 'colcon_pkg'
[0.223s] Level 1:colcon.colcon_core.package_identification:_identify(Tutorials) by extensions ['colcon_meta']
[0.223s] Level 1:colcon.colcon_core.package_identification:_identify(Tutorials) by extension 'colcon_meta'
[0.223s] Level 1:colcon.colcon_core.package_identification:_identify(Tutorials) by extensions ['ros']
[0.223s] Level 1:colcon.colcon_core.package_identification:_identify(Tutorials) by extension 'ros'
[0.223s] Level 1:colcon.colcon_core.package_identification:_identify(Tutorials) by extensions ['cmake', 'python']
[0.223s] Level 1:colcon.colcon_core.package_identification:_identify(Tutorials) by extension 'cmake'
[0.223s] Level 1:colcon.colcon_core.package_identification:_identify(Tutorials) by extension 'python'
[0.223s] Level 1:colcon.colcon_core.package_identification:_identify(Tutorials) by extensions ['python_setup_py']
[0.223s] Level 1:colcon.colcon_core.package_identification:_identify(Tutorials) by extension 'python_setup_py'
[0.223s] Level 1:colcon.colcon_core.package_identification:_identify(build) by extensions ['ignore', 'ignore_ament_install']
[0.224s] Level 1:colcon.colcon_core.package_identification:_identify(build) by extension 'ignore'
[0.224s] Level 1:colcon.colcon_core.package_identification:_identify(build) ignored
[0.224s] Level 1:colcon.colcon_core.package_identification:_identify(install) by extensions ['ignore', 'ignore_ament_install']
[0.224s] Level 1:colcon.colcon_core.package_identification:_identify(install) by extension 'ignore'
[0.224s] Level 1:colcon.colcon_core.package_identification:_identify(install) ignored
[0.224s] Level 1:colcon.colcon_core.package_identification:_identify(log) by extensions ['ignore', 'ignore_ament_install']
[0.224s] Level 1:colcon.colcon_core.package_identification:_identify(log) by extension 'ignore'
[0.224s] Level 1:colcon.colcon_core.package_identification:_identify(log) ignored
[0.224s] Level 1:colcon.colcon_core.package_identification:_identify(src) by extensions ['ignore', 'ignore_ament_install']
[0.224s] Level 1:colcon.colcon_core.package_identification:_identify(src) by extension 'ignore'
[0.224s] Level 1:colcon.colcon_core.package_identification:_identify(src) by extension 'ignore_ament_install'
[0.224s] Level 1:colcon.colcon_core.package_identification:_identify(src) by extensions ['colcon_pkg']
[0.224s] Level 1:colcon.colcon_core.package_identification:_identify(src) by extension 'colcon_pkg'
[0.224s] Level 1:colcon.colcon_core.package_identification:_identify(src) by extensions ['colcon_meta']
[0.224s] Level 1:colcon.colcon_core.package_identification:_identify(src) by extension 'colcon_meta'
[0.224s] Level 1:colcon.colcon_core.package_identification:_identify(src) by extensions ['ros']
[0.224s] Level 1:colcon.colcon_core.package_identification:_identify(src) by extension 'ros'
[0.224s] Level 1:colcon.colcon_core.package_identification:_identify(src) by extensions ['cmake', 'python']
[0.224s] Level 1:colcon.colcon_core.package_identification:_identify(src) by extension 'cmake'
[0.224s] Level 1:colcon.colcon_core.package_identification:_identify(src) by extension 'python'
[0.224s] Level 1:colcon.colcon_core.package_identification:_identify(src) by extensions ['python_setup_py']
[0.224s] Level 1:colcon.colcon_core.package_identification:_identify(src) by extension 'python_setup_py'
[0.224s] Level 1:colcon.colcon_core.package_identification:_identify(src/px4_msgs) by extensions ['ignore', 'ignore_ament_install']
[0.225s] Level 1:colcon.colcon_core.package_identification:_identify(src/px4_msgs) by extension 'ignore'
[0.225s] Level 1:colcon.colcon_core.package_identification:_identify(src/px4_msgs) by extension 'ignore_ament_install'
[0.225s] Level 1:colcon.colcon_core.package_identification:_identify(src/px4_msgs) by extensions ['colcon_pkg']
[0.225s] Level 1:colcon.colcon_core.package_identification:_identify(src/px4_msgs) by extension 'colcon_pkg'
[0.225s] Level 1:colcon.colcon_core.package_identification:_identify(src/px4_msgs) by extensions ['colcon_meta']
[0.225s] Level 1:colcon.colcon_core.package_identification:_identify(src/px4_msgs) by extension 'colcon_meta'
[0.225s] Level 1:colcon.colcon_core.package_identification:_identify(src/px4_msgs) by extensions ['ros']
[0.225s] Level 1:colcon.colcon_core.package_identification:_identify(src/px4_msgs) by extension 'ros'
[0.225s] DEBUG:colcon.colcon_core.package_identification:Package 'src/px4_msgs' with type 'ros.ament_cmake' and name 'px4_msgs'
[0.225s] Level 1:colcon.colcon_core.package_identification:_identify(src/px4_ros_com) by extensions ['ignore', 'ignore_ament_install']
[0.225s] Level 1:colcon.colcon_core.package_identification:_identify(src/px4_ros_com) by extension 'ignore'
[0.225s] Level 1:colcon.colcon_core.package_identification:_identify(src/px4_ros_com) by extension 'ignore_ament_install'
[0.225s] Level 1:colcon.colcon_core.package_identification:_identify(src/px4_ros_com) by extensions ['colcon_pkg']
[0.226s] Level 1:colcon.colcon_core.package_identification:_identify(src/px4_ros_com) by extension 'colcon_pkg'
[0.226s] Level 1:colcon.colcon_core.package_identification:_identify(src/px4_ros_com) by extensions ['colcon_meta']
[0.226s] Level 1:colcon.colcon_core.package_identification:_identify(src/px4_ros_com) by extension 'colcon_meta'
[0.226s] Level 1:colcon.colcon_core.package_identification:_identify(src/px4_ros_com) by extensions ['ros']
[0.226s] Level 1:colcon.colcon_core.package_identification:_identify(src/px4_ros_com) by extension 'ros'
[0.226s] DEBUG:colcon.colcon_core.package_identification:Package 'src/px4_ros_com' with type 'ros.ament_cmake' and name 'px4_ros_com'
[0.226s] Level 1:colcon.colcon_core.package_discovery:discover_packages(recursive) using defaults
[0.226s] Level 1:colcon.colcon_core.package_discovery:discover_packages(ignore) discover
[0.226s] Level 1:colcon.colcon_core.package_discovery:discover_packages(ignore) using defaults
[0.227s] Level 1:colcon.colcon_core.package_discovery:discover_packages(path) discover
[0.227s] Level 1:colcon.colcon_core.package_discovery:discover_packages(path) using defaults
[0.242s] INFO:colcon.colcon_metadata.metadata.colcon_pkg:Updating descriptor of package 'Micro-XRCE-DDS-Agent' from colcon.pkg: {'name': 'microxrcedds_agent', 'type': 'cmake', 'dependencies': ['fastcdr', 'fastrtps'], 'cmake-args': ['-DUAGENT_ISOLATED_INSTALL=OFF', '-DUAGENT_USE_SYSTEM_FASTCDR=ON', '-DUAGENT_USE_SYSTEM_FASTDDS=ON']}
[0.242s] INFO:colcon.colcon_metadata.metadata.colcon_pkg:Updating descriptor of package 'Fast-CDR' from colcon.pkg: {'name': 'fastcdr', 'type': 'cmake', 'dependencies': ['googletest-distribution']}
[0.242s] INFO:colcon.colcon_metadata.metadata.colcon_pkg:Updating descriptor of package 'Fast-DDS' from colcon.pkg: {'name': 'fastrtps', 'type': 'cmake', 'dependencies': ['fastcdr', 'FOONATHAN_MEMORY', 'foonathan_memory_vendor', 'googletest-distribution']}
[0.252s] INFO:colcon.colcon_core.package_selection:Skipping not selected package 'fastcdr' in 'Fast-CDR'
[0.252s] INFO:colcon.colcon_core.package_selection:Skipping not selected package 'px4' in 'PX4-Autopilot'
[0.252s] INFO:colcon.colcon_core.package_selection:Skipping not selected package 'px4_msgs' in 'src/px4_msgs'
[0.252s] INFO:colcon.colcon_core.package_selection:Skipping not selected package 'fastrtps' in 'Fast-DDS'
[0.252s] INFO:colcon.colcon_core.package_selection:Skipping not selected package 'microxrcedds_agent' in 'Micro-XRCE-DDS-Agent'
[0.252s] Level 1:colcon.colcon_core.package_discovery:discover_packages(prefix_path) check parameters
[0.252s] Level 1:colcon.colcon_core.package_discovery:discover_packages(prefix_path) discover
[0.254s] DEBUG:colcon.colcon_installed_package_information.package_discovery:Found 6 installed packages in /home/ctuav/ctuav_gazebo-research/install
[0.255s] DEBUG:colcon.colcon_installed_package_information.package_discovery:Found 271 installed packages in /opt/ros/humble
[0.256s] Level 1:colcon.colcon_core.package_discovery:discover_packages(prefix_path) using defaults
[0.284s] Level 5:colcon.colcon_core.verb:set package 'px4_ros_com' build argument 'cmake_args' from command line to 'None'
[0.284s] Level 5:colcon.colcon_core.verb:set package 'px4_ros_com' build argument 'cmake_target' from command line to 'None'
[0.284s] Level 5:colcon.colcon_core.verb:set package 'px4_ros_com' build argument 'cmake_target_skip_unavailable' from command line to 'False'
[0.284s] Level 5:colcon.colcon_core.verb:set package 'px4_ros_com' build argument 'cmake_clean_cache' from command line to 'False'
[0.284s] Level 5:colcon.colcon_core.verb:set package 'px4_ros_com' build argument 'cmake_clean_first' from command line to 'False'
[0.284s] Level 5:colcon.colcon_core.verb:set package 'px4_ros_com' build argument 'cmake_force_configure' from command line to 'False'
[0.284s] Level 5:colcon.colcon_core.verb:set package 'px4_ros_com' build argument 'ament_cmake_args' from command line to 'None'
[0.284s] Level 5:colcon.colcon_core.verb:set package 'px4_ros_com' build argument 'catkin_cmake_args' from command line to 'None'
[0.284s] Level 5:colcon.colcon_core.verb:set package 'px4_ros_com' build argument 'catkin_skip_building_tests' from command line to 'False'
[0.284s] DEBUG:colcon.colcon_core.verb:Building package 'px4_ros_com' with the following arguments: {'ament_cmake_args': None, 'build_base': '/home/ctuav/ctuav_gazebo-research/build/px4_ros_com', 'catkin_cmake_args': None, 'catkin_skip_building_tests': False, 'cmake_args': None, 'cmake_clean_cache': False, 'cmake_clean_first': False, 'cmake_force_configure': False, 'cmake_target': None, 'cmake_target_skip_unavailable': False, 'install_base': '/home/ctuav/ctuav_gazebo-research/install/px4_ros_com', 'merge_install': False, 'path': '/home/ctuav/ctuav_gazebo-research/src/px4_ros_com', 'symlink_install': False, 'test_result_base': None}
[0.284s] INFO:colcon.colcon_core.executor:Executing jobs using 'parallel' executor
[0.285s] DEBUG:colcon.colcon_parallel_executor.executor.parallel:run_until_complete
[0.286s] INFO:colcon.colcon_ros.task.ament_cmake.build:Building ROS package in '/home/ctuav/ctuav_gazebo-research/src/px4_ros_com' with build type 'ament_cmake'
[0.286s] INFO:colcon.colcon_cmake.task.cmake.build:Building CMake package in '/home/ctuav/ctuav_gazebo-research/src/px4_ros_com'
[0.287s] INFO:colcon.colcon_core.plugin_system:Skipping extension 'colcon_core.shell.bat': Not used on non-Windows systems
[0.287s] INFO:colcon.colcon_core.shell:Skip shell extension 'powershell' for command environment: Not usable outside of PowerShell
[0.287s] DEBUG:colcon.colcon_core.shell:Skip shell extension 'dsv' for command environment
[0.297s] DEBUG:colcon.colcon_core.event_handler.log_command:Invoking command in '/home/ctuav/ctuav_gazebo-research/build/px4_ros_com': CMAKE_PREFIX_PATH=/home/ctuav/ctuav_gazebo-research/install/px4_msgs:/home/ctuav/ctuav_gazebo-research/install/px4_ros_com:/home/ctuav/ctuav_gazebo-research/install/px4:/home/ctuav/ctuav_gazebo-research/install/microxrcedds_agent:/home/ctuav/ctuav_gazebo-research/install/fastrtps:/home/ctuav/ctuav_gazebo-research/install/fastcdr:/opt/ros/humble LD_LIBRARY_PATH=/home/ctuav/ctuav_gazebo-research/install/px4_msgs/lib:/home/ctuav/ctuav_gazebo-research/install/px4_ros_com/lib:/home/ctuav/ctuav_gazebo-research/install/px4/lib:/home/ctuav/ctuav_gazebo-research/install/microxrcedds_agent/lib:/home/ctuav/ctuav_gazebo-research/install/fastrtps/lib:/home/ctuav/ctuav_gazebo-research/install/fastcdr/lib:/opt/ros/humble/opt/rviz_ogre_vendor/lib:/opt/ros/humble/lib/x86_64-linux-gnu:/opt/ros/humble/lib /usr/bin/cmake /home/ctuav/ctuav_gazebo-research/src/px4_ros_com -DCMAKE_INSTALL_PREFIX=/home/ctuav/ctuav_gazebo-research/install/px4_ros_com
[0.764s] DEBUG:colcon.colcon_core.event_handler.log_command:Invoked command in '/home/ctuav/ctuav_gazebo-research/build/px4_ros_com' returned '0': CMAKE_PREFIX_PATH=/home/ctuav/ctuav_gazebo-research/install/px4_msgs:/home/ctuav/ctuav_gazebo-research/install/px4_ros_com:/home/ctuav/ctuav_gazebo-research/install/px4:/home/ctuav/ctuav_gazebo-research/install/microxrcedds_agent:/home/ctuav/ctuav_gazebo-research/install/fastrtps:/home/ctuav/ctuav_gazebo-research/install/fastcdr:/opt/ros/humble LD_LIBRARY_PATH=/home/ctuav/ctuav_gazebo-research/install/px4_msgs/lib:/home/ctuav/ctuav_gazebo-research/install/px4_ros_com/lib:/home/ctuav/ctuav_gazebo-research/install/px4/lib:/home/ctuav/ctuav_gazebo-research/install/microxrcedds_agent/lib:/home/ctuav/ctuav_gazebo-research/install/fastrtps/lib:/home/ctuav/ctuav_gazebo-research/install/fastcdr/lib:/opt/ros/humble/opt/rviz_ogre_vendor/lib:/opt/ros/humble/lib/x86_64-linux-gnu:/opt/ros/humble/lib /usr/bin/cmake /home/ctuav/ctuav_gazebo-research/src/px4_ros_com -DCMAKE_INSTALL_PREFIX=/home/ctuav/ctuav_gazebo-research/install/px4_ros_com
[0.766s] DEBUG:colcon.colcon_core.event_handler.log_command:Invoking command in '/home/ctuav/ctuav_gazebo-research/build/px4_ros_com': CMAKE_PREFIX_PATH=/home/ctuav/ctuav_gazebo-research/install/px4_msgs:/home/ctuav/ctuav_gazebo-research/install/px4_ros_com:/home/ctuav/ctuav_gazebo-research/install/px4:/home/ctuav/ctuav_gazebo-research/install/microxrcedds_agent:/home/ctuav/ctuav_gazebo-research/install/fastrtps:/home/ctuav/ctuav_gazebo-research/install/fastcdr:/opt/ros/humble LD_LIBRARY_PATH=/home/ctuav/ctuav_gazebo-research/install/px4_msgs/lib:/home/ctuav/ctuav_gazebo-research/install/px4_ros_com/lib:/home/ctuav/ctuav_gazebo-research/install/px4/lib:/home/ctuav/ctuav_gazebo-research/install/microxrcedds_agent/lib:/home/ctuav/ctuav_gazebo-research/install/fastrtps/lib:/home/ctuav/ctuav_gazebo-research/install/fastcdr/lib:/opt/ros/humble/opt/rviz_ogre_vendor/lib:/opt/ros/humble/lib/x86_64-linux-gnu:/opt/ros/humble/lib /usr/bin/cmake --build /home/ctuav/ctuav_gazebo-research/build/px4_ros_com -- -j12 -l12
[1.047s] DEBUG:colcon.colcon_core.event_handler.log_command:Invoked command in '/home/ctuav/ctuav_gazebo-research/build/px4_ros_com' returned '0': CMAKE_PREFIX_PATH=/home/ctuav/ctuav_gazebo-research/install/px4_msgs:/home/ctuav/ctuav_gazebo-research/install/px4_ros_com:/home/ctuav/ctuav_gazebo-research/install/px4:/home/ctuav/ctuav_gazebo-research/install/microxrcedds_agent:/home/ctuav/ctuav_gazebo-research/install/fastrtps:/home/ctuav/ctuav_gazebo-research/install/fastcdr:/opt/ros/humble LD_LIBRARY_PATH=/home/ctuav/ctuav_gazebo-research/install/px4_msgs/lib:/home/ctuav/ctuav_gazebo-research/install/px4_ros_com/lib:/home/ctuav/ctuav_gazebo-research/install/px4/lib:/home/ctuav/ctuav_gazebo-research/install/microxrcedds_agent/lib:/home/ctuav/ctuav_gazebo-research/install/fastrtps/lib:/home/ctuav/ctuav_gazebo-research/install/fastcdr/lib:/opt/ros/humble/opt/rviz_ogre_vendor/lib:/opt/ros/humble/lib/x86_64-linux-gnu:/opt/ros/humble/lib /usr/bin/cmake --build /home/ctuav/ctuav_gazebo-research/build/px4_ros_com -- -j12 -l12
[1.057s] DEBUG:colcon.colcon_core.event_handler.log_command:Invoking command in '/home/ctuav/ctuav_gazebo-research/build/px4_ros_com': CMAKE_PREFIX_PATH=/home/ctuav/ctuav_gazebo-research/install/px4_msgs:/home/ctuav/ctuav_gazebo-research/install/px4_ros_com:/home/ctuav/ctuav_gazebo-research/install/px4:/home/ctuav/ctuav_gazebo-research/install/microxrcedds_agent:/home/ctuav/ctuav_gazebo-research/install/fastrtps:/home/ctuav/ctuav_gazebo-research/install/fastcdr:/opt/ros/humble LD_LIBRARY_PATH=/home/ctuav/ctuav_gazebo-research/install/px4_msgs/lib:/home/ctuav/ctuav_gazebo-research/install/px4_ros_com/lib:/home/ctuav/ctuav_gazebo-research/install/px4/lib:/home/ctuav/ctuav_gazebo-research/install/microxrcedds_agent/lib:/home/ctuav/ctuav_gazebo-research/install/fastrtps/lib:/home/ctuav/ctuav_gazebo-research/install/fastcdr/lib:/opt/ros/humble/opt/rviz_ogre_vendor/lib:/opt/ros/humble/lib/x86_64-linux-gnu:/opt/ros/humble/lib /usr/bin/cmake --install /home/ctuav/ctuav_gazebo-research/build/px4_ros_com
[1.113s] Level 1:colcon.colcon_core.environment:create_environment_scripts_only(px4_ros_com)
[1.113s] DEBUG:colcon.colcon_core.event_handler.log_command:Invoked command in '/home/ctuav/ctuav_gazebo-research/build/px4_ros_com' returned '0': CMAKE_PREFIX_PATH=/home/ctuav/ctuav_gazebo-research/install/px4_msgs:/home/ctuav/ctuav_gazebo-research/install/px4_ros_com:/home/ctuav/ctuav_gazebo-research/install/px4:/home/ctuav/ctuav_gazebo-research/install/microxrcedds_agent:/home/ctuav/ctuav_gazebo-research/install/fastrtps:/home/ctuav/ctuav_gazebo-research/install/fastcdr:/opt/ros/humble LD_LIBRARY_PATH=/home/ctuav/ctuav_gazebo-research/install/px4_msgs/lib:/home/ctuav/ctuav_gazebo-research/install/px4_ros_com/lib:/home/ctuav/ctuav_gazebo-research/install/px4/lib:/home/ctuav/ctuav_gazebo-research/install/microxrcedds_agent/lib:/home/ctuav/ctuav_gazebo-research/install/fastrtps/lib:/home/ctuav/ctuav_gazebo-research/install/fastcdr/lib:/opt/ros/humble/opt/rviz_ogre_vendor/lib:/opt/ros/humble/lib/x86_64-linux-gnu:/opt/ros/humble/lib /usr/bin/cmake --install /home/ctuav/ctuav_gazebo-research/build/px4_ros_com
[1.115s] Level 1:colcon.colcon_core.environment:checking '/home/ctuav/ctuav_gazebo-research/install/px4_ros_com' for CMake module files
[1.115s] Level 1:colcon.colcon_core.environment:checking '/home/ctuav/ctuav_gazebo-research/install/px4_ros_com' for CMake config files
[1.116s] Level 1:colcon.colcon_core.shell:create_environment_hook('px4_ros_com', 'cmake_prefix_path')
[1.116s] INFO:colcon.colcon_core.shell:Creating environment hook '/home/ctuav/ctuav_gazebo-research/install/px4_ros_com/share/px4_ros_com/hook/cmake_prefix_path.ps1'
[1.117s] INFO:colcon.colcon_core.shell:Creating environment descriptor '/home/ctuav/ctuav_gazebo-research/install/px4_ros_com/share/px4_ros_com/hook/cmake_prefix_path.dsv'
[1.117s] INFO:colcon.colcon_core.shell:Creating environment hook '/home/ctuav/ctuav_gazebo-research/install/px4_ros_com/share/px4_ros_com/hook/cmake_prefix_path.sh'
[1.118s] Level 1:colcon.colcon_core.environment:checking '/home/ctuav/ctuav_gazebo-research/install/px4_ros_com/lib'
[1.118s] Level 1:colcon.colcon_core.shell:create_environment_hook('px4_ros_com', 'ld_library_path_lib')
[1.118s] INFO:colcon.colcon_core.shell:Creating environment hook '/home/ctuav/ctuav_gazebo-research/install/px4_ros_com/share/px4_ros_com/hook/ld_library_path_lib.ps1'
[1.118s] INFO:colcon.colcon_core.shell:Creating environment descriptor '/home/ctuav/ctuav_gazebo-research/install/px4_ros_com/share/px4_ros_com/hook/ld_library_path_lib.dsv'
[1.119s] INFO:colcon.colcon_core.shell:Creating environment hook '/home/ctuav/ctuav_gazebo-research/install/px4_ros_com/share/px4_ros_com/hook/ld_library_path_lib.sh'
[1.119s] Level 1:colcon.colcon_core.environment:checking '/home/ctuav/ctuav_gazebo-research/install/px4_ros_com/bin'
[1.119s] Level 1:colcon.colcon_core.environment:checking '/home/ctuav/ctuav_gazebo-research/install/px4_ros_com/lib/pkgconfig/px4_ros_com.pc'
[1.119s] Level 1:colcon.colcon_core.environment:checking '/home/ctuav/ctuav_gazebo-research/install/px4_ros_com/lib/python3.10/site-packages'
[1.120s] Level 1:colcon.colcon_core.environment:checking '/home/ctuav/ctuav_gazebo-research/install/px4_ros_com/bin'
[1.120s] INFO:colcon.colcon_core.shell:Creating package script '/home/ctuav/ctuav_gazebo-research/install/px4_ros_com/share/px4_ros_com/package.ps1'
[1.121s] INFO:colcon.colcon_core.shell:Creating package descriptor '/home/ctuav/ctuav_gazebo-research/install/px4_ros_com/share/px4_ros_com/package.dsv'
[1.121s] INFO:colcon.colcon_core.shell:Creating package script '/home/ctuav/ctuav_gazebo-research/install/px4_ros_com/share/px4_ros_com/package.sh'
[1.122s] INFO:colcon.colcon_core.shell:Creating package script '/home/ctuav/ctuav_gazebo-research/install/px4_ros_com/share/px4_ros_com/package.bash'
[1.122s] INFO:colcon.colcon_core.shell:Creating package script '/home/ctuav/ctuav_gazebo-research/install/px4_ros_com/share/px4_ros_com/package.zsh'
[1.123s] Level 1:colcon.colcon_core.environment:create_file_with_runtime_dependencies(/home/ctuav/ctuav_gazebo-research/install/px4_ros_com/share/colcon-core/packages/px4_ros_com)
[1.123s] Level 1:colcon.colcon_core.environment:create_environment_scripts_only(px4_ros_com)
[1.124s] Level 1:colcon.colcon_core.environment:checking '/home/ctuav/ctuav_gazebo-research/install/px4_ros_com' for CMake module files
[1.124s] Level 1:colcon.colcon_core.environment:checking '/home/ctuav/ctuav_gazebo-research/install/px4_ros_com' for CMake config files
[1.124s] Level 1:colcon.colcon_core.shell:create_environment_hook('px4_ros_com', 'cmake_prefix_path')
[1.125s] INFO:colcon.colcon_core.shell:Creating environment hook '/home/ctuav/ctuav_gazebo-research/install/px4_ros_com/share/px4_ros_com/hook/cmake_prefix_path.ps1'
[1.125s] INFO:colcon.colcon_core.shell:Creating environment descriptor '/home/ctuav/ctuav_gazebo-research/install/px4_ros_com/share/px4_ros_com/hook/cmake_prefix_path.dsv'
[1.125s] INFO:colcon.colcon_core.shell:Creating environment hook '/home/ctuav/ctuav_gazebo-research/install/px4_ros_com/share/px4_ros_com/hook/cmake_prefix_path.sh'
[1.126s] Level 1:colcon.colcon_core.environment:checking '/home/ctuav/ctuav_gazebo-research/install/px4_ros_com/lib'
[1.126s] Level 1:colcon.colcon_core.shell:create_environment_hook('px4_ros_com', 'ld_library_path_lib')
[1.126s] INFO:colcon.colcon_core.shell:Creating environment hook '/home/ctuav/ctuav_gazebo-research/install/px4_ros_com/share/px4_ros_com/hook/ld_library_path_lib.ps1'
[1.126s] INFO:colcon.colcon_core.shell:Creating environment descriptor '/home/ctuav/ctuav_gazebo-research/install/px4_ros_com/share/px4_ros_com/hook/ld_library_path_lib.dsv'
[1.127s] INFO:colcon.colcon_core.shell:Creating environment hook '/home/ctuav/ctuav_gazebo-research/install/px4_ros_com/share/px4_ros_com/hook/ld_library_path_lib.sh'
[1.127s] Level 1:colcon.colcon_core.environment:checking '/home/ctuav/ctuav_gazebo-research/install/px4_ros_com/bin'
[1.127s] Level 1:colcon.colcon_core.environment:checking '/home/ctuav/ctuav_gazebo-research/install/px4_ros_com/lib/pkgconfig/px4_ros_com.pc'
[1.127s] Level 1:colcon.colcon_core.environment:checking '/home/ctuav/ctuav_gazebo-research/install/px4_ros_com/lib/python3.10/site-packages'
[1.127s] Level 1:colcon.colcon_core.environment:checking '/home/ctuav/ctuav_gazebo-research/install/px4_ros_com/bin'
[1.127s] INFO:colcon.colcon_core.shell:Creating package script '/home/ctuav/ctuav_gazebo-research/install/px4_ros_com/share/px4_ros_com/package.ps1'
[1.128s] INFO:colcon.colcon_core.shell:Creating package descriptor '/home/ctuav/ctuav_gazebo-research/install/px4_ros_com/share/px4_ros_com/package.dsv'
[1.128s] INFO:colcon.colcon_core.shell:Creating package script '/home/ctuav/ctuav_gazebo-research/install/px4_ros_com/share/px4_ros_com/package.sh'
[1.129s] INFO:colcon.colcon_core.shell:Creating package script '/home/ctuav/ctuav_gazebo-research/install/px4_ros_com/share/px4_ros_com/package.bash'
[1.129s] INFO:colcon.colcon_core.shell:Creating package script '/home/ctuav/ctuav_gazebo-research/install/px4_ros_com/share/px4_ros_com/package.zsh'
[1.129s] Level 1:colcon.colcon_core.environment:create_file_with_runtime_dependencies(/home/ctuav/ctuav_gazebo-research/install/px4_ros_com/share/colcon-core/packages/px4_ros_com)
[1.130s] DEBUG:colcon.colcon_parallel_executor.executor.parallel:closing loop
[1.130s] DEBUG:colcon.colcon_parallel_executor.executor.parallel:loop closed
[1.130s] DEBUG:colcon.colcon_parallel_executor.executor.parallel:run_until_complete finished with '0'
[1.130s] DEBUG:colcon.colcon_core.event_reactor:joining thread
[1.134s] INFO:colcon.colcon_core.plugin_system:Skipping extension 'colcon_notification.desktop_notification.terminal_notifier': Not used on non-Darwin systems
[1.134s] INFO:colcon.colcon_core.plugin_system:Skipping extension 'colcon_notification.desktop_notification.win32': Not used on non-Windows systems
[1.134s] INFO:colcon.colcon_notification.desktop_notification:Sending desktop notification using 'notify2'
[1.144s] DEBUG:colcon.colcon_core.event_reactor:joined thread
[1.144s] INFO:colcon.colcon_core.shell:Creating prefix script '/home/ctuav/ctuav_gazebo-research/install/local_setup.ps1'
[1.145s] INFO:colcon.colcon_core.shell:Creating prefix util module '/home/ctuav/ctuav_gazebo-research/install/_local_setup_util_ps1.py'
[1.146s] INFO:colcon.colcon_core.shell:Creating prefix chain script '/home/ctuav/ctuav_gazebo-research/install/setup.ps1'
[1.147s] INFO:colcon.colcon_core.shell:Creating prefix script '/home/ctuav/ctuav_gazebo-research/install/local_setup.sh'
[1.147s] INFO:colcon.colcon_core.shell:Creating prefix util module '/home/ctuav/ctuav_gazebo-research/install/_local_setup_util_sh.py'
[1.148s] INFO:colcon.colcon_core.shell:Creating prefix chain script '/home/ctuav/ctuav_gazebo-research/install/setup.sh'
[1.149s] INFO:colcon.colcon_core.shell:Creating prefix script '/home/ctuav/ctuav_gazebo-research/install/local_setup.bash'
[1.149s] INFO:colcon.colcon_core.shell:Creating prefix chain script '/home/ctuav/ctuav_gazebo-research/install/setup.bash'
[1.150s] INFO:colcon.colcon_core.shell:Creating prefix script '/home/ctuav/ctuav_gazebo-research/install/local_setup.zsh'
[1.150s] INFO:colcon.colcon_core.shell:Creating prefix chain script '/home/ctuav/ctuav_gazebo-research/install/setup.zsh'
