[0.011s] Invoking command in '/home/ctuav/ctuav_gazebo-research/build/px4_ros_com': CMAKE_PREFIX_PATH=/home/ctuav/ctuav_gazebo-research/install/px4_msgs:/home/ctuav/ctuav_gazebo-research/install/px4_ros_com:/home/ctuav/ctuav_gazebo-research/install/px4:/home/ctuav/ctuav_gazebo-research/install/microxrcedds_agent:/home/ctuav/ctuav_gazebo-research/install/fastrtps:/home/ctuav/ctuav_gazebo-research/install/fastcdr:/opt/ros/humble LD_LIBRARY_PATH=/home/ctuav/ctuav_gazebo-research/install/px4_msgs/lib:/home/ctuav/ctuav_gazebo-research/install/px4_ros_com/lib:/home/ctuav/ctuav_gazebo-research/install/px4/lib:/home/ctuav/ctuav_gazebo-research/install/microxrcedds_agent/lib:/home/ctuav/ctuav_gazebo-research/install/fastrtps/lib:/home/ctuav/ctuav_gazebo-research/install/fastcdr/lib:/opt/ros/humble/opt/rviz_ogre_vendor/lib:/opt/ros/humble/lib/x86_64-linux-gnu:/opt/ros/humble/lib /usr/bin/cmake --build /home/ctuav/ctuav_gazebo-research/build/px4_ros_com -- -j12 -l12
[0.035s] -- Found ament_cmake: 1.3.12 (/opt/ros/humble/share/ament_cmake/cmake)
[0.124s] -- Override CMake install command with custom implementation using symlinks instead of copying resources
[0.129s] -- Found builtin_interfaces: 1.2.2 (/opt/ros/humble/share/builtin_interfaces/cmake)
[0.147s] -- Found rosidl_generator_c: 3.1.7 (/opt/ros/humble/share/rosidl_generator_c/cmake)
[0.148s] -- Found rosidl_adapter: 3.1.7 (/opt/ros/humble/share/rosidl_adapter/cmake)
[0.152s] -- Found rosidl_generator_cpp: 3.1.7 (/opt/ros/humble/share/rosidl_generator_cpp/cmake)
[0.158s] -- Using all available rosidl_typesupport_c: rosidl_typesupport_fastrtps_c;rosidl_typesupport_introspection_c
[0.167s] -- Using all available rosidl_typesupport_cpp: rosidl_typesupport_fastrtps_cpp;rosidl_typesupport_introspection_cpp
[0.174s] -- Found eigen3_cmake_module: 0.1.1 (/opt/ros/humble/share/eigen3_cmake_module/cmake)
[0.175s] -- Found geometry_msgs: 4.9.0 (/opt/ros/humble/share/geometry_msgs/cmake)
[0.192s] -- Found px4_msgs: 2.0.1 (/home/ctuav/ctuav_gazebo-research/install/px4_msgs/share/px4_msgs/cmake)
[0.199s] -- Found rclcpp: 16.0.14 (/opt/ros/humble/share/rclcpp/cmake)
[0.216s] -- Found rmw_implementation_cmake: 6.1.2 (/opt/ros/humble/share/rmw_implementation_cmake/cmake)
[0.217s] -- Found rmw_fastrtps_cpp: 6.2.8 (/opt/ros/humble/share/rmw_fastrtps_cpp/cmake)
[0.312s] -- Using RMW implementation 'rmw_fastrtps_cpp' as default
[0.337s] -- Found sensor_msgs: 4.9.0 (/opt/ros/humble/share/sensor_msgs/cmake)
[0.349s] -- Found rclpy: 3.3.17 (/opt/ros/humble/share/rclpy/cmake)
[0.355s] -- Found ament_lint_auto: 0.12.14 (/opt/ros/humble/share/ament_lint_auto/cmake)
[0.410s] -- Added test 'copyright' to check source files copyright and LICENSE
[0.415s] -- Added test 'cppcheck' to perform static code analysis on C / C++ code
[0.415s] -- Configured cppcheck include dirs: /home/ctuav/ctuav_gazebo-research/src/px4_ros_com/include;$<BUILD_INTERFACE:/home/ctuav/ctuav_gazebo-research/src/px4_ros_com/include/px4_ros_com>
[0.415s] -- Configured cppcheck exclude dirs and/or files: 
[0.420s] -- Added test 'cpplint' to check C / C++ code against the Google style
[0.420s] -- Configured cpplint exclude dirs and/or files: 
[0.421s] -- Added test 'flake8' to check Python code syntax and style conventions
[0.422s] -- Added test 'lint_cmake' to check CMake code style
[0.423s] -- Added test 'pep257' to check Python code against some of the docstring style conventions in PEP 257
[0.428s] -- Added test 'uncrustify' to check C / C++ code style
[0.428s] -- Configured uncrustify additional arguments: 
[0.429s] -- Added test 'xmllint' to check XML markup files
[0.430s] -- Configuring done
[0.455s] -- Generating done
[0.463s] -- Build files have been written to: /home/ctuav/ctuav_gazebo-research/build/px4_ros_com
[0.491s] [35m[1mConsolidate compiler generated dependencies of target sensor_combined_listener[0m
[0.492s] [35m[1mConsolidate compiler generated dependencies of target frame_transforms[0m
[0.492s] [35m[1mConsolidate compiler generated dependencies of target offboard_control_srv[0m
[0.492s] [35m[1mConsolidate compiler generated dependencies of target offboard_control[0m
[0.492s] [35m[1mConsolidate compiler generated dependencies of target debug_vect_advertiser[0m
[0.492s] [35m[1mConsolidate compiler generated dependencies of target vehicle_gps_position_listener[0m
[0.503s] [  7%] [32mBuilding CXX object CMakeFiles/vehicle_odometry_listener.dir/src/examples/listeners/vehicle_odometry_listener.cpp.o[0m
[0.511s] [ 21%] Built target frame_transforms
[0.511s] [ 35%] Built target debug_vect_advertiser
[0.512s] [ 42%] Built target ament_cmake_python_symlink_px4_ros_com
[0.512s] [ 50%] Built target vehicle_gps_position_listener
[0.512s] [ 64%] Built target offboard_control
[0.512s] [ 78%] Built target offboard_control_srv
[0.514s] [ 92%] Built target sensor_combined_listener
[0.697s] running egg_info
[0.698s] writing px4_ros_com.egg-info/PKG-INFO
[0.698s] writing dependency_links to px4_ros_com.egg-info/dependency_links.txt
[0.698s] writing top-level names to px4_ros_com.egg-info/top_level.txt
[0.700s] reading manifest file 'px4_ros_com.egg-info/SOURCES.txt'
[0.700s] writing manifest file 'px4_ros_com.egg-info/SOURCES.txt'
[0.721s] [ 92%] Built target ament_cmake_python_build_px4_ros_com_egg
[2.426s] [01m[K/home/ctuav/ctuav_gazebo-research/src/px4_ros_com/src/examples/listeners/vehicle_odometry_listener.cpp:[m[K In lambda function:
[2.426s] [01m[K/home/ctuav/ctuav_gazebo-research/src/px4_ros_com/src/examples/listeners/vehicle_odometry_listener.cpp:40:71:[m[K [01;31m[Kerror: [m[K‘[01m[Kstruct px4_msgs::msg::VehicleOdometry_<std::allocator<void> >[m[K’ has no member named ‘[01m[Klocal_frame[m[K’
[2.426s]    40 |                 std::cout << "local_frame: " << static_cast<int>(msg->[01;31m[Klocal_frame[m[K) << std::endl;
[2.426s]       |                                                                       [01;31m[K^~~~~~~~~~~[m[K
[2.426s] [01m[K/home/ctuav/ctuav_gazebo-research/src/px4_ros_com/src/examples/listeners/vehicle_odometry_listener.cpp:44:44:[m[K [01;31m[Kerror: [m[K‘[01m[Kstruct px4_msgs::msg::VehicleOdometry_<std::allocator<void> >[m[K’ has no member named ‘[01m[Kx[m[K’
[2.426s]    44 |                 std::cout << "x: " << msg->[01;31m[Kx[m[K << "  y: " << msg->y << "  z: " << msg->z << std::endl;
[2.426s]       |                                            [01;31m[K^[m[K
[2.426s] [01m[K/home/ctuav/ctuav_gazebo-research/src/px4_ros_com/src/examples/listeners/vehicle_odometry_listener.cpp:44:65:[m[K [01;31m[Kerror: [m[K‘[01m[Kstruct px4_msgs::msg::VehicleOdometry_<std::allocator<void> >[m[K’ has no member named ‘[01m[Ky[m[K’
[2.426s]    44 |                 std::cout << "x: " << msg->x << "  y: " << msg->[01;31m[Ky[m[K << "  z: " << msg->z << std::endl;
[2.426s]       |                                                                 [01;31m[K^[m[K
[2.426s] [01m[K/home/ctuav/ctuav_gazebo-research/src/px4_ros_com/src/examples/listeners/vehicle_odometry_listener.cpp:44:86:[m[K [01;31m[Kerror: [m[K‘[01m[Kstruct px4_msgs::msg::VehicleOdometry_<std::allocator<void> >[m[K’ has no member named ‘[01m[Kz[m[K’
[2.426s]    44 |                 std::cout << "x: " << msg->x << "  y: " << msg->y << "  z: " << msg->[01;31m[Kz[m[K << std::endl;
[2.426s]       |                                                                                      [01;31m[K^[m[K
[2.426s] [01m[K/home/ctuav/ctuav_gazebo-research/src/px4_ros_com/src/examples/listeners/vehicle_odometry_listener.cpp:53:26:[m[K [01;31m[Kerror: [m[K‘[01m[Kstruct px4_msgs::msg::VehicleOdometry_<std::allocator<void> >[m[K’ has no member named ‘[01m[Kq_offset[m[K’
[2.427s]    53 |                 if (msg->[01;31m[Kq_offset[m[K.size() >= 4) {
[2.427s]       |                          [01;31m[K^~~~~~~~[m[K
[2.427s] [01m[K/home/ctuav/ctuav_gazebo-research/src/px4_ros_com/src/examples/listeners/vehicle_odometry_listener.cpp:54:56:[m[K [01;31m[Kerror: [m[K‘[01m[Kstruct px4_msgs::msg::VehicleOdometry_<std::allocator<void> >[m[K’ has no member named ‘[01m[Kq_offset[m[K’
[2.427s]    54 |                     std::cout << "q_offset: [" << msg->[01;31m[Kq_offset[m[K[0] << ", " << msg->q_offset[1]
[2.427s]       |                                                        [01;31m[K^~~~~~~~[m[K
[2.427s] [01m[K/home/ctuav/ctuav_gazebo-research/src/px4_ros_com/src/examples/listeners/vehicle_odometry_listener.cpp:54:84:[m[K [01;31m[Kerror: [m[K‘[01m[Kstruct px4_msgs::msg::VehicleOdometry_<std::allocator<void> >[m[K’ has no member named ‘[01m[Kq_offset[m[K’
[2.427s]    54 |                     std::cout << "q_offset: [" << msg->q_offset[0] << ", " << msg->[01;31m[Kq_offset[m[K[1]
[2.427s]       |                                                                                    [01;31m[K^~~~~~~~[m[K
[2.427s] [01m[K/home/ctuav/ctuav_gazebo-research/src/px4_ros_com/src/examples/listeners/vehicle_odometry_listener.cpp:55:47:[m[K [01;31m[Kerror: [m[K‘[01m[Kstruct px4_msgs::msg::VehicleOdometry_<std::allocator<void> >[m[K’ has no member named ‘[01m[Kq_offset[m[K’
[2.427s]    55 |                               << ", " << msg->[01;31m[Kq_offset[m[K[2] << ", " << msg->q_offset[3] << "]" << std::endl;
[2.427s]       |                                               [01;31m[K^~~~~~~~[m[K
[2.427s] [01m[K/home/ctuav/ctuav_gazebo-research/src/px4_ros_com/src/examples/listeners/vehicle_odometry_listener.cpp:55:75:[m[K [01;31m[Kerror: [m[K‘[01m[Kstruct px4_msgs::msg::VehicleOdometry_<std::allocator<void> >[m[K’ has no member named ‘[01m[Kq_offset[m[K’
[2.427s]    55 |                               << ", " << msg->q_offset[2] << ", " << msg->[01;31m[Kq_offset[m[K[3] << "]" << std::endl;
[2.427s]       |                                                                           [01;31m[K^~~~~~~~[m[K
[2.427s] [01m[K/home/ctuav/ctuav_gazebo-research/src/px4_ros_com/src/examples/listeners/vehicle_odometry_listener.cpp:59:45:[m[K [01;31m[Kerror: [m[K‘[01m[Kstruct px4_msgs::msg::VehicleOdometry_<std::allocator<void> >[m[K’ has no member named ‘[01m[Kvx[m[K’
[2.427s]    59 |                 std::cout << "vx: " << msg->[01;31m[Kvx[m[K << "  vy: " << msg->vy << "  vz: " << msg->vz << std::endl;
[2.427s]       |                                             [01;31m[K^~[m[K
[2.427s] [01m[K/home/ctuav/ctuav_gazebo-research/src/px4_ros_com/src/examples/listeners/vehicle_odometry_listener.cpp:59:68:[m[K [01;31m[Kerror: [m[K‘[01m[Kstruct px4_msgs::msg::VehicleOdometry_<std::allocator<void> >[m[K’ has no member named ‘[01m[Kvy[m[K’
[2.427s]    59 |                 std::cout << "vx: " << msg->vx << "  vy: " << msg->[01;31m[Kvy[m[K << "  vz: " << msg->vz << std::endl;
[2.427s]       |                                                                    [01;31m[K^~[m[K
[2.427s] [01m[K/home/ctuav/ctuav_gazebo-research/src/px4_ros_com/src/examples/listeners/vehicle_odometry_listener.cpp:59:91:[m[K [01;31m[Kerror: [m[K‘[01m[Kstruct px4_msgs::msg::VehicleOdometry_<std::allocator<void> >[m[K’ has no member named ‘[01m[Kvz[m[K’
[2.428s]    59 |                 std::cout << "vx: " << msg->vx << "  vy: " << msg->vy << "  vz: " << msg->[01;31m[Kvz[m[K << std::endl;
[2.428s]       |                                                                                           [01;31m[K^~[m[K
[2.428s] [01m[K/home/ctuav/ctuav_gazebo-research/src/px4_ros_com/src/examples/listeners/vehicle_odometry_listener.cpp:63:56:[m[K [01;31m[Kerror: [m[K‘[01m[Kstruct px4_msgs::msg::VehicleOdometry_<std::allocator<void> >[m[K’ has no member named ‘[01m[Krollspeed[m[K’
[2.428s]    63 |                     std::cout << "rollspeed: " << msg->[01;31m[Krollspeed[m[K << "  pitchspeed: " << msg->pitchspeed
[2.428s]       |                                                        [01;31m[K^~~~~~~~~[m[K
[2.428s] [01m[K/home/ctuav/ctuav_gazebo-research/src/px4_ros_com/src/examples/listeners/vehicle_odometry_listener.cpp:63:94:[m[K [01;31m[Kerror: [m[K‘[01m[Kstruct px4_msgs::msg::VehicleOdometry_<std::allocator<void> >[m[K’ has no member named ‘[01m[Kpitchspeed[m[K’
[2.428s]    63 |                     std::cout << "rollspeed: " << msg->rollspeed << "  pitchspeed: " << msg->[01;31m[Kpitchspeed[m[K
[2.428s]       |                                                                                              [01;31m[K^~~~~~~~~~[m[K
[2.428s] [01m[K/home/ctuav/ctuav_gazebo-research/src/px4_ros_com/src/examples/listeners/vehicle_odometry_listener.cpp:64:57:[m[K [01;31m[Kerror: [m[K‘[01m[Kstruct px4_msgs::msg::VehicleOdometry_<std::allocator<void> >[m[K’ has no member named ‘[01m[Kyawspeed[m[K’
[2.428s]    64 |                               << "  yawspeed: " << msg->[01;31m[Kyawspeed[m[K << std::endl;
[2.428s]       |                                                         [01;31m[K^~~~~~~~[m[K
[2.428s] [01m[K/home/ctuav/ctuav_gazebo-research/src/px4_ros_com/src/examples/listeners/vehicle_odometry_listener.cpp:70:78:[m[K [01;31m[Kerror: [m[K‘[01m[Kstruct px4_msgs::msg::VehicleOdometry_<std::allocator<void> >[m[K’ has no member named ‘[01m[Kestimator_type[m[K’
[2.428s]    70 |                     std::cout << "estimator_type: " << static_cast<int>(msg->[01;31m[Kestimator_type[m[K) << std::endl;
[2.428s]       |                                                                              [01;31m[K^~~~~~~~~~~~~~[m[K
[2.428s] [01m[K/home/ctuav/ctuav_gazebo-research/src/px4_ros_com/src/examples/listeners/vehicle_odometry_listener.cpp:74:26:[m[K [01;31m[Kerror: [m[K‘[01m[Kstruct px4_msgs::msg::VehicleOdometry_<std::allocator<void> >[m[K’ has no member named ‘[01m[Kpose_covariance[m[K’; did you mean ‘[01m[Kposition_variance[m[K’?
[2.428s]    74 |                 if (msg->[01;31m[Kpose_covariance[m[K.size() > 0) {
[2.428s]       |                          [01;31m[K^~~~~~~~~~~~~~~[m[K
[2.428s]       |                          [32m[Kposition_variance[m[K
[2.428s] [01m[K/home/ctuav/ctuav_gazebo-research/src/px4_ros_com/src/examples/listeners/vehicle_odometry_listener.cpp:76:69:[m[K [01;31m[Kerror: [m[K‘[01m[Kstruct px4_msgs::msg::VehicleOdometry_<std::allocator<void> >[m[K’ has no member named ‘[01m[Kpose_covariance[m[K’; did you mean ‘[01m[Kposition_variance[m[K’?
[2.428s]    76 |                     for (size_t i = 0; i < std::min<size_t>(3, msg->[01;31m[Kpose_covariance[m[K.size()); ++i) {
[2.428s]       |                                                                     [01;31m[K^~~~~~~~~~~~~~~[m[K
[2.428s]       |                                                                     [32m[Kposition_variance[m[K
[2.429s] [01m[K/home/ctuav/ctuav_gazebo-research/src/px4_ros_com/src/examples/listeners/vehicle_odometry_listener.cpp:77:43:[m[K [01;31m[Kerror: [m[K‘[01m[Kstruct px4_msgs::msg::VehicleOdometry_<std::allocator<void> >[m[K’ has no member named ‘[01m[Kpose_covariance[m[K’; did you mean ‘[01m[Kposition_variance[m[K’?
[2.429s]    77 |                         std::cout << msg->[01;31m[Kpose_covariance[m[K[i] << (i+1 < std::min<size_t>(3, msg->pose_covariance.size()) ? ", " : "");
[2.429s]       |                                           [01;31m[K^~~~~~~~~~~~~~~[m[K
[2.429s]       |                                           [32m[Kposition_variance[m[K
[2.429s] [01m[K/home/ctuav/ctuav_gazebo-research/src/px4_ros_com/src/examples/listeners/vehicle_odometry_listener.cpp:77:97:[m[K [01;31m[Kerror: [m[K‘[01m[Kstruct px4_msgs::msg::VehicleOdometry_<std::allocator<void> >[m[K’ has no member named ‘[01m[Kpose_covariance[m[K’; did you mean ‘[01m[Kposition_variance[m[K’?
[2.429s]    77 |                         std::cout << msg->pose_covariance[i] << (i+1 < std::min<size_t>(3, msg->[01;31m[Kpose_covariance[m[K.size()) ? ", " : "");
[2.429s]       |                                                                                                 [01;31m[K^~~~~~~~~~~~~~~[m[K
[2.429s]       |                                                                                                 [32m[Kposition_variance[m[K
[2.429s] [01m[K/home/ctuav/ctuav_gazebo-research/src/px4_ros_com/src/examples/listeners/vehicle_odometry_listener.cpp:81:26:[m[K [01;31m[Kerror: [m[K‘[01m[Kstruct px4_msgs::msg::VehicleOdometry_<std::allocator<void> >[m[K’ has no member named ‘[01m[Kvelocity_covariance[m[K’; did you mean ‘[01m[Kvelocity_variance[m[K’?
[2.429s]    81 |                 if (msg->[01;31m[Kvelocity_covariance[m[K.size() > 0) {
[2.429s]       |                          [01;31m[K^~~~~~~~~~~~~~~~~~~[m[K
[2.429s]       |                          [32m[Kvelocity_variance[m[K
[2.429s] [01m[K/home/ctuav/ctuav_gazebo-research/src/px4_ros_com/src/examples/listeners/vehicle_odometry_listener.cpp:83:69:[m[K [01;31m[Kerror: [m[K‘[01m[Kstruct px4_msgs::msg::VehicleOdometry_<std::allocator<void> >[m[K’ has no member named ‘[01m[Kvelocity_covariance[m[K’; did you mean ‘[01m[Kvelocity_variance[m[K’?
[2.429s]    83 |                     for (size_t i = 0; i < std::min<size_t>(3, msg->[01;31m[Kvelocity_covariance[m[K.size()); ++i) {
[2.429s]       |                                                                     [01;31m[K^~~~~~~~~~~~~~~~~~~[m[K
[2.429s]       |                                                                     [32m[Kvelocity_variance[m[K
[2.429s] [01m[K/home/ctuav/ctuav_gazebo-research/src/px4_ros_com/src/examples/listeners/vehicle_odometry_listener.cpp:84:43:[m[K [01;31m[Kerror: [m[K‘[01m[Kstruct px4_msgs::msg::VehicleOdometry_<std::allocator<void> >[m[K’ has no member named ‘[01m[Kvelocity_covariance[m[K’; did you mean ‘[01m[Kvelocity_variance[m[K’?
[2.429s]    84 |                         std::cout << msg->[01;31m[Kvelocity_covariance[m[K[i] << (i+1 < std::min<size_t>(3, msg->velocity_covariance.size()) ? ", " : "");
[2.429s]       |                                           [01;31m[K^~~~~~~~~~~~~~~~~~~[m[K
[2.429s]       |                                           [32m[Kvelocity_variance[m[K
[2.429s] [01m[K/home/ctuav/ctuav_gazebo-research/src/px4_ros_com/src/examples/listeners/vehicle_odometry_listener.cpp:84:101:[m[K [01;31m[Kerror: [m[K‘[01m[Kstruct px4_msgs::msg::VehicleOdometry_<std::allocator<void> >[m[K’ has no member named ‘[01m[Kvelocity_covariance[m[K’; did you mean ‘[01m[Kvelocity_variance[m[K’?
[2.429s]    84 |                         std::cout << msg->velocity_covariance[i] << (i+1 < std::min<size_t>(3, msg->[01;31m[Kvelocity_covariance[m[K.size()) ? ", " : "");
[2.429s]       |                                                                                                     [01;31m[K^~~~~~~~~~~~~~~~~~~[m[K
[2.429s]       |                                                                                                     [32m[Kvelocity_variance[m[K
[4.203s] gmake[2]: *** [CMakeFiles/vehicle_odometry_listener.dir/build.make:76: CMakeFiles/vehicle_odometry_listener.dir/src/examples/listeners/vehicle_odometry_listener.cpp.o] Error 1
[4.203s] gmake[1]: *** [CMakeFiles/Makefile2:308: CMakeFiles/vehicle_odometry_listener.dir/all] Error 2
[4.203s] gmake: *** [Makefile:146: all] Error 2
[4.206s] Invoked command in '/home/ctuav/ctuav_gazebo-research/build/px4_ros_com' returned '2': CMAKE_PREFIX_PATH=/home/ctuav/ctuav_gazebo-research/install/px4_msgs:/home/ctuav/ctuav_gazebo-research/install/px4_ros_com:/home/ctuav/ctuav_gazebo-research/install/px4:/home/ctuav/ctuav_gazebo-research/install/microxrcedds_agent:/home/ctuav/ctuav_gazebo-research/install/fastrtps:/home/ctuav/ctuav_gazebo-research/install/fastcdr:/opt/ros/humble LD_LIBRARY_PATH=/home/ctuav/ctuav_gazebo-research/install/px4_msgs/lib:/home/ctuav/ctuav_gazebo-research/install/px4_ros_com/lib:/home/ctuav/ctuav_gazebo-research/install/px4/lib:/home/ctuav/ctuav_gazebo-research/install/microxrcedds_agent/lib:/home/ctuav/ctuav_gazebo-research/install/fastrtps/lib:/home/ctuav/ctuav_gazebo-research/install/fastcdr/lib:/opt/ros/humble/opt/rviz_ogre_vendor/lib:/opt/ros/humble/lib/x86_64-linux-gnu:/opt/ros/humble/lib /usr/bin/cmake --build /home/ctuav/ctuav_gazebo-research/build/px4_ros_com -- -j12 -l12
