[35m[1mConsolidate compiler generated dependencies of target fastrtps[0m
[100%] Built target fastrtps
[35m[1mConsolidate compiler generated dependencies of target fast-discovery-server[0m
[100%] Built target fast-discovery-server
-- Install configuration: "Release"
-- Up-to-date: /home/ctuav/ctuav_gazebo-research/install/fastrtps/include/fastrtps
-- Up-to-date: /home/ctuav/ctuav_gazebo-research/install/fastrtps/include/fastrtps/types
-- Up-to-date: /home/ctuav/ctuav_gazebo-research/install/fastrtps/include/fastrtps/types/TypeObject.h
-- Up-to-date: /home/ctuav/ctuav_gazebo-research/install/fastrtps/include/fastrtps/types/DynamicDataFactory.h
-- Up-to-date: /home/ctuav/ctuav_gazebo-research/install/fastrtps/include/fastrtps/types/DynamicTypeBuilder.h
-- Up-to-date: /home/ctuav/ctuav_gazebo-research/install/fastrtps/include/fastrtps/types/DynamicData.h
-- Up-to-date: /home/ctuav/ctuav_gazebo-research/install/fastrtps/include/fastrtps/types/DynamicDataHelper.hpp
-- Up-to-date: /home/ctuav/ctuav_gazebo-research/install/fastrtps/include/fastrtps/types/DynamicPubSubType.h
-- Up-to-date: /home/ctuav/ctuav_gazebo-research/install/fastrtps/include/fastrtps/types/AnnotationDescriptor.h
-- Up-to-date: /home/ctuav/ctuav_gazebo-research/install/fastrtps/include/fastrtps/types/TypeDescriptor.h
-- Up-to-date: /home/ctuav/ctuav_gazebo-research/install/fastrtps/include/fastrtps/types/DynamicTypePtr.h
-- Up-to-date: /home/ctuav/ctuav_gazebo-research/install/fastrtps/include/fastrtps/types/TypeNamesGenerator.h
-- Up-to-date: /home/ctuav/ctuav_gazebo-research/install/fastrtps/include/fastrtps/types/DynamicDataPtr.h
-- Up-to-date: /home/ctuav/ctuav_gazebo-research/install/fastrtps/include/fastrtps/types/TypeObjectHashId.h
-- Up-to-date: /home/ctuav/ctuav_gazebo-research/install/fastrtps/include/fastrtps/types/TypeIdentifier.h
-- Up-to-date: /home/ctuav/ctuav_gazebo-research/install/fastrtps/include/fastrtps/types/AnnotationParameterValue.h
-- Up-to-date: /home/ctuav/ctuav_gazebo-research/install/fastrtps/include/fastrtps/types/DynamicTypeMember.h
-- Up-to-date: /home/ctuav/ctuav_gazebo-research/install/fastrtps/include/fastrtps/types/DynamicTypeBuilderPtr.h
-- Up-to-date: /home/ctuav/ctuav_gazebo-research/install/fastrtps/include/fastrtps/types/DynamicType.h
-- Up-to-date: /home/ctuav/ctuav_gazebo-research/install/fastrtps/include/fastrtps/types/TypeIdentifierTypes.h
-- Up-to-date: /home/ctuav/ctuav_gazebo-research/install/fastrtps/include/fastrtps/types/MemberDescriptor.h
-- Up-to-date: /home/ctuav/ctuav_gazebo-research/install/fastrtps/include/fastrtps/types/TypesBase.h
-- Up-to-date: /home/ctuav/ctuav_gazebo-research/install/fastrtps/include/fastrtps/types/TypeObjectFactory.h
-- Up-to-date: /home/ctuav/ctuav_gazebo-research/install/fastrtps/include/fastrtps/types/DynamicTypeBuilderFactory.h
-- Up-to-date: /home/ctuav/ctuav_gazebo-research/install/fastrtps/include/fastrtps/types/BuiltinAnnotationsTypeObject.h
-- Up-to-date: /home/ctuav/ctuav_gazebo-research/install/fastrtps/include/fastrtps/eProsima_auto_link.h
-- Up-to-date: /home/ctuav/ctuav_gazebo-research/install/fastrtps/include/fastrtps/TopicDataType.h
-- Up-to-date: /home/ctuav/ctuav_gazebo-research/install/fastrtps/include/fastrtps/transport
-- Up-to-date: /home/ctuav/ctuav_gazebo-research/install/fastrtps/include/fastrtps/transport/UDPTransportDescriptor.h
-- Up-to-date: /home/ctuav/ctuav_gazebo-research/install/fastrtps/include/fastrtps/transport/UDPv6TransportDescriptor.h
-- Up-to-date: /home/ctuav/ctuav_gazebo-research/install/fastrtps/include/fastrtps/transport/TCPv6TransportDescriptor.h
-- Up-to-date: /home/ctuav/ctuav_gazebo-research/install/fastrtps/include/fastrtps/transport/TransportReceiverInterface.h
-- Up-to-date: /home/ctuav/ctuav_gazebo-research/install/fastrtps/include/fastrtps/transport/test_UDPv4TransportDescriptor.h
-- Up-to-date: /home/ctuav/ctuav_gazebo-research/install/fastrtps/include/fastrtps/transport/TransportInterface.h
-- Up-to-date: /home/ctuav/ctuav_gazebo-research/install/fastrtps/include/fastrtps/transport/SocketTransportDescriptor.h
-- Up-to-date: /home/ctuav/ctuav_gazebo-research/install/fastrtps/include/fastrtps/transport/TCPTransportDescriptor.h
-- Up-to-date: /home/ctuav/ctuav_gazebo-research/install/fastrtps/include/fastrtps/transport/TCPv4TransportDescriptor.h
-- Up-to-date: /home/ctuav/ctuav_gazebo-research/install/fastrtps/include/fastrtps/transport/UDPv4TransportDescriptor.h
-- Up-to-date: /home/ctuav/ctuav_gazebo-research/install/fastrtps/include/fastrtps/transport/TransportDescriptorInterface.h
-- Up-to-date: /home/ctuav/ctuav_gazebo-research/install/fastrtps/include/fastrtps/attributes
-- Up-to-date: /home/ctuav/ctuav_gazebo-research/install/fastrtps/include/fastrtps/attributes/SubscriberAttributes.h
-- Up-to-date: /home/ctuav/ctuav_gazebo-research/install/fastrtps/include/fastrtps/attributes/ReplierAttributes.hpp
-- Up-to-date: /home/ctuav/ctuav_gazebo-research/install/fastrtps/include/fastrtps/attributes/all_attributes.h
-- Up-to-date: /home/ctuav/ctuav_gazebo-research/install/fastrtps/include/fastrtps/attributes/TopicAttributes.h
-- Up-to-date: /home/ctuav/ctuav_gazebo-research/install/fastrtps/include/fastrtps/attributes/ParticipantAttributes.h
-- Up-to-date: /home/ctuav/ctuav_gazebo-research/install/fastrtps/include/fastrtps/attributes/PublisherAttributes.h
-- Up-to-date: /home/ctuav/ctuav_gazebo-research/install/fastrtps/include/fastrtps/attributes/RequesterAttributes.hpp
-- Up-to-date: /home/ctuav/ctuav_gazebo-research/install/fastrtps/include/fastrtps/attributes/LibrarySettingsAttributes.h
-- Up-to-date: /home/ctuav/ctuav_gazebo-research/install/fastrtps/include/fastrtps/publisher
-- Up-to-date: /home/ctuav/ctuav_gazebo-research/install/fastrtps/include/fastrtps/publisher/Publisher.h
-- Up-to-date: /home/ctuav/ctuav_gazebo-research/install/fastrtps/include/fastrtps/publisher/PublisherHistory.h
-- Up-to-date: /home/ctuav/ctuav_gazebo-research/install/fastrtps/include/fastrtps/publisher/PublisherListener.h
-- Up-to-date: /home/ctuav/ctuav_gazebo-research/install/fastrtps/include/fastrtps/log
-- Up-to-date: /home/ctuav/ctuav_gazebo-research/install/fastrtps/include/fastrtps/log/Colors.h
-- Up-to-date: /home/ctuav/ctuav_gazebo-research/install/fastrtps/include/fastrtps/log/StdoutConsumer.h
-- Up-to-date: /home/ctuav/ctuav_gazebo-research/install/fastrtps/include/fastrtps/log/Log.h
-- Up-to-date: /home/ctuav/ctuav_gazebo-research/install/fastrtps/include/fastrtps/log/FileConsumer.h
-- Up-to-date: /home/ctuav/ctuav_gazebo-research/install/fastrtps/include/fastrtps/xmlparser
-- Up-to-date: /home/ctuav/ctuav_gazebo-research/install/fastrtps/include/fastrtps/xmlparser/XMLParser.h
-- Up-to-date: /home/ctuav/ctuav_gazebo-research/install/fastrtps/include/fastrtps/xmlparser/XMLTree.h
-- Up-to-date: /home/ctuav/ctuav_gazebo-research/install/fastrtps/include/fastrtps/xmlparser/XMLProfileManager.h
-- Up-to-date: /home/ctuav/ctuav_gazebo-research/install/fastrtps/include/fastrtps/xmlparser/XMLEndpointParser.h
-- Up-to-date: /home/ctuav/ctuav_gazebo-research/install/fastrtps/include/fastrtps/xmlparser/XMLParserCommon.h
-- Up-to-date: /home/ctuav/ctuav_gazebo-research/install/fastrtps/include/fastrtps/subscriber
-- Up-to-date: /home/ctuav/ctuav_gazebo-research/install/fastrtps/include/fastrtps/subscriber/SubscriberListener.h
-- Up-to-date: /home/ctuav/ctuav_gazebo-research/install/fastrtps/include/fastrtps/subscriber/SampleInfo.h
-- Up-to-date: /home/ctuav/ctuav_gazebo-research/install/fastrtps/include/fastrtps/subscriber/Subscriber.h
-- Up-to-date: /home/ctuav/ctuav_gazebo-research/install/fastrtps/include/fastrtps/subscriber/SubscriberHistory.h
-- Up-to-date: /home/ctuav/ctuav_gazebo-research/install/fastrtps/include/fastrtps/fastrtps_dll.h
-- Up-to-date: /home/ctuav/ctuav_gazebo-research/install/fastrtps/include/fastrtps/qos
-- Up-to-date: /home/ctuav/ctuav_gazebo-research/install/fastrtps/include/fastrtps/qos/WriterQos.h
-- Up-to-date: /home/ctuav/ctuav_gazebo-research/install/fastrtps/include/fastrtps/qos/LivelinessChangedStatus.h
-- Up-to-date: /home/ctuav/ctuav_gazebo-research/install/fastrtps/include/fastrtps/qos/LivelinessLostStatus.h
-- Up-to-date: /home/ctuav/ctuav_gazebo-research/install/fastrtps/include/fastrtps/qos/SampleRejectedStatus.hpp
-- Up-to-date: /home/ctuav/ctuav_gazebo-research/install/fastrtps/include/fastrtps/qos/ParameterTypes.h
-- Up-to-date: /home/ctuav/ctuav_gazebo-research/install/fastrtps/include/fastrtps/qos/DeadlineMissedStatus.h
-- Up-to-date: /home/ctuav/ctuav_gazebo-research/install/fastrtps/include/fastrtps/qos/IncompatibleQosStatus.hpp
-- Up-to-date: /home/ctuav/ctuav_gazebo-research/install/fastrtps/include/fastrtps/qos/QosPolicies.h
-- Up-to-date: /home/ctuav/ctuav_gazebo-research/install/fastrtps/include/fastrtps/qos/ReaderQos.h
-- Up-to-date: /home/ctuav/ctuav_gazebo-research/install/fastrtps/include/fastrtps/common
-- Up-to-date: /home/ctuav/ctuav_gazebo-research/install/fastrtps/include/fastrtps/common/KeyedChanges.h
-- Up-to-date: /home/ctuav/ctuav_gazebo-research/install/fastrtps/include/fastrtps/Domain.h
-- Up-to-date: /home/ctuav/ctuav_gazebo-research/install/fastrtps/include/fastrtps/fastrtps_all.h
-- Up-to-date: /home/ctuav/ctuav_gazebo-research/install/fastrtps/include/fastrtps/participant
-- Up-to-date: /home/ctuav/ctuav_gazebo-research/install/fastrtps/include/fastrtps/participant/Participant.h
-- Up-to-date: /home/ctuav/ctuav_gazebo-research/install/fastrtps/include/fastrtps/participant/ParticipantListener.h
-- Up-to-date: /home/ctuav/ctuav_gazebo-research/install/fastrtps/include/fastrtps/rtps
-- Up-to-date: /home/ctuav/ctuav_gazebo-research/install/fastrtps/include/fastrtps/rtps/network
-- Up-to-date: /home/ctuav/ctuav_gazebo-research/install/fastrtps/include/fastrtps/rtps/network/SenderResource.h
-- Up-to-date: /home/ctuav/ctuav_gazebo-research/install/fastrtps/include/fastrtps/rtps/network/NetworkFactory.h
-- Up-to-date: /home/ctuav/ctuav_gazebo-research/install/fastrtps/include/fastrtps/rtps/network/ReceiverResource.h
-- Up-to-date: /home/ctuav/ctuav_gazebo-research/install/fastrtps/include/fastrtps/rtps/resources
-- Up-to-date: /home/ctuav/ctuav_gazebo-research/install/fastrtps/include/fastrtps/rtps/resources/TimedEvent.h
-- Up-to-date: /home/ctuav/ctuav_gazebo-research/install/fastrtps/include/fastrtps/rtps/resources/ResourceEvent.h
-- Up-to-date: /home/ctuav/ctuav_gazebo-research/install/fastrtps/include/fastrtps/rtps/resources/ResourceManagement.h
-- Up-to-date: /home/ctuav/ctuav_gazebo-research/install/fastrtps/include/fastrtps/rtps/attributes
-- Up-to-date: /home/ctuav/ctuav_gazebo-research/install/fastrtps/include/fastrtps/rtps/attributes/HistoryAttributes.h
-- Up-to-date: /home/ctuav/ctuav_gazebo-research/install/fastrtps/include/fastrtps/rtps/attributes/RTPSParticipantAllocationAttributes.hpp
-- Up-to-date: /home/ctuav/ctuav_gazebo-research/install/fastrtps/include/fastrtps/rtps/attributes/EndpointAttributes.h
-- Up-to-date: /home/ctuav/ctuav_gazebo-research/install/fastrtps/include/fastrtps/rtps/attributes/RTPSParticipantAttributes.h
-- Up-to-date: /home/ctuav/ctuav_gazebo-research/install/fastrtps/include/fastrtps/rtps/attributes/WriterAttributes.h
-- Up-to-date: /home/ctuav/ctuav_gazebo-research/install/fastrtps/include/fastrtps/rtps/attributes/ServerAttributes.h
-- Up-to-date: /home/ctuav/ctuav_gazebo-research/install/fastrtps/include/fastrtps/rtps/attributes/ReaderAttributes.h
-- Up-to-date: /home/ctuav/ctuav_gazebo-research/install/fastrtps/include/fastrtps/rtps/attributes/PropertyPolicy.h
-- Up-to-date: /home/ctuav/ctuav_gazebo-research/install/fastrtps/include/fastrtps/rtps/RTPSDomain.h
-- Up-to-date: /home/ctuav/ctuav_gazebo-research/install/fastrtps/include/fastrtps/rtps/history
-- Up-to-date: /home/ctuav/ctuav_gazebo-research/install/fastrtps/include/fastrtps/rtps/history/ReaderHistory.h
-- Up-to-date: /home/ctuav/ctuav_gazebo-research/install/fastrtps/include/fastrtps/rtps/history/History.h
-- Up-to-date: /home/ctuav/ctuav_gazebo-research/install/fastrtps/include/fastrtps/rtps/history/WriterHistory.h
-- Up-to-date: /home/ctuav/ctuav_gazebo-research/install/fastrtps/include/fastrtps/rtps/security
-- Up-to-date: /home/ctuav/ctuav_gazebo-research/install/fastrtps/include/fastrtps/rtps/security/authentication
-- Up-to-date: /home/ctuav/ctuav_gazebo-research/install/fastrtps/include/fastrtps/rtps/security/authentication/Handshake.h
-- Up-to-date: /home/ctuav/ctuav_gazebo-research/install/fastrtps/include/fastrtps/rtps/security/authentication/Authentication.h
-- Up-to-date: /home/ctuav/ctuav_gazebo-research/install/fastrtps/include/fastrtps/rtps/security/accesscontrol
-- Up-to-date: /home/ctuav/ctuav_gazebo-research/install/fastrtps/include/fastrtps/rtps/security/accesscontrol/AccessControl.h
-- Up-to-date: /home/ctuav/ctuav_gazebo-research/install/fastrtps/include/fastrtps/rtps/security/accesscontrol/SecurityMaskUtilities.h
-- Up-to-date: /home/ctuav/ctuav_gazebo-research/install/fastrtps/include/fastrtps/rtps/security/accesscontrol/ParticipantSecurityAttributes.h
-- Up-to-date: /home/ctuav/ctuav_gazebo-research/install/fastrtps/include/fastrtps/rtps/security/accesscontrol/EndpointSecurityAttributes.h
-- Up-to-date: /home/ctuav/ctuav_gazebo-research/install/fastrtps/include/fastrtps/rtps/security/common
-- Up-to-date: /home/ctuav/ctuav_gazebo-research/install/fastrtps/include/fastrtps/rtps/security/common/Handle.h
-- Up-to-date: /home/ctuav/ctuav_gazebo-research/install/fastrtps/include/fastrtps/rtps/security/common/SharedSecretHandle.h
-- Up-to-date: /home/ctuav/ctuav_gazebo-research/install/fastrtps/include/fastrtps/rtps/security/common/ParticipantGenericMessage.h
-- Up-to-date: /home/ctuav/ctuav_gazebo-research/install/fastrtps/include/fastrtps/rtps/security/cryptography
-- Up-to-date: /home/ctuav/ctuav_gazebo-research/install/fastrtps/include/fastrtps/rtps/security/cryptography/CryptoTransform.h
-- Up-to-date: /home/ctuav/ctuav_gazebo-research/install/fastrtps/include/fastrtps/rtps/security/cryptography/CryptoKeyFactory.h
-- Up-to-date: /home/ctuav/ctuav_gazebo-research/install/fastrtps/include/fastrtps/rtps/security/cryptography/CryptoKeyExchange.h
-- Up-to-date: /home/ctuav/ctuav_gazebo-research/install/fastrtps/include/fastrtps/rtps/security/cryptography/CryptoTypes.h
-- Up-to-date: /home/ctuav/ctuav_gazebo-research/install/fastrtps/include/fastrtps/rtps/security/cryptography/Cryptography.h
-- Up-to-date: /home/ctuav/ctuav_gazebo-research/install/fastrtps/include/fastrtps/rtps/security/exceptions
-- Up-to-date: /home/ctuav/ctuav_gazebo-research/install/fastrtps/include/fastrtps/rtps/security/exceptions/SecurityException.h
-- Up-to-date: /home/ctuav/ctuav_gazebo-research/install/fastrtps/include/fastrtps/rtps/common
-- Up-to-date: /home/ctuav/ctuav_gazebo-research/install/fastrtps/include/fastrtps/rtps/common/SerializedPayload.h
-- Up-to-date: /home/ctuav/ctuav_gazebo-research/install/fastrtps/include/fastrtps/rtps/common/CacheChange.h
-- Up-to-date: /home/ctuav/ctuav_gazebo-research/install/fastrtps/include/fastrtps/rtps/common/Property.h
-- Up-to-date: /home/ctuav/ctuav_gazebo-research/install/fastrtps/include/fastrtps/rtps/common/Locator.h
-- Up-to-date: /home/ctuav/ctuav_gazebo-research/install/fastrtps/include/fastrtps/rtps/common/CDRMessage_t.h
-- Up-to-date: /home/ctuav/ctuav_gazebo-research/install/fastrtps/include/fastrtps/rtps/common/BinaryProperty.h
-- Up-to-date: /home/ctuav/ctuav_gazebo-research/install/fastrtps/include/fastrtps/rtps/common/SampleIdentity.h
-- Up-to-date: /home/ctuav/ctuav_gazebo-research/install/fastrtps/include/fastrtps/rtps/common/LocatorSelectorEntry.hpp
-- Up-to-date: /home/ctuav/ctuav_gazebo-research/install/fastrtps/include/fastrtps/rtps/common/LocatorSelector.hpp
-- Up-to-date: /home/ctuav/ctuav_gazebo-research/install/fastrtps/include/fastrtps/rtps/common/MatchingInfo.h
-- Up-to-date: /home/ctuav/ctuav_gazebo-research/install/fastrtps/include/fastrtps/rtps/common/PortParameters.h
-- Up-to-date: /home/ctuav/ctuav_gazebo-research/install/fastrtps/include/fastrtps/rtps/common/Guid.h
-- Up-to-date: /home/ctuav/ctuav_gazebo-research/install/fastrtps/include/fastrtps/rtps/common/WriteParams.h
-- Up-to-date: /home/ctuav/ctuav_gazebo-research/install/fastrtps/include/fastrtps/rtps/common/SequenceNumber.h
-- Up-to-date: /home/ctuav/ctuav_gazebo-research/install/fastrtps/include/fastrtps/rtps/common/RemoteLocators.hpp
-- Up-to-date: /home/ctuav/ctuav_gazebo-research/install/fastrtps/include/fastrtps/rtps/common/FragmentNumber.h
-- Up-to-date: /home/ctuav/ctuav_gazebo-research/install/fastrtps/include/fastrtps/rtps/common/Token.h
-- Up-to-date: /home/ctuav/ctuav_gazebo-research/install/fastrtps/include/fastrtps/rtps/common/Types.h
-- Up-to-date: /home/ctuav/ctuav_gazebo-research/install/fastrtps/include/fastrtps/rtps/common/InstanceHandle.h
-- Up-to-date: /home/ctuav/ctuav_gazebo-research/install/fastrtps/include/fastrtps/rtps/common/all_common.h
-- Up-to-date: /home/ctuav/ctuav_gazebo-research/install/fastrtps/include/fastrtps/rtps/common/Time_t.h
-- Up-to-date: /home/ctuav/ctuav_gazebo-research/install/fastrtps/include/fastrtps/rtps/common/LocatorListComparisons.hpp
-- Up-to-date: /home/ctuav/ctuav_gazebo-research/install/fastrtps/include/fastrtps/rtps/rtps_fwd.h
-- Up-to-date: /home/ctuav/ctuav_gazebo-research/install/fastrtps/include/fastrtps/rtps/writer
-- Up-to-date: /home/ctuav/ctuav_gazebo-research/install/fastrtps/include/fastrtps/rtps/writer/RTPSWriter.h
-- Up-to-date: /home/ctuav/ctuav_gazebo-research/install/fastrtps/include/fastrtps/rtps/writer/ReaderProxy.h
-- Up-to-date: /home/ctuav/ctuav_gazebo-research/install/fastrtps/include/fastrtps/rtps/writer/StatelessWriter.h
-- Up-to-date: /home/ctuav/ctuav_gazebo-research/install/fastrtps/include/fastrtps/rtps/writer/StatelessPersistentWriter.h
-- Up-to-date: /home/ctuav/ctuav_gazebo-research/install/fastrtps/include/fastrtps/rtps/writer/StatefulWriter.h
-- Up-to-date: /home/ctuav/ctuav_gazebo-research/install/fastrtps/include/fastrtps/rtps/writer/ReaderLocator.h
-- Up-to-date: /home/ctuav/ctuav_gazebo-research/install/fastrtps/include/fastrtps/rtps/writer/LivelinessData.h
-- Up-to-date: /home/ctuav/ctuav_gazebo-research/install/fastrtps/include/fastrtps/rtps/writer/WriterDiscoveryInfo.h
-- Up-to-date: /home/ctuav/ctuav_gazebo-research/install/fastrtps/include/fastrtps/rtps/writer/PersistentWriter.h
-- Up-to-date: /home/ctuav/ctuav_gazebo-research/install/fastrtps/include/fastrtps/rtps/writer/StatefulPersistentWriter.h
-- Up-to-date: /home/ctuav/ctuav_gazebo-research/install/fastrtps/include/fastrtps/rtps/writer/LivelinessManager.h
-- Up-to-date: /home/ctuav/ctuav_gazebo-research/install/fastrtps/include/fastrtps/rtps/writer/WriterListener.h
-- Up-to-date: /home/ctuav/ctuav_gazebo-research/install/fastrtps/include/fastrtps/rtps/flowcontrol
-- Up-to-date: /home/ctuav/ctuav_gazebo-research/install/fastrtps/include/fastrtps/rtps/flowcontrol/ThroughputControllerDescriptor.h
-- Up-to-date: /home/ctuav/ctuav_gazebo-research/install/fastrtps/include/fastrtps/rtps/messages
-- Up-to-date: /home/ctuav/ctuav_gazebo-research/install/fastrtps/include/fastrtps/rtps/messages/RTPSMessageCreator.h
-- Up-to-date: /home/ctuav/ctuav_gazebo-research/install/fastrtps/include/fastrtps/rtps/messages/MessageReceiver.h
-- Up-to-date: /home/ctuav/ctuav_gazebo-research/install/fastrtps/include/fastrtps/rtps/messages/RTPSMessageSenderInterface.hpp
-- Up-to-date: /home/ctuav/ctuav_gazebo-research/install/fastrtps/include/fastrtps/rtps/messages/CDRMessage.h
-- Up-to-date: /home/ctuav/ctuav_gazebo-research/install/fastrtps/include/fastrtps/rtps/messages/RTPS_messages.h
-- Up-to-date: /home/ctuav/ctuav_gazebo-research/install/fastrtps/include/fastrtps/rtps/messages/RTPSMessageGroup.h
-- Up-to-date: /home/ctuav/ctuav_gazebo-research/install/fastrtps/include/fastrtps/rtps/participant
-- Up-to-date: /home/ctuav/ctuav_gazebo-research/install/fastrtps/include/fastrtps/rtps/participant/RTPSParticipantListener.h
-- Up-to-date: /home/ctuav/ctuav_gazebo-research/install/fastrtps/include/fastrtps/rtps/participant/RTPSParticipant.h
-- Up-to-date: /home/ctuav/ctuav_gazebo-research/install/fastrtps/include/fastrtps/rtps/participant/ParticipantDiscoveryInfo.h
-- Up-to-date: /home/ctuav/ctuav_gazebo-research/install/fastrtps/include/fastrtps/rtps/reader
-- Up-to-date: /home/ctuav/ctuav_gazebo-research/install/fastrtps/include/fastrtps/rtps/reader/StatelessReader.h
-- Up-to-date: /home/ctuav/ctuav_gazebo-research/install/fastrtps/include/fastrtps/rtps/reader/StatefulPersistentReader.h
-- Up-to-date: /home/ctuav/ctuav_gazebo-research/install/fastrtps/include/fastrtps/rtps/reader/ReaderDiscoveryInfo.h
-- Up-to-date: /home/ctuav/ctuav_gazebo-research/install/fastrtps/include/fastrtps/rtps/reader/StatefulReader.h
-- Up-to-date: /home/ctuav/ctuav_gazebo-research/install/fastrtps/include/fastrtps/rtps/reader/ReaderListener.h
-- Up-to-date: /home/ctuav/ctuav_gazebo-research/install/fastrtps/include/fastrtps/rtps/reader/RTPSReader.h
-- Up-to-date: /home/ctuav/ctuav_gazebo-research/install/fastrtps/include/fastrtps/rtps/reader/StatelessPersistentReader.h
-- Up-to-date: /home/ctuav/ctuav_gazebo-research/install/fastrtps/include/fastrtps/rtps/exceptions
-- Up-to-date: /home/ctuav/ctuav_gazebo-research/install/fastrtps/include/fastrtps/rtps/exceptions/Exception.h
-- Up-to-date: /home/ctuav/ctuav_gazebo-research/install/fastrtps/include/fastrtps/rtps/builtin
-- Up-to-date: /home/ctuav/ctuav_gazebo-research/install/fastrtps/include/fastrtps/rtps/builtin/BuiltinProtocols.h
-- Up-to-date: /home/ctuav/ctuav_gazebo-research/install/fastrtps/include/fastrtps/rtps/builtin/liveliness
-- Up-to-date: /home/ctuav/ctuav_gazebo-research/install/fastrtps/include/fastrtps/rtps/builtin/liveliness/WLPListener.h
-- Up-to-date: /home/ctuav/ctuav_gazebo-research/install/fastrtps/include/fastrtps/rtps/builtin/liveliness/WLP.h
-- Up-to-date: /home/ctuav/ctuav_gazebo-research/install/fastrtps/include/fastrtps/rtps/builtin/data
-- Up-to-date: /home/ctuav/ctuav_gazebo-research/install/fastrtps/include/fastrtps/rtps/builtin/data/ParticipantProxyData.h
-- Up-to-date: /home/ctuav/ctuav_gazebo-research/install/fastrtps/include/fastrtps/rtps/builtin/data/ReaderProxyData.h
-- Up-to-date: /home/ctuav/ctuav_gazebo-research/install/fastrtps/include/fastrtps/rtps/builtin/data/WriterProxyData.h
-- Up-to-date: /home/ctuav/ctuav_gazebo-research/install/fastrtps/include/fastrtps/rtps/builtin/discovery
-- Up-to-date: /home/ctuav/ctuav_gazebo-research/install/fastrtps/include/fastrtps/rtps/builtin/discovery/endpoint
-- Up-to-date: /home/ctuav/ctuav_gazebo-research/install/fastrtps/include/fastrtps/rtps/builtin/discovery/endpoint/EDPStatic.h
-- Up-to-date: /home/ctuav/ctuav_gazebo-research/install/fastrtps/include/fastrtps/rtps/builtin/discovery/endpoint/EDPSimple.h
-- Up-to-date: /home/ctuav/ctuav_gazebo-research/install/fastrtps/include/fastrtps/rtps/builtin/discovery/endpoint/EDP.h
-- Up-to-date: /home/ctuav/ctuav_gazebo-research/install/fastrtps/include/fastrtps/rtps/builtin/discovery/participant
-- Up-to-date: /home/ctuav/ctuav_gazebo-research/install/fastrtps/include/fastrtps/rtps/builtin/discovery/participant/PDPListener.h
-- Up-to-date: /home/ctuav/ctuav_gazebo-research/install/fastrtps/include/fastrtps/rtps/builtin/discovery/participant/PDPSimple.h
-- Up-to-date: /home/ctuav/ctuav_gazebo-research/install/fastrtps/include/fastrtps/rtps/builtin/discovery/participant/PDP.h
-- Up-to-date: /home/ctuav/ctuav_gazebo-research/install/fastrtps/include/fastrtps/rtps/rtps_all.h
-- Up-to-date: /home/ctuav/ctuav_gazebo-research/install/fastrtps/include/fastrtps/rtps/Endpoint.h
-- Up-to-date: /home/ctuav/ctuav_gazebo-research/install/fastrtps/include/fastrtps/fastrtps_fwd.h
-- Up-to-date: /home/ctuav/ctuav_gazebo-research/install/fastrtps/include/fastrtps/config
-- Up-to-date: /home/ctuav/ctuav_gazebo-research/install/fastrtps/include/fastrtps/config/doxygen_modules.h
-- Up-to-date: /home/ctuav/ctuav_gazebo-research/install/fastrtps/include/fastrtps/utils
-- Up-to-date: /home/ctuav/ctuav_gazebo-research/install/fastrtps/include/fastrtps/utils/string_convert.hpp
-- Up-to-date: /home/ctuav/ctuav_gazebo-research/install/fastrtps/include/fastrtps/utils/collections
-- Up-to-date: /home/ctuav/ctuav_gazebo-research/install/fastrtps/include/fastrtps/utils/collections/foonathan_memory_helpers.hpp
-- Up-to-date: /home/ctuav/ctuav_gazebo-research/install/fastrtps/include/fastrtps/utils/collections/ResourceLimitedContainerConfig.hpp
-- Up-to-date: /home/ctuav/ctuav_gazebo-research/install/fastrtps/include/fastrtps/utils/collections/ResourceLimitedVector.hpp
-- Up-to-date: /home/ctuav/ctuav_gazebo-research/install/fastrtps/include/fastrtps/utils/fixed_size_bitmap.hpp
-- Up-to-date: /home/ctuav/ctuav_gazebo-research/install/fastrtps/include/fastrtps/utils/System.h
-- Up-to-date: /home/ctuav/ctuav_gazebo-research/install/fastrtps/include/fastrtps/utils/shared_mutex.hpp
-- Up-to-date: /home/ctuav/ctuav_gazebo-research/install/fastrtps/include/fastrtps/utils/fixed_size_string.hpp
-- Up-to-date: /home/ctuav/ctuav_gazebo-research/install/fastrtps/include/fastrtps/utils/IPLocator.h
-- Up-to-date: /home/ctuav/ctuav_gazebo-research/install/fastrtps/include/fastrtps/utils/TimedConditionVariable.hpp
-- Up-to-date: /home/ctuav/ctuav_gazebo-research/install/fastrtps/include/fastrtps/utils/ProxyPool.hpp
-- Up-to-date: /home/ctuav/ctuav_gazebo-research/install/fastrtps/include/fastrtps/utils/StringMatching.h
-- Up-to-date: /home/ctuav/ctuav_gazebo-research/install/fastrtps/include/fastrtps/utils/IPFinder.h
-- Up-to-date: /home/ctuav/ctuav_gazebo-research/install/fastrtps/include/fastrtps/utils/DBQueue.h
-- Up-to-date: /home/ctuav/ctuav_gazebo-research/install/fastrtps/include/fastrtps/utils/Semaphore.h
-- Up-to-date: /home/ctuav/ctuav_gazebo-research/install/fastrtps/include/fastrtps/utils/md5.h
-- Up-to-date: /home/ctuav/ctuav_gazebo-research/install/fastrtps/include/fastrtps/utils/TimedMutex.hpp
-- Up-to-date: /home/ctuav/ctuav_gazebo-research/install/fastrtps/include/fastrtps/utils/TimeConversion.h
-- Up-to-date: /home/ctuav/ctuav_gazebo-research/install/fastrtps/include/fastdds
-- Up-to-date: /home/ctuav/ctuav_gazebo-research/install/fastrtps/include/fastdds/dds
-- Up-to-date: /home/ctuav/ctuav_gazebo-research/install/fastrtps/include/fastdds/dds/topic
-- Up-to-date: /home/ctuav/ctuav_gazebo-research/install/fastrtps/include/fastdds/dds/topic/IContentFilter.hpp
-- Up-to-date: /home/ctuav/ctuav_gazebo-research/install/fastrtps/include/fastdds/dds/topic/TopicDescription.hpp
-- Up-to-date: /home/ctuav/ctuav_gazebo-research/install/fastrtps/include/fastdds/dds/topic/Topic.hpp
-- Up-to-date: /home/ctuav/ctuav_gazebo-research/install/fastrtps/include/fastdds/dds/topic/IContentFilterFactory.hpp
-- Up-to-date: /home/ctuav/ctuav_gazebo-research/install/fastrtps/include/fastdds/dds/topic/qos
-- Up-to-date: /home/ctuav/ctuav_gazebo-research/install/fastrtps/include/fastdds/dds/topic/qos/TopicQos.hpp
-- Up-to-date: /home/ctuav/ctuav_gazebo-research/install/fastrtps/include/fastdds/dds/topic/TopicDataType.hpp
-- Up-to-date: /home/ctuav/ctuav_gazebo-research/install/fastrtps/include/fastdds/dds/topic/TopicListener.hpp
-- Up-to-date: /home/ctuav/ctuav_gazebo-research/install/fastrtps/include/fastdds/dds/topic/TypeSupport.hpp
-- Up-to-date: /home/ctuav/ctuav_gazebo-research/install/fastrtps/include/fastdds/dds/topic/ContentFilteredTopic.hpp
-- Up-to-date: /home/ctuav/ctuav_gazebo-research/install/fastrtps/include/fastdds/dds/core
-- Up-to-date: /home/ctuav/ctuav_gazebo-research/install/fastrtps/include/fastdds/dds/core/StackAllocatedSequence.hpp
-- Up-to-date: /home/ctuav/ctuav_gazebo-research/install/fastrtps/include/fastdds/dds/core/policy
-- Up-to-date: /home/ctuav/ctuav_gazebo-research/install/fastrtps/include/fastdds/dds/core/policy/WriterDataLifecycleQosPolicy.hpp
-- Up-to-date: /home/ctuav/ctuav_gazebo-research/install/fastrtps/include/fastdds/dds/core/policy/ParameterTypes.hpp
-- Up-to-date: /home/ctuav/ctuav_gazebo-research/install/fastrtps/include/fastdds/dds/core/policy/QosPolicies.hpp
-- Up-to-date: /home/ctuav/ctuav_gazebo-research/install/fastrtps/include/fastdds/dds/core/policy/ReaderDataLifecycleQosPolicy.hpp
-- Up-to-date: /home/ctuav/ctuav_gazebo-research/install/fastrtps/include/fastdds/dds/core/condition
-- Up-to-date: /home/ctuav/ctuav_gazebo-research/install/fastrtps/include/fastdds/dds/core/condition/Condition.hpp
-- Up-to-date: /home/ctuav/ctuav_gazebo-research/install/fastrtps/include/fastdds/dds/core/condition/StatusCondition.hpp
-- Up-to-date: /home/ctuav/ctuav_gazebo-research/install/fastrtps/include/fastdds/dds/core/condition/GuardCondition.hpp
-- Up-to-date: /home/ctuav/ctuav_gazebo-research/install/fastrtps/include/fastdds/dds/core/condition/WaitSet.hpp
-- Up-to-date: /home/ctuav/ctuav_gazebo-research/install/fastrtps/include/fastdds/dds/core/LoanableSequence.hpp
-- Up-to-date: /home/ctuav/ctuav_gazebo-research/install/fastrtps/include/fastdds/dds/core/LoanableCollection.hpp
-- Up-to-date: /home/ctuav/ctuav_gazebo-research/install/fastrtps/include/fastdds/dds/core/Entity.hpp
-- Up-to-date: /home/ctuav/ctuav_gazebo-research/install/fastrtps/include/fastdds/dds/core/UserAllocatedSequence.hpp
-- Up-to-date: /home/ctuav/ctuav_gazebo-research/install/fastrtps/include/fastdds/dds/core/LoanableArray.hpp
-- Up-to-date: /home/ctuav/ctuav_gazebo-research/install/fastrtps/include/fastdds/dds/core/status
-- Up-to-date: /home/ctuav/ctuav_gazebo-research/install/fastrtps/include/fastdds/dds/core/status/MatchedStatus.hpp
-- Up-to-date: /home/ctuav/ctuav_gazebo-research/install/fastrtps/include/fastdds/dds/core/status/SampleRejectedStatus.hpp
-- Up-to-date: /home/ctuav/ctuav_gazebo-research/install/fastrtps/include/fastdds/dds/core/status/PublicationMatchedStatus.hpp
-- Up-to-date: /home/ctuav/ctuav_gazebo-research/install/fastrtps/include/fastdds/dds/core/status/StatusMask.hpp
-- Up-to-date: /home/ctuav/ctuav_gazebo-research/install/fastrtps/include/fastdds/dds/core/status/LivelinessChangedStatus.hpp
-- Up-to-date: /home/ctuav/ctuav_gazebo-research/install/fastrtps/include/fastdds/dds/core/status/BaseStatus.hpp
-- Up-to-date: /home/ctuav/ctuav_gazebo-research/install/fastrtps/include/fastdds/dds/core/status/DeadlineMissedStatus.hpp
-- Up-to-date: /home/ctuav/ctuav_gazebo-research/install/fastrtps/include/fastdds/dds/core/status/IncompatibleQosStatus.hpp
-- Up-to-date: /home/ctuav/ctuav_gazebo-research/install/fastrtps/include/fastdds/dds/core/status/SubscriptionMatchedStatus.hpp
-- Up-to-date: /home/ctuav/ctuav_gazebo-research/install/fastrtps/include/fastdds/dds/core/LoanableTypedCollection.hpp
-- Up-to-date: /home/ctuav/ctuav_gazebo-research/install/fastrtps/include/fastdds/dds/publisher
-- Up-to-date: /home/ctuav/ctuav_gazebo-research/install/fastrtps/include/fastdds/dds/publisher/PublisherListener.hpp
-- Up-to-date: /home/ctuav/ctuav_gazebo-research/install/fastrtps/include/fastdds/dds/publisher/DataWriterListener.hpp
-- Up-to-date: /home/ctuav/ctuav_gazebo-research/install/fastrtps/include/fastdds/dds/publisher/qos
-- Up-to-date: /home/ctuav/ctuav_gazebo-research/install/fastrtps/include/fastdds/dds/publisher/qos/DataWriterQos.hpp
-- Up-to-date: /home/ctuav/ctuav_gazebo-research/install/fastrtps/include/fastdds/dds/publisher/qos/WriterQos.hpp
-- Up-to-date: /home/ctuav/ctuav_gazebo-research/install/fastrtps/include/fastdds/dds/publisher/qos/PublisherQos.hpp
-- Up-to-date: /home/ctuav/ctuav_gazebo-research/install/fastrtps/include/fastdds/dds/publisher/DataWriter.hpp
-- Up-to-date: /home/ctuav/ctuav_gazebo-research/install/fastrtps/include/fastdds/dds/publisher/Publisher.hpp
-- Up-to-date: /home/ctuav/ctuav_gazebo-research/install/fastrtps/include/fastdds/dds/log
-- Up-to-date: /home/ctuav/ctuav_gazebo-research/install/fastrtps/include/fastdds/dds/log/FileConsumer.hpp
-- Up-to-date: /home/ctuav/ctuav_gazebo-research/install/fastrtps/include/fastdds/dds/log/StdoutErrConsumer.hpp
-- Up-to-date: /home/ctuav/ctuav_gazebo-research/install/fastrtps/include/fastdds/dds/log/Log.hpp
-- Up-to-date: /home/ctuav/ctuav_gazebo-research/install/fastrtps/include/fastdds/dds/log/Colors.hpp
-- Up-to-date: /home/ctuav/ctuav_gazebo-research/install/fastrtps/include/fastdds/dds/log/StdoutConsumer.hpp
-- Up-to-date: /home/ctuav/ctuav_gazebo-research/install/fastrtps/include/fastdds/dds/log/OStreamConsumer.hpp
-- Up-to-date: /home/ctuav/ctuav_gazebo-research/install/fastrtps/include/fastdds/dds/subscriber
-- Up-to-date: /home/ctuav/ctuav_gazebo-research/install/fastrtps/include/fastdds/dds/subscriber/SampleInfo.hpp
-- Up-to-date: /home/ctuav/ctuav_gazebo-research/install/fastrtps/include/fastdds/dds/subscriber/Subscriber.hpp
-- Up-to-date: /home/ctuav/ctuav_gazebo-research/install/fastrtps/include/fastdds/dds/subscriber/SubscriberListener.hpp
-- Up-to-date: /home/ctuav/ctuav_gazebo-research/install/fastrtps/include/fastdds/dds/subscriber/qos
-- Up-to-date: /home/ctuav/ctuav_gazebo-research/install/fastrtps/include/fastdds/dds/subscriber/qos/SubscriberQos.hpp
-- Up-to-date: /home/ctuav/ctuav_gazebo-research/install/fastrtps/include/fastdds/dds/subscriber/qos/DataReaderQos.hpp
-- Up-to-date: /home/ctuav/ctuav_gazebo-research/install/fastrtps/include/fastdds/dds/subscriber/qos/ReaderQos.hpp
-- Up-to-date: /home/ctuav/ctuav_gazebo-research/install/fastrtps/include/fastdds/dds/subscriber/ViewState.hpp
-- Up-to-date: /home/ctuav/ctuav_gazebo-research/install/fastrtps/include/fastdds/dds/subscriber/SampleState.hpp
-- Up-to-date: /home/ctuav/ctuav_gazebo-research/install/fastrtps/include/fastdds/dds/subscriber/DataReaderListener.hpp
-- Up-to-date: /home/ctuav/ctuav_gazebo-research/install/fastrtps/include/fastdds/dds/subscriber/DataReader.hpp
-- Up-to-date: /home/ctuav/ctuav_gazebo-research/install/fastrtps/include/fastdds/dds/subscriber/InstanceState.hpp
-- Up-to-date: /home/ctuav/ctuav_gazebo-research/install/fastrtps/include/fastdds/dds/common
-- Up-to-date: /home/ctuav/ctuav_gazebo-research/install/fastrtps/include/fastdds/dds/common/InstanceHandle.hpp
-- Up-to-date: /home/ctuav/ctuav_gazebo-research/install/fastrtps/include/fastdds/dds/builtin
-- Up-to-date: /home/ctuav/ctuav_gazebo-research/install/fastrtps/include/fastdds/dds/builtin/topic
-- Up-to-date: /home/ctuav/ctuav_gazebo-research/install/fastrtps/include/fastdds/dds/builtin/topic/SubscriptionBuiltinTopicData.hpp
-- Up-to-date: /home/ctuav/ctuav_gazebo-research/install/fastrtps/include/fastdds/dds/builtin/topic/TopicBuiltinTopicData.hpp
-- Up-to-date: /home/ctuav/ctuav_gazebo-research/install/fastrtps/include/fastdds/dds/builtin/topic/PublicationBuiltinTopicData.hpp
-- Up-to-date: /home/ctuav/ctuav_gazebo-research/install/fastrtps/include/fastdds/dds/builtin/topic/ParticipantBuiltinTopicData.hpp
-- Up-to-date: /home/ctuav/ctuav_gazebo-research/install/fastrtps/include/fastdds/dds/builtin/topic/BuiltinTopicKey.hpp
-- Up-to-date: /home/ctuav/ctuav_gazebo-research/install/fastrtps/include/fastdds/dds/builtin/typelookup
-- Up-to-date: /home/ctuav/ctuav_gazebo-research/install/fastrtps/include/fastdds/dds/builtin/typelookup/common
-- Up-to-date: /home/ctuav/ctuav_gazebo-research/install/fastrtps/include/fastdds/dds/builtin/typelookup/common/TypeLookupTypes.hpp
-- Up-to-date: /home/ctuav/ctuav_gazebo-research/install/fastrtps/include/fastdds/dds/builtin/typelookup/TypeLookupReplyListener.hpp
-- Up-to-date: /home/ctuav/ctuav_gazebo-research/install/fastrtps/include/fastdds/dds/builtin/typelookup/TypeLookupRequestListener.hpp
-- Up-to-date: /home/ctuav/ctuav_gazebo-research/install/fastrtps/include/fastdds/dds/builtin/typelookup/TypeLookupManager.hpp
-- Up-to-date: /home/ctuav/ctuav_gazebo-research/install/fastrtps/include/fastdds/dds/builtin/common
-- Up-to-date: /home/ctuav/ctuav_gazebo-research/install/fastrtps/include/fastdds/dds/builtin/common/Types.hpp
-- Up-to-date: /home/ctuav/ctuav_gazebo-research/install/fastrtps/include/fastdds/dds/builtin/common/ReplyHeader.hpp
-- Up-to-date: /home/ctuav/ctuav_gazebo-research/install/fastrtps/include/fastdds/dds/builtin/common/RequestHeader.hpp
-- Up-to-date: /home/ctuav/ctuav_gazebo-research/install/fastrtps/include/fastdds/dds/domain
-- Up-to-date: /home/ctuav/ctuav_gazebo-research/install/fastrtps/include/fastdds/dds/domain/DomainParticipantListener.hpp
-- Up-to-date: /home/ctuav/ctuav_gazebo-research/install/fastrtps/include/fastdds/dds/domain/DomainParticipant.hpp
-- Up-to-date: /home/ctuav/ctuav_gazebo-research/install/fastrtps/include/fastdds/dds/domain/qos
-- Up-to-date: /home/ctuav/ctuav_gazebo-research/install/fastrtps/include/fastdds/dds/domain/qos/DomainParticipantQos.hpp
-- Up-to-date: /home/ctuav/ctuav_gazebo-research/install/fastrtps/include/fastdds/dds/domain/qos/DomainParticipantFactoryQos.hpp
-- Up-to-date: /home/ctuav/ctuav_gazebo-research/install/fastrtps/include/fastdds/dds/domain/DomainParticipantFactory.hpp
-- Up-to-date: /home/ctuav/ctuav_gazebo-research/install/fastrtps/include/fastdds/rtps
-- Up-to-date: /home/ctuav/ctuav_gazebo-research/install/fastrtps/include/fastdds/rtps/network
-- Up-to-date: /home/ctuav/ctuav_gazebo-research/install/fastrtps/include/fastdds/rtps/network/SenderResource.h
-- Up-to-date: /home/ctuav/ctuav_gazebo-research/install/fastrtps/include/fastdds/rtps/network/NetworkFactory.h
-- Up-to-date: /home/ctuav/ctuav_gazebo-research/install/fastrtps/include/fastdds/rtps/network/ReceiverResource.h
-- Up-to-date: /home/ctuav/ctuav_gazebo-research/install/fastrtps/include/fastdds/rtps/resources
-- Up-to-date: /home/ctuav/ctuav_gazebo-research/install/fastrtps/include/fastdds/rtps/resources/TimedEvent.h
-- Up-to-date: /home/ctuav/ctuav_gazebo-research/install/fastrtps/include/fastdds/rtps/resources/ResourceEvent.h
-- Up-to-date: /home/ctuav/ctuav_gazebo-research/install/fastrtps/include/fastdds/rtps/resources/ResourceManagement.h
-- Up-to-date: /home/ctuav/ctuav_gazebo-research/install/fastrtps/include/fastdds/rtps/transport
-- Up-to-date: /home/ctuav/ctuav_gazebo-research/install/fastrtps/include/fastdds/rtps/transport/UDPTransportDescriptor.h
-- Up-to-date: /home/ctuav/ctuav_gazebo-research/install/fastrtps/include/fastdds/rtps/transport/UDPv6TransportDescriptor.h
-- Up-to-date: /home/ctuav/ctuav_gazebo-research/install/fastrtps/include/fastdds/rtps/transport/ChainingTransportDescriptor.h
-- Up-to-date: /home/ctuav/ctuav_gazebo-research/install/fastrtps/include/fastdds/rtps/transport/TCPv6TransportDescriptor.h
-- Up-to-date: /home/ctuav/ctuav_gazebo-research/install/fastrtps/include/fastdds/rtps/transport/TransportReceiverInterface.h
-- Up-to-date: /home/ctuav/ctuav_gazebo-research/install/fastrtps/include/fastdds/rtps/transport/test_UDPv4TransportDescriptor.h
-- Up-to-date: /home/ctuav/ctuav_gazebo-research/install/fastrtps/include/fastdds/rtps/transport/TransportInterface.h
-- Up-to-date: /home/ctuav/ctuav_gazebo-research/install/fastrtps/include/fastdds/rtps/transport/shared_mem
-- Up-to-date: /home/ctuav/ctuav_gazebo-research/install/fastrtps/include/fastdds/rtps/transport/shared_mem/SharedMemTransportDescriptor.h
-- Up-to-date: /home/ctuav/ctuav_gazebo-research/install/fastrtps/include/fastdds/rtps/transport/SocketTransportDescriptor.h
-- Up-to-date: /home/ctuav/ctuav_gazebo-research/install/fastrtps/include/fastdds/rtps/transport/TCPTransportDescriptor.h
-- Up-to-date: /home/ctuav/ctuav_gazebo-research/install/fastrtps/include/fastdds/rtps/transport/TCPv4TransportDescriptor.h
-- Up-to-date: /home/ctuav/ctuav_gazebo-research/install/fastrtps/include/fastdds/rtps/transport/UDPv4TransportDescriptor.h
-- Up-to-date: /home/ctuav/ctuav_gazebo-research/install/fastrtps/include/fastdds/rtps/transport/TransportDescriptorInterface.h
-- Up-to-date: /home/ctuav/ctuav_gazebo-research/install/fastrtps/include/fastdds/rtps/transport/ChainingTransport.h
-- Up-to-date: /home/ctuav/ctuav_gazebo-research/install/fastrtps/include/fastdds/rtps/attributes
-- Up-to-date: /home/ctuav/ctuav_gazebo-research/install/fastrtps/include/fastdds/rtps/attributes/HistoryAttributes.h
-- Up-to-date: /home/ctuav/ctuav_gazebo-research/install/fastrtps/include/fastdds/rtps/attributes/RTPSParticipantAllocationAttributes.hpp
-- Up-to-date: /home/ctuav/ctuav_gazebo-research/install/fastrtps/include/fastdds/rtps/attributes/EndpointAttributes.h
-- Up-to-date: /home/ctuav/ctuav_gazebo-research/install/fastrtps/include/fastdds/rtps/attributes/RTPSParticipantAttributes.h
-- Up-to-date: /home/ctuav/ctuav_gazebo-research/install/fastrtps/include/fastdds/rtps/attributes/WriterAttributes.h
-- Up-to-date: /home/ctuav/ctuav_gazebo-research/install/fastrtps/include/fastdds/rtps/attributes/ServerAttributes.h
-- Up-to-date: /home/ctuav/ctuav_gazebo-research/install/fastrtps/include/fastdds/rtps/attributes/ReaderAttributes.h
-- Up-to-date: /home/ctuav/ctuav_gazebo-research/install/fastrtps/include/fastdds/rtps/attributes/PropertyPolicy.h
-- Up-to-date: /home/ctuav/ctuav_gazebo-research/install/fastrtps/include/fastdds/rtps/RTPSDomain.h
-- Up-to-date: /home/ctuav/ctuav_gazebo-research/install/fastrtps/include/fastdds/rtps/history
-- Up-to-date: /home/ctuav/ctuav_gazebo-research/install/fastrtps/include/fastdds/rtps/history/IChangePool.h
-- Up-to-date: /home/ctuav/ctuav_gazebo-research/install/fastrtps/include/fastdds/rtps/history/IPayloadPool.h
-- Up-to-date: /home/ctuav/ctuav_gazebo-research/install/fastrtps/include/fastdds/rtps/history/ReaderHistory.h
-- Up-to-date: /home/ctuav/ctuav_gazebo-research/install/fastrtps/include/fastdds/rtps/history/History.h
-- Up-to-date: /home/ctuav/ctuav_gazebo-research/install/fastrtps/include/fastdds/rtps/history/WriterHistory.h
-- Up-to-date: /home/ctuav/ctuav_gazebo-research/install/fastrtps/include/fastdds/rtps/security
-- Up-to-date: /home/ctuav/ctuav_gazebo-research/install/fastrtps/include/fastdds/rtps/security/authentication
-- Up-to-date: /home/ctuav/ctuav_gazebo-research/install/fastrtps/include/fastdds/rtps/security/authentication/Handshake.h
-- Up-to-date: /home/ctuav/ctuav_gazebo-research/install/fastrtps/include/fastdds/rtps/security/authentication/Authentication.h
-- Up-to-date: /home/ctuav/ctuav_gazebo-research/install/fastrtps/include/fastdds/rtps/security/accesscontrol
-- Up-to-date: /home/ctuav/ctuav_gazebo-research/install/fastrtps/include/fastdds/rtps/security/accesscontrol/AccessControl.h
-- Up-to-date: /home/ctuav/ctuav_gazebo-research/install/fastrtps/include/fastdds/rtps/security/accesscontrol/SecurityMaskUtilities.h
-- Up-to-date: /home/ctuav/ctuav_gazebo-research/install/fastrtps/include/fastdds/rtps/security/accesscontrol/ParticipantSecurityAttributes.h
-- Up-to-date: /home/ctuav/ctuav_gazebo-research/install/fastrtps/include/fastdds/rtps/security/accesscontrol/EndpointSecurityAttributes.h
-- Up-to-date: /home/ctuav/ctuav_gazebo-research/install/fastrtps/include/fastdds/rtps/security/common
-- Up-to-date: /home/ctuav/ctuav_gazebo-research/install/fastrtps/include/fastdds/rtps/security/common/Handle.h
-- Up-to-date: /home/ctuav/ctuav_gazebo-research/install/fastrtps/include/fastdds/rtps/security/common/SharedSecretHandle.h
-- Up-to-date: /home/ctuav/ctuav_gazebo-research/install/fastrtps/include/fastdds/rtps/security/common/ParticipantGenericMessage.h
-- Up-to-date: /home/ctuav/ctuav_gazebo-research/install/fastrtps/include/fastdds/rtps/security/cryptography
-- Up-to-date: /home/ctuav/ctuav_gazebo-research/install/fastrtps/include/fastdds/rtps/security/cryptography/CryptoTransform.h
-- Up-to-date: /home/ctuav/ctuav_gazebo-research/install/fastrtps/include/fastdds/rtps/security/cryptography/CryptoKeyFactory.h
-- Up-to-date: /home/ctuav/ctuav_gazebo-research/install/fastrtps/include/fastdds/rtps/security/cryptography/CryptoKeyExchange.h
-- Up-to-date: /home/ctuav/ctuav_gazebo-research/install/fastrtps/include/fastdds/rtps/security/cryptography/CryptoTypes.h
-- Up-to-date: /home/ctuav/ctuav_gazebo-research/install/fastrtps/include/fastdds/rtps/security/cryptography/Cryptography.h
-- Up-to-date: /home/ctuav/ctuav_gazebo-research/install/fastrtps/include/fastdds/rtps/security/logging
-- Up-to-date: /home/ctuav/ctuav_gazebo-research/install/fastrtps/include/fastdds/rtps/security/logging/NameValuePair.h
-- Up-to-date: /home/ctuav/ctuav_gazebo-research/install/fastrtps/include/fastdds/rtps/security/logging/Logging.h
-- Up-to-date: /home/ctuav/ctuav_gazebo-research/install/fastrtps/include/fastdds/rtps/security/logging/LoggingLevel.h
-- Up-to-date: /home/ctuav/ctuav_gazebo-research/install/fastrtps/include/fastdds/rtps/security/logging/LogOptions.h
-- Up-to-date: /home/ctuav/ctuav_gazebo-research/install/fastrtps/include/fastdds/rtps/security/logging/BuiltinLoggingType.h
-- Up-to-date: /home/ctuav/ctuav_gazebo-research/install/fastrtps/include/fastdds/rtps/security/exceptions
-- Up-to-date: /home/ctuav/ctuav_gazebo-research/install/fastrtps/include/fastdds/rtps/security/exceptions/SecurityException.h
-- Up-to-date: /home/ctuav/ctuav_gazebo-research/install/fastrtps/include/fastdds/rtps/common
-- Up-to-date: /home/ctuav/ctuav_gazebo-research/install/fastrtps/include/fastdds/rtps/common/LocatorList.hpp
-- Up-to-date: /home/ctuav/ctuav_gazebo-research/install/fastrtps/include/fastdds/rtps/common/SerializedPayload.h
-- Up-to-date: /home/ctuav/ctuav_gazebo-research/install/fastrtps/include/fastdds/rtps/common/CacheChange.h
-- Up-to-date: /home/ctuav/ctuav_gazebo-research/install/fastrtps/include/fastdds/rtps/common/Property.h
-- Up-to-date: /home/ctuav/ctuav_gazebo-research/install/fastrtps/include/fastdds/rtps/common/Locator.h
-- Up-to-date: /home/ctuav/ctuav_gazebo-research/install/fastrtps/include/fastdds/rtps/common/CDRMessage_t.h
-- Up-to-date: /home/ctuav/ctuav_gazebo-research/install/fastrtps/include/fastdds/rtps/common/BinaryProperty.h
-- Up-to-date: /home/ctuav/ctuav_gazebo-research/install/fastrtps/include/fastdds/rtps/common/SampleIdentity.h
-- Up-to-date: /home/ctuav/ctuav_gazebo-research/install/fastrtps/include/fastdds/rtps/common/EntityId_t.hpp
-- Up-to-date: /home/ctuav/ctuav_gazebo-research/install/fastrtps/include/fastdds/rtps/common/LocatorsIterator.hpp
-- Up-to-date: /home/ctuav/ctuav_gazebo-research/install/fastrtps/include/fastdds/rtps/common/LocatorSelectorEntry.hpp
-- Up-to-date: /home/ctuav/ctuav_gazebo-research/install/fastrtps/include/fastdds/rtps/common/LocatorSelector.hpp
-- Up-to-date: /home/ctuav/ctuav_gazebo-research/install/fastrtps/include/fastdds/rtps/common/MatchingInfo.h
-- Up-to-date: /home/ctuav/ctuav_gazebo-research/install/fastrtps/include/fastdds/rtps/common/VendorId_t.hpp
-- Up-to-date: /home/ctuav/ctuav_gazebo-research/install/fastrtps/include/fastdds/rtps/common/PortParameters.h
-- Up-to-date: /home/ctuav/ctuav_gazebo-research/install/fastrtps/include/fastdds/rtps/common/GuidPrefix_t.hpp
-- Up-to-date: /home/ctuav/ctuav_gazebo-research/install/fastrtps/include/fastdds/rtps/common/Guid.h
-- Up-to-date: /home/ctuav/ctuav_gazebo-research/install/fastrtps/include/fastdds/rtps/common/WriteParams.h
-- Up-to-date: /home/ctuav/ctuav_gazebo-research/install/fastrtps/include/fastdds/rtps/common/SequenceNumber.h
-- Up-to-date: /home/ctuav/ctuav_gazebo-research/install/fastrtps/include/fastdds/rtps/common/RemoteLocators.hpp
-- Up-to-date: /home/ctuav/ctuav_gazebo-research/install/fastrtps/include/fastdds/rtps/common/FragmentNumber.h
-- Up-to-date: /home/ctuav/ctuav_gazebo-research/install/fastrtps/include/fastdds/rtps/common/Token.h
-- Up-to-date: /home/ctuav/ctuav_gazebo-research/install/fastrtps/include/fastdds/rtps/common/ChangeKind_t.hpp
-- Up-to-date: /home/ctuav/ctuav_gazebo-research/install/fastrtps/include/fastdds/rtps/common/Types.h
-- Up-to-date: /home/ctuav/ctuav_gazebo-research/install/fastrtps/include/fastdds/rtps/common/InstanceHandle.h
-- Up-to-date: /home/ctuav/ctuav_gazebo-research/install/fastrtps/include/fastdds/rtps/common/all_common.h
-- Up-to-date: /home/ctuav/ctuav_gazebo-research/install/fastrtps/include/fastdds/rtps/common/Time_t.h
-- Up-to-date: /home/ctuav/ctuav_gazebo-research/install/fastrtps/include/fastdds/rtps/common/LocatorListComparisons.hpp
-- Up-to-date: /home/ctuav/ctuav_gazebo-research/install/fastrtps/include/fastdds/rtps/rtps_fwd.h
-- Up-to-date: /home/ctuav/ctuav_gazebo-research/install/fastrtps/include/fastdds/rtps/interfaces
-- Up-to-date: /home/ctuav/ctuav_gazebo-research/install/fastrtps/include/fastdds/rtps/interfaces/IReaderDataFilter.hpp
-- Up-to-date: /home/ctuav/ctuav_gazebo-research/install/fastrtps/include/fastdds/rtps/writer
-- Up-to-date: /home/ctuav/ctuav_gazebo-research/install/fastrtps/include/fastdds/rtps/writer/RTPSWriter.h
-- Up-to-date: /home/ctuav/ctuav_gazebo-research/install/fastrtps/include/fastdds/rtps/writer/ReaderProxy.h
-- Up-to-date: /home/ctuav/ctuav_gazebo-research/install/fastrtps/include/fastdds/rtps/writer/StatelessWriter.h
-- Up-to-date: /home/ctuav/ctuav_gazebo-research/install/fastrtps/include/fastdds/rtps/writer/LocatorSelectorSender.hpp
-- Up-to-date: /home/ctuav/ctuav_gazebo-research/install/fastrtps/include/fastdds/rtps/writer/StatelessPersistentWriter.h
-- Up-to-date: /home/ctuav/ctuav_gazebo-research/install/fastrtps/include/fastdds/rtps/writer/ChangeForReader.h
-- Up-to-date: /home/ctuav/ctuav_gazebo-research/install/fastrtps/include/fastdds/rtps/writer/StatefulWriter.h
-- Up-to-date: /home/ctuav/ctuav_gazebo-research/install/fastrtps/include/fastdds/rtps/writer/ReaderLocator.h
-- Up-to-date: /home/ctuav/ctuav_gazebo-research/install/fastrtps/include/fastdds/rtps/writer/LivelinessData.h
-- Up-to-date: /home/ctuav/ctuav_gazebo-research/install/fastrtps/include/fastdds/rtps/writer/WriterDiscoveryInfo.h
-- Up-to-date: /home/ctuav/ctuav_gazebo-research/install/fastrtps/include/fastdds/rtps/writer/PersistentWriter.h
-- Up-to-date: /home/ctuav/ctuav_gazebo-research/install/fastrtps/include/fastdds/rtps/writer/IReaderDataFilter.hpp
-- Up-to-date: /home/ctuav/ctuav_gazebo-research/install/fastrtps/include/fastdds/rtps/writer/StatefulPersistentWriter.h
-- Up-to-date: /home/ctuav/ctuav_gazebo-research/install/fastrtps/include/fastdds/rtps/writer/LivelinessManager.h
-- Up-to-date: /home/ctuav/ctuav_gazebo-research/install/fastrtps/include/fastdds/rtps/writer/WriterListener.h
-- Up-to-date: /home/ctuav/ctuav_gazebo-research/install/fastrtps/include/fastdds/rtps/writer/DeliveryRetCode.hpp
-- Up-to-date: /home/ctuav/ctuav_gazebo-research/install/fastrtps/include/fastdds/rtps/flowcontrol
-- Up-to-date: /home/ctuav/ctuav_gazebo-research/install/fastrtps/include/fastdds/rtps/flowcontrol/FlowControllerDescriptor.hpp
-- Up-to-date: /home/ctuav/ctuav_gazebo-research/install/fastrtps/include/fastdds/rtps/flowcontrol/ThroughputControllerDescriptor.h
-- Up-to-date: /home/ctuav/ctuav_gazebo-research/install/fastrtps/include/fastdds/rtps/flowcontrol/FlowControllerConsts.hpp
-- Up-to-date: /home/ctuav/ctuav_gazebo-research/install/fastrtps/include/fastdds/rtps/flowcontrol/FlowControllerSchedulerPolicy.hpp
-- Up-to-date: /home/ctuav/ctuav_gazebo-research/install/fastrtps/include/fastdds/rtps/messages
-- Up-to-date: /home/ctuav/ctuav_gazebo-research/install/fastrtps/include/fastdds/rtps/messages/RTPSMessageCreator.h
-- Up-to-date: /home/ctuav/ctuav_gazebo-research/install/fastrtps/include/fastdds/rtps/messages/MessageReceiver.h
-- Up-to-date: /home/ctuav/ctuav_gazebo-research/install/fastrtps/include/fastdds/rtps/messages/RTPSMessageSenderInterface.hpp
-- Up-to-date: /home/ctuav/ctuav_gazebo-research/install/fastrtps/include/fastdds/rtps/messages/CDRMessage.h
-- Up-to-date: /home/ctuav/ctuav_gazebo-research/install/fastrtps/include/fastdds/rtps/messages/RTPS_messages.h
-- Up-to-date: /home/ctuav/ctuav_gazebo-research/install/fastrtps/include/fastdds/rtps/messages/RTPSMessageGroup.h
-- Up-to-date: /home/ctuav/ctuav_gazebo-research/install/fastrtps/include/fastdds/rtps/messages/CDRMessage.hpp
-- Up-to-date: /home/ctuav/ctuav_gazebo-research/install/fastrtps/include/fastdds/rtps/participant
-- Up-to-date: /home/ctuav/ctuav_gazebo-research/install/fastrtps/include/fastdds/rtps/participant/RTPSParticipantListener.h
-- Up-to-date: /home/ctuav/ctuav_gazebo-research/install/fastrtps/include/fastdds/rtps/participant/RTPSParticipant.h
-- Up-to-date: /home/ctuav/ctuav_gazebo-research/install/fastrtps/include/fastdds/rtps/participant/ParticipantDiscoveryInfo.h
-- Up-to-date: /home/ctuav/ctuav_gazebo-research/install/fastrtps/include/fastdds/rtps/reader
-- Up-to-date: /home/ctuav/ctuav_gazebo-research/install/fastrtps/include/fastdds/rtps/reader/StatelessReader.h
-- Up-to-date: /home/ctuav/ctuav_gazebo-research/install/fastrtps/include/fastdds/rtps/reader/StatefulPersistentReader.h
-- Up-to-date: /home/ctuav/ctuav_gazebo-research/install/fastrtps/include/fastdds/rtps/reader/ReaderDiscoveryInfo.h
-- Up-to-date: /home/ctuav/ctuav_gazebo-research/install/fastrtps/include/fastdds/rtps/reader/StatefulReader.h
-- Up-to-date: /home/ctuav/ctuav_gazebo-research/install/fastrtps/include/fastdds/rtps/reader/ReaderListener.h
-- Up-to-date: /home/ctuav/ctuav_gazebo-research/install/fastrtps/include/fastdds/rtps/reader/RTPSReader.h
-- Up-to-date: /home/ctuav/ctuav_gazebo-research/install/fastrtps/include/fastdds/rtps/reader/StatelessPersistentReader.h
-- Up-to-date: /home/ctuav/ctuav_gazebo-research/install/fastrtps/include/fastdds/rtps/exceptions
-- Up-to-date: /home/ctuav/ctuav_gazebo-research/install/fastrtps/include/fastdds/rtps/exceptions/Exception.h
-- Up-to-date: /home/ctuav/ctuav_gazebo-research/install/fastrtps/include/fastdds/rtps/builtin
-- Up-to-date: /home/ctuav/ctuav_gazebo-research/install/fastrtps/include/fastdds/rtps/builtin/BuiltinProtocols.h
-- Up-to-date: /home/ctuav/ctuav_gazebo-research/install/fastrtps/include/fastdds/rtps/builtin/liveliness
-- Up-to-date: /home/ctuav/ctuav_gazebo-research/install/fastrtps/include/fastdds/rtps/builtin/liveliness/WLPListener.h
-- Up-to-date: /home/ctuav/ctuav_gazebo-research/install/fastrtps/include/fastdds/rtps/builtin/liveliness/WLP.h
-- Up-to-date: /home/ctuav/ctuav_gazebo-research/install/fastrtps/include/fastdds/rtps/builtin/data
-- Up-to-date: /home/ctuav/ctuav_gazebo-research/install/fastrtps/include/fastdds/rtps/builtin/data/ParticipantProxyData.h
-- Up-to-date: /home/ctuav/ctuav_gazebo-research/install/fastrtps/include/fastdds/rtps/builtin/data/ContentFilterProperty.hpp
-- Up-to-date: /home/ctuav/ctuav_gazebo-research/install/fastrtps/include/fastdds/rtps/builtin/data/ReaderProxyData.h
-- Up-to-date: /home/ctuav/ctuav_gazebo-research/install/fastrtps/include/fastdds/rtps/builtin/data/WriterProxyData.h
-- Up-to-date: /home/ctuav/ctuav_gazebo-research/install/fastrtps/include/fastdds/rtps/builtin/discovery
-- Up-to-date: /home/ctuav/ctuav_gazebo-research/install/fastrtps/include/fastdds/rtps/builtin/discovery/endpoint
-- Up-to-date: /home/ctuav/ctuav_gazebo-research/install/fastrtps/include/fastdds/rtps/builtin/discovery/endpoint/EDPStatic.h
-- Up-to-date: /home/ctuav/ctuav_gazebo-research/install/fastrtps/include/fastdds/rtps/builtin/discovery/endpoint/EDPSimple.h
-- Up-to-date: /home/ctuav/ctuav_gazebo-research/install/fastrtps/include/fastdds/rtps/builtin/discovery/endpoint/EDP.h
-- Up-to-date: /home/ctuav/ctuav_gazebo-research/install/fastrtps/include/fastdds/rtps/builtin/discovery/participant
-- Up-to-date: /home/ctuav/ctuav_gazebo-research/install/fastrtps/include/fastdds/rtps/builtin/discovery/participant/PDPListener.h
-- Up-to-date: /home/ctuav/ctuav_gazebo-research/install/fastrtps/include/fastdds/rtps/builtin/discovery/participant/PDPSimple.h
-- Up-to-date: /home/ctuav/ctuav_gazebo-research/install/fastrtps/include/fastdds/rtps/builtin/discovery/participant/PDP.h
-- Up-to-date: /home/ctuav/ctuav_gazebo-research/install/fastrtps/include/fastdds/rtps/rtps_all.h
-- Up-to-date: /home/ctuav/ctuav_gazebo-research/install/fastrtps/include/fastdds/rtps/Endpoint.h
-- Up-to-date: /home/ctuav/ctuav_gazebo-research/install/fastrtps/include/fastdds/statistics
-- Up-to-date: /home/ctuav/ctuav_gazebo-research/install/fastrtps/include/fastdds/statistics/IListeners.hpp
-- Up-to-date: /home/ctuav/ctuav_gazebo-research/install/fastrtps/include/fastdds/statistics/dds
-- Up-to-date: /home/ctuav/ctuav_gazebo-research/install/fastrtps/include/fastdds/statistics/dds/publisher
-- Up-to-date: /home/ctuav/ctuav_gazebo-research/install/fastrtps/include/fastdds/statistics/dds/publisher/qos
-- Up-to-date: /home/ctuav/ctuav_gazebo-research/install/fastrtps/include/fastdds/statistics/dds/publisher/qos/DataWriterQos.hpp
-- Up-to-date: /home/ctuav/ctuav_gazebo-research/install/fastrtps/include/fastdds/statistics/dds/subscriber
-- Up-to-date: /home/ctuav/ctuav_gazebo-research/install/fastrtps/include/fastdds/statistics/dds/subscriber/qos
-- Up-to-date: /home/ctuav/ctuav_gazebo-research/install/fastrtps/include/fastdds/statistics/dds/subscriber/qos/DataReaderQos.hpp
-- Up-to-date: /home/ctuav/ctuav_gazebo-research/install/fastrtps/include/fastdds/statistics/dds/domain
-- Up-to-date: /home/ctuav/ctuav_gazebo-research/install/fastrtps/include/fastdds/statistics/dds/domain/DomainParticipant.hpp
-- Up-to-date: /home/ctuav/ctuav_gazebo-research/install/fastrtps/include/fastdds/statistics/topic_names.hpp
-- Up-to-date: /home/ctuav/ctuav_gazebo-research/install/fastrtps/include/fastdds/statistics/rtps
-- Up-to-date: /home/ctuav/ctuav_gazebo-research/install/fastrtps/include/fastdds/statistics/rtps/StatisticsCommon.hpp
-- Up-to-date: /home/ctuav/ctuav_gazebo-research/install/fastrtps/include/fastrtps/config.h
-- Up-to-date: /home/ctuav/ctuav_gazebo-research/install/fastrtps/include/fastdds/statistics
-- Up-to-date: /home/ctuav/ctuav_gazebo-research/install/fastrtps/include/fastdds/statistics/dds
-- Up-to-date: /home/ctuav/ctuav_gazebo-research/install/fastrtps/include/fastdds/statistics/dds/publisher
-- Up-to-date: /home/ctuav/ctuav_gazebo-research/install/fastrtps/include/fastdds/statistics/dds/publisher/qos
-- Up-to-date: /home/ctuav/ctuav_gazebo-research/install/fastrtps/include/fastdds/statistics/dds/subscriber
-- Up-to-date: /home/ctuav/ctuav_gazebo-research/install/fastrtps/include/fastdds/statistics/dds/subscriber/qos
-- Up-to-date: /home/ctuav/ctuav_gazebo-research/install/fastrtps/include/fastdds/statistics/dds/domain
-- Up-to-date: /home/ctuav/ctuav_gazebo-research/install/fastrtps/include/fastdds/statistics/types.idl
-- Up-to-date: /home/ctuav/ctuav_gazebo-research/install/fastrtps/include/fastdds/statistics/rtps
-- Up-to-date: /home/ctuav/ctuav_gazebo-research/install/fastrtps/lib/libfastrtps.so.2.6.6
-- Up-to-date: /home/ctuav/ctuav_gazebo-research/install/fastrtps/lib/libfastrtps.so.2.6
-- Up-to-date: /home/ctuav/ctuav_gazebo-research/install/fastrtps/lib/libfastrtps.so
-- Up-to-date: /home/ctuav/ctuav_gazebo-research/install/fastrtps/share/fastrtps/cmake/fastrtps-dynamic-targets.cmake
-- Up-to-date: /home/ctuav/ctuav_gazebo-research/install/fastrtps/share/fastrtps/cmake/fastrtps-dynamic-targets-release.cmake
-- Up-to-date: /home/ctuav/ctuav_gazebo-research/install/fastrtps/share/fastrtps/cmake/fastrtps-config.cmake
-- Up-to-date: /home/ctuav/ctuav_gazebo-research/install/fastrtps/share/fastrtps/cmake/fastrtps-config-version.cmake
-- Up-to-date: /home/ctuav/ctuav_gazebo-research/install/fastrtps/include/fastdds/thirdparty/optionparser
-- Up-to-date: /home/ctuav/ctuav_gazebo-research/install/fastrtps/include/fastdds/thirdparty/optionparser/optionparser.hpp
-- Up-to-date: /home/ctuav/ctuav_gazebo-research/install/fastrtps/include/fastdds/thirdparty/optionparser/optionparser
-- Up-to-date: /home/ctuav/ctuav_gazebo-research/install/fastrtps/include/fastdds/thirdparty/optionparser/optionparser/optionparser.h
-- Up-to-date: /home/ctuav/ctuav_gazebo-research/install/fastrtps/share/fastrtps/cmake/optionparser-targets.cmake
-- Up-to-date: /home/ctuav/ctuav_gazebo-research/install/fastrtps/bin/fast-discovery-server-1.0.0
-- Up-to-date: /home/ctuav/ctuav_gazebo-research/install/fastrtps/share/fastrtps/cmake/fast-discovery-server-targets.cmake
-- Up-to-date: /home/ctuav/ctuav_gazebo-research/install/fastrtps/share/fastrtps/cmake/fast-discovery-server-targets-release.cmake
-- Up-to-date: /home/ctuav/ctuav_gazebo-research/install/fastrtps/tools/fastdds
-- Up-to-date: /home/ctuav/ctuav_gazebo-research/install/fastrtps/tools/fastdds/fastdds.py
-- Up-to-date: /home/ctuav/ctuav_gazebo-research/install/fastrtps/tools/fastdds/shm
-- Up-to-date: /home/ctuav/ctuav_gazebo-research/install/fastrtps/tools/fastdds/shm/clean.py
-- Up-to-date: /home/ctuav/ctuav_gazebo-research/install/fastrtps/tools/fastdds/shm/parser.py
-- Up-to-date: /home/ctuav/ctuav_gazebo-research/install/fastrtps/tools/fastdds/discovery
-- Up-to-date: /home/ctuav/ctuav_gazebo-research/install/fastrtps/tools/fastdds/discovery/parser.py
-- Up-to-date: /home/ctuav/ctuav_gazebo-research/install/fastrtps/bin
-- Up-to-date: /home/ctuav/ctuav_gazebo-research/install/fastrtps/bin/fastdds
-- Up-to-date: /home/ctuav/ctuav_gazebo-research/install/fastrtps/bin/ros-discovery
-- Up-to-date: /home/ctuav/ctuav_gazebo-research/install/fastrtps/share/fastrtps/LICENSE
